{
  "Plan": {
    "Node Type": "Aggregate",
    "Strategy": "Plain",
    "Partial Mode": "Simple",
    "Parallel Aware": false,
    "Async Capable": false,
    "Startup Cost": 191593.14,
    "Total Cost": 191593.15,
    "Plan Rows": 1,
    "Plan Width": 32,
    "Actual Startup Time": 2705.481,
    "Actual Total Time": 2705.486,
    "Actual Rows": 1,
    "Actual Loops": 1,
    "Output": [
      "min((n.name)::text)"
    ],
    "Plans": [
      {
        "Node Type": "Nested Loop",
        "Parent Relationship": "Outer",
        "Parallel Aware": false,
        "Async Capable": false,
        "Join Type": "Inner",
        "Startup Cost": 107715.42,
        "Total Cost": 191564.3,
        "Plan Rows": 11538,
        "Plan Width": 15,
        "Actual Startup Time": 796.946,
        "Actual Total Time": 2700.696,
        "Actual Rows": 11538,
        "Actual Loops": 1,
        "Output": [
          "n.name"
        ],
        "Inner Unique": true,
        "Plans": [
          {
            "Node Type": "Nested Loop",
            "Parent Relationship": "Outer",
            "Parallel Aware": false,
            "Async Capable": false,
            "Join Type": "Inner",
            "Startup Cost": 107715.0,
            "Total Cost": 186504.96,
            "Plan Rows": 11538,
            "Plan Width": 19,
            "Actual Startup Time": 796.917,
            "Actual Total Time": 2665.01,
            "Actual Rows": 11538,
            "Actual Loops": 1,
            "Output": [
              "mc.company_id",
              "n.name"
            ],
            "Inner Unique": false,
            "Plans": [
              {
                "Node Type": "Nested Loop",
                "Parent Relationship": "Outer",
                "Parallel Aware": false,
                "Async Capable": false,
                "Join Type": "Inner",
                "Startup Cost": 107714.57,
                "Total Cost": 185380.64,
                "Plan Rows": 1972,
                "Plan Width": 27,
                "Actual Startup Time": 796.869,
                "Actual Total Time": 2634.629,
                "Actual Rows": 1972,
                "Actual Loops": 1,
                "Output": [
                  "ci.movie_id",
                  "mk.movie_id",
                  "n.name",
                  "t.id"
                ],
                "Inner Unique": true,
                "Plans": [
                  {
                    "Node Type": "Hash Join",
                    "Parent Relationship": "Outer",
                    "Parallel Aware": false,
                    "Async Capable": false,
                    "Join Type": "Inner",
                    "Startup Cost": 107714.14,
                    "Total Cost": 184496.66,
                    "Plan Rows": 1972,
                    "Plan Width": 23,
                    "Actual Startup Time": 796.822,
                    "Actual Total Time": 2621.515,
                    "Actual Rows": 1972,
                    "Actual Loops": 1,
                    "Output": [
                      "ci.movie_id",
                      "mk.movie_id",
                      "n.name"
                    ],
                    "Inner Unique": true,
                    "Hash Cond": "(ci.person_id = n.id)",
                    "Plans": [
                      {
                        "Node Type": "Nested Loop",
                        "Parent Relationship": "Outer",
                        "Parallel Aware": false,
                        "Async Capable": false,
                        "Join Type": "Inner",
                        "Startup Cost": 1.29,
                        "Total Cost": 74058.03,
                        "Plan Rows": 1038393,
                        "Plan Width": 12,
                        "Actual Startup Time": 25.532,
                        "Actual Total Time": 1725.73,
                        "Actual Rows": 1038393,
                        "Actual Loops": 1,
                        "Output": [
                          "ci.person_id",
                          "ci.movie_id",
                          "mk.movie_id"
                        ],
                        "Inner Unique": false,
                        "Plans": [
                          {
                            "Node Type": "Nested Loop",
                            "Parent Relationship": "Outer",
                            "Parallel Aware": false,
                            "Async Capable": false,
                            "Join Type": "Inner",
                            "Startup Cost": 0.85,
                            "Total Cost": 1224.82,
                            "Plan Rows": 41840,
                            "Plan Width": 4,
                            "Actual Startup Time": 25.465,
                            "Actual Total Time": 81.02,
                            "Actual Rows": 41840,
                            "Actual Loops": 1,
                            "Output": [
                              "mk.movie_id"
                            ],
                            "Inner Unique": false,
                            "Plans": [
                              {
                                "Node Type": "Index Scan",
                                "Parent Relationship": "Outer",
                                "Parallel Aware": false,
                                "Async Capable": false,
                                "Scan Direction": "Forward",
                                "Index Name": "idx_keyword_keyword",
                                "Relation Name": "keyword",
                                "Schema": "public",
                                "Alias": "k",
                                "Startup Cost": 0.42,
                                "Total Cost": 8.44,
                                "Plan Rows": 1,
                                "Plan Width": 4,
                                "Actual Startup Time": 0.071,
                                "Actual Total Time": 0.073,
                                "Actual Rows": 1,
                                "Actual Loops": 1,
                                "Output": [
                                  "k.id",
                                  "k.keyword",
                                  "k.phonetic_code"
                                ],
                                "Index Cond": "((k.keyword)::text = 'character-name-in-title'::text)",
                                "Rows Removed by Index Recheck": 0
                              },
                              {
                                "Node Type": "Index Scan",
                                "Parent Relationship": "Inner",
                                "Parallel Aware": false,
                                "Async Capable": false,
                                "Scan Direction": "Forward",
                                "Index Name": "idx_movie_keyword_keyword_id",
                                "Relation Name": "movie_keyword",
                                "Schema": "public",
                                "Alias": "mk",
                                "Startup Cost": 0.43,
                                "Total Cost": 1213.36,
                                "Plan Rows": 302,
                                "Plan Width": 8,
                                "Actual Startup Time": 0.063,
                                "Actual Total Time": 46.245,
                                "Actual Rows": 41840,
                                "Actual Loops": 1,
                                "Output": [
                                  "mk.id",
                                  "mk.movie_id",
                                  "mk.keyword_id"
                                ],
                                "Index Cond": "(mk.keyword_id = k.id)",
                                "Rows Removed by Index Recheck": 0
                              }
                            ]
                          },
                          {
                            "Node Type": "Index Scan",
                            "Parent Relationship": "Inner",
                            "Parallel Aware": false,
                            "Async Capable": false,
                            "Scan Direction": "Forward",
                            "Index Name": "idx_cast_info_movie_id",
                            "Relation Name": "cast_info",
                            "Schema": "public",
                            "Alias": "ci",
                            "Startup Cost": 0.44,
                            "Total Cost": 1.36,
                            "Plan Rows": 38,
                            "Plan Width": 8,
                            "Actual Startup Time": 0.005,
                            "Actual Total Time": 0.035,
                            "Actual Rows": 25,
                            "Actual Loops": 41840,
                            "Output": [
                              "ci.id",
                              "ci.person_id",
                              "ci.movie_id",
                              "ci.person_role_id",
                              "ci.note",
                              "ci.nr_order",
                              "ci.role_id"
                            ],
                            "Index Cond": "(ci.movie_id = mk.movie_id)",
                            "Rows Removed by Index Recheck": 0
                          }
                        ]
                      },
                      {
                        "Node Type": "Hash",
                        "Parent Relationship": "Inner",
                        "Parallel Aware": false,
                        "Async Capable": false,
                        "Startup Cost": 107707.64,
                        "Total Cost": 107707.64,
                        "Plan Rows": 417,
                        "Plan Width": 19,
                        "Actual Startup Time": 749.102,
                        "Actual Total Time": 749.103,
                        "Actual Rows": 5216,
                        "Actual Loops": 1,
                        "Output": [
                          "n.name",
                          "n.id"
                        ],
                        "Hash Buckets": 8192,
                        "Original Hash Buckets": 1024,
                        "Hash Batches": 1,
                        "Original Hash Batches": 1,
                        "Peak Memory Usage": 339,
                        "Plans": [
                          {
                            "Node Type": "Seq Scan",
                            "Parent Relationship": "Outer",
                            "Parallel Aware": false,
                            "Async Capable": false,
                            "Relation Name": "name",
                            "Schema": "public",
                            "Alias": "n",
                            "Startup Cost": 0.0,
                            "Total Cost": 107707.64,
                            "Plan Rows": 417,
                            "Plan Width": 19,
                            "Actual Startup Time": 0.961,
                            "Actual Total Time": 746.903,
                            "Actual Rows": 5216,
                            "Actual Loops": 1,
                            "Output": [
                              "n.name",
                              "n.id"
                            ],
                            "Filter": "((n.name)::text ~~ '%Bert%'::text)",
                            "Rows Removed by Filter": 4162275
                          }
                        ]
                      }
                    ]
                  },
                  {
                    "Node Type": "Index Only Scan",
                    "Parent Relationship": "Inner",
                    "Parallel Aware": false,
                    "Async Capable": false,
                    "Scan Direction": "Forward",
                    "Index Name": "idx_title_id",
                    "Relation Name": "title",
                    "Schema": "public",
                    "Alias": "t",
                    "Startup Cost": 0.43,
                    "Total Cost": 0.45,
                    "Plan Rows": 1,
                    "Plan Width": 4,
                    "Actual Startup Time": 0.006,
                    "Actual Total Time": 0.006,
                    "Actual Rows": 1,
                    "Actual Loops": 1972,
                    "Output": [
                      "t.id"
                    ],
                    "Index Cond": "(t.id = ci.movie_id)",
                    "Rows Removed by Index Recheck": 0,
                    "Heap Fetches": 0
                  }
                ]
              },
              {
                "Node Type": "Index Scan",
                "Parent Relationship": "Inner",
                "Parallel Aware": false,
                "Async Capable": false,
                "Scan Direction": "Forward",
                "Index Name": "idx_movie_companies_movie_id",
                "Relation Name": "movie_companies",
                "Schema": "public",
                "Alias": "mc",
                "Startup Cost": 0.43,
                "Total Cost": 0.52,
                "Plan Rows": 5,
                "Plan Width": 8,
                "Actual Startup Time": 0.009,
                "Actual Total Time": 0.014,
                "Actual Rows": 6,
                "Actual Loops": 1972,
                "Output": [
                  "mc.id",
                  "mc.movie_id",
                  "mc.company_id",
                  "mc.company_type_id",
                  "mc.note"
                ],
                "Index Cond": "(mc.movie_id = ci.movie_id)",
                "Rows Removed by Index Recheck": 0
              }
            ]
          },
          {
            "Node Type": "Index Only Scan",
            "Parent Relationship": "Inner",
            "Parallel Aware": false,
            "Async Capable": false,
            "Scan Direction": "Forward",
            "Index Name": "idx_company_name_id",
            "Relation Name": "company_name",
            "Schema": "public",
            "Alias": "cn",
            "Startup Cost": 0.42,
            "Total Cost": 0.44,
            "Plan Rows": 1,
            "Plan Width": 4,
            "Actual Startup Time": 0.003,
            "Actual Total Time": 0.003,
            "Actual Rows": 1,
            "Actual Loops": 11538,
            "Output": [
              "cn.id"
            ],
            "Index Cond": "(cn.id = mc.company_id)",
            "Rows Removed by Index Recheck": 0,
            "Heap Fetches": 0
          }
        ]
      }
    ]
  },
  "Planning Time": 9.808,
  "Triggers": [],
  "JIT": {
    "Functions": 35,
    "Options": {
      "Inlining": false,
      "Optimization": false,
      "Expressions": true,
      "Deforming": true
    },
    "Timing": {
      "Generation": 2.289,
      "Inlining": 0.0,
      "Optimization": 0.775,
      "Emission": 24.672,
      "Total": 27.735
    }
  },
  "Execution Time": 2735.351
}