{
  "Plan": {
    "Node Type": "Aggregate",
    "Strategy": "Plain",
    "Partial Mode": "Simple",
    "Parallel Aware": false,
    "Async Capable": false,
    "Startup Cost": 210063.7,
    "Total Cost": 210063.71,
    "Plan Rows": 1,
    "Plan Width": 96,
    "Actual Startup Time": 4453.277,
    "Actual Total Time": 4453.282,
    "Actual Rows": 1,
    "Actual Loops": 1,
    "Output": [
      "min((k.keyword)::text)",
      "min((n.name)::text)",
      "min((t.title)::text)"
    ],
    "Plans": [
      {
        "Node Type": "Hash Join",
        "Parent Relationship": "Outer",
        "Parallel Aware": false,
        "Async Capable": false,
        "Join Type": "Inner",
        "Startup Cost": 149384.27,
        "Total Cost": 204172.62,
        "Plan Rows": 785477,
        "Plan Width": 48,
        "Actual Startup Time": 2098.265,
        "Actual Total Time": 4104.346,
        "Actual Rows": 785477,
        "Actual Loops": 1,
        "Output": [
          "k.keyword",
          "n.name",
          "t.title"
        ],
        "Inner Unique": true,
        "Hash Cond": "(ci.person_id = n.id)",
        "Plans": [
          {
            "Node Type": "Nested Loop",
            "Parent Relationship": "Outer",
            "Parallel Aware": false,
            "Async Capable": false,
            "Join Type": "Inner",
            "Startup Cost": 1.72,
            "Total Cost": 52728.2,
            "Plan Rows": 785477,
            "Plan Width": 37,
            "Actual Startup Time": 28.923,
            "Actual Total Time": 1636.163,
            "Actual Rows": 785477,
            "Actual Loops": 1,
            "Output": [
              "ci.person_id",
              "k.keyword",
              "t.title"
            ],
            "Inner Unique": false,
            "Join Filter": "(ci.movie_id = t.id)",
            "Rows Removed by Join Filter": 0,
            "Plans": [
              {
                "Node Type": "Nested Loop",
                "Parent Relationship": "Outer",
                "Parallel Aware": false,
                "Async Capable": false,
                "Join Type": "Inner",
                "Startup Cost": 1.28,
                "Total Cost": 26724.72,
                "Plan Rows": 14165,
                "Plan Width": 41,
                "Actual Startup Time": 28.869,
                "Actual Total Time": 296.533,
                "Actual Rows": 14165,
                "Actual Loops": 1,
                "Output": [
                  "k.keyword",
                  "mk.movie_id",
                  "t.title",
                  "t.id"
                ],
                "Inner Unique": true,
                "Plans": [
                  {
                    "Node Type": "Nested Loop",
                    "Parent Relationship": "Outer",
                    "Parallel Aware": false,
                    "Async Capable": false,
                    "Join Type": "Inner",
                    "Startup Cost": 0.85,
                    "Total Cost": 9378.69,
                    "Plan Rows": 35548,
                    "Plan Width": 20,
                    "Actual Startup Time": 28.802,
                    "Actual Total Time": 93.908,
                    "Actual Rows": 35548,
                    "Actual Loops": 1,
                    "Output": [
                      "k.keyword",
                      "mk.movie_id"
                    ],
                    "Inner Unique": false,
                    "Plans": [
                      {
                        "Node Type": "Index Scan",
                        "Parent Relationship": "Outer",
                        "Parallel Aware": false,
                        "Async Capable": false,
                        "Scan Direction": "Forward",
                        "Index Name": "idx_keyword_keyword",
                        "Relation Name": "keyword",
                        "Schema": "public",
                        "Alias": "k",
                        "Startup Cost": 0.42,
                        "Total Cost": 67.49,
                        "Plan Rows": 8,
                        "Plan Width": 20,
                        "Actual Startup Time": 0.129,
                        "Actual Total Time": 0.337,
                        "Actual Rows": 8,
                        "Actual Loops": 1,
                        "Output": [
                          "k.id",
                          "k.keyword",
                          "k.phonetic_code"
                        ],
                        "Index Cond": "((k.keyword)::text = ANY ('{superhero,sequel,second-part,marvel-comics,based-on-comic,tv-special,fight,violence}'::text[]))",
                        "Rows Removed by Index Recheck": 0
                      },
                      {
                        "Node Type": "Index Scan",
                        "Parent Relationship": "Inner",
                        "Parallel Aware": false,
                        "Async Capable": false,
                        "Scan Direction": "Forward",
                        "Index Name": "idx_movie_keyword_keyword_id",
                        "Relation Name": "movie_keyword",
                        "Schema": "public",
                        "Alias": "mk",
                        "Startup Cost": 0.43,
                        "Total Cost": 1160.88,
                        "Plan Rows": 302,
                        "Plan Width": 8,
                        "Actual Startup Time": 0.027,
                        "Actual Total Time": 6.962,
                        "Actual Rows": 4444,
                        "Actual Loops": 8,
                        "Output": [
                          "mk.id",
                          "mk.movie_id",
                          "mk.keyword_id"
                        ],
                        "Index Cond": "(mk.keyword_id = k.id)",
                        "Rows Removed by Index Recheck": 0
                      }
                    ]
                  },
                  {
                    "Node Type": "Index Scan",
                    "Parent Relationship": "Inner",
                    "Parallel Aware": false,
                    "Async Capable": false,
                    "Scan Direction": "Forward",
                    "Index Name": "idx_title_id",
                    "Relation Name": "title",
                    "Schema": "public",
                    "Alias": "t",
                    "Startup Cost": 0.43,
                    "Total Cost": 0.49,
                    "Plan Rows": 1,
                    "Plan Width": 21,
                    "Actual Startup Time": 0.005,
                    "Actual Total Time": 0.005,
                    "Actual Rows": 0,
                    "Actual Loops": 35548,
                    "Output": [
                      "t.id",
                      "t.title",
                      "t.imdb_index",
                      "t.kind_id",
                      "t.production_year",
                      "t.imdb_id",
                      "t.phonetic_code",
                      "t.episode_of_id",
                      "t.season_nr",
                      "t.episode_nr",
                      "t.series_years",
                      "t.md5sum"
                    ],
                    "Index Cond": "(t.id = mk.movie_id)",
                    "Rows Removed by Index Recheck": 0,
                    "Filter": "(t.production_year > 2000)",
                    "Rows Removed by Filter": 1
                  }
                ]
              },
              {
                "Node Type": "Index Scan",
                "Parent Relationship": "Inner",
                "Parallel Aware": false,
                "Async Capable": false,
                "Scan Direction": "Forward",
                "Index Name": "idx_cast_info_movie_id",
                "Relation Name": "cast_info",
                "Schema": "public",
                "Alias": "ci",
                "Startup Cost": 0.44,
                "Total Cost": 1.36,
                "Plan Rows": 38,
                "Plan Width": 8,
                "Actual Startup Time": 0.006,
                "Actual Total Time": 0.082,
                "Actual Rows": 55,
                "Actual Loops": 14165,
                "Output": [
                  "ci.id",
                  "ci.person_id",
                  "ci.movie_id",
                  "ci.person_role_id",
                  "ci.note",
                  "ci.nr_order",
                  "ci.role_id"
                ],
                "Index Cond": "(ci.movie_id = mk.movie_id)",
                "Rows Removed by Index Recheck": 0
              }
            ]
          },
          {
            "Node Type": "Hash",
            "Parent Relationship": "Inner",
            "Parallel Aware": false,
            "Async Capable": false,
            "Startup Cost": 97288.91,
            "Total Cost": 97288.91,
            "Plan Rows": 4167491,
            "Plan Width": 19,
            "Actual Startup Time": 2045.882,
            "Actual Total Time": 2045.883,
            "Actual Rows": 4167491,
            "Actual Loops": 1,
            "Output": [
              "n.name",
              "n.id"
            ],
            "Hash Buckets": 4194304,
            "Original Hash Buckets": 4194304,
            "Hash Batches": 1,
            "Original Hash Batches": 1,
            "Peak Memory Usage": 248744,
            "Plans": [
              {
                "Node Type": "Seq Scan",
                "Parent Relationship": "Outer",
                "Parallel Aware": false,
                "Async Capable": false,
                "Relation Name": "name",
                "Schema": "public",
                "Alias": "n",
                "Startup Cost": 0.0,
                "Total Cost": 97288.91,
                "Plan Rows": 4167491,
                "Plan Width": 19,
                "Actual Startup Time": 0.061,
                "Actual Total Time": 674.865,
                "Actual Rows": 4167491,
                "Actual Loops": 1,
                "Output": [
                  "n.name",
                  "n.id"
                ]
              }
            ]
          }
        ]
      }
    ]
  },
  "Planning Time": 6.276,
  "Triggers": [],
  "JIT": {
    "Functions": 32,
    "Options": {
      "Inlining": false,
      "Optimization": false,
      "Expressions": true,
      "Deforming": true
    },
    "Timing": {
      "Generation": 2.325,
      "Inlining": 0.0,
      "Optimization": 0.874,
      "Emission": 27.841,
      "Total": 31.04
    }
  },
  "Execution Time": 4534.786
}