{
  "Plan": {
    "Node Type": "Aggregate",
    "Strategy": "Plain",
    "Partial Mode": "Simple",
    "Parallel Aware": false,
    "Async Capable": false,
    "Startup Cost": 536085.18,
    "Total Cost": 536085.19,
    "Plan Rows": 1,
    "Plan Width": 128,
    "Actual Startup Time": 7747.345,
    "Actual Total Time": 7747.354,
    "Actual Rows": 1,
    "Actual Loops": 1,
    "Output": [
      "min((an.name)::text)",
      "min((chn.name)::text)",
      "min((n.name)::text)",
      "min((t.title)::text)"
    ],
    "Plans": [
      {
        "Node Type": "Hash Join",
        "Parent Relationship": "Outer",
        "Parallel Aware": false,
        "Async Capable": false,
        "Join Type": "Inner",
        "Startup Cost": 325088.65,
        "Total Cost": 531254.36,
        "Plan Rows": 483082,
        "Plan Width": 64,
        "Actual Startup Time": 4953.588,
        "Actual Total Time": 7501.154,
        "Actual Rows": 483082,
        "Actual Loops": 1,
        "Output": [
          "an.name",
          "chn.name",
          "n.name",
          "t.title"
        ],
        "Inner Unique": false,
        "Hash Cond": "(ci.person_id = n.id)",
        "Plans": [
          {
            "Node Type": "Nested Loop",
            "Parent Relationship": "Outer",
            "Parallel Aware": false,
            "Async Capable": false,
            "Join Type": "Inner",
            "Startup Cost": 180247.12,
            "Total Cost": 385681.0,
            "Plan Rows": 173657,
            "Plan Width": 37,
            "Actual Startup Time": 2780.012,
            "Actual Total Time": 5214.671,
            "Actual Rows": 173657,
            "Actual Loops": 1,
            "Output": [
              "chn.name",
              "ci.person_id",
              "t.title"
            ],
            "Inner Unique": true,
            "Join Filter": "(ci.movie_id = t.id)",
            "Rows Removed by Join Filter": 0,
            "Plans": [
              {
                "Node Type": "Hash Join",
                "Parent Relationship": "Outer",
                "Parallel Aware": false,
                "Async Capable": false,
                "Join Type": "Inner",
                "Startup Cost": 180246.69,
                "Total Cost": 294368.73,
                "Plan Rows": 173657,
                "Plan Width": 28,
                "Actual Startup Time": 2779.922,
                "Actual Total Time": 4551.617,
                "Actual Rows": 173657,
                "Actual Loops": 1,
                "Output": [
                  "chn.name",
                  "ci.movie_id",
                  "ci.person_id",
                  "mc.movie_id"
                ],
                "Inner Unique": false,
                "Hash Cond": "(ci.movie_id = mc.movie_id)",
                "Plans": [
                  {
                    "Node Type": "Hash Join",
                    "Parent Relationship": "Outer",
                    "Parallel Aware": false,
                    "Async Capable": false,
                    "Join Type": "Inner",
                    "Startup Cost": 107105.07,
                    "Total Cost": 216849.94,
                    "Plan Rows": 255651,
                    "Plan Width": 24,
                    "Actual Startup Time": 1549.265,
                    "Actual Total Time": 3222.454,
                    "Actual Rows": 255651,
                    "Actual Loops": 1,
                    "Output": [
                      "chn.name",
                      "ci.movie_id",
                      "ci.person_id"
                    ],
                    "Inner Unique": true,
                    "Hash Cond": "(ci.person_role_id = chn.id)",
                    "Plans": [
                      {
                        "Node Type": "Nested Loop",
                        "Parent Relationship": "Outer",
                        "Parallel Aware": false,
                        "Async Capable": false,
                        "Join Type": "Inner",
                        "Startup Cost": 0.44,
                        "Total Cost": 109020.38,
                        "Plan Rows": 276166,
                        "Plan Width": 12,
                        "Actual Startup Time": 0.308,
                        "Actual Total Time": 1587.924,
                        "Actual Rows": 276166,
                        "Actual Loops": 1,
                        "Output": [
                          "ci.movie_id",
                          "ci.person_id",
                          "ci.person_role_id"
                        ],
                        "Inner Unique": false,
                        "Plans": [
                          {
                            "Node Type": "Seq Scan",
                            "Parent Relationship": "Outer",
                            "Parallel Aware": false,
                            "Async Capable": false,
                            "Relation Name": "role_type",
                            "Schema": "public",
                            "Alias": "rt",
                            "Startup Cost": 0.0,
                            "Total Cost": 1.15,
                            "Plan Rows": 1,
                            "Plan Width": 4,
                            "Actual Startup Time": 0.058,
                            "Actual Total Time": 0.062,
                            "Actual Rows": 1,
                            "Actual Loops": 1,
                            "Output": [
                              "rt.id",
                              "rt.role"
                            ],
                            "Filter": "((rt.role)::text = 'actress'::text)",
                            "Rows Removed by Filter": 11
                          },
                          {
                            "Node Type": "Index Scan",
                            "Parent Relationship": "Inner",
                            "Parallel Aware": false,
                            "Async Capable": false,
                            "Scan Direction": "Forward",
                            "Index Name": "idx_cast_info_role_id",
                            "Relation Name": "cast_info",
                            "Schema": "public",
                            "Alias": "ci",
                            "Startup Cost": 0.44,
                            "Total Cost": 108263.59,
                            "Plan Rows": 75564,
                            "Plan Width": 16,
                            "Actual Startup Time": 0.235,
                            "Actual Total Time": 1549.654,
                            "Actual Rows": 276166,
                            "Actual Loops": 1,
                            "Output": [
                              "ci.id",
                              "ci.person_id",
                              "ci.movie_id",
                              "ci.person_role_id",
                              "ci.note",
                              "ci.nr_order",
                              "ci.role_id"
                            ],
                            "Index Cond": "(ci.role_id = rt.id)",
                            "Rows Removed by Index Recheck": 0,
                            "Filter": "((ci.note)::text = ANY ('{(voice),\"(voice: Japanese version)\",\"(voice) (uncredited)\",\"(voice: English version)\"}'::text[]))",
                            "Rows Removed by Filter": 7175807
                          }
                        ]
                      },
                      {
                        "Node Type": "Hash",
                        "Parent Relationship": "Inner",
                        "Parallel Aware": false,
                        "Async Capable": false,
                        "Startup Cost": 67850.39,
                        "Total Cost": 67850.39,
                        "Plan Rows": 3140339,
                        "Plan Width": 20,
                        "Actual Startup Time": 1525.718,
                        "Actual Total Time": 1525.719,
                        "Actual Rows": 3140339,
                        "Actual Loops": 1,
                        "Output": [
                          "chn.name",
                          "chn.id"
                        ],
                        "Hash Buckets": 4194304,
                        "Original Hash Buckets": 4194304,
                        "Hash Batches": 1,
                        "Original Hash Batches": 1,
                        "Peak Memory Usage": 198037,
                        "Plans": [
                          {
                            "Node Type": "Seq Scan",
                            "Parent Relationship": "Outer",
                            "Parallel Aware": false,
                            "Async Capable": false,
                            "Relation Name": "char_name",
                            "Schema": "public",
                            "Alias": "chn",
                            "Startup Cost": 0.0,
                            "Total Cost": 67850.39,
                            "Plan Rows": 3140339,
                            "Plan Width": 20,
                            "Actual Startup Time": 0.07,
                            "Actual Total Time": 504.645,
                            "Actual Rows": 3140339,
                            "Actual Loops": 1,
                            "Output": [
                              "chn.name",
                              "chn.id"
                            ]
                          }
                        ]
                      }
                    ]
                  },
                  {
                    "Node Type": "Hash",
                    "Parent Relationship": "Inner",
                    "Parallel Aware": false,
                    "Async Capable": false,
                    "Startup Cost": 58719.15,
                    "Total Cost": 58719.15,
                    "Plan Rows": 1153798,
                    "Plan Width": 4,
                    "Actual Startup Time": 1218.844,
                    "Actual Total Time": 1218.846,
                    "Actual Rows": 1153798,
                    "Actual Loops": 1,
                    "Output": [
                      "mc.movie_id"
                    ],
                    "Hash Buckets": 2097152,
                    "Original Hash Buckets": 2097152,
                    "Hash Batches": 1,
                    "Original Hash Batches": 1,
                    "Peak Memory Usage": 56948,
                    "Plans": [
                      {
                        "Node Type": "Hash Join",
                        "Parent Relationship": "Outer",
                        "Parallel Aware": false,
                        "Async Capable": false,
                        "Join Type": "Inner",
                        "Startup Cost": 6988.77,
                        "Total Cost": 58719.15,
                        "Plan Rows": 1153798,
                        "Plan Width": 4,
                        "Actual Startup Time": 60.255,
                        "Actual Total Time": 936.352,
                        "Actual Rows": 1153798,
                        "Actual Loops": 1,
                        "Output": [
                          "mc.movie_id"
                        ],
                        "Inner Unique": true,
                        "Hash Cond": "(mc.company_id = cn.id)",
                        "Plans": [
                          {
                            "Node Type": "Seq Scan",
                            "Parent Relationship": "Outer",
                            "Parallel Aware": false,
                            "Async Capable": false,
                            "Relation Name": "movie_companies",
                            "Schema": "public",
                            "Alias": "mc",
                            "Startup Cost": 0.0,
                            "Total Cost": 44881.29,
                            "Plan Rows": 2609129,
                            "Plan Width": 8,
                            "Actual Startup Time": 0.026,
                            "Actual Total Time": 255.615,
                            "Actual Rows": 2609129,
                            "Actual Loops": 1,
                            "Output": [
                              "mc.id",
                              "mc.movie_id",
                              "mc.company_id",
                              "mc.company_type_id",
                              "mc.note"
                            ]
                          },
                          {
                            "Node Type": "Hash",
                            "Parent Relationship": "Inner",
                            "Parallel Aware": false,
                            "Async Capable": false,
                            "Startup Cost": 5932.46,
                            "Total Cost": 5932.46,
                            "Plan Rows": 84505,
                            "Plan Width": 4,
                            "Actual Startup Time": 59.449,
                            "Actual Total Time": 59.45,
                            "Actual Rows": 84843,
                            "Actual Loops": 1,
                            "Output": [
                              "cn.id"
                            ],
                            "Hash Buckets": 131072,
                            "Original Hash Buckets": 131072,
                            "Hash Batches": 1,
                            "Original Hash Batches": 1,
                            "Peak Memory Usage": 4007,
                            "Plans": [
                              {
                                "Node Type": "Seq Scan",
                                "Parent Relationship": "Outer",
                                "Parallel Aware": false,
                                "Async Capable": false,
                                "Relation Name": "company_name",
                                "Schema": "public",
                                "Alias": "cn",
                                "Startup Cost": 0.0,
                                "Total Cost": 5932.46,
                                "Plan Rows": 84505,
                                "Plan Width": 4,
                                "Actual Startup Time": 0.052,
                                "Actual Total Time": 42.895,
                                "Actual Rows": 84843,
                                "Actual Loops": 1,
                                "Output": [
                                  "cn.id"
                                ],
                                "Filter": "((cn.country_code)::text = '[us]'::text)",
                                "Rows Removed by Filter": 150154
                              }
                            ]
                          }
                        ]
                      }
                    ]
                  }
                ]
              },
              {
                "Node Type": "Index Scan",
                "Parent Relationship": "Inner",
                "Parallel Aware": false,
                "Async Capable": false,
                "Scan Direction": "Forward",
                "Index Name": "idx_title_id",
                "Relation Name": "title",
                "Schema": "public",
                "Alias": "t",
                "Startup Cost": 0.43,
                "Total Cost": 0.51,
                "Plan Rows": 1,
                "Plan Width": 21,
                "Actual Startup Time": 0.003,
                "Actual Total Time": 0.003,
                "Actual Rows": 1,
                "Actual Loops": 173657,
                "Output": [
                  "t.id",
                  "t.title",
                  "t.imdb_index",
                  "t.kind_id",
                  "t.production_year",
                  "t.imdb_id",
                  "t.phonetic_code",
                  "t.episode_of_id",
                  "t.season_nr",
                  "t.episode_nr",
                  "t.series_years",
                  "t.md5sum"
                ],
                "Index Cond": "(t.id = mc.movie_id)",
                "Rows Removed by Index Recheck": 0
              }
            ]
          },
          {
            "Node Type": "Hash",
            "Parent Relationship": "Inner",
            "Parallel Aware": false,
            "Async Capable": false,
            "Startup Cost": 142422.96,
            "Total Cost": 142422.96,
            "Plan Rows": 193486,
            "Plan Width": 39,
            "Actual Startup Time": 2172.046,
            "Actual Total Time": 2172.048,
            "Actual Rows": 193486,
            "Actual Loops": 1,
            "Output": [
              "an.name",
              "an.person_id",
              "n.name",
              "n.id"
            ],
            "Hash Buckets": 262144,
            "Original Hash Buckets": 262144,
            "Hash Batches": 1,
            "Original Hash Batches": 1,
            "Peak Memory Usage": 16249,
            "Plans": [
              {
                "Node Type": "Hash Join",
                "Parent Relationship": "Outer",
                "Parallel Aware": false,
                "Async Capable": false,
                "Join Type": "Inner",
                "Startup Cost": 119647.5,
                "Total Cost": 142422.96,
                "Plan Rows": 193486,
                "Plan Width": 39,
                "Actual Startup Time": 1722.791,
                "Actual Total Time": 2100.962,
                "Actual Rows": 193486,
                "Actual Loops": 1,
                "Output": [
                  "an.name",
                  "an.person_id",
                  "n.name",
                  "n.id"
                ],
                "Inner Unique": true,
                "Hash Cond": "(an.person_id = n.id)",
                "Plans": [
                  {
                    "Node Type": "Seq Scan",
                    "Parent Relationship": "Outer",
                    "Parallel Aware": false,
                    "Async Capable": false,
                    "Relation Name": "aka_name",
                    "Schema": "public",
                    "Alias": "an",
                    "Startup Cost": 0.0,
                    "Total Cost": 20409.43,
                    "Plan Rows": 901343,
                    "Plan Width": 20,
                    "Actual Startup Time": 0.024,
                    "Actual Total Time": 91.388,
                    "Actual Rows": 901343,
                    "Actual Loops": 1,
                    "Output": [
                      "an.id",
                      "an.person_id",
                      "an.name",
                      "an.imdb_index",
                      "an.name_pcode_cf",
                      "an.name_pcode_nf",
                      "an.surname_pcode",
                      "an.md5sum"
                    ]
                  },
                  {
                    "Node Type": "Hash",
                    "Parent Relationship": "Inner",
                    "Parallel Aware": false,
                    "Async Capable": false,
                    "Startup Cost": 107707.64,
                    "Total Cost": 107707.64,
                    "Plan Rows": 955189,
                    "Plan Width": 19,
                    "Actual Startup Time": 1716.823,
                    "Actual Total Time": 1716.823,
                    "Actual Rows": 961555,
                    "Actual Loops": 1,
                    "Output": [
                      "n.name",
                      "n.id"
                    ],
                    "Hash Buckets": 1048576,
                    "Original Hash Buckets": 1048576,
                    "Hash Batches": 1,
                    "Original Hash Batches": 1,
                    "Peak Memory Usage": 58170,
                    "Plans": [
                      {
                        "Node Type": "Seq Scan",
                        "Parent Relationship": "Outer",
                        "Parallel Aware": false,
                        "Async Capable": false,
                        "Relation Name": "name",
                        "Schema": "public",
                        "Alias": "n",
                        "Startup Cost": 0.0,
                        "Total Cost": 107707.64,
                        "Plan Rows": 955189,
                        "Plan Width": 19,
                        "Actual Startup Time": 933.512,
                        "Actual Total Time": 1445.209,
                        "Actual Rows": 961555,
                        "Actual Loops": 1,
                        "Output": [
                          "n.name",
                          "n.id"
                        ],
                        "Filter": "((n.gender)::text = 'f'::text)",
                        "Rows Removed by Filter": 3205936
                      }
                    ]
                  }
                ]
              }
            ]
          }
        ]
      }
    ]
  },
  "Planning Time": 14.595,
  "Triggers": [],
  "JIT": {
    "Functions": 63,
    "Options": {
      "Inlining": true,
      "Optimization": true,
      "Expressions": true,
      "Deforming": true
    },
    "Timing": {
      "Generation": 4.226,
      "Inlining": 103.946,
      "Optimization": 484.194,
      "Emission": 303.377,
      "Total": 895.743
    }
  },
  "Execution Time": 7784.1
}