{
  "Plan": {
    "Node Type": "Aggregate",
    "Strategy": "Plain",
    "Partial Mode": "Simple",
    "Parallel Aware": false,
    "Async Capable": false,
    "Startup Cost": 254831.15,
    "Total Cost": 254831.16,
    "Plan Rows": 1,
    "Plan Width": 64,
    "Actual Startup Time": 3336.231,
    "Actual Total Time": 3336.237,
    "Actual Rows": 1,
    "Actual Loops": 1,
    "Output": [
      "min((n.name)::text)",
      "min((n.name)::text)"
    ],
    "Plans": [
      {
        "Node Type": "Nested Loop",
        "Parent Relationship": "Outer",
        "Parallel Aware": false,
        "Async Capable": false,
        "Join Type": "Inner",
        "Startup Cost": 118445.3,
        "Total Cost": 254830.64,
        "Plan Rows": 207,
        "Plan Width": 15,
        "Actual Startup Time": 906.06,
        "Actual Total Time": 3335.944,
        "Actual Rows": 207,
        "Actual Loops": 1,
        "Output": [
          "n.name"
        ],
        "Inner Unique": true,
        "Plans": [
          {
            "Node Type": "Hash Join",
            "Parent Relationship": "Outer",
            "Parallel Aware": false,
            "Async Capable": false,
            "Join Type": "Inner",
            "Startup Cost": 118444.87,
            "Total Cost": 254737.84,
            "Plan Rows": 207,
            "Plan Width": 27,
            "Actual Startup Time": 905.994,
            "Actual Total Time": 3334.568,
            "Actual Rows": 207,
            "Actual Loops": 1,
            "Output": [
              "ci.movie_id",
              "mc.movie_id",
              "mk.movie_id",
              "n.name"
            ],
            "Inner Unique": true,
            "Hash Cond": "((mc.company_id = cn.id) AND ((n.name_pcode_nf)::text = (cn.name_pcode_sf)::text))",
            "Plans": [
              {
                "Node Type": "Nested Loop",
                "Parent Relationship": "Outer",
                "Parallel Aware": false,
                "Async Capable": false,
                "Join Type": "Inner",
                "Startup Cost": 111918.53,
                "Total Cost": 244521.54,
                "Plan Rows": 702849,
                "Plan Width": 36,
                "Actual Startup Time": 684.414,
                "Actual Total Time": 3052.684,
                "Actual Rows": 702849,
                "Actual Loops": 1,
                "Output": [
                  "ci.movie_id",
                  "mc.movie_id",
                  "mc.company_id",
                  "mk.movie_id",
                  "n.name",
                  "n.name_pcode_nf"
                ],
                "Inner Unique": false,
                "Plans": [
                  {
                    "Node Type": "Hash Join",
                    "Parent Relationship": "Outer",
                    "Parallel Aware": false,
                    "Async Capable": false,
                    "Join Type": "Inner",
                    "Startup Cost": 111918.1,
                    "Total Cost": 191318.84,
                    "Plan Rows": 93315,
                    "Plan Width": 28,
                    "Actual Startup Time": 683.027,
                    "Actual Total Time": 2463.249,
                    "Actual Rows": 93315,
                    "Actual Loops": 1,
                    "Output": [
                      "ci.movie_id",
                      "mk.movie_id",
                      "n.name",
                      "n.name_pcode_nf"
                    ],
                    "Inner Unique": true,
                    "Hash Cond": "(ci.person_id = n.id)",
                    "Plans": [
                      {
                        "Node Type": "Nested Loop",
                        "Parent Relationship": "Outer",
                        "Parallel Aware": false,
                        "Async Capable": false,
                        "Join Type": "Inner",
                        "Startup Cost": 0.87,
                        "Total Cost": 76675.83,
                        "Plan Rows": 1038393,
                        "Plan Width": 12,
                        "Actual Startup Time": 0.777,
                        "Actual Total Time": 1507.923,
                        "Actual Rows": 1038393,
                        "Actual Loops": 1,
                        "Output": [
                          "ci.person_id",
                          "ci.movie_id",
                          "mk.movie_id"
                        ],
                        "Inner Unique": false,
                        "Plans": [
                          {
                            "Node Type": "Nested Loop",
                            "Parent Relationship": "Outer",
                            "Parallel Aware": false,
                            "Async Capable": false,
                            "Join Type": "Inner",
                            "Startup Cost": 0.43,
                            "Total Cost": 3842.62,
                            "Plan Rows": 41840,
                            "Plan Width": 4,
                            "Actual Startup Time": 0.714,
                            "Actual Total Time": 63.592,
                            "Actual Rows": 41840,
                            "Actual Loops": 1,
                            "Output": [
                              "mk.movie_id"
                            ],
                            "Inner Unique": false,
                            "Plans": [
                              {
                                "Node Type": "Seq Scan",
                                "Parent Relationship": "Outer",
                                "Parallel Aware": false,
                                "Async Capable": false,
                                "Relation Name": "keyword",
                                "Schema": "public",
                                "Alias": "k",
                                "Startup Cost": 0.0,
                                "Total Cost": 2626.12,
                                "Plan Rows": 1,
                                "Plan Width": 4,
                                "Actual Startup Time": 0.634,
                                "Actual Total Time": 13.017,
                                "Actual Rows": 1,
                                "Actual Loops": 1,
                                "Output": [
                                  "k.id",
                                  "k.keyword",
                                  "k.phonetic_code"
                                ],
                                "Filter": "((k.keyword)::text = 'character-name-in-title'::text)",
                                "Rows Removed by Filter": 134169
                              },
                              {
                                "Node Type": "Index Scan",
                                "Parent Relationship": "Inner",
                                "Parallel Aware": false,
                                "Async Capable": false,
                                "Scan Direction": "Forward",
                                "Index Name": "idx_movie_keyword_keyword_id",
                                "Relation Name": "movie_keyword",
                                "Schema": "public",
                                "Alias": "mk",
                                "Startup Cost": 0.43,
                                "Total Cost": 1213.48,
                                "Plan Rows": 302,
                                "Plan Width": 8,
                                "Actual Startup Time": 0.06,
                                "Actual Total Time": 41.197,
                                "Actual Rows": 41840,
                                "Actual Loops": 1,
                                "Output": [
                                  "mk.id",
                                  "mk.movie_id",
                                  "mk.keyword_id"
                                ],
                                "Index Cond": "(mk.keyword_id = k.id)",
                                "Rows Removed by Index Recheck": 0
                              }
                            ]
                          },
                          {
                            "Node Type": "Index Scan",
                            "Parent Relationship": "Inner",
                            "Parallel Aware": false,
                            "Async Capable": false,
                            "Scan Direction": "Forward",
                            "Index Name": "idx_cast_info_movie_id",
                            "Relation Name": "cast_info",
                            "Schema": "public",
                            "Alias": "ci",
                            "Startup Cost": 0.44,
                            "Total Cost": 1.36,
                            "Plan Rows": 38,
                            "Plan Width": 8,
                            "Actual Startup Time": 0.004,
                            "Actual Total Time": 0.03,
                            "Actual Rows": 25,
                            "Actual Loops": 41840,
                            "Output": [
                              "ci.id",
                              "ci.person_id",
                              "ci.movie_id",
                              "ci.person_role_id",
                              "ci.note",
                              "ci.nr_order",
                              "ci.role_id"
                            ],
                            "Index Cond": "(ci.movie_id = mk.movie_id)",
                            "Rows Removed by Index Recheck": 0
                          }
                        ]
                      },
                      {
                        "Node Type": "Hash",
                        "Parent Relationship": "Inner",
                        "Parallel Aware": false,
                        "Async Capable": false,
                        "Startup Cost": 107707.64,
                        "Total Cost": 107707.64,
                        "Plan Rows": 336767,
                        "Plan Width": 24,
                        "Actual Startup Time": 679.142,
                        "Actual Total Time": 679.143,
                        "Actual Rows": 343399,
                        "Actual Loops": 1,
                        "Output": [
                          "n.name",
                          "n.id",
                          "n.name_pcode_nf"
                        ],
                        "Hash Buckets": 524288,
                        "Original Hash Buckets": 524288,
                        "Hash Batches": 1,
                        "Original Hash Batches": 1,
                        "Peak Memory Usage": 23822,
                        "Plans": [
                          {
                            "Node Type": "Seq Scan",
                            "Parent Relationship": "Outer",
                            "Parallel Aware": false,
                            "Async Capable": false,
                            "Relation Name": "name",
                            "Schema": "public",
                            "Alias": "n",
                            "Startup Cost": 0.0,
                            "Total Cost": 107707.64,
                            "Plan Rows": 336767,
                            "Plan Width": 24,
                            "Actual Startup Time": 9.906,
                            "Actual Total Time": 573.126,
                            "Actual Rows": 343399,
                            "Actual Loops": 1,
                            "Output": [
                              "n.name",
                              "n.id",
                              "n.name_pcode_nf"
                            ],
                            "Filter": "((n.name)::text ~~ 'B%'::text)",
                            "Rows Removed by Filter": 3824092
                          }
                        ]
                      }
                    ]
                  },
                  {
                    "Node Type": "Index Scan",
                    "Parent Relationship": "Inner",
                    "Parallel Aware": false,
                    "Async Capable": false,
                    "Scan Direction": "Forward",
                    "Index Name": "idx_movie_companies_movie_id",
                    "Relation Name": "movie_companies",
                    "Schema": "public",
                    "Alias": "mc",
                    "Startup Cost": 0.43,
                    "Total Cost": 0.52,
                    "Plan Rows": 5,
                    "Plan Width": 8,
                    "Actual Startup Time": 0.003,
                    "Actual Total Time": 0.005,
                    "Actual Rows": 8,
                    "Actual Loops": 93315,
                    "Output": [
                      "mc.id",
                      "mc.movie_id",
                      "mc.company_id",
                      "mc.company_type_id",
                      "mc.note"
                    ],
                    "Index Cond": "(mc.movie_id = ci.movie_id)",
                    "Rows Removed by Index Recheck": 0
                  }
                ]
              },
              {
                "Node Type": "Hash",
                "Parent Relationship": "Inner",
                "Parallel Aware": false,
                "Async Capable": false,
                "Startup Cost": 6519.95,
                "Total Cost": 6519.95,
                "Plan Rows": 426,
                "Plan Width": 14,
                "Actual Startup Time": 116.433,
                "Actual Total Time": 116.434,
                "Actual Rows": 81184,
                "Actual Loops": 1,
                "Output": [
                  "cn.id",
                  "cn.name_pcode_sf",
                  "cn.name_pcode_nf"
                ],
                "Hash Buckets": 131072,
                "Original Hash Buckets": 1024,
                "Hash Batches": 1,
                "Original Hash Batches": 1,
                "Peak Memory Usage": 4824,
                "Plans": [
                  {
                    "Node Type": "Seq Scan",
                    "Parent Relationship": "Outer",
                    "Parallel Aware": false,
                    "Async Capable": false,
                    "Relation Name": "company_name",
                    "Schema": "public",
                    "Alias": "cn",
                    "Startup Cost": 0.0,
                    "Total Cost": 6519.95,
                    "Plan Rows": 426,
                    "Plan Width": 14,
                    "Actual Startup Time": 35.753,
                    "Actual Total Time": 92.597,
                    "Actual Rows": 81184,
                    "Actual Loops": 1,
                    "Output": [
                      "cn.id",
                      "cn.name_pcode_sf",
                      "cn.name_pcode_nf"
                    ],
                    "Filter": "(((cn.country_code)::text = '[us]'::text) AND ((cn.name_pcode_sf)::text = (cn.name_pcode_nf)::text))",
                    "Rows Removed by Filter": 153813
                  }
                ]
              }
            ]
          },
          {
            "Node Type": "Index Only Scan",
            "Parent Relationship": "Inner",
            "Parallel Aware": false,
            "Async Capable": false,
            "Scan Direction": "Forward",
            "Index Name": "idx_title_id",
            "Relation Name": "title",
            "Schema": "public",
            "Alias": "t",
            "Startup Cost": 0.43,
            "Total Cost": 0.45,
            "Plan Rows": 1,
            "Plan Width": 4,
            "Actual Startup Time": 0.006,
            "Actual Total Time": 0.006,
            "Actual Rows": 1,
            "Actual Loops": 207,
            "Output": [
              "t.id"
            ],
            "Index Cond": "(t.id = ci.movie_id)",
            "Rows Removed by Index Recheck": 0,
            "Heap Fetches": 0
          }
        ]
      }
    ]
  },
  "Planning Time": 10.736,
  "Triggers": [],
  "JIT": {
    "Functions": 43,
    "Options": {
      "Inlining": false,
      "Optimization": false,
      "Expressions": true,
      "Deforming": true
    },
    "Timing": {
      "Generation": 3.152,
      "Inlining": 0.0,
      "Optimization": 1.109,
      "Emission": 34.825,
      "Total": 39.086
    }
  },
  "Execution Time": 3372.661
}