{
  "Plan": {
    "Node Type": "Aggregate",
    "Strategy": "Plain",
    "Partial Mode": "Simple",
    "Parallel Aware": false,
    "Async Capable": false,
    "Startup Cost": 46692.7,
    "Total Cost": 46692.71,
    "Plan Rows": 1,
    "Plan Width": 32,
    "Actual Startup Time": 378.771,
    "Actual Total Time": 378.774,
    "Actual Rows": 1,
    "Actual Loops": 1,
    "Output": [
      "min((t.title)::text)"
    ],
    "Plans": [
      {
        "Node Type": "Nested Loop",
        "Parent Relationship": "Outer",
        "Parallel Aware": false,
        "Async Capable": false,
        "Join Type": "Inner",
        "Startup Cost": 1.46,
        "Total Cost": 46691.03,
        "Plan Rows": 669,
        "Plan Width": 17,
        "Actual Startup Time": 4.982,
        "Actual Total Time": 378.174,
        "Actual Rows": 669,
        "Actual Loops": 1,
        "Output": [
          "t.title"
        ],
        "Inner Unique": true,
        "Plans": [
          {
            "Node Type": "Nested Loop",
            "Parent Relationship": "Outer",
            "Parallel Aware": false,
            "Async Capable": false,
            "Join Type": "Inner",
            "Startup Cost": 1.32,
            "Total Cost": 46584.08,
            "Plan Rows": 669,
            "Plan Width": 21,
            "Actual Startup Time": 4.967,
            "Actual Total Time": 376.639,
            "Actual Rows": 669,
            "Actual Loops": 1,
            "Output": [
              "mi.info_type_id",
              "t.title"
            ],
            "Inner Unique": false,
            "Plans": [
              {
                "Node Type": "Nested Loop",
                "Parent Relationship": "Outer",
                "Parallel Aware": false,
                "Async Capable": false,
                "Join Type": "Inner",
                "Startup Cost": 0.86,
                "Total Cost": 45191.06,
                "Plan Rows": 767,
                "Plan Width": 25,
                "Actual Startup Time": 4.897,
                "Actual Total Time": 337.116,
                "Actual Rows": 767,
                "Actual Loops": 1,
                "Output": [
                  "mc.movie_id",
                  "t.title",
                  "t.id"
                ],
                "Inner Unique": true,
                "Plans": [
                  {
                    "Node Type": "Nested Loop",
                    "Parent Relationship": "Outer",
                    "Parallel Aware": false,
                    "Async Capable": false,
                    "Join Type": "Inner",
                    "Startup Cost": 0.43,
                    "Total Cost": 44061.36,
                    "Plan Rows": 798,
                    "Plan Width": 4,
                    "Actual Startup Time": 4.84,
                    "Actual Total Time": 325.641,
                    "Actual Rows": 798,
                    "Actual Loops": 1,
                    "Output": [
                      "mc.movie_id"
                    ],
                    "Inner Unique": false,
                    "Plans": [
                      {
                        "Node Type": "Seq Scan",
                        "Parent Relationship": "Outer",
                        "Parallel Aware": false,
                        "Async Capable": false,
                        "Relation Name": "company_type",
                        "Schema": "public",
                        "Alias": "ct",
                        "Startup Cost": 0.0,
                        "Total Cost": 1.05,
                        "Plan Rows": 1,
                        "Plan Width": 4,
                        "Actual Startup Time": 0.016,
                        "Actual Total Time": 0.02,
                        "Actual Rows": 1,
                        "Actual Loops": 1,
                        "Output": [
                          "ct.id",
                          "ct.kind"
                        ],
                        "Filter": "((ct.kind)::text = 'production companies'::text)",
                        "Rows Removed by Filter": 3
                      },
                      {
                        "Node Type": "Index Scan",
                        "Parent Relationship": "Inner",
                        "Parallel Aware": false,
                        "Async Capable": false,
                        "Scan Direction": "Forward",
                        "Index Name": "idx_movie_companies_company_type_id",
                        "Relation Name": "movie_companies",
                        "Schema": "public",
                        "Alias": "mc",
                        "Startup Cost": 0.43,
                        "Total Cost": 43171.12,
                        "Plan Rows": 88919,
                        "Plan Width": 8,
                        "Actual Startup Time": 4.821,
                        "Actual Total Time": 325.405,
                        "Actual Rows": 798,
                        "Actual Loops": 1,
                        "Output": [
                          "mc.id",
                          "mc.movie_id",
                          "mc.company_id",
                          "mc.company_type_id",
                          "mc.note"
                        ],
                        "Index Cond": "(mc.company_type_id = ct.id)",
                        "Rows Removed by Index Recheck": 0,
                        "Filter": "(((mc.note)::text !~~ '%(TV)%'::text) AND ((mc.note)::text ~~ '%(USA)%'::text))",
                        "Rows Removed by Filter": 1334085
                      }
                    ]
                  },
                  {
                    "Node Type": "Index Scan",
                    "Parent Relationship": "Inner",
                    "Parallel Aware": false,
                    "Async Capable": false,
                    "Scan Direction": "Forward",
                    "Index Name": "idx_title_id",
                    "Relation Name": "title",
                    "Schema": "public",
                    "Alias": "t",
                    "Startup Cost": 0.43,
                    "Total Cost": 1.42,
                    "Plan Rows": 1,
                    "Plan Width": 21,
                    "Actual Startup Time": 0.013,
                    "Actual Total Time": 0.013,
                    "Actual Rows": 1,
                    "Actual Loops": 798,
                    "Output": [
                      "t.id",
                      "t.title",
                      "t.imdb_index",
                      "t.kind_id",
                      "t.production_year",
                      "t.imdb_id",
                      "t.phonetic_code",
                      "t.episode_of_id",
                      "t.season_nr",
                      "t.episode_nr",
                      "t.series_years",
                      "t.md5sum"
                    ],
                    "Index Cond": "(t.id = mc.movie_id)",
                    "Rows Removed by Index Recheck": 0,
                    "Filter": "(t.production_year > 1990)",
                    "Rows Removed by Filter": 0
                  }
                ]
              },
              {
                "Node Type": "Index Scan",
                "Parent Relationship": "Inner",
                "Parallel Aware": false,
                "Async Capable": false,
                "Scan Direction": "Forward",
                "Index Name": "idx_movie_info_movie_id",
                "Relation Name": "movie_info",
                "Schema": "public",
                "Alias": "mi",
                "Startup Cost": 0.46,
                "Total Cost": 1.8,
                "Plan Rows": 2,
                "Plan Width": 8,
                "Actual Startup Time": 0.044,
                "Actual Total Time": 0.051,
                "Actual Rows": 1,
                "Actual Loops": 767,
                "Output": [
                  "mi.id",
                  "mi.movie_id",
                  "mi.info_type_id",
                  "mi.info",
                  "mi.note"
                ],
                "Index Cond": "(mi.movie_id = t.id)",
                "Rows Removed by Index Recheck": 0,
                "Filter": "((mi.info)::text = ANY ('{Sweden,Norway,Germany,Denmark,Swedish,Denish,Norwegian,German,USA,American}'::text[]))",
                "Rows Removed by Filter": 10
              }
            ]
          },
          {
            "Node Type": "Index Only Scan",
            "Parent Relationship": "Inner",
            "Parallel Aware": false,
            "Async Capable": false,
            "Scan Direction": "Forward",
            "Index Name": "idx_info_type_id",
            "Relation Name": "info_type",
            "Schema": "public",
            "Alias": "it",
            "Startup Cost": 0.14,
            "Total Cost": 0.16,
            "Plan Rows": 1,
            "Plan Width": 4,
            "Actual Startup Time": 0.001,
            "Actual Total Time": 0.001,
            "Actual Rows": 1,
            "Actual Loops": 669,
            "Output": [
              "it.id"
            ],
            "Index Cond": "(it.id = mi.info_type_id)",
            "Rows Removed by Index Recheck": 0,
            "Heap Fetches": 0
          }
        ]
      }
    ]
  },
  "Planning Time": 5.378,
  "Triggers": [],
  "Execution Time": 378.904
}