{
  "Plan": {
    "Node Type": "Aggregate",
    "Strategy": "Plain",
    "Partial Mode": "Simple",
    "Parallel Aware": false,
    "Async Capable": false,
    "Startup Cost": 87410.23,
    "Total Cost": 87410.24,
    "Plan Rows": 1,
    "Plan Width": 96,
    "Actual Startup Time": 776.961,
    "Actual Total Time": 776.966,
    "Actual Rows": 1,
    "Actual Loops": 1,
    "Output": [
      "min((cn.name)::text)",
      "min((mi_idx.info)::text)",
      "min((t.title)::text)"
    ],
    "Plans": [
      {
        "Node Type": "Nested Loop",
        "Parent Relationship": "Outer",
        "Parallel Aware": false,
        "Async Capable": false,
        "Join Type": "Inner",
        "Startup Cost": 4.14,
        "Total Cost": 87407.25,
        "Plan Rows": 397,
        "Plan Width": 41,
        "Actual Startup Time": 37.805,
        "Actual Total Time": 776.451,
        "Actual Rows": 397,
        "Actual Loops": 1,
        "Output": [
          "cn.name",
          "mi_idx.info",
          "t.title"
        ],
        "Inner Unique": false,
        "Join Filter": "(it1.id = mi.info_type_id)",
        "Rows Removed by Join Filter": 0,
        "Plans": [
          {
            "Node Type": "Seq Scan",
            "Parent Relationship": "Outer",
            "Parallel Aware": false,
            "Async Capable": false,
            "Relation Name": "info_type",
            "Schema": "public",
            "Alias": "it1",
            "Startup Cost": 0.0,
            "Total Cost": 2.41,
            "Plan Rows": 1,
            "Plan Width": 4,
            "Actual Startup Time": 0.026,
            "Actual Total Time": 0.041,
            "Actual Rows": 1,
            "Actual Loops": 1,
            "Output": [
              "it1.id",
              "it1.info"
            ],
            "Filter": "((it1.info)::text = 'genres'::text)",
            "Rows Removed by Filter": 112
          },
          {
            "Node Type": "Nested Loop",
            "Parent Relationship": "Inner",
            "Parallel Aware": false,
            "Async Capable": false,
            "Join Type": "Inner",
            "Startup Cost": 4.14,
            "Total Cost": 87399.88,
            "Plan Rows": 397,
            "Plan Width": 45,
            "Actual Startup Time": 37.775,
            "Actual Total Time": 776.266,
            "Actual Rows": 397,
            "Actual Loops": 1,
            "Output": [
              "cn.name",
              "mi.info_type_id",
              "mi_idx.info",
              "t.title"
            ],
            "Inner Unique": true,
            "Plans": [
              {
                "Node Type": "Nested Loop",
                "Parent Relationship": "Outer",
                "Parallel Aware": false,
                "Async Capable": false,
                "Join Type": "Inner",
                "Startup Cost": 3.72,
                "Total Cost": 87084.4,
                "Plan Rows": 708,
                "Plan Width": 30,
                "Actual Startup Time": 33.533,
                "Actual Total Time": 769.878,
                "Actual Rows": 708,
                "Actual Loops": 1,
                "Output": [
                  "mc.company_id",
                  "mi.info_type_id",
                  "mi_idx.info",
                  "t.title"
                ],
                "Inner Unique": false,
                "Join Filter": "(mi.movie_id = t.id)",
                "Rows Removed by Join Filter": 0,
                "Plans": [
                  {
                    "Node Type": "Nested Loop",
                    "Parent Relationship": "Outer",
                    "Parallel Aware": false,
                    "Async Capable": false,
                    "Join Type": "Inner",
                    "Startup Cost": 3.29,
                    "Total Cost": 76879.02,
                    "Plan Rows": 6610,
                    "Plan Width": 38,
                    "Actual Startup Time": 3.916,
                    "Actual Total Time": 604.859,
                    "Actual Rows": 6610,
                    "Actual Loops": 1,
                    "Output": [
                      "mc.movie_id",
                      "mc.company_id",
                      "mi_idx.info",
                      "mi_idx.movie_id",
                      "t.title",
                      "t.id"
                    ],
                    "Inner Unique": true,
                    "Join Filter": "(mi_idx.movie_id = t.id)",
                    "Rows Removed by Join Filter": 0,
                    "Plans": [
                      {
                        "Node Type": "Nested Loop",
                        "Parent Relationship": "Outer",
                        "Parallel Aware": false,
                        "Async Capable": false,
                        "Join Type": "Inner",
                        "Startup Cost": 2.86,
                        "Total Cost": 64015.67,
                        "Plan Rows": 24233,
                        "Plan Width": 17,
                        "Actual Startup Time": 0.205,
                        "Actual Total Time": 486.417,
                        "Actual Rows": 24233,
                        "Actual Loops": 1,
                        "Output": [
                          "mc.movie_id",
                          "mc.company_id",
                          "mi_idx.info",
                          "mi_idx.movie_id"
                        ],
                        "Inner Unique": false,
                        "Join Filter": "(ct.id = mc.company_type_id)",
                        "Rows Removed by Join Filter": 40474,
                        "Plans": [
                          {
                            "Node Type": "Seq Scan",
                            "Parent Relationship": "Outer",
                            "Parallel Aware": false,
                            "Async Capable": false,
                            "Relation Name": "company_type",
                            "Schema": "public",
                            "Alias": "ct",
                            "Startup Cost": 0.0,
                            "Total Cost": 1.05,
                            "Plan Rows": 1,
                            "Plan Width": 4,
                            "Actual Startup Time": 0.012,
                            "Actual Total Time": 0.014,
                            "Actual Rows": 1,
                            "Actual Loops": 1,
                            "Output": [
                              "ct.id",
                              "ct.kind"
                            ],
                            "Filter": "((ct.kind)::text = 'production companies'::text)",
                            "Rows Removed by Filter": 3
                          },
                          {
                            "Node Type": "Nested Loop",
                            "Parent Relationship": "Inner",
                            "Parallel Aware": false,
                            "Async Capable": false,
                            "Join Type": "Inner",
                            "Startup Cost": 2.86,
                            "Total Cost": 63205.78,
                            "Plan Rows": 64707,
                            "Plan Width": 21,
                            "Actual Startup Time": 0.149,
                            "Actual Total Time": 477.921,
                            "Actual Rows": 64707,
                            "Actual Loops": 1,
                            "Output": [
                              "mi_idx.info",
                              "mi_idx.movie_id",
                              "mc.movie_id",
                              "mc.company_type_id",
                              "mc.company_id"
                            ],
                            "Inner Unique": false,
                            "Plans": [
                              {
                                "Node Type": "Hash Join",
                                "Parent Relationship": "Outer",
                                "Parallel Aware": false,
                                "Async Capable": false,
                                "Join Type": "Inner",
                                "Startup Cost": 2.43,
                                "Total Cost": 25330.92,
                                "Plan Rows": 15849,
                                "Plan Width": 9,
                                "Actual Startup Time": 0.113,
                                "Actual Total Time": 360.968,
                                "Actual Rows": 15849,
                                "Actual Loops": 1,
                                "Output": [
                                  "mi_idx.info",
                                  "mi_idx.movie_id"
                                ],
                                "Inner Unique": true,
                                "Hash Cond": "(mi_idx.info_type_id = it2.id)",
                                "Plans": [
                                  {
                                    "Node Type": "Seq Scan",
                                    "Parent Relationship": "Outer",
                                    "Parallel Aware": false,
                                    "Async Capable": false,
                                    "Relation Name": "movie_info_idx",
                                    "Schema": "public",
                                    "Alias": "mi_idx",
                                    "Startup Cost": 0.0,
                                    "Total Cost": 25185.44,
                                    "Plan Rows": 52529,
                                    "Plan Width": 13,
                                    "Actual Startup Time": 0.059,
                                    "Actual Total Time": 348.638,
                                    "Actual Rows": 53649,
                                    "Actual Loops": 1,
                                    "Output": [
                                      "mi_idx.id",
                                      "mi_idx.movie_id",
                                      "mi_idx.info_type_id",
                                      "mi_idx.info",
                                      "mi_idx.note"
                                    ],
                                    "Filter": "((mi_idx.info)::text > '8.0'::text)",
                                    "Rows Removed by Filter": 1326386
                                  },
                                  {
                                    "Node Type": "Hash",
                                    "Parent Relationship": "Inner",
                                    "Parallel Aware": false,
                                    "Async Capable": false,
                                    "Startup Cost": 2.41,
                                    "Total Cost": 2.41,
                                    "Plan Rows": 1,
                                    "Plan Width": 4,
                                    "Actual Startup Time": 0.028,
                                    "Actual Total Time": 0.029,
                                    "Actual Rows": 1,
                                    "Actual Loops": 1,
                                    "Output": [
                                      "it2.id"
                                    ],
                                    "Hash Buckets": 1024,
                                    "Original Hash Buckets": 1024,
                                    "Hash Batches": 1,
                                    "Original Hash Batches": 1,
                                    "Peak Memory Usage": 9,
                                    "Plans": [
                                      {
                                        "Node Type": "Seq Scan",
                                        "Parent Relationship": "Outer",
                                        "Parallel Aware": false,
                                        "Async Capable": false,
                                        "Relation Name": "info_type",
                                        "Schema": "public",
                                        "Alias": "it2",
                                        "Startup Cost": 0.0,
                                        "Total Cost": 2.41,
                                        "Plan Rows": 1,
                                        "Plan Width": 4,
                                        "Actual Startup Time": 0.015,
                                        "Actual Total Time": 0.018,
                                        "Actual Rows": 1,
                                        "Actual Loops": 1,
                                        "Output": [
                                          "it2.id"
                                        ],
                                        "Filter": "((it2.info)::text = 'rating'::text)",
                                        "Rows Removed by Filter": 112
                                      }
                                    ]
                                  }
                                ]
                              },
                              {
                                "Node Type": "Index Scan",
                                "Parent Relationship": "Inner",
                                "Parallel Aware": false,
                                "Async Capable": false,
                                "Scan Direction": "Forward",
                                "Index Name": "idx_movie_companies_movie_id",
                                "Relation Name": "movie_companies",
                                "Schema": "public",
                                "Alias": "mc",
                                "Startup Cost": 0.43,
                                "Total Cost": 2.34,
                                "Plan Rows": 5,
                                "Plan Width": 12,
                                "Actual Startup Time": 0.004,
                                "Actual Total Time": 0.006,
                                "Actual Rows": 4,
                                "Actual Loops": 15849,
                                "Output": [
                                  "mc.id",
                                  "mc.movie_id",
                                  "mc.company_id",
                                  "mc.company_type_id",
                                  "mc.note"
                                ],
                                "Index Cond": "(mc.movie_id = mi_idx.movie_id)",
                                "Rows Removed by Index Recheck": 0
                              }
                            ]
                          }
                        ]
                      },
                      {
                        "Node Type": "Index Scan",
                        "Parent Relationship": "Inner",
                        "Parallel Aware": false,
                        "Async Capable": false,
                        "Scan Direction": "Forward",
                        "Index Name": "idx_title_id",
                        "Relation Name": "title",
                        "Schema": "public",
                        "Alias": "t",
                        "Startup Cost": 0.43,
                        "Total Cost": 0.52,
                        "Plan Rows": 1,
                        "Plan Width": 21,
                        "Actual Startup Time": 0.004,
                        "Actual Total Time": 0.004,
                        "Actual Rows": 0,
                        "Actual Loops": 24233,
                        "Output": [
                          "t.id",
                          "t.title",
                          "t.imdb_index",
                          "t.kind_id",
                          "t.production_year",
                          "t.imdb_id",
                          "t.phonetic_code",
                          "t.episode_of_id",
                          "t.season_nr",
                          "t.episode_nr",
                          "t.series_years",
                          "t.md5sum"
                        ],
                        "Index Cond": "(t.id = mc.movie_id)",
                        "Rows Removed by Index Recheck": 0,
                        "Filter": "((t.production_year >= 2005) AND (t.production_year <= 2008))",
                        "Rows Removed by Filter": 1
                      }
                    ]
                  },
                  {
                    "Node Type": "Index Scan",
                    "Parent Relationship": "Inner",
                    "Parallel Aware": false,
                    "Async Capable": false,
                    "Scan Direction": "Forward",
                    "Index Name": "idx_movie_info_movie_id",
                    "Relation Name": "movie_info",
                    "Schema": "public",
                    "Alias": "mi",
                    "Startup Cost": 0.43,
                    "Total Cost": 1.53,
                    "Plan Rows": 1,
                    "Plan Width": 8,
                    "Actual Startup Time": 0.024,
                    "Actual Total Time": 0.025,
                    "Actual Rows": 0,
                    "Actual Loops": 6610,
                    "Output": [
                      "mi.id",
                      "mi.movie_id",
                      "mi.info_type_id",
                      "mi.info",
                      "mi.note"
                    ],
                    "Index Cond": "(mi.movie_id = mc.movie_id)",
                    "Rows Removed by Index Recheck": 0,
                    "Filter": "((mi.info)::text = ANY ('{Drama,Horror}'::text[]))",
                    "Rows Removed by Filter": 29
                  }
                ]
              },
              {
                "Node Type": "Index Scan",
                "Parent Relationship": "Inner",
                "Parallel Aware": false,
                "Async Capable": false,
                "Scan Direction": "Forward",
                "Index Name": "idx_company_name_id",
                "Relation Name": "company_name",
                "Schema": "public",
                "Alias": "cn",
                "Startup Cost": 0.42,
                "Total Cost": 0.45,
                "Plan Rows": 1,
                "Plan Width": 23,
                "Actual Startup Time": 0.008,
                "Actual Total Time": 0.008,
                "Actual Rows": 1,
                "Actual Loops": 708,
                "Output": [
                  "cn.id",
                  "cn.name",
                  "cn.country_code",
                  "cn.imdb_id",
                  "cn.name_pcode_nf",
                  "cn.name_pcode_sf",
                  "cn.md5sum"
                ],
                "Index Cond": "(cn.id = mc.company_id)",
                "Rows Removed by Index Recheck": 0,
                "Filter": "((cn.country_code)::text = '[us]'::text)",
                "Rows Removed by Filter": 0
              }
            ]
          }
        ]
      }
    ]
  },
  "Planning Time": 12.756,
  "Triggers": [],
  "Execution Time": 777.215
}