{
  "Plan": {
    "Node Type": "Aggregate",
    "Strategy": "Plain",
    "Partial Mode": "Simple",
    "Parallel Aware": false,
    "Async Capable": false,
    "Startup Cost": 47803.54,
    "Total Cost": 47803.55,
    "Plan Rows": 1,
    "Plan Width": 64,
    "Actual Startup Time": 563.46,
    "Actual Total Time": 563.472,
    "Actual Rows": 1,
    "Actual Loops": 1,
    "Output": [
      "min((kt.kind)::text)",
      "min((t.title)::text)"
    ],
    "Plans": [
      {
        "Node Type": "Nested Loop",
        "Parent Relationship": "Outer",
        "Parallel Aware": false,
        "Async Capable": false,
        "Join Type": "Inner",
        "Startup Cost": 3.63,
        "Total Cost": 47800.47,
        "Plan Rows": 615,
        "Plan Width": 27,
        "Actual Startup Time": 351.285,
        "Actual Total Time": 562.712,
        "Actual Rows": 615,
        "Actual Loops": 1,
        "Output": [
          "kt.kind",
          "t.title"
        ],
        "Inner Unique": true,
        "Plans": [
          {
            "Node Type": "Nested Loop",
            "Parent Relationship": "Outer",
            "Parallel Aware": false,
            "Async Capable": false,
            "Join Type": "Inner",
            "Startup Cost": 3.21,
            "Total Cost": 47531.13,
            "Plan Rows": 615,
            "Plan Width": 31,
            "Actual Startup Time": 351.222,
            "Actual Total Time": 558.663,
            "Actual Rows": 615,
            "Actual Loops": 1,
            "Output": [
              "mk.keyword_id",
              "t.title",
              "kt.kind"
            ],
            "Inner Unique": false,
            "Plans": [
              {
                "Node Type": "Nested Loop",
                "Parent Relationship": "Outer",
                "Parallel Aware": false,
                "Async Capable": false,
                "Join Type": "Inner",
                "Startup Cost": 2.78,
                "Total Cost": 47522.37,
                "Plan Rows": 5,
                "Plan Width": 43,
                "Actual Startup Time": 351.146,
                "Actual Total Time": 557.824,
                "Actual Rows": 5,
                "Actual Loops": 1,
                "Output": [
                  "cc.movie_id",
                  "mc.movie_id",
                  "mi.movie_id",
                  "t.title",
                  "t.id",
                  "kt.kind"
                ],
                "Inner Unique": false,
                "Join Filter": "(it1.id = mi.info_type_id)",
                "Rows Removed by Join Filter": 0,
                "Plans": [
                  {
                    "Node Type": "Seq Scan",
                    "Parent Relationship": "Outer",
                    "Parallel Aware": false,
                    "Async Capable": false,
                    "Relation Name": "info_type",
                    "Schema": "public",
                    "Alias": "it1",
                    "Startup Cost": 0.0,
                    "Total Cost": 2.41,
                    "Plan Rows": 1,
                    "Plan Width": 4,
                    "Actual Startup Time": 0.156,
                    "Actual Total Time": 0.18,
                    "Actual Rows": 1,
                    "Actual Loops": 1,
                    "Output": [
                      "it1.id",
                      "it1.info"
                    ],
                    "Filter": "((it1.info)::text = 'release dates'::text)",
                    "Rows Removed by Filter": 112
                  },
                  {
                    "Node Type": "Nested Loop",
                    "Parent Relationship": "Inner",
                    "Parallel Aware": false,
                    "Async Capable": false,
                    "Join Type": "Inner",
                    "Startup Cost": 2.78,
                    "Total Cost": 47519.89,
                    "Plan Rows": 5,
                    "Plan Width": 47,
                    "Actual Startup Time": 350.985,
                    "Actual Total Time": 557.634,
                    "Actual Rows": 5,
                    "Actual Loops": 1,
                    "Output": [
                      "cc.movie_id",
                      "mc.movie_id",
                      "mi.movie_id",
                      "mi.info_type_id",
                      "t.title",
                      "t.id",
                      "kt.kind"
                    ],
                    "Inner Unique": true,
                    "Join Filter": "(ct.id = mc.company_type_id)",
                    "Rows Removed by Join Filter": 5,
                    "Plans": [
                      {
                        "Node Type": "Nested Loop",
                        "Parent Relationship": "Outer",
                        "Parallel Aware": false,
                        "Async Capable": false,
                        "Join Type": "Inner",
                        "Startup Cost": 2.78,
                        "Total Cost": 47518.58,
                        "Plan Rows": 5,
                        "Plan Width": 51,
                        "Actual Startup Time": 350.958,
                        "Actual Total Time": 557.592,
                        "Actual Rows": 5,
                        "Actual Loops": 1,
                        "Output": [
                          "cc.movie_id",
                          "mc.movie_id",
                          "mc.company_type_id",
                          "mi.movie_id",
                          "mi.info_type_id",
                          "t.title",
                          "t.id",
                          "kt.kind"
                        ],
                        "Inner Unique": true,
                        "Plans": [
                          {
                            "Node Type": "Nested Loop",
                            "Parent Relationship": "Outer",
                            "Parallel Aware": false,
                            "Async Capable": false,
                            "Join Type": "Inner",
                            "Startup Cost": 2.36,
                            "Total Cost": 47515.89,
                            "Plan Rows": 6,
                            "Plan Width": 55,
                            "Actual Startup Time": 350.864,
                            "Actual Total Time": 557.446,
                            "Actual Rows": 6,
                            "Actual Loops": 1,
                            "Output": [
                              "cc.movie_id",
                              "mc.movie_id",
                              "mc.company_id",
                              "mc.company_type_id",
                              "mi.movie_id",
                              "mi.info_type_id",
                              "t.title",
                              "t.id",
                              "kt.kind"
                            ],
                            "Inner Unique": false,
                            "Plans": [
                              {
                                "Node Type": "Nested Loop",
                                "Parent Relationship": "Outer",
                                "Parallel Aware": false,
                                "Async Capable": false,
                                "Join Type": "Inner",
                                "Startup Cost": 1.93,
                                "Total Cost": 47512.72,
                                "Plan Rows": 5,
                                "Plan Width": 43,
                                "Actual Startup Time": 350.81,
                                "Actual Total Time": 557.308,
                                "Actual Rows": 5,
                                "Actual Loops": 1,
                                "Output": [
                                  "cc.movie_id",
                                  "mi.movie_id",
                                  "mi.info_type_id",
                                  "t.title",
                                  "t.id",
                                  "kt.kind"
                                ],
                                "Inner Unique": false,
                                "Plans": [
                                  {
                                    "Node Type": "Nested Loop",
                                    "Parent Relationship": "Outer",
                                    "Parallel Aware": false,
                                    "Async Capable": false,
                                    "Join Type": "Inner",
                                    "Startup Cost": 1.49,
                                    "Total Cost": 45172.66,
                                    "Plan Rows": 1187,
                                    "Plan Width": 35,
                                    "Actual Startup Time": 0.348,
                                    "Actual Total Time": 323.821,
                                    "Actual Rows": 1187,
                                    "Actual Loops": 1,
                                    "Output": [
                                      "cc.movie_id",
                                      "t.title",
                                      "t.id",
                                      "kt.kind"
                                    ],
                                    "Inner Unique": false,
                                    "Join Filter": "(kt.id = t.kind_id)",
                                    "Rows Removed by Join Filter": 1104,
                                    "Plans": [
                                      {
                                        "Node Type": "Seq Scan",
                                        "Parent Relationship": "Outer",
                                        "Parallel Aware": false,
                                        "Async Capable": false,
                                        "Relation Name": "kind_type",
                                        "Schema": "public",
                                        "Alias": "kt",
                                        "Startup Cost": 0.0,
                                        "Total Cost": 1.09,
                                        "Plan Rows": 1,
                                        "Plan Width": 14,
                                        "Actual Startup Time": 0.023,
                                        "Actual Total Time": 0.028,
                                        "Actual Rows": 1,
                                        "Actual Loops": 1,
                                        "Output": [
                                          "kt.id",
                                          "kt.kind"
                                        ],
                                        "Filter": "((kt.kind)::text = 'movie'::text)",
                                        "Rows Removed by Filter": 6
                                      },
                                      {
                                        "Node Type": "Nested Loop",
                                        "Parent Relationship": "Inner",
                                        "Parallel Aware": false,
                                        "Async Capable": false,
                                        "Join Type": "Inner",
                                        "Startup Cost": 1.49,
                                        "Total Cost": 45142.93,
                                        "Plan Rows": 2291,
                                        "Plan Width": 29,
                                        "Actual Startup Time": 0.323,
                                        "Actual Total Time": 322.97,
                                        "Actual Rows": 2291,
                                        "Actual Loops": 1,
                                        "Output": [
                                          "cc.movie_id",
                                          "t.title",
                                          "t.kind_id",
                                          "t.id"
                                        ],
                                        "Inner Unique": true,
                                        "Plans": [
                                          {
                                            "Node Type": "Hash Join",
                                            "Parent Relationship": "Outer",
                                            "Parallel Aware": false,
                                            "Async Capable": false,
                                            "Join Type": "Inner",
                                            "Startup Cost": 1.06,
                                            "Total Cost": 2813.24,
                                            "Plan Rows": 24592,
                                            "Plan Width": 4,
                                            "Actual Startup Time": 0.104,
                                            "Actual Total Time": 75.622,
                                            "Actual Rows": 24592,
                                            "Actual Loops": 1,
                                            "Output": [
                                              "cc.movie_id"
                                            ],
                                            "Inner Unique": true,
                                            "Hash Cond": "(cc.status_id = cct1.id)",
                                            "Plans": [
                                              {
                                                "Node Type": "Seq Scan",
                                                "Parent Relationship": "Outer",
                                                "Parallel Aware": false,
                                                "Async Capable": false,
                                                "Relation Name": "complete_cast",
                                                "Schema": "public",
                                                "Alias": "cc",
                                                "Startup Cost": 0.0,
                                                "Total Cost": 2081.86,
                                                "Plan Rows": 135086,
                                                "Plan Width": 8,
                                                "Actual Startup Time": 0.019,
                                                "Actual Total Time": 24.751,
                                                "Actual Rows": 135086,
                                                "Actual Loops": 1,
                                                "Output": [
                                                  "cc.id",
                                                  "cc.movie_id",
                                                  "cc.subject_id",
                                                  "cc.status_id"
                                                ]
                                              },
                                              {
                                                "Node Type": "Hash",
                                                "Parent Relationship": "Inner",
                                                "Parallel Aware": false,
                                                "Async Capable": false,
                                                "Startup Cost": 1.05,
                                                "Total Cost": 1.05,
                                                "Plan Rows": 1,
                                                "Plan Width": 4,
                                                "Actual Startup Time": 0.049,
                                                "Actual Total Time": 0.051,
                                                "Actual Rows": 1,
                                                "Actual Loops": 1,
                                                "Output": [
                                                  "cct1.id"
                                                ],
                                                "Hash Buckets": 1024,
                                                "Original Hash Buckets": 1024,
                                                "Hash Batches": 1,
                                                "Original Hash Batches": 1,
                                                "Peak Memory Usage": 9,
                                                "Plans": [
                                                  {
                                                    "Node Type": "Seq Scan",
                                                    "Parent Relationship": "Outer",
                                                    "Parallel Aware": false,
                                                    "Async Capable": false,
                                                    "Relation Name": "comp_cast_type",
                                                    "Schema": "public",
                                                    "Alias": "cct1",
                                                    "Startup Cost": 0.0,
                                                    "Total Cost": 1.05,
                                                    "Plan Rows": 1,
                                                    "Plan Width": 4,
                                                    "Actual Startup Time": 0.017,
                                                    "Actual Total Time": 0.019,
                                                    "Actual Rows": 1,
                                                    "Actual Loops": 1,
                                                    "Output": [
                                                      "cct1.id"
                                                    ],
                                                    "Filter": "((cct1.kind)::text = 'complete+verified'::text)",
                                                    "Rows Removed by Filter": 3
                                                  }
                                                ]
                                              }
                                            ]
                                          },
                                          {
                                            "Node Type": "Index Scan",
                                            "Parent Relationship": "Inner",
                                            "Parallel Aware": false,
                                            "Async Capable": false,
                                            "Scan Direction": "Forward",
                                            "Index Name": "idx_title_id",
                                            "Relation Name": "title",
                                            "Schema": "public",
                                            "Alias": "t",
                                            "Startup Cost": 0.43,
                                            "Total Cost": 1.72,
                                            "Plan Rows": 1,
                                            "Plan Width": 25,
                                            "Actual Startup Time": 0.009,
                                            "Actual Total Time": 0.009,
                                            "Actual Rows": 0,
                                            "Actual Loops": 24592,
                                            "Output": [
                                              "t.id",
                                              "t.title",
                                              "t.imdb_index",
                                              "t.kind_id",
                                              "t.production_year",
                                              "t.imdb_id",
                                              "t.phonetic_code",
                                              "t.episode_of_id",
                                              "t.season_nr",
                                              "t.episode_nr",
                                              "t.series_years",
                                              "t.md5sum"
                                            ],
                                            "Index Cond": "(t.id = cc.movie_id)",
                                            "Rows Removed by Index Recheck": 0,
                                            "Filter": "(t.production_year > 1999)",
                                            "Rows Removed by Filter": 1
                                          }
                                        ]
                                      }
                                    ]
                                  },
                                  {
                                    "Node Type": "Index Scan",
                                    "Parent Relationship": "Inner",
                                    "Parallel Aware": false,
                                    "Async Capable": false,
                                    "Scan Direction": "Forward",
                                    "Index Name": "idx_movie_info_movie_id",
                                    "Relation Name": "movie_info",
                                    "Schema": "public",
                                    "Alias": "mi",
                                    "Startup Cost": 0.43,
                                    "Total Cost": 1.96,
                                    "Plan Rows": 1,
                                    "Plan Width": 8,
                                    "Actual Startup Time": 0.195,
                                    "Actual Total Time": 0.195,
                                    "Actual Rows": 0,
                                    "Actual Loops": 1187,
                                    "Output": [
                                      "mi.id",
                                      "mi.movie_id",
                                      "mi.info_type_id",
                                      "mi.info",
                                      "mi.note"
                                    ],
                                    "Index Cond": "(mi.movie_id = t.id)",
                                    "Rows Removed by Index Recheck": 0,
                                    "Filter": "((mi.info IS NOT NULL) AND ((mi.note)::text ~~ '%internet%'::text) AND (((mi.info)::text ~~ 'USA:% 199%'::text) OR ((mi.info)::text ~~ 'USA:% 200%'::text)))",
                                    "Rows Removed by Filter": 202
                                  }
                                ]
                              },
                              {
                                "Node Type": "Index Scan",
                                "Parent Relationship": "Inner",
                                "Parallel Aware": false,
                                "Async Capable": false,
                                "Scan Direction": "Forward",
                                "Index Name": "idx_movie_companies_movie_id",
                                "Relation Name": "movie_companies",
                                "Schema": "public",
                                "Alias": "mc",
                                "Startup Cost": 0.43,
                                "Total Cost": 0.58,
                                "Plan Rows": 5,
                                "Plan Width": 12,
                                "Actual Startup Time": 0.019,
                                "Actual Total Time": 0.023,
                                "Actual Rows": 1,
                                "Actual Loops": 5,
                                "Output": [
                                  "mc.id",
                                  "mc.movie_id",
                                  "mc.company_id",
                                  "mc.company_type_id",
                                  "mc.note"
                                ],
                                "Index Cond": "(mc.movie_id = t.id)",
                                "Rows Removed by Index Recheck": 0
                              }
                            ]
                          },
                          {
                            "Node Type": "Index Scan",
                            "Parent Relationship": "Inner",
                            "Parallel Aware": false,
                            "Async Capable": false,
                            "Scan Direction": "Forward",
                            "Index Name": "company_name_pkey",
                            "Relation Name": "company_name",
                            "Schema": "public",
                            "Alias": "cn",
                            "Startup Cost": 0.42,
                            "Total Cost": 0.45,
                            "Plan Rows": 1,
                            "Plan Width": 4,
                            "Actual Startup Time": 0.021,
                            "Actual Total Time": 0.021,
                            "Actual Rows": 1,
                            "Actual Loops": 6,
                            "Output": [
                              "cn.id",
                              "cn.name",
                              "cn.country_code",
                              "cn.imdb_id",
                              "cn.name_pcode_nf",
                              "cn.name_pcode_sf",
                              "cn.md5sum"
                            ],
                            "Index Cond": "(cn.id = mc.company_id)",
                            "Rows Removed by Index Recheck": 0,
                            "Filter": "(((cn.name_pcode_nf)::text IS NOT NULL) AND ((cn.country_code)::text = '[us]'::text) AND ((cn.name_pcode_nf)::text = (cn.name_pcode_sf)::text))",
                            "Rows Removed by Filter": 0
                          }
                        ]
                      },
                      {
                        "Node Type": "Materialize",
                        "Parent Relationship": "Inner",
                        "Parallel Aware": false,
                        "Async Capable": false,
                        "Startup Cost": 0.0,
                        "Total Cost": 1.06,
                        "Plan Rows": 4,
                        "Plan Width": 4,
                        "Actual Startup Time": 0.005,
                        "Actual Total Time": 0.005,
                        "Actual Rows": 2,
                        "Actual Loops": 5,
                        "Output": [
                          "ct.id"
                        ],
                        "Plans": [
                          {
                            "Node Type": "Seq Scan",
                            "Parent Relationship": "Outer",
                            "Parallel Aware": false,
                            "Async Capable": false,
                            "Relation Name": "company_type",
                            "Schema": "public",
                            "Alias": "ct",
                            "Startup Cost": 0.0,
                            "Total Cost": 1.04,
                            "Plan Rows": 4,
                            "Plan Width": 4,
                            "Actual Startup Time": 0.012,
                            "Actual Total Time": 0.013,
                            "Actual Rows": 2,
                            "Actual Loops": 1,
                            "Output": [
                              "ct.id"
                            ]
                          }
                        ]
                      }
                    ]
                  }
                ]
              },
              {
                "Node Type": "Index Scan",
                "Parent Relationship": "Inner",
                "Parallel Aware": false,
                "Async Capable": false,
                "Scan Direction": "Forward",
                "Index Name": "idx_movie_keyword_movie_id",
                "Relation Name": "movie_keyword",
                "Schema": "public",
                "Alias": "mk",
                "Startup Cost": 0.43,
                "Total Cost": 1.3,
                "Plan Rows": 45,
                "Plan Width": 8,
                "Actual Startup Time": 0.026,
                "Actual Total Time": 0.122,
                "Actual Rows": 123,
                "Actual Loops": 5,
                "Output": [
                  "mk.id",
                  "mk.movie_id",
                  "mk.keyword_id"
                ],
                "Index Cond": "(mk.movie_id = t.id)",
                "Rows Removed by Index Recheck": 0
              }
            ]
          },
          {
            "Node Type": "Index Only Scan",
            "Parent Relationship": "Inner",
            "Parallel Aware": false,
            "Async Capable": false,
            "Scan Direction": "Forward",
            "Index Name": "keyword_pkey",
            "Relation Name": "keyword",
            "Schema": "public",
            "Alias": "k",
            "Startup Cost": 0.42,
            "Total Cost": 0.44,
            "Plan Rows": 1,
            "Plan Width": 4,
            "Actual Startup Time": 0.005,
            "Actual Total Time": 0.005,
            "Actual Rows": 1,
            "Actual Loops": 615,
            "Output": [
              "k.id"
            ],
            "Index Cond": "(k.id = mk.keyword_id)",
            "Rows Removed by Index Recheck": 0,
            "Heap Fetches": 0
          }
        ]
      }
    ]
  },
  "Planning Time": 167.733,
  "Triggers": [],
  "Execution Time": 563.898
}