{
  "Plan": {
    "Node Type": "Aggregate",
    "Strategy": "Plain",
    "Partial Mode": "Simple",
    "Parallel Aware": false,
    "Async Capable": false,
    "Startup Cost": 83721.64,
    "Total Cost": 83721.65,
    "Plan Rows": 1,
    "Plan Width": 96,
    "Actual Startup Time": 960.355,
    "Actual Total Time": 960.36,
    "Actual Rows": 1,
    "Actual Loops": 1,
    "Output": [
      "min((cn.name)::text)",
      "min((miidx.info)::text)",
      "min((t.title)::text)"
    ],
    "Plans": [
      {
        "Node Type": "Nested Loop",
        "Parent Relationship": "Outer",
        "Parallel Aware": false,
        "Async Capable": false,
        "Join Type": "Inner",
        "Startup Cost": 1.71,
        "Total Cost": 83718.85,
        "Plan Rows": 372,
        "Plan Width": 41,
        "Actual Startup Time": 599.125,
        "Actual Total Time": 960.12,
        "Actual Rows": 372,
        "Actual Loops": 1,
        "Output": [
          "cn.name",
          "miidx.info",
          "t.title"
        ],
        "Inner Unique": false,
        "Join Filter": "(it2.id = mi.info_type_id)",
        "Rows Removed by Join Filter": 1750,
        "Plans": [
          {
            "Node Type": "Seq Scan",
            "Parent Relationship": "Outer",
            "Parallel Aware": false,
            "Async Capable": false,
            "Relation Name": "info_type",
            "Schema": "public",
            "Alias": "it2",
            "Startup Cost": 0.0,
            "Total Cost": 2.41,
            "Plan Rows": 1,
            "Plan Width": 4,
            "Actual Startup Time": 0.017,
            "Actual Total Time": 0.033,
            "Actual Rows": 1,
            "Actual Loops": 1,
            "Output": [
              "it2.id",
              "it2.info"
            ],
            "Filter": "((it2.info)::text = 'release dates'::text)",
            "Rows Removed by Filter": 112
          },
          {
            "Node Type": "Nested Loop",
            "Parent Relationship": "Inner",
            "Parallel Aware": false,
            "Async Capable": false,
            "Join Type": "Inner",
            "Startup Cost": 1.71,
            "Total Cost": 83689.91,
            "Plan Rows": 2122,
            "Plan Width": 45,
            "Actual Startup Time": 599.039,
            "Actual Total Time": 959.836,
            "Actual Rows": 2122,
            "Actual Loops": 1,
            "Output": [
              "cn.name",
              "mi.info_type_id",
              "miidx.info",
              "t.title"
            ],
            "Inner Unique": false,
            "Join Filter": "(mi.movie_id = t.id)",
            "Rows Removed by Join Filter": 0,
            "Plans": [
              {
                "Node Type": "Nested Loop",
                "Parent Relationship": "Outer",
                "Parallel Aware": false,
                "Async Capable": false,
                "Join Type": "Inner",
                "Startup Cost": 1.28,
                "Total Cost": 83571.49,
                "Plan Rows": 61,
                "Plan Width": 53,
                "Actual Startup Time": 598.984,
                "Actual Total Time": 954.735,
                "Actual Rows": 61,
                "Actual Loops": 1,
                "Output": [
                  "cn.name",
                  "mc.movie_id",
                  "miidx.info",
                  "miidx.movie_id",
                  "t.title",
                  "t.id"
                ],
                "Inner Unique": true,
                "Plans": [
                  {
                    "Node Type": "Nested Loop",
                    "Parent Relationship": "Outer",
                    "Parallel Aware": false,
                    "Async Capable": false,
                    "Join Type": "Inner",
                    "Startup Cost": 0.86,
                    "Total Cost": 83519.35,
                    "Plan Rows": 117,
                    "Plan Width": 38,
                    "Actual Startup Time": 597.937,
                    "Actual Total Time": 953.057,
                    "Actual Rows": 117,
                    "Actual Loops": 1,
                    "Output": [
                      "mc.movie_id",
                      "mc.company_id",
                      "miidx.info",
                      "miidx.movie_id",
                      "t.title",
                      "t.id"
                    ],
                    "Inner Unique": false,
                    "Join Filter": "(ct.id = mc.company_type_id)",
                    "Rows Removed by Join Filter": 196,
                    "Plans": [
                      {
                        "Node Type": "Seq Scan",
                        "Parent Relationship": "Outer",
                        "Parallel Aware": false,
                        "Async Capable": false,
                        "Relation Name": "company_type",
                        "Schema": "public",
                        "Alias": "ct",
                        "Startup Cost": 0.0,
                        "Total Cost": 1.05,
                        "Plan Rows": 1,
                        "Plan Width": 4,
                        "Actual Startup Time": 0.01,
                        "Actual Total Time": 0.012,
                        "Actual Rows": 1,
                        "Actual Loops": 1,
                        "Output": [
                          "ct.id",
                          "ct.kind"
                        ],
                        "Filter": "((ct.kind)::text = 'production companies'::text)",
                        "Rows Removed by Filter": 3
                      },
                      {
                        "Node Type": "Nested Loop",
                        "Parent Relationship": "Inner",
                        "Parallel Aware": false,
                        "Async Capable": false,
                        "Join Type": "Inner",
                        "Startup Cost": 0.86,
                        "Total Cost": 83514.39,
                        "Plan Rows": 313,
                        "Plan Width": 42,
                        "Actual Startup Time": 597.909,
                        "Actual Total Time": 952.982,
                        "Actual Rows": 313,
                        "Actual Loops": 1,
                        "Output": [
                          "miidx.info",
                          "miidx.movie_id",
                          "mc.movie_id",
                          "mc.company_id",
                          "mc.company_type_id",
                          "t.title",
                          "t.id"
                        ],
                        "Inner Unique": false,
                        "Join Filter": "(mc.movie_id = t.id)",
                        "Rows Removed by Join Filter": 0,
                        "Plans": [
                          {
                            "Node Type": "Nested Loop",
                            "Parent Relationship": "Outer",
                            "Parallel Aware": false,
                            "Async Capable": false,
                            "Join Type": "Inner",
                            "Startup Cost": 0.43,
                            "Total Cost": 83455.95,
                            "Plan Rows": 90,
                            "Plan Width": 30,
                            "Actual Startup Time": 597.846,
                            "Actual Total Time": 951.116,
                            "Actual Rows": 90,
                            "Actual Loops": 1,
                            "Output": [
                              "miidx.info",
                              "miidx.movie_id",
                              "t.title",
                              "t.id"
                            ],
                            "Inner Unique": false,
                            "Join Filter": "(it.id = miidx.info_type_id)",
                            "Rows Removed by Join Filter": 180,
                            "Plans": [
                              {
                                "Node Type": "Seq Scan",
                                "Parent Relationship": "Outer",
                                "Parallel Aware": false,
                                "Async Capable": false,
                                "Relation Name": "info_type",
                                "Schema": "public",
                                "Alias": "it",
                                "Startup Cost": 0.0,
                                "Total Cost": 2.41,
                                "Plan Rows": 1,
                                "Plan Width": 4,
                                "Actual Startup Time": 0.018,
                                "Actual Total Time": 0.022,
                                "Actual Rows": 1,
                                "Actual Loops": 1,
                                "Output": [
                                  "it.id",
                                  "it.info"
                                ],
                                "Filter": "((it.info)::text = 'rating'::text)",
                                "Rows Removed by Filter": 112
                              },
                              {
                                "Node Type": "Nested Loop",
                                "Parent Relationship": "Inner",
                                "Parallel Aware": false,
                                "Async Capable": false,
                                "Join Type": "Inner",
                                "Startup Cost": 0.43,
                                "Total Cost": 83450.16,
                                "Plan Rows": 270,
                                "Plan Width": 34,
                                "Actual Startup Time": 597.824,
                                "Actual Total Time": 951.038,
                                "Actual Rows": 270,
                                "Actual Loops": 1,
                                "Output": [
                                  "t.title",
                                  "t.id",
                                  "miidx.info",
                                  "miidx.movie_id",
                                  "miidx.info_type_id"
                                ],
                                "Inner Unique": false,
                                "Plans": [
                                  {
                                    "Node Type": "Nested Loop",
                                    "Parent Relationship": "Outer",
                                    "Parallel Aware": false,
                                    "Async Capable": false,
                                    "Join Type": "Inner",
                                    "Startup Cost": 0.0,
                                    "Total Cost": 80250.43,
                                    "Plan Rows": 395,
                                    "Plan Width": 21,
                                    "Actual Startup Time": 597.182,
                                    "Actual Total Time": 947.397,
                                    "Actual Rows": 395,
                                    "Actual Loops": 1,
                                    "Output": [
                                      "t.title",
                                      "t.id"
                                    ],
                                    "Inner Unique": false,
                                    "Join Filter": "(kt.id = t.kind_id)",
                                    "Rows Removed by Join Filter": 1823,
                                    "Plans": [
                                      {
                                        "Node Type": "Seq Scan",
                                        "Parent Relationship": "Outer",
                                        "Parallel Aware": false,
                                        "Async Capable": false,
                                        "Relation Name": "kind_type",
                                        "Schema": "public",
                                        "Alias": "kt",
                                        "Startup Cost": 0.0,
                                        "Total Cost": 1.09,
                                        "Plan Rows": 1,
                                        "Plan Width": 4,
                                        "Actual Startup Time": 0.007,
                                        "Actual Total Time": 0.009,
                                        "Actual Rows": 1,
                                        "Actual Loops": 1,
                                        "Output": [
                                          "kt.id",
                                          "kt.kind"
                                        ],
                                        "Filter": "((kt.kind)::text = 'movie'::text)",
                                        "Rows Removed by Filter": 6
                                      },
                                      {
                                        "Node Type": "Seq Scan",
                                        "Parent Relationship": "Inner",
                                        "Parallel Aware": false,
                                        "Async Capable": false,
                                        "Relation Name": "title",
                                        "Schema": "public",
                                        "Alias": "t",
                                        "Startup Cost": 0.0,
                                        "Total Cost": 80243.46,
                                        "Plan Rows": 471,
                                        "Plan Width": 25,
                                        "Actual Startup Time": 0.091,
                                        "Actual Total Time": 946.933,
                                        "Actual Rows": 2218,
                                        "Actual Loops": 1,
                                        "Output": [
                                          "t.id",
                                          "t.title",
                                          "t.imdb_index",
                                          "t.kind_id",
                                          "t.production_year",
                                          "t.imdb_id",
                                          "t.phonetic_code",
                                          "t.episode_of_id",
                                          "t.season_nr",
                                          "t.episode_nr",
                                          "t.series_years",
                                          "t.md5sum"
                                        ],
                                        "Filter": "(((t.title)::text <> ''::text) AND (((t.title)::text ~~ '%Champion%'::text) OR ((t.title)::text ~~ '%Loser%'::text)))",
                                        "Rows Removed by Filter": 2526094
                                      }
                                    ]
                                  },
                                  {
                                    "Node Type": "Index Scan",
                                    "Parent Relationship": "Inner",
                                    "Parallel Aware": false,
                                    "Async Capable": false,
                                    "Scan Direction": "Forward",
                                    "Index Name": "idx_movie_info_idx_movie_id",
                                    "Relation Name": "movie_info_idx",
                                    "Schema": "public",
                                    "Alias": "miidx",
                                    "Startup Cost": 0.43,
                                    "Total Cost": 8.07,
                                    "Plan Rows": 3,
                                    "Plan Width": 13,
                                    "Actual Startup Time": 0.008,
                                    "Actual Total Time": 0.008,
                                    "Actual Rows": 1,
                                    "Actual Loops": 395,
                                    "Output": [
                                      "miidx.id",
                                      "miidx.movie_id",
                                      "miidx.info_type_id",
                                      "miidx.info",
                                      "miidx.note"
                                    ],
                                    "Index Cond": "(miidx.movie_id = t.id)",
                                    "Rows Removed by Index Recheck": 0
                                  }
                                ]
                              }
                            ]
                          },
                          {
                            "Node Type": "Index Scan",
                            "Parent Relationship": "Inner",
                            "Parallel Aware": false,
                            "Async Capable": false,
                            "Scan Direction": "Forward",
                            "Index Name": "idx_movie_companies_movie_id",
                            "Relation Name": "movie_companies",
                            "Schema": "public",
                            "Alias": "mc",
                            "Startup Cost": 0.43,
                            "Total Cost": 0.59,
                            "Plan Rows": 5,
                            "Plan Width": 12,
                            "Actual Startup Time": 0.015,
                            "Actual Total Time": 0.019,
                            "Actual Rows": 3,
                            "Actual Loops": 90,
                            "Output": [
                              "mc.id",
                              "mc.movie_id",
                              "mc.company_id",
                              "mc.company_type_id",
                              "mc.note"
                            ],
                            "Index Cond": "(mc.movie_id = miidx.movie_id)",
                            "Rows Removed by Index Recheck": 0
                          }
                        ]
                      }
                    ]
                  },
                  {
                    "Node Type": "Index Scan",
                    "Parent Relationship": "Inner",
                    "Parallel Aware": false,
                    "Async Capable": false,
                    "Scan Direction": "Forward",
                    "Index Name": "idx_company_name_id",
                    "Relation Name": "company_name",
                    "Schema": "public",
                    "Alias": "cn",
                    "Startup Cost": 0.42,
                    "Total Cost": 0.45,
                    "Plan Rows": 1,
                    "Plan Width": 23,
                    "Actual Startup Time": 0.014,
                    "Actual Total Time": 0.014,
                    "Actual Rows": 1,
                    "Actual Loops": 117,
                    "Output": [
                      "cn.id",
                      "cn.name",
                      "cn.country_code",
                      "cn.imdb_id",
                      "cn.name_pcode_nf",
                      "cn.name_pcode_sf",
                      "cn.md5sum"
                    ],
                    "Index Cond": "(cn.id = mc.company_id)",
                    "Rows Removed by Index Recheck": 0,
                    "Filter": "((cn.country_code)::text = '[us]'::text)",
                    "Rows Removed by Filter": 0
                  }
                ]
              },
              {
                "Node Type": "Index Scan",
                "Parent Relationship": "Inner",
                "Parallel Aware": false,
                "Async Capable": false,
                "Scan Direction": "Forward",
                "Index Name": "idx_movie_info_movie_id",
                "Relation Name": "movie_info",
                "Schema": "public",
                "Alias": "mi",
                "Startup Cost": 0.43,
                "Total Cost": 1.43,
                "Plan Rows": 41,
                "Plan Width": 8,
                "Actual Startup Time": 0.015,
                "Actual Total Time": 0.073,
                "Actual Rows": 35,
                "Actual Loops": 61,
                "Output": [
                  "mi.id",
                  "mi.movie_id",
                  "mi.info_type_id",
                  "mi.info",
                  "mi.note"
                ],
                "Index Cond": "(mi.movie_id = mc.movie_id)",
                "Rows Removed by Index Recheck": 0
              }
            ]
          }
        ]
      }
    ]
  },
  "Planning Time": 17.92,
  "Triggers": [],
  "Execution Time": 960.601
}