{
  "Plan": {
    "Node Type": "Aggregate",
    "Strategy": "Plain",
    "Partial Mode": "Simple",
    "Parallel Aware": false,
    "Async Capable": false,
    "Startup Cost": 27893.21,
    "Total Cost": 27893.22,
    "Plan Rows": 1,
    "Plan Width": 64,
    "Actual Startup Time": 165.434,
    "Actual Total Time": 165.438,
    "Actual Rows": 1,
    "Actual Loops": 1,
    "Output": [
      "min((mi_idx.info)::text)",
      "min((t.title)::text)"
    ],
    "Plans": [
      {
        "Node Type": "Nested Loop",
        "Parent Relationship": "Outer",
        "Parallel Aware": false,
        "Async Capable": false,
        "Join Type": "Inner",
        "Startup Cost": 1.29,
        "Total Cost": 27869.71,
        "Plan Rows": 4700,
        "Plan Width": 22,
        "Actual Startup Time": 1.807,
        "Actual Total Time": 163.259,
        "Actual Rows": 4700,
        "Actual Loops": 1,
        "Output": [
          "mi_idx.info",
          "t.title"
        ],
        "Inner Unique": false,
        "Join Filter": "(it.id = mi_idx.info_type_id)",
        "Rows Removed by Join Filter": 4126,
        "Plans": [
          {
            "Node Type": "Seq Scan",
            "Parent Relationship": "Outer",
            "Parallel Aware": false,
            "Async Capable": false,
            "Relation Name": "info_type",
            "Schema": "public",
            "Alias": "it",
            "Startup Cost": 0.0,
            "Total Cost": 2.41,
            "Plan Rows": 1,
            "Plan Width": 4,
            "Actual Startup Time": 0.025,
            "Actual Total Time": 0.029,
            "Actual Rows": 1,
            "Actual Loops": 1,
            "Output": [
              "it.id",
              "it.info"
            ],
            "Filter": "((it.info)::text = 'rating'::text)",
            "Rows Removed by Filter": 112
          },
          {
            "Node Type": "Nested Loop",
            "Parent Relationship": "Inner",
            "Parallel Aware": false,
            "Async Capable": false,
            "Join Type": "Inner",
            "Startup Cost": 1.29,
            "Total Cost": 27756.97,
            "Plan Rows": 8826,
            "Plan Width": 26,
            "Actual Startup Time": 1.78,
            "Actual Total Time": 161.563,
            "Actual Rows": 8826,
            "Actual Loops": 1,
            "Output": [
              "mi_idx.info",
              "mi_idx.info_type_id",
              "t.title"
            ],
            "Inner Unique": false,
            "Join Filter": "(mi_idx.movie_id = t.id)",
            "Rows Removed by Join Filter": 0,
            "Plans": [
              {
                "Node Type": "Nested Loop",
                "Parent Relationship": "Outer",
                "Parallel Aware": false,
                "Async Capable": false,
                "Join Type": "Inner",
                "Startup Cost": 0.86,
                "Total Cost": 23647.04,
                "Plan Rows": 7874,
                "Plan Width": 25,
                "Actual Startup Time": 1.747,
                "Actual Total Time": 121.732,
                "Actual Rows": 7874,
                "Actual Loops": 1,
                "Output": [
                  "mk.movie_id",
                  "t.title",
                  "t.id"
                ],
                "Inner Unique": true,
                "Plans": [
                  {
                    "Node Type": "Nested Loop",
                    "Parent Relationship": "Outer",
                    "Parallel Aware": false,
                    "Async Capable": false,
                    "Join Type": "Inner",
                    "Startup Cost": 0.43,
                    "Total Cost": 17327.46,
                    "Plan Rows": 12951,
                    "Plan Width": 4,
                    "Actual Startup Time": 1.706,
                    "Actual Total Time": 55.532,
                    "Actual Rows": 12951,
                    "Actual Loops": 1,
                    "Output": [
                      "mk.movie_id"
                    ],
                    "Inner Unique": false,
                    "Plans": [
                      {
                        "Node Type": "Seq Scan",
                        "Parent Relationship": "Outer",
                        "Parallel Aware": false,
                        "Async Capable": false,
                        "Relation Name": "keyword",
                        "Schema": "public",
                        "Alias": "k",
                        "Startup Cost": 0.0,
                        "Total Cost": 2626.12,
                        "Plan Rows": 13,
                        "Plan Width": 4,
                        "Actual Startup Time": 1.637,
                        "Actual Total Time": 27.581,
                        "Actual Rows": 30,
                        "Actual Loops": 1,
                        "Output": [
                          "k.id",
                          "k.keyword",
                          "k.phonetic_code"
                        ],
                        "Filter": "((k.keyword)::text ~~ '%sequel%'::text)",
                        "Rows Removed by Filter": 134140
                      },
                      {
                        "Node Type": "Index Scan",
                        "Parent Relationship": "Inner",
                        "Parallel Aware": false,
                        "Async Capable": false,
                        "Scan Direction": "Forward",
                        "Index Name": "idx_movie_keyword_keyword_id",
                        "Relation Name": "movie_keyword",
                        "Schema": "public",
                        "Alias": "mk",
                        "Startup Cost": 0.43,
                        "Total Cost": 1127.85,
                        "Plan Rows": 302,
                        "Plan Width": 8,
                        "Actual Startup Time": 0.013,
                        "Actual Total Time": 0.848,
                        "Actual Rows": 432,
                        "Actual Loops": 30,
                        "Output": [
                          "mk.id",
                          "mk.movie_id",
                          "mk.keyword_id"
                        ],
                        "Index Cond": "(mk.keyword_id = k.id)",
                        "Rows Removed by Index Recheck": 0
                      }
                    ]
                  },
                  {
                    "Node Type": "Index Scan",
                    "Parent Relationship": "Inner",
                    "Parallel Aware": false,
                    "Async Capable": false,
                    "Scan Direction": "Forward",
                    "Index Name": "idx_title_id",
                    "Relation Name": "title",
                    "Schema": "public",
                    "Alias": "t",
                    "Startup Cost": 0.43,
                    "Total Cost": 0.49,
                    "Plan Rows": 1,
                    "Plan Width": 21,
                    "Actual Startup Time": 0.005,
                    "Actual Total Time": 0.005,
                    "Actual Rows": 1,
                    "Actual Loops": 12951,
                    "Output": [
                      "t.id",
                      "t.title",
                      "t.imdb_index",
                      "t.kind_id",
                      "t.production_year",
                      "t.imdb_id",
                      "t.phonetic_code",
                      "t.episode_of_id",
                      "t.season_nr",
                      "t.episode_nr",
                      "t.series_years",
                      "t.md5sum"
                    ],
                    "Index Cond": "(t.id = mk.movie_id)",
                    "Rows Removed by Index Recheck": 0,
                    "Filter": "(t.production_year > 1990)",
                    "Rows Removed by Filter": 0
                  }
                ]
              },
              {
                "Node Type": "Index Scan",
                "Parent Relationship": "Inner",
                "Parallel Aware": false,
                "Async Capable": false,
                "Scan Direction": "Forward",
                "Index Name": "idx_movie_info_idx_movie_id",
                "Relation Name": "movie_info_idx",
                "Schema": "public",
                "Alias": "mi_idx",
                "Startup Cost": 0.43,
                "Total Cost": 0.5,
                "Plan Rows": 2,
                "Plan Width": 13,
                "Actual Startup Time": 0.004,
                "Actual Total Time": 0.004,
                "Actual Rows": 1,
                "Actual Loops": 7874,
                "Output": [
                  "mi_idx.id",
                  "mi_idx.movie_id",
                  "mi_idx.info_type_id",
                  "mi_idx.info",
                  "mi_idx.note"
                ],
                "Index Cond": "(mi_idx.movie_id = mk.movie_id)",
                "Rows Removed by Index Recheck": 0,
                "Filter": "((mi_idx.info)::text > '2.0'::text)",
                "Rows Removed by Filter": 1
              }
            ]
          }
        ]
      }
    ]
  },
  "Planning Time": 4.971,
  "Triggers": [],
  "Execution Time": 165.569
}