{
  "Plan": {
    "Node Type": "Aggregate",
    "Strategy": "Plain",
    "Partial Mode": "Simple",
    "Parallel Aware": false,
    "Async Capable": false,
    "Startup Cost": 8783.6,
    "Total Cost": 8783.61,
    "Plan Rows": 1,
    "Plan Width": 96,
    "Actual Startup Time": 250.571,
    "Actual Total Time": 250.588,
    "Actual Rows": 1,
    "Actual Loops": 1,
    "Output": [
      "min((cn.name)::text)",
      "min((mi_idx.info)::text)",
      "min((t.title)::text)"
    ],
    "Plans": [
      {
        "Node Type": "Hash Join",
        "Parent Relationship": "Outer",
        "Parallel Aware": false,
        "Async Capable": false,
        "Join Type": "Inner",
        "Startup Cost": 4098.3,
        "Total Cost": 8783.48,
        "Plan Rows": 16,
        "Plan Width": 41,
        "Actual Startup Time": 186.243,
        "Actual Total Time": 250.546,
        "Actual Rows": 16,
        "Actual Loops": 1,
        "Output": [
          "cn.name",
          "mi_idx.info",
          "t.title"
        ],
        "Inner Unique": true,
        "Hash Cond": "(mc.company_type_id = ct.id)",
        "Plans": [
          {
            "Node Type": "Nested Loop",
            "Parent Relationship": "Outer",
            "Parallel Aware": false,
            "Async Capable": false,
            "Join Type": "Inner",
            "Startup Cost": 4097.21,
            "Total Cost": 8782.31,
            "Plan Rows": 16,
            "Plan Width": 45,
            "Actual Startup Time": 186.149,
            "Actual Total Time": 250.433,
            "Actual Rows": 16,
            "Actual Loops": 1,
            "Output": [
              "mc.company_type_id",
              "cn.name",
              "mi_idx.info",
              "t.title"
            ],
            "Inner Unique": true,
            "Plans": [
              {
                "Node Type": "Nested Loop",
                "Parent Relationship": "Outer",
                "Parallel Aware": false,
                "Async Capable": false,
                "Join Type": "Inner",
                "Startup Cost": 4096.79,
                "Total Cost": 8773.64,
                "Plan Rows": 16,
                "Plan Width": 30,
                "Actual Startup Time": 186.107,
                "Actual Total Time": 250.191,
                "Actual Rows": 16,
                "Actual Loops": 1,
                "Output": [
                  "mc.company_type_id",
                  "mc.company_id",
                  "mi_idx.info",
                  "t.title"
                ],
                "Inner Unique": false,
                "Join Filter": "(mc.movie_id = t.id)",
                "Rows Removed by Join Filter": 0,
                "Plans": [
                  {
                    "Node Type": "Nested Loop",
                    "Parent Relationship": "Outer",
                    "Parallel Aware": false,
                    "Async Capable": false,
                    "Join Type": "Inner",
                    "Startup Cost": 4096.36,
                    "Total Cost": 8771.97,
                    "Plan Rows": 3,
                    "Plan Width": 46,
                    "Actual Startup Time": 178.191,
                    "Actual Total Time": 249.943,
                    "Actual Rows": 3,
                    "Actual Loops": 1,
                    "Output": [
                      "cc.movie_id",
                      "mi.movie_id",
                      "mi_idx.info",
                      "mi_idx.movie_id",
                      "mk.movie_id",
                      "t.title",
                      "t.id",
                      "ci.movie_id"
                    ],
                    "Inner Unique": false,
                    "Join Filter": "((t.id = ci.movie_id) AND (cct1.id = ci.nr_order))",
                    "Rows Removed by Join Filter": 57,
                    "Plans": [
                      {
                        "Node Type": "Nested Loop",
                        "Parent Relationship": "Outer",
                        "Parallel Aware": false,
                        "Async Capable": false,
                        "Join Type": "Inner",
                        "Startup Cost": 4095.92,
                        "Total Cost": 8768.11,
                        "Plan Rows": 2,
                        "Plan Width": 54,
                        "Actual Startup Time": 177.913,
                        "Actual Total Time": 248.908,
                        "Actual Rows": 2,
                        "Actual Loops": 1,
                        "Output": [
                          "cc.movie_id",
                          "cc.subject_id",
                          "cct1.id",
                          "mi.movie_id",
                          "mi_idx.info",
                          "mi_idx.movie_id",
                          "mk.movie_id",
                          "t.title",
                          "t.id",
                          "t.episode_nr"
                        ],
                        "Inner Unique": true,
                        "Plans": [
                          {
                            "Node Type": "Nested Loop",
                            "Parent Relationship": "Outer",
                            "Parallel Aware": false,
                            "Async Capable": false,
                            "Join Type": "Inner",
                            "Startup Cost": 4095.79,
                            "Total Cost": 8767.79,
                            "Plan Rows": 2,
                            "Plan Width": 58,
                            "Actual Startup Time": 177.889,
                            "Actual Total Time": 248.877,
                            "Actual Rows": 2,
                            "Actual Loops": 1,
                            "Output": [
                              "cc.movie_id",
                              "cc.subject_id",
                              "cct1.id",
                              "mi.movie_id",
                              "mi_idx.info",
                              "mi_idx.movie_id",
                              "mk.movie_id",
                              "t.title",
                              "t.kind_id",
                              "t.id",
                              "t.episode_nr"
                            ],
                            "Inner Unique": true,
                            "Plans": [
                              {
                                "Node Type": "Nested Loop",
                                "Parent Relationship": "Outer",
                                "Parallel Aware": false,
                                "Async Capable": false,
                                "Join Type": "Inner",
                                "Startup Cost": 4095.37,
                                "Total Cost": 8706.98,
                                "Plan Rows": 137,
                                "Plan Width": 62,
                                "Actual Startup Time": 146.2,
                                "Actual Total Time": 247.339,
                                "Actual Rows": 137,
                                "Actual Loops": 1,
                                "Output": [
                                  "cc.movie_id",
                                  "cc.subject_id",
                                  "cct1.id",
                                  "mi.movie_id",
                                  "mi_idx.info",
                                  "mi_idx.movie_id",
                                  "mk.movie_id",
                                  "mk.keyword_id",
                                  "t.title",
                                  "t.kind_id",
                                  "t.id",
                                  "t.episode_nr"
                                ],
                                "Inner Unique": false,
                                "Plans": [
                                  {
                                    "Node Type": "Hash Join",
                                    "Parent Relationship": "Outer",
                                    "Parallel Aware": false,
                                    "Async Capable": false,
                                    "Join Type": "Inner",
                                    "Startup Cost": 4094.94,
                                    "Total Cost": 8648.05,
                                    "Plan Rows": 33,
                                    "Plan Width": 54,
                                    "Actual Startup Time": 128.73,
                                    "Actual Total Time": 246.48,
                                    "Actual Rows": 33,
                                    "Actual Loops": 1,
                                    "Output": [
                                      "cc.movie_id",
                                      "cc.subject_id",
                                      "cct1.id",
                                      "mi.movie_id",
                                      "mi_idx.info",
                                      "mi_idx.movie_id",
                                      "t.title",
                                      "t.kind_id",
                                      "t.id",
                                      "t.episode_nr"
                                    ],
                                    "Inner Unique": true,
                                    "Hash Cond": "(mi.info_type_id = it1.id)",
                                    "Plans": [
                                      {
                                        "Node Type": "Nested Loop",
                                        "Parent Relationship": "Outer",
                                        "Parallel Aware": false,
                                        "Async Capable": false,
                                        "Join Type": "Inner",
                                        "Startup Cost": 4092.51,
                                        "Total Cost": 8645.43,
                                        "Plan Rows": 70,
                                        "Plan Width": 58,
                                        "Actual Startup Time": 127.248,
                                        "Actual Total Time": 246.327,
                                        "Actual Rows": 70,
                                        "Actual Loops": 1,
                                        "Output": [
                                          "cc.movie_id",
                                          "cc.subject_id",
                                          "cct1.id",
                                          "mi.movie_id",
                                          "mi.info_type_id",
                                          "mi_idx.info",
                                          "mi_idx.movie_id",
                                          "t.title",
                                          "t.kind_id",
                                          "t.id",
                                          "t.episode_nr"
                                        ],
                                        "Inner Unique": false,
                                        "Join Filter": "(mi.movie_id = t.id)",
                                        "Rows Removed by Join Filter": 0,
                                        "Plans": [
                                          {
                                            "Node Type": "Hash Join",
                                            "Parent Relationship": "Outer",
                                            "Parallel Aware": false,
                                            "Async Capable": false,
                                            "Join Type": "Inner",
                                            "Startup Cost": 4092.08,
                                            "Total Cost": 7652.67,
                                            "Plan Rows": 470,
                                            "Plan Width": 50,
                                            "Actual Startup Time": 125.882,
                                            "Actual Total Time": 214.51,
                                            "Actual Rows": 470,
                                            "Actual Loops": 1,
                                            "Output": [
                                              "cc.movie_id",
                                              "cc.subject_id",
                                              "cct1.id",
                                              "mi_idx.info",
                                              "mi_idx.movie_id",
                                              "t.title",
                                              "t.kind_id",
                                              "t.id",
                                              "t.episode_nr"
                                            ],
                                            "Inner Unique": true,
                                            "Hash Cond": "(mi_idx.info_type_id = it2.id)",
                                            "Plans": [
                                              {
                                                "Node Type": "Nested Loop",
                                                "Parent Relationship": "Outer",
                                                "Parallel Aware": false,
                                                "Async Capable": false,
                                                "Join Type": "Inner",
                                                "Startup Cost": 4089.65,
                                                "Total Cost": 7646.39,
                                                "Plan Rows": 1415,
                                                "Plan Width": 54,
                                                "Actual Startup Time": 125.832,
                                                "Actual Total Time": 213.621,
                                                "Actual Rows": 1427,
                                                "Actual Loops": 1,
                                                "Output": [
                                                  "cc.movie_id",
                                                  "cc.subject_id",
                                                  "cct1.id",
                                                  "mi_idx.info",
                                                  "mi_idx.movie_id",
                                                  "mi_idx.info_type_id",
                                                  "t.title",
                                                  "t.kind_id",
                                                  "t.id",
                                                  "t.episode_nr"
                                                ],
                                                "Inner Unique": false,
                                                "Plans": [
                                                  {
                                                    "Node Type": "Hash Join",
                                                    "Parent Relationship": "Outer",
                                                    "Parallel Aware": false,
                                                    "Async Capable": false,
                                                    "Join Type": "Inner",
                                                    "Startup Cost": 4089.23,
                                                    "Total Cost": 7193.22,
                                                    "Plan Rows": 810,
                                                    "Plan Width": 41,
                                                    "Actual Startup Time": 125.756,
                                                    "Actual Total Time": 200.29,
                                                    "Actual Rows": 810,
                                                    "Actual Loops": 1,
                                                    "Output": [
                                                      "cc.movie_id",
                                                      "cc.subject_id",
                                                      "cct1.id",
                                                      "t.title",
                                                      "t.kind_id",
                                                      "t.id",
                                                      "t.episode_nr"
                                                    ],
                                                    "Inner Unique": true,
                                                    "Hash Cond": "(cc.status_id = cct2.id)",
                                                    "Plans": [
                                                      {
                                                        "Node Type": "Hash Join",
                                                        "Parent Relationship": "Outer",
                                                        "Parallel Aware": false,
                                                        "Async Capable": false,
                                                        "Join Type": "Inner",
                                                        "Startup Cost": 4088.16,
                                                        "Total Cost": 7187.45,
                                                        "Plan Rows": 871,
                                                        "Plan Width": 45,
                                                        "Actual Startup Time": 125.721,
                                                        "Actual Total Time": 199.628,
                                                        "Actual Rows": 871,
                                                        "Actual Loops": 1,
                                                        "Output": [
                                                          "cc.movie_id",
                                                          "cc.subject_id",
                                                          "cc.status_id",
                                                          "cct1.id",
                                                          "t.title",
                                                          "t.kind_id",
                                                          "t.id",
                                                          "t.episode_nr"
                                                        ],
                                                        "Inner Unique": false,
                                                        "Hash Cond": "((cc.movie_id = t.id) AND (cc.subject_id = cct1.id))",
                                                        "Plans": [
                                                          {
                                                            "Node Type": "Seq Scan",
                                                            "Parent Relationship": "Outer",
                                                            "Parallel Aware": false,
                                                            "Async Capable": false,
                                                            "Relation Name": "complete_cast",
                                                            "Schema": "public",
                                                            "Alias": "cc",
                                                            "Startup Cost": 0.0,
                                                            "Total Cost": 2081.86,
                                                            "Plan Rows": 135086,
                                                            "Plan Width": 12,
                                                            "Actual Startup Time": 0.043,
                                                            "Actual Total Time": 20.889,
                                                            "Actual Rows": 135086,
                                                            "Actual Loops": 1,
                                                            "Output": [
                                                              "cc.id",
                                                              "cc.movie_id",
                                                              "cc.subject_id",
                                                              "cc.status_id"
                                                            ]
                                                          },
                                                          {
                                                            "Node Type": "Hash",
                                                            "Parent Relationship": "Inner",
                                                            "Parallel Aware": false,
                                                            "Async Capable": false,
                                                            "Startup Cost": 3607.71,
                                                            "Total Cost": 3607.71,
                                                            "Plan Rows": 32030,
                                                            "Plan Width": 33,
                                                            "Actual Startup Time": 125.384,
                                                            "Actual Total Time": 125.388,
                                                            "Actual Rows": 32030,
                                                            "Actual Loops": 1,
                                                            "Output": [
                                                              "cct1.id",
                                                              "t.title",
                                                              "t.kind_id",
                                                              "t.id",
                                                              "t.episode_nr"
                                                            ],
                                                            "Hash Buckets": 32768,
                                                            "Original Hash Buckets": 32768,
                                                            "Hash Batches": 1,
                                                            "Original Hash Batches": 1,
                                                            "Peak Memory Usage": 2300,
                                                            "Plans": [
                                                              {
                                                                "Node Type": "Nested Loop",
                                                                "Parent Relationship": "Outer",
                                                                "Parallel Aware": false,
                                                                "Async Capable": false,
                                                                "Join Type": "Inner",
                                                                "Startup Cost": 0.43,
                                                                "Total Cost": 3607.71,
                                                                "Plan Rows": 32030,
                                                                "Plan Width": 33,
                                                                "Actual Startup Time": 0.101,
                                                                "Actual Total Time": 104.192,
                                                                "Actual Rows": 32030,
                                                                "Actual Loops": 1,
                                                                "Output": [
                                                                  "cct1.id",
                                                                  "t.title",
                                                                  "t.kind_id",
                                                                  "t.id",
                                                                  "t.episode_nr"
                                                                ],
                                                                "Inner Unique": false,
                                                                "Plans": [
                                                                  {
                                                                    "Node Type": "Seq Scan",
                                                                    "Parent Relationship": "Outer",
                                                                    "Parallel Aware": false,
                                                                    "Async Capable": false,
                                                                    "Relation Name": "comp_cast_type",
                                                                    "Schema": "public",
                                                                    "Alias": "cct1",
                                                                    "Startup Cost": 0.0,
                                                                    "Total Cost": 1.05,
                                                                    "Plan Rows": 1,
                                                                    "Plan Width": 4,
                                                                    "Actual Startup Time": 0.006,
                                                                    "Actual Total Time": 0.012,
                                                                    "Actual Rows": 1,
                                                                    "Actual Loops": 1,
                                                                    "Output": [
                                                                      "cct1.id",
                                                                      "cct1.kind"
                                                                    ],
                                                                    "Filter": "((cct1.kind)::text = 'cast'::text)",
                                                                    "Rows Removed by Filter": 3
                                                                  },
                                                                  {
                                                                    "Node Type": "Index Scan",
                                                                    "Parent Relationship": "Inner",
                                                                    "Parallel Aware": false,
                                                                    "Async Capable": false,
                                                                    "Scan Direction": "Forward",
                                                                    "Index Name": "idx_title_episode_nr",
                                                                    "Relation Name": "title",
                                                                    "Schema": "public",
                                                                    "Alias": "t",
                                                                    "Startup Cost": 0.43,
                                                                    "Total Cost": 3603.0,
                                                                    "Plan Rows": 366,
                                                                    "Plan Width": 29,
                                                                    "Actual Startup Time": 0.09,
                                                                    "Actual Total Time": 93.958,
                                                                    "Actual Rows": 32030,
                                                                    "Actual Loops": 1,
                                                                    "Output": [
                                                                      "t.id",
                                                                      "t.title",
                                                                      "t.imdb_index",
                                                                      "t.kind_id",
                                                                      "t.production_year",
                                                                      "t.imdb_id",
                                                                      "t.phonetic_code",
                                                                      "t.episode_of_id",
                                                                      "t.season_nr",
                                                                      "t.episode_nr",
                                                                      "t.series_years",
                                                                      "t.md5sum"
                                                                    ],
                                                                    "Index Cond": "(t.episode_nr = cct1.id)",
                                                                    "Rows Removed by Index Recheck": 0,
                                                                    "Filter": "(t.production_year > 2005)",
                                                                    "Rows Removed by Filter": 38522
                                                                  }
                                                                ]
                                                              }
                                                            ]
                                                          }
                                                        ]
                                                      },
                                                      {
                                                        "Node Type": "Hash",
                                                        "Parent Relationship": "Inner",
                                                        "Parallel Aware": false,
                                                        "Async Capable": false,
                                                        "Startup Cost": 1.05,
                                                        "Total Cost": 1.05,
                                                        "Plan Rows": 1,
                                                        "Plan Width": 4,
                                                        "Actual Startup Time": 0.028,
                                                        "Actual Total Time": 0.029,
                                                        "Actual Rows": 1,
                                                        "Actual Loops": 1,
                                                        "Output": [
                                                          "cct2.id"
                                                        ],
                                                        "Hash Buckets": 1024,
                                                        "Original Hash Buckets": 1024,
                                                        "Hash Batches": 1,
                                                        "Original Hash Batches": 1,
                                                        "Peak Memory Usage": 9,
                                                        "Plans": [
                                                          {
                                                            "Node Type": "Seq Scan",
                                                            "Parent Relationship": "Outer",
                                                            "Parallel Aware": false,
                                                            "Async Capable": false,
                                                            "Relation Name": "comp_cast_type",
                                                            "Schema": "public",
                                                            "Alias": "cct2",
                                                            "Startup Cost": 0.0,
                                                            "Total Cost": 1.05,
                                                            "Plan Rows": 1,
                                                            "Plan Width": 4,
                                                            "Actual Startup Time": 0.025,
                                                            "Actual Total Time": 0.026,
                                                            "Actual Rows": 1,
                                                            "Actual Loops": 1,
                                                            "Output": [
                                                              "cct2.id"
                                                            ],
                                                            "Filter": "((cct2.kind)::text = 'complete'::text)",
                                                            "Rows Removed by Filter": 3
                                                          }
                                                        ]
                                                      }
                                                    ]
                                                  },
                                                  {
                                                    "Node Type": "Index Scan",
                                                    "Parent Relationship": "Inner",
                                                    "Parallel Aware": false,
                                                    "Async Capable": false,
                                                    "Scan Direction": "Forward",
                                                    "Index Name": "idx_movie_info_idx_movie_id",
                                                    "Relation Name": "movie_info_idx",
                                                    "Schema": "public",
                                                    "Alias": "mi_idx",
                                                    "Startup Cost": 0.43,
                                                    "Total Cost": 0.53,
                                                    "Plan Rows": 3,
                                                    "Plan Width": 13,
                                                    "Actual Startup Time": 0.013,
                                                    "Actual Total Time": 0.014,
                                                    "Actual Rows": 2,
                                                    "Actual Loops": 810,
                                                    "Output": [
                                                      "mi_idx.id",
                                                      "mi_idx.movie_id",
                                                      "mi_idx.info_type_id",
                                                      "mi_idx.info",
                                                      "mi_idx.note"
                                                    ],
                                                    "Index Cond": "(mi_idx.movie_id = t.id)",
                                                    "Rows Removed by Index Recheck": 0,
                                                    "Filter": "((mi_idx.info)::text < '8.5'::text)",
                                                    "Rows Removed by Filter": 0
                                                  }
                                                ]
                                              },
                                              {
                                                "Node Type": "Hash",
                                                "Parent Relationship": "Inner",
                                                "Parallel Aware": false,
                                                "Async Capable": false,
                                                "Startup Cost": 2.41,
                                                "Total Cost": 2.41,
                                                "Plan Rows": 1,
                                                "Plan Width": 4,
                                                "Actual Startup Time": 0.039,
                                                "Actual Total Time": 0.039,
                                                "Actual Rows": 1,
                                                "Actual Loops": 1,
                                                "Output": [
                                                  "it2.id"
                                                ],
                                                "Hash Buckets": 1024,
                                                "Original Hash Buckets": 1024,
                                                "Hash Batches": 1,
                                                "Original Hash Batches": 1,
                                                "Peak Memory Usage": 9,
                                                "Plans": [
                                                  {
                                                    "Node Type": "Seq Scan",
                                                    "Parent Relationship": "Outer",
                                                    "Parallel Aware": false,
                                                    "Async Capable": false,
                                                    "Relation Name": "info_type",
                                                    "Schema": "public",
                                                    "Alias": "it2",
                                                    "Startup Cost": 0.0,
                                                    "Total Cost": 2.41,
                                                    "Plan Rows": 1,
                                                    "Plan Width": 4,
                                                    "Actual Startup Time": 0.034,
                                                    "Actual Total Time": 0.037,
                                                    "Actual Rows": 1,
                                                    "Actual Loops": 1,
                                                    "Output": [
                                                      "it2.id"
                                                    ],
                                                    "Filter": "((it2.info)::text = 'rating'::text)",
                                                    "Rows Removed by Filter": 112
                                                  }
                                                ]
                                              }
                                            ]
                                          },
                                          {
                                            "Node Type": "Index Scan",
                                            "Parent Relationship": "Inner",
                                            "Parallel Aware": false,
                                            "Async Capable": false,
                                            "Scan Direction": "Forward",
                                            "Index Name": "idx_movie_info_movie_id",
                                            "Relation Name": "movie_info",
                                            "Schema": "public",
                                            "Alias": "mi",
                                            "Startup Cost": 0.43,
                                            "Total Cost": 2.1,
                                            "Plan Rows": 1,
                                            "Plan Width": 8,
                                            "Actual Startup Time": 0.065,
                                            "Actual Total Time": 0.066,
                                            "Actual Rows": 0,
                                            "Actual Loops": 470,
                                            "Output": [
                                              "mi.id",
                                              "mi.movie_id",
                                              "mi.info_type_id",
                                              "mi.info",
                                              "mi.note"
                                            ],
                                            "Index Cond": "(mi.movie_id = mi_idx.movie_id)",
                                            "Rows Removed by Index Recheck": 0,
                                            "Filter": "((mi.info)::text = ANY ('{Sweden,Norway,Germany,Denmark,Swedish,Danish,Norwegian,German}'::text[]))",
                                            "Rows Removed by Filter": 15
                                          }
                                        ]
                                      },
                                      {
                                        "Node Type": "Hash",
                                        "Parent Relationship": "Inner",
                                        "Parallel Aware": false,
                                        "Async Capable": false,
                                        "Startup Cost": 2.41,
                                        "Total Cost": 2.41,
                                        "Plan Rows": 1,
                                        "Plan Width": 4,
                                        "Actual Startup Time": 0.055,
                                        "Actual Total Time": 0.055,
                                        "Actual Rows": 1,
                                        "Actual Loops": 1,
                                        "Output": [
                                          "it1.id"
                                        ],
                                        "Hash Buckets": 1024,
                                        "Original Hash Buckets": 1024,
                                        "Hash Batches": 1,
                                        "Original Hash Batches": 1,
                                        "Peak Memory Usage": 9,
                                        "Plans": [
                                          {
                                            "Node Type": "Seq Scan",
                                            "Parent Relationship": "Outer",
                                            "Parallel Aware": false,
                                            "Async Capable": false,
                                            "Relation Name": "info_type",
                                            "Schema": "public",
                                            "Alias": "it1",
                                            "Startup Cost": 0.0,
                                            "Total Cost": 2.41,
                                            "Plan Rows": 1,
                                            "Plan Width": 4,
                                            "Actual Startup Time": 0.031,
                                            "Actual Total Time": 0.053,
                                            "Actual Rows": 1,
                                            "Actual Loops": 1,
                                            "Output": [
                                              "it1.id"
                                            ],
                                            "Filter": "((it1.info)::text = 'countries'::text)",
                                            "Rows Removed by Filter": 112
                                          }
                                        ]
                                      }
                                    ]
                                  },
                                  {
                                    "Node Type": "Index Scan",
                                    "Parent Relationship": "Inner",
                                    "Parallel Aware": false,
                                    "Async Capable": false,
                                    "Scan Direction": "Forward",
                                    "Index Name": "idx_movie_keyword_movie_id",
                                    "Relation Name": "movie_keyword",
                                    "Schema": "public",
                                    "Alias": "mk",
                                    "Startup Cost": 0.43,
                                    "Total Cost": 1.34,
                                    "Plan Rows": 45,
                                    "Plan Width": 8,
                                    "Actual Startup Time": 0.021,
                                    "Actual Total Time": 0.023,
                                    "Actual Rows": 4,
                                    "Actual Loops": 33,
                                    "Output": [
                                      "mk.id",
                                      "mk.movie_id",
                                      "mk.keyword_id"
                                    ],
                                    "Index Cond": "(mk.movie_id = t.id)",
                                    "Rows Removed by Index Recheck": 0
                                  }
                                ]
                              },
                              {
                                "Node Type": "Index Scan",
                                "Parent Relationship": "Inner",
                                "Parallel Aware": false,
                                "Async Capable": false,
                                "Scan Direction": "Forward",
                                "Index Name": "keyword_pkey",
                                "Relation Name": "keyword",
                                "Schema": "public",
                                "Alias": "k",
                                "Startup Cost": 0.42,
                                "Total Cost": 0.44,
                                "Plan Rows": 1,
                                "Plan Width": 4,
                                "Actual Startup Time": 0.01,
                                "Actual Total Time": 0.01,
                                "Actual Rows": 0,
                                "Actual Loops": 137,
                                "Output": [
                                  "k.id",
                                  "k.keyword",
                                  "k.phonetic_code"
                                ],
                                "Index Cond": "(k.id = mk.keyword_id)",
                                "Rows Removed by Index Recheck": 0,
                                "Filter": "((k.keyword)::text = ANY ('{murder,murder-in-title,blood,violence}'::text[]))",
                                "Rows Removed by Filter": 1
                              }
                            ]
                          },
                          {
                            "Node Type": "Index Scan",
                            "Parent Relationship": "Inner",
                            "Parallel Aware": false,
                            "Async Capable": false,
                            "Scan Direction": "Forward",
                            "Index Name": "kind_type_pkey",
                            "Relation Name": "kind_type",
                            "Schema": "public",
                            "Alias": "kt",
                            "Startup Cost": 0.13,
                            "Total Cost": 0.15,
                            "Plan Rows": 1,
                            "Plan Width": 4,
                            "Actual Startup Time": 0.012,
                            "Actual Total Time": 0.012,
                            "Actual Rows": 1,
                            "Actual Loops": 2,
                            "Output": [
                              "kt.id",
                              "kt.kind"
                            ],
                            "Index Cond": "(kt.id = t.kind_id)",
                            "Rows Removed by Index Recheck": 0,
                            "Filter": "((kt.kind)::text = ANY ('{movie,episode}'::text[]))",
                            "Rows Removed by Filter": 0
                          }
                        ]
                      },
                      {
                        "Node Type": "Index Scan",
                        "Parent Relationship": "Inner",
                        "Parallel Aware": false,
                        "Async Capable": false,
                        "Scan Direction": "Forward",
                        "Index Name": "idx_cast_info_movie_id",
                        "Relation Name": "cast_info",
                        "Schema": "public",
                        "Alias": "ci",
                        "Startup Cost": 0.44,
                        "Total Cost": 1.36,
                        "Plan Rows": 38,
                        "Plan Width": 8,
                        "Actual Startup Time": 0.054,
                        "Actual Total Time": 0.501,
                        "Actual Rows": 30,
                        "Actual Loops": 2,
                        "Output": [
                          "ci.id",
                          "ci.person_id",
                          "ci.movie_id",
                          "ci.person_role_id",
                          "ci.note",
                          "ci.nr_order",
                          "ci.role_id"
                        ],
                        "Index Cond": "(ci.movie_id = mk.movie_id)",
                        "Rows Removed by Index Recheck": 0
                      }
                    ]
                  },
                  {
                    "Node Type": "Index Scan",
                    "Parent Relationship": "Inner",
                    "Parallel Aware": false,
                    "Async Capable": false,
                    "Scan Direction": "Forward",
                    "Index Name": "idx_movie_companies_movie_id",
                    "Relation Name": "movie_companies",
                    "Schema": "public",
                    "Alias": "mc",
                    "Startup Cost": 0.43,
                    "Total Cost": 0.55,
                    "Plan Rows": 1,
                    "Plan Width": 12,
                    "Actual Startup Time": 0.062,
                    "Actual Total Time": 0.078,
                    "Actual Rows": 5,
                    "Actual Loops": 3,
                    "Output": [
                      "mc.id",
                      "mc.movie_id",
                      "mc.company_id",
                      "mc.company_type_id",
                      "mc.note"
                    ],
                    "Index Cond": "(mc.movie_id = ci.movie_id)",
                    "Rows Removed by Index Recheck": 0,
                    "Filter": "(((mc.note)::text !~~ '%(USA)%'::text) AND ((mc.note)::text ~~ '%(200%)%'::text))",
                    "Rows Removed by Filter": 5
                  }
                ]
              },
              {
                "Node Type": "Index Scan",
                "Parent Relationship": "Inner",
                "Parallel Aware": false,
                "Async Capable": false,
                "Scan Direction": "Forward",
                "Index Name": "company_name_pkey",
                "Relation Name": "company_name",
                "Schema": "public",
                "Alias": "cn",
                "Startup Cost": 0.42,
                "Total Cost": 0.54,
                "Plan Rows": 1,
                "Plan Width": 23,
                "Actual Startup Time": 0.013,
                "Actual Total Time": 0.013,
                "Actual Rows": 1,
                "Actual Loops": 16,
                "Output": [
                  "cn.id",
                  "cn.name",
                  "cn.country_code",
                  "cn.imdb_id",
                  "cn.name_pcode_nf",
                  "cn.name_pcode_sf",
                  "cn.md5sum"
                ],
                "Index Cond": "(cn.id = mc.company_id)",
                "Rows Removed by Index Recheck": 0,
                "Filter": "((cn.country_code)::text <> '[us]'::text)",
                "Rows Removed by Filter": 0
              }
            ]
          },
          {
            "Node Type": "Hash",
            "Parent Relationship": "Inner",
            "Parallel Aware": false,
            "Async Capable": false,
            "Startup Cost": 1.04,
            "Total Cost": 1.04,
            "Plan Rows": 4,
            "Plan Width": 4,
            "Actual Startup Time": 0.082,
            "Actual Total Time": 0.083,
            "Actual Rows": 4,
            "Actual Loops": 1,
            "Output": [
              "ct.id"
            ],
            "Hash Buckets": 1024,
            "Original Hash Buckets": 1024,
            "Hash Batches": 1,
            "Original Hash Batches": 1,
            "Peak Memory Usage": 9,
            "Plans": [
              {
                "Node Type": "Seq Scan",
                "Parent Relationship": "Outer",
                "Parallel Aware": false,
                "Async Capable": false,
                "Relation Name": "company_type",
                "Schema": "public",
                "Alias": "ct",
                "Startup Cost": 0.0,
                "Total Cost": 1.04,
                "Plan Rows": 4,
                "Plan Width": 4,
                "Actual Startup Time": 0.058,
                "Actual Total Time": 0.061,
                "Actual Rows": 4,
                "Actual Loops": 1,
                "Output": [
                  "ct.id"
                ]
              }
            ]
          }
        ]
      }
    ]
  },
  "Planning Time": 41281.517,
  "Triggers": [],
  "Execution Time": 251.917
}