{
  "Plan": {
    "Node Type": "Aggregate",
    "Strategy": "Plain",
    "Partial Mode": "Simple",
    "Parallel Aware": false,
    "Async Capable": false,
    "Startup Cost": 124583.37,
    "Total Cost": 124583.38,
    "Plan Rows": 1,
    "Plan Width": 128,
    "Actual Startup Time": 2929.048,
    "Actual Total Time": 2929.053,
    "Actual Rows": 1,
    "Actual Loops": 1,
    "Output": [
      "min((mi.info)::text)",
      "min((mi_idx.info)::text)",
      "min((n.name)::text)",
      "min((t.title)::text)"
    ],
    "Plans": [
      {
        "Node Type": "Nested Loop",
        "Parent Relationship": "Outer",
        "Parallel Aware": false,
        "Async Capable": false,
        "Join Type": "Inner",
        "Startup Cost": 3.02,
        "Total Cost": 124539.3,
        "Plan Rows": 4407,
        "Plan Width": 79,
        "Actual Startup Time": 81.067,
        "Actual Total Time": 2922.197,
        "Actual Rows": 4407,
        "Actual Loops": 1,
        "Output": [
          "mi.info",
          "mi_idx.info",
          "n.name",
          "t.title"
        ],
        "Inner Unique": true,
        "Join Filter": "(mi.movie_id = t.id)",
        "Rows Removed by Join Filter": 0,
        "Plans": [
          {
            "Node Type": "Nested Loop",
            "Parent Relationship": "Outer",
            "Parallel Aware": false,
            "Async Capable": false,
            "Join Type": "Inner",
            "Startup Cost": 2.58,
            "Total Cost": 122344.79,
            "Plan Rows": 4407,
            "Plan Width": 78,
            "Actual Startup Time": 81.016,
            "Actual Total Time": 2890.111,
            "Actual Rows": 4407,
            "Actual Loops": 1,
            "Output": [
              "ci.movie_id",
              "mi.info",
              "mi.movie_id",
              "mi_idx.info",
              "mi_idx.movie_id",
              "mk.movie_id",
              "n.name"
            ],
            "Inner Unique": false,
            "Join Filter": "(it2.id = mi_idx.info_type_id)",
            "Rows Removed by Join Filter": 8826,
            "Plans": [
              {
                "Node Type": "Seq Scan",
                "Parent Relationship": "Outer",
                "Parallel Aware": false,
                "Async Capable": false,
                "Relation Name": "info_type",
                "Schema": "public",
                "Alias": "it2",
                "Startup Cost": 0.0,
                "Total Cost": 2.41,
                "Plan Rows": 1,
                "Plan Width": 4,
                "Actual Startup Time": 47.158,
                "Actual Total Time": 47.161,
                "Actual Rows": 1,
                "Actual Loops": 1,
                "Output": [
                  "it2.id",
                  "it2.info"
                ],
                "Filter": "((it2.info)::text = 'votes'::text)",
                "Rows Removed by Filter": 112
              },
              {
                "Node Type": "Nested Loop",
                "Parent Relationship": "Inner",
                "Parallel Aware": false,
                "Async Capable": false,
                "Join Type": "Inner",
                "Startup Cost": 2.58,
                "Total Cost": 122176.97,
                "Plan Rows": 13233,
                "Plan Width": 82,
                "Actual Startup Time": 33.847,
                "Actual Total Time": 2840.52,
                "Actual Rows": 13233,
                "Actual Loops": 1,
                "Output": [
                  "ci.movie_id",
                  "mi.info",
                  "mi.movie_id",
                  "mi_idx.info",
                  "mi_idx.movie_id",
                  "mi_idx.info_type_id",
                  "mk.movie_id",
                  "n.name"
                ],
                "Inner Unique": false,
                "Join Filter": "(mi.movie_id = mi_idx.movie_id)",
                "Rows Removed by Join Filter": 0,
                "Plans": [
                  {
                    "Node Type": "Nested Loop",
                    "Parent Relationship": "Outer",
                    "Parallel Aware": false,
                    "Async Capable": false,
                    "Join Type": "Inner",
                    "Startup Cost": 2.16,
                    "Total Cost": 119705.51,
                    "Plan Rows": 4690,
                    "Plan Width": 69,
                    "Actual Startup Time": 33.789,
                    "Actual Total Time": 2801.304,
                    "Actual Rows": 4690,
                    "Actual Loops": 1,
                    "Output": [
                      "ci.movie_id",
                      "mi.info",
                      "mi.movie_id",
                      "mk.movie_id",
                      "n.name"
                    ],
                    "Inner Unique": true,
                    "Plans": [
                      {
                        "Node Type": "Nested Loop",
                        "Parent Relationship": "Outer",
                        "Parallel Aware": false,
                        "Async Capable": false,
                        "Join Type": "Inner",
                        "Startup Cost": 1.73,
                        "Total Cost": 114618.83,
                        "Plan Rows": 7602,
                        "Plan Width": 58,
                        "Actual Startup Time": 7.637,
                        "Actual Total Time": 2725.181,
                        "Actual Rows": 7602,
                        "Actual Loops": 1,
                        "Output": [
                          "ci.movie_id",
                          "ci.person_id",
                          "mi.info",
                          "mi.movie_id",
                          "mk.movie_id"
                        ],
                        "Inner Unique": false,
                        "Join Filter": "(ci.movie_id = mi.movie_id)",
                        "Rows Removed by Join Filter": 0,
                        "Plans": [
                          {
                            "Node Type": "Nested Loop",
                            "Parent Relationship": "Outer",
                            "Parallel Aware": false,
                            "Async Capable": false,
                            "Join Type": "Inner",
                            "Startup Cost": 1.29,
                            "Total Cost": 94584.25,
                            "Plan Rows": 12438,
                            "Plan Width": 50,
                            "Actual Startup Time": 0.405,
                            "Actual Total Time": 1750.422,
                            "Actual Rows": 12438,
                            "Actual Loops": 1,
                            "Output": [
                              "mi.info",
                              "mi.movie_id",
                              "mk.movie_id"
                            ],
                            "Inner Unique": false,
                            "Join Filter": "(it1.id = mi.info_type_id)",
                            "Rows Removed by Join Filter": 871,
                            "Plans": [
                              {
                                "Node Type": "Seq Scan",
                                "Parent Relationship": "Outer",
                                "Parallel Aware": false,
                                "Async Capable": false,
                                "Relation Name": "info_type",
                                "Schema": "public",
                                "Alias": "it1",
                                "Startup Cost": 0.0,
                                "Total Cost": 2.41,
                                "Plan Rows": 1,
                                "Plan Width": 4,
                                "Actual Startup Time": 0.027,
                                "Actual Total Time": 0.041,
                                "Actual Rows": 1,
                                "Actual Loops": 1,
                                "Output": [
                                  "it1.id",
                                  "it1.info"
                                ],
                                "Filter": "((it1.info)::text = 'genres'::text)",
                                "Rows Removed by Filter": 112
                              },
                              {
                                "Node Type": "Nested Loop",
                                "Parent Relationship": "Inner",
                                "Parallel Aware": false,
                                "Async Capable": false,
                                "Join Type": "Inner",
                                "Startup Cost": 1.29,
                                "Total Cost": 94415.47,
                                "Plan Rows": 13309,
                                "Plan Width": 54,
                                "Actual Startup Time": 0.369,
                                "Actual Total Time": 1746.657,
                                "Actual Rows": 13309,
                                "Actual Loops": 1,
                                "Output": [
                                  "mk.movie_id",
                                  "mi.info",
                                  "mi.movie_id",
                                  "mi.info_type_id"
                                ],
                                "Inner Unique": false,
                                "Plans": [
                                  {
                                    "Node Type": "Nested Loop",
                                    "Parent Relationship": "Outer",
                                    "Parallel Aware": false,
                                    "Async Capable": false,
                                    "Join Type": "Inner",
                                    "Startup Cost": 0.85,
                                    "Total Cost": 5964.15,
                                    "Plan Rows": 62096,
                                    "Plan Width": 4,
                                    "Actual Startup Time": 0.192,
                                    "Actual Total Time": 96.392,
                                    "Actual Rows": 62096,
                                    "Actual Loops": 1,
                                    "Output": [
                                      "mk.movie_id"
                                    ],
                                    "Inner Unique": false,
                                    "Plans": [
                                      {
                                        "Node Type": "Index Scan",
                                        "Parent Relationship": "Outer",
                                        "Parallel Aware": false,
                                        "Async Capable": false,
                                        "Scan Direction": "Forward",
                                        "Index Name": "idx_keyword_keyword",
                                        "Relation Name": "keyword",
                                        "Schema": "public",
                                        "Alias": "k",
                                        "Startup Cost": 0.42,
                                        "Total Cost": 42.18,
                                        "Plan Rows": 5,
                                        "Plan Width": 4,
                                        "Actual Startup Time": 0.126,
                                        "Actual Total Time": 0.223,
                                        "Actual Rows": 5,
                                        "Actual Loops": 1,
                                        "Output": [
                                          "k.id",
                                          "k.keyword",
                                          "k.phonetic_code"
                                        ],
                                        "Index Cond": "((k.keyword)::text = ANY ('{murder,blood,gore,death,female-nudity}'::text[]))",
                                        "Rows Removed by Index Recheck": 0
                                      },
                                      {
                                        "Node Type": "Index Scan",
                                        "Parent Relationship": "Inner",
                                        "Parallel Aware": false,
                                        "Async Capable": false,
                                        "Scan Direction": "Forward",
                                        "Index Name": "idx_movie_keyword_keyword_id",
                                        "Relation Name": "movie_keyword",
                                        "Schema": "public",
                                        "Alias": "mk",
                                        "Startup Cost": 0.43,
                                        "Total Cost": 1181.37,
                                        "Plan Rows": 302,
                                        "Plan Width": 8,
                                        "Actual Startup Time": 0.021,
                                        "Actual Total Time": 16.599,
                                        "Actual Rows": 12419,
                                        "Actual Loops": 5,
                                        "Output": [
                                          "mk.id",
                                          "mk.movie_id",
                                          "mk.keyword_id"
                                        ],
                                        "Index Cond": "(mk.keyword_id = k.id)",
                                        "Rows Removed by Index Recheck": 0
                                      }
                                    ]
                                  },
                                  {
                                    "Node Type": "Index Scan",
                                    "Parent Relationship": "Inner",
                                    "Parallel Aware": false,
                                    "Async Capable": false,
                                    "Scan Direction": "Forward",
                                    "Index Name": "idx_movie_info_movie_id",
                                    "Relation Name": "movie_info",
                                    "Schema": "public",
                                    "Alias": "mi",
                                    "Startup Cost": 0.43,
                                    "Total Cost": 1.41,
                                    "Plan Rows": 1,
                                    "Plan Width": 50,
                                    "Actual Startup Time": 0.026,
                                    "Actual Total Time": 0.026,
                                    "Actual Rows": 0,
                                    "Actual Loops": 62096,
                                    "Output": [
                                      "mi.id",
                                      "mi.movie_id",
                                      "mi.info_type_id",
                                      "mi.info",
                                      "mi.note"
                                    ],
                                    "Index Cond": "(mi.movie_id = mk.movie_id)",
                                    "Rows Removed by Index Recheck": 0,
                                    "Filter": "((mi.info)::text = 'Horror'::text)",
                                    "Rows Removed by Filter": 47
                                  }
                                ]
                              }
                            ]
                          },
                          {
                            "Node Type": "Index Scan",
                            "Parent Relationship": "Inner",
                            "Parallel Aware": false,
                            "Async Capable": false,
                            "Scan Direction": "Forward",
                            "Index Name": "idx_cast_info_movie_id",
                            "Relation Name": "cast_info",
                            "Schema": "public",
                            "Alias": "ci",
                            "Startup Cost": 0.44,
                            "Total Cost": 1.6,
                            "Plan Rows": 1,
                            "Plan Width": 8,
                            "Actual Startup Time": 0.064,
                            "Actual Total Time": 0.078,
                            "Actual Rows": 1,
                            "Actual Loops": 12438,
                            "Output": [
                              "ci.id",
                              "ci.person_id",
                              "ci.movie_id",
                              "ci.person_role_id",
                              "ci.note",
                              "ci.nr_order",
                              "ci.role_id"
                            ],
                            "Index Cond": "(ci.movie_id = mk.movie_id)",
                            "Rows Removed by Index Recheck": 0,
                            "Filter": "((ci.note)::text = ANY ('{(writer),\"(head writer)\",\"(written by)\",(story),\"(story editor)\"}'::text[]))",
                            "Rows Removed by Filter": 44
                          }
                        ]
                      },
                      {
                        "Node Type": "Index Scan",
                        "Parent Relationship": "Inner",
                        "Parallel Aware": false,
                        "Async Capable": false,
                        "Scan Direction": "Forward",
                        "Index Name": "idx_name_id",
                        "Relation Name": "name",
                        "Schema": "public",
                        "Alias": "n",
                        "Startup Cost": 0.43,
                        "Total Cost": 0.67,
                        "Plan Rows": 1,
                        "Plan Width": 19,
                        "Actual Startup Time": 0.009,
                        "Actual Total Time": 0.009,
                        "Actual Rows": 1,
                        "Actual Loops": 7602,
                        "Output": [
                          "n.id",
                          "n.name",
                          "n.imdb_index",
                          "n.imdb_id",
                          "n.gender",
                          "n.name_pcode_cf",
                          "n.name_pcode_nf",
                          "n.surname_pcode",
                          "n.md5sum"
                        ],
                        "Index Cond": "(n.id = ci.person_id)",
                        "Rows Removed by Index Recheck": 0,
                        "Filter": "((n.gender)::text = 'm'::text)",
                        "Rows Removed by Filter": 0
                      }
                    ]
                  },
                  {
                    "Node Type": "Index Scan",
                    "Parent Relationship": "Inner",
                    "Parallel Aware": false,
                    "Async Capable": false,
                    "Scan Direction": "Forward",
                    "Index Name": "idx_movie_info_idx_movie_id",
                    "Relation Name": "movie_info_idx",
                    "Schema": "public",
                    "Alias": "mi_idx",
                    "Startup Cost": 0.43,
                    "Total Cost": 0.49,
                    "Plan Rows": 3,
                    "Plan Width": 13,
                    "Actual Startup Time": 0.006,
                    "Actual Total Time": 0.007,
                    "Actual Rows": 3,
                    "Actual Loops": 4690,
                    "Output": [
                      "mi_idx.id",
                      "mi_idx.movie_id",
                      "mi_idx.info_type_id",
                      "mi_idx.info",
                      "mi_idx.note"
                    ],
                    "Index Cond": "(mi_idx.movie_id = mk.movie_id)",
                    "Rows Removed by Index Recheck": 0
                  }
                ]
              }
            ]
          },
          {
            "Node Type": "Index Scan",
            "Parent Relationship": "Inner",
            "Parallel Aware": false,
            "Async Capable": false,
            "Scan Direction": "Forward",
            "Index Name": "idx_title_id",
            "Relation Name": "title",
            "Schema": "public",
            "Alias": "t",
            "Startup Cost": 0.43,
            "Total Cost": 0.49,
            "Plan Rows": 1,
            "Plan Width": 21,
            "Actual Startup Time": 0.006,
            "Actual Total Time": 0.006,
            "Actual Rows": 1,
            "Actual Loops": 4407,
            "Output": [
              "t.id",
              "t.title",
              "t.imdb_index",
              "t.kind_id",
              "t.production_year",
              "t.imdb_id",
              "t.phonetic_code",
              "t.episode_of_id",
              "t.season_nr",
              "t.episode_nr",
              "t.series_years",
              "t.md5sum"
            ],
            "Index Cond": "(t.id = mk.movie_id)",
            "Rows Removed by Index Recheck": 0
          }
        ]
      }
    ]
  },
  "Planning Time": 24.702,
  "Triggers": [],
  "JIT": {
    "Functions": 56,
    "Options": {
      "Inlining": false,
      "Optimization": false,
      "Expressions": true,
      "Deforming": true
    },
    "Timing": {
      "Generation": 3.991,
      "Inlining": 0.0,
      "Optimization": 1.333,
      "Emission": 45.953,
      "Total": 51.276
    }
  },
  "Execution Time": 2960.48
}