{
  "Plan": {
    "Node Type": "Aggregate",
    "Strategy": "Plain",
    "Partial Mode": "Simple",
    "Parallel Aware": false,
    "Async Capable": false,
    "Startup Cost": 10000380978.44,
    "Total Cost": 10000380978.45,
    "Plan Rows": 1,
    "Plan Width": 64,
    "Actual Startup Time": 947.595,
    "Actual Total Time": 947.599,
    "Actual Rows": 1,
    "Actual Loops": 1,
    "Output": [
      "min((an1.name)::text)",
      "min((t.title)::text)"
    ],
    "Plans": [
      {
        "Node Type": "Nested Loop",
        "Parent Relationship": "Outer",
        "Parallel Aware": false,
        "Async Capable": false,
        "Join Type": "Inner",
        "Startup Cost": 10000058180.88,
        "Total Cost": 10000380978.44,
        "Plan Rows": 1,
        "Plan Width": 33,
        "Actual Startup Time": 920.5,
        "Actual Total Time": 947.544,
        "Actual Rows": 62,
        "Actual Loops": 1,
        "Output": [
          "an1.name",
          "t.title"
        ],
        "Inner Unique": true,
        "Join Filter": "(ci.role_id = rt.id)",
        "Rows Removed by Join Filter": 596,
        "Plans": [
          {
            "Node Type": "Nested Loop",
            "Parent Relationship": "Outer",
            "Parallel Aware": false,
            "Async Capable": false,
            "Join Type": "Inner",
            "Startup Cost": 58180.88,
            "Total Cost": 380977.27,
            "Plan Rows": 1,
            "Plan Width": 37,
            "Actual Startup Time": 784.397,
            "Actual Total Time": 946.313,
            "Actual Rows": 658,
            "Actual Loops": 1,
            "Output": [
              "an1.name",
              "ci.role_id",
              "t.title"
            ],
            "Inner Unique": false,
            "Join Filter": "(an1.person_id = n1.id)",
            "Rows Removed by Join Filter": 0,
            "Plans": [
              {
                "Node Type": "Nested Loop",
                "Parent Relationship": "Outer",
                "Parallel Aware": false,
                "Async Capable": false,
                "Join Type": "Inner",
                "Startup Cost": 58180.46,
                "Total Cost": 380976.21,
                "Plan Rows": 1,
                "Plan Width": 29,
                "Actual Startup Time": 784.359,
                "Actual Total Time": 945.511,
                "Actual Rows": 190,
                "Actual Loops": 1,
                "Output": [
                  "ci.person_id",
                  "ci.role_id",
                  "n1.id",
                  "t.title"
                ],
                "Inner Unique": true,
                "Plans": [
                  {
                    "Node Type": "Nested Loop",
                    "Parent Relationship": "Outer",
                    "Parallel Aware": false,
                    "Async Capable": false,
                    "Join Type": "Inner",
                    "Startup Cost": 58180.03,
                    "Total Cost": 380973.94,
                    "Plan Rows": 1,
                    "Plan Width": 20,
                    "Actual Startup Time": 784.312,
                    "Actual Total Time": 943.935,
                    "Actual Rows": 190,
                    "Actual Loops": 1,
                    "Output": [
                      "ci.person_id",
                      "ci.movie_id",
                      "ci.role_id",
                      "mc.movie_id",
                      "n1.id"
                    ],
                    "Inner Unique": true,
                    "Plans": [
                      {
                        "Node Type": "Nested Loop",
                        "Parent Relationship": "Outer",
                        "Parallel Aware": false,
                        "Async Capable": false,
                        "Join Type": "Inner",
                        "Startup Cost": 58179.6,
                        "Total Cost": 380797.07,
                        "Plan Rows": 57,
                        "Plan Width": 16,
                        "Actual Startup Time": 775.623,
                        "Actual Total Time": 883.21,
                        "Actual Rows": 19600,
                        "Actual Loops": 1,
                        "Output": [
                          "ci.person_id",
                          "ci.movie_id",
                          "ci.role_id",
                          "mc.movie_id"
                        ],
                        "Inner Unique": true,
                        "Plans": [
                          {
                            "Node Type": "Hash Join",
                            "Parent Relationship": "Outer",
                            "Parallel Aware": false,
                            "Async Capable": false,
                            "Join Type": "Inner",
                            "Startup Cost": 58179.18,
                            "Total Cost": 378419.52,
                            "Plan Rows": 2043,
                            "Plan Width": 20,
                            "Actual Startup Time": 775.573,
                            "Actual Total Time": 833.105,
                            "Actual Rows": 19849,
                            "Actual Loops": 1,
                            "Output": [
                              "ci.person_id",
                              "ci.movie_id",
                              "ci.role_id",
                              "mc.movie_id",
                              "mc.company_id"
                            ],
                            "Inner Unique": false,
                            "Hash Cond": "(ci.movie_id = mc.movie_id)",
                            "Plans": [
                              {
                                "Node Type": "Index Scan",
                                "Parent Relationship": "Outer",
                                "Parallel Aware": false,
                                "Async Capable": false,
                                "Scan Direction": "Forward",
                                "Index Name": "idx_cast_info_note",
                                "Relation Name": "cast_info",
                                "Schema": "public",
                                "Alias": "ci",
                                "Startup Cost": 0.56,
                                "Total Cost": 319278.13,
                                "Plan Rows": 94235,
                                "Plan Width": 12,
                                "Actual Startup Time": 0.085,
                                "Actual Total Time": 40.776,
                                "Actual Rows": 93095,
                                "Actual Loops": 1,
                                "Output": [
                                  "ci.id",
                                  "ci.person_id",
                                  "ci.movie_id",
                                  "ci.person_role_id",
                                  "ci.note",
                                  "ci.nr_order",
                                  "ci.role_id"
                                ],
                                "Index Cond": "((ci.note)::text = '(voice: English version)'::text)",
                                "Rows Removed by Index Recheck": 0
                              },
                              {
                                "Node Type": "Hash",
                                "Parent Relationship": "Inner",
                                "Parallel Aware": false,
                                "Async Capable": false,
                                "Startup Cost": 57926.93,
                                "Total Cost": 57926.93,
                                "Plan Rows": 20134,
                                "Plan Width": 8,
                                "Actual Startup Time": 775.258,
                                "Actual Total Time": 775.259,
                                "Actual Rows": 48897,
                                "Actual Loops": 1,
                                "Output": [
                                  "mc.movie_id",
                                  "mc.company_id"
                                ],
                                "Hash Buckets": 65536,
                                "Original Hash Buckets": 32768,
                                "Hash Batches": 1,
                                "Original Hash Batches": 1,
                                "Peak Memory Usage": 2423,
                                "Plans": [
                                  {
                                    "Node Type": "Seq Scan",
                                    "Parent Relationship": "Outer",
                                    "Parallel Aware": false,
                                    "Async Capable": false,
                                    "Relation Name": "movie_companies",
                                    "Schema": "public",
                                    "Alias": "mc",
                                    "Startup Cost": 0.0,
                                    "Total Cost": 57926.93,
                                    "Plan Rows": 20134,
                                    "Plan Width": 8,
                                    "Actual Startup Time": 470.631,
                                    "Actual Total Time": 765.976,
                                    "Actual Rows": 48897,
                                    "Actual Loops": 1,
                                    "Output": [
                                      "mc.movie_id",
                                      "mc.company_id"
                                    ],
                                    "Filter": "(((mc.note)::text ~~ '%(Japan)%'::text) AND ((mc.note)::text !~~ '%(USA)%'::text))",
                                    "Rows Removed by Filter": 2560232
                                  }
                                ]
                              }
                            ]
                          },
                          {
                            "Node Type": "Index Scan",
                            "Parent Relationship": "Inner",
                            "Parallel Aware": false,
                            "Async Capable": false,
                            "Scan Direction": "Forward",
                            "Index Name": "idx_company_name_id",
                            "Relation Name": "company_name",
                            "Schema": "public",
                            "Alias": "cn",
                            "Startup Cost": 0.42,
                            "Total Cost": 1.16,
                            "Plan Rows": 1,
                            "Plan Width": 4,
                            "Actual Startup Time": 0.002,
                            "Actual Total Time": 0.002,
                            "Actual Rows": 1,
                            "Actual Loops": 19849,
                            "Output": [
                              "cn.id",
                              "cn.name",
                              "cn.country_code",
                              "cn.imdb_id",
                              "cn.name_pcode_nf",
                              "cn.name_pcode_sf",
                              "cn.md5sum"
                            ],
                            "Index Cond": "(cn.id = mc.company_id)",
                            "Rows Removed by Index Recheck": 0,
                            "Filter": "((cn.country_code)::text = '[jp]'::text)",
                            "Rows Removed by Filter": 0
                          }
                        ]
                      },
                      {
                        "Node Type": "Index Scan",
                        "Parent Relationship": "Inner",
                        "Parallel Aware": false,
                        "Async Capable": false,
                        "Scan Direction": "Forward",
                        "Index Name": "idx_name_id",
                        "Relation Name": "name",
                        "Schema": "public",
                        "Alias": "n1",
                        "Startup Cost": 0.43,
                        "Total Cost": 3.1,
                        "Plan Rows": 1,
                        "Plan Width": 4,
                        "Actual Startup Time": 0.003,
                        "Actual Total Time": 0.003,
                        "Actual Rows": 0,
                        "Actual Loops": 19600,
                        "Output": [
                          "n1.id",
                          "n1.name",
                          "n1.imdb_index",
                          "n1.imdb_id",
                          "n1.gender",
                          "n1.name_pcode_cf",
                          "n1.name_pcode_nf",
                          "n1.surname_pcode",
                          "n1.md5sum"
                        ],
                        "Index Cond": "(n1.id = ci.person_id)",
                        "Rows Removed by Index Recheck": 0,
                        "Filter": "(((n1.name)::text ~~ '%Yo%'::text) AND ((n1.name)::text !~~ '%Yu%'::text))",
                        "Rows Removed by Filter": 1
                      }
                    ]
                  },
                  {
                    "Node Type": "Index Scan",
                    "Parent Relationship": "Inner",
                    "Parallel Aware": false,
                    "Async Capable": false,
                    "Scan Direction": "Forward",
                    "Index Name": "idx_title_id",
                    "Relation Name": "title",
                    "Schema": "public",
                    "Alias": "t",
                    "Startup Cost": 0.43,
                    "Total Cost": 2.27,
                    "Plan Rows": 1,
                    "Plan Width": 21,
                    "Actual Startup Time": 0.008,
                    "Actual Total Time": 0.008,
                    "Actual Rows": 1,
                    "Actual Loops": 190,
                    "Output": [
                      "t.id",
                      "t.title",
                      "t.imdb_index",
                      "t.kind_id",
                      "t.production_year",
                      "t.imdb_id",
                      "t.phonetic_code",
                      "t.episode_of_id",
                      "t.season_nr",
                      "t.episode_nr",
                      "t.series_years",
                      "t.md5sum"
                    ],
                    "Index Cond": "(t.id = ci.movie_id)",
                    "Rows Removed by Index Recheck": 0
                  }
                ]
              },
              {
                "Node Type": "Index Scan",
                "Parent Relationship": "Inner",
                "Parallel Aware": false,
                "Async Capable": false,
                "Scan Direction": "Forward",
                "Index Name": "idx_aka_name_person_id",
                "Relation Name": "aka_name",
                "Schema": "public",
                "Alias": "an1",
                "Startup Cost": 0.42,
                "Total Cost": 1.03,
                "Plan Rows": 2,
                "Plan Width": 20,
                "Actual Startup Time": 0.002,
                "Actual Total Time": 0.003,
                "Actual Rows": 3,
                "Actual Loops": 190,
                "Output": [
                  "an1.id",
                  "an1.person_id",
                  "an1.name",
                  "an1.imdb_index",
                  "an1.name_pcode_cf",
                  "an1.name_pcode_nf",
                  "an1.surname_pcode",
                  "an1.md5sum"
                ],
                "Index Cond": "(an1.person_id = ci.person_id)",
                "Rows Removed by Index Recheck": 0
              }
            ]
          },
          {
            "Node Type": "Seq Scan",
            "Parent Relationship": "Inner",
            "Parallel Aware": false,
            "Async Capable": false,
            "Relation Name": "role_type",
            "Schema": "public",
            "Alias": "rt",
            "Startup Cost": 0.0,
            "Total Cost": 1.15,
            "Plan Rows": 1,
            "Plan Width": 4,
            "Actual Startup Time": 0.0,
            "Actual Total Time": 0.001,
            "Actual Rows": 1,
            "Actual Loops": 658,
            "Output": [
              "rt.id",
              "rt.role"
            ],
            "Filter": "((rt.role)::text = 'actress'::text)",
            "Rows Removed by Filter": 10
          }
        ]
      }
    ]
  },
  "Planning Time": 6.533,
  "Triggers": [],
  "JIT": {
    "Functions": 47,
    "Options": {
      "Inlining": true,
      "Optimization": true,
      "Expressions": true,
      "Deforming": true
    },
    "Timing": {
      "Generation": 2.767,
      "Inlining": 82.162,
      "Optimization": 239.835,
      "Emission": 148.619,
      "Total": 473.383
    }
  },
  "Execution Time": 971.21
}