{
  "Plan": {
    "Node Type": "Aggregate",
    "Strategy": "Plain",
    "Partial Mode": "Simple",
    "Parallel Aware": false,
    "Async Capable": false,
    "Startup Cost": 2837.57,
    "Total Cost": 2837.58,
    "Plan Rows": 1,
    "Plan Width": 192,
    "Actual Startup Time": 57.345,
    "Actual Total Time": 57.351,
    "Actual Rows": 1,
    "Actual Loops": 1,
    "Output": [
      "min((cn1.name)::text)",
      "min((cn2.name)::text)",
      "min((mi_idx1.info)::text)",
      "min((mi_idx2.info)::text)",
      "min((t1.title)::text)",
      "min((t2.title)::text)"
    ],
    "Plans": [
      {
        "Node Type": "Nested Loop",
        "Parent Relationship": "Outer",
        "Parallel Aware": false,
        "Async Capable": false,
        "Join Type": "Inner",
        "Startup Cost": 696.98,
        "Total Cost": 2837.51,
        "Plan Rows": 4,
        "Plan Width": 82,
        "Actual Startup Time": 16.572,
        "Actual Total Time": 57.333,
        "Actual Rows": 4,
        "Actual Loops": 1,
        "Output": [
          "cn1.name",
          "cn2.name",
          "mi_idx1.info",
          "mi_idx2.info",
          "t1.title",
          "t2.title"
        ],
        "Inner Unique": false,
        "Join Filter": "((mi_idx2.movie_id = t2.id) AND (it2.id = mi_idx2.info_type_id))",
        "Rows Removed by Join Filter": 4,
        "Plans": [
          {
            "Node Type": "Nested Loop",
            "Parent Relationship": "Outer",
            "Parallel Aware": false,
            "Async Capable": false,
            "Join Type": "Inner",
            "Startup Cost": 696.55,
            "Total Cost": 2836.99,
            "Plan Rows": 1,
            "Plan Width": 93,
            "Actual Startup Time": 16.548,
            "Actual Total Time": 57.29,
            "Actual Rows": 4,
            "Actual Loops": 1,
            "Output": [
              "cn1.name",
              "mi_idx1.info",
              "it2.id",
              "ml.linked_movie_id",
              "mc2.movie_id",
              "cn2.name",
              "t1.title",
              "t2.title",
              "t2.id"
            ],
            "Inner Unique": true,
            "Plans": [
              {
                "Node Type": "Nested Loop",
                "Parent Relationship": "Outer",
                "Parallel Aware": false,
                "Async Capable": false,
                "Join Type": "Inner",
                "Startup Cost": 696.13,
                "Total Cost": 2836.55,
                "Plan Rows": 1,
                "Plan Width": 78,
                "Actual Startup Time": 16.536,
                "Actual Total Time": 57.21,
                "Actual Rows": 4,
                "Actual Loops": 1,
                "Output": [
                  "cn1.name",
                  "mi_idx1.info",
                  "it2.id",
                  "ml.linked_movie_id",
                  "mc2.company_id",
                  "mc2.movie_id",
                  "t1.title",
                  "t2.title",
                  "t2.id"
                ],
                "Inner Unique": false,
                "Plans": [
                  {
                    "Node Type": "Nested Loop",
                    "Parent Relationship": "Outer",
                    "Parallel Aware": false,
                    "Async Capable": false,
                    "Join Type": "Inner",
                    "Startup Cost": 695.7,
                    "Total Cost": 2835.21,
                    "Plan Rows": 1,
                    "Plan Width": 70,
                    "Actual Startup Time": 16.512,
                    "Actual Total Time": 57.175,
                    "Actual Rows": 1,
                    "Actual Loops": 1,
                    "Output": [
                      "cn1.name",
                      "mi_idx1.info",
                      "it2.id",
                      "ml.linked_movie_id",
                      "t1.title",
                      "t2.title",
                      "t2.id"
                    ],
                    "Inner Unique": true,
                    "Plans": [
                      {
                        "Node Type": "Nested Loop",
                        "Parent Relationship": "Outer",
                        "Parallel Aware": false,
                        "Async Capable": false,
                        "Join Type": "Inner",
                        "Startup Cost": 695.28,
                        "Total Cost": 2834.77,
                        "Plan Rows": 1,
                        "Plan Width": 55,
                        "Actual Startup Time": 13.589,
                        "Actual Total Time": 56.774,
                        "Actual Rows": 27,
                        "Actual Loops": 1,
                        "Output": [
                          "it2.id",
                          "mi_idx1.info",
                          "mc1.company_id",
                          "ml.linked_movie_id",
                          "t1.title",
                          "t2.title",
                          "t2.id"
                        ],
                        "Inner Unique": false,
                        "Plans": [
                          {
                            "Node Type": "Nested Loop",
                            "Parent Relationship": "Outer",
                            "Parallel Aware": false,
                            "Async Capable": false,
                            "Join Type": "Inner",
                            "Startup Cost": 694.85,
                            "Total Cost": 2834.16,
                            "Plan Rows": 1,
                            "Plan Width": 63,
                            "Actual Startup Time": 13.542,
                            "Actual Total Time": 56.499,
                            "Actual Rows": 10,
                            "Actual Loops": 1,
                            "Output": [
                              "it2.id",
                              "mi_idx1.info",
                              "mi_idx1.movie_id",
                              "ml.movie_id",
                              "ml.linked_movie_id",
                              "t1.title",
                              "t1.id",
                              "t2.title",
                              "t2.id"
                            ],
                            "Inner Unique": true,
                            "Plans": [
                              {
                                "Node Type": "Nested Loop",
                                "Parent Relationship": "Outer",
                                "Parallel Aware": false,
                                "Async Capable": false,
                                "Join Type": "Inner",
                                "Startup Cost": 694.72,
                                "Total Cost": 2833.99,
                                "Plan Rows": 1,
                                "Plan Width": 67,
                                "Actual Startup Time": 8.524,
                                "Actual Total Time": 56.412,
                                "Actual Rows": 25,
                                "Actual Loops": 1,
                                "Output": [
                                  "it2.id",
                                  "mi_idx1.info",
                                  "mi_idx1.movie_id",
                                  "ml.movie_id",
                                  "ml.linked_movie_id",
                                  "t1.title",
                                  "t1.id",
                                  "t2.title",
                                  "t2.id",
                                  "t2.kind_id"
                                ],
                                "Inner Unique": true,
                                "Plans": [
                                  {
                                    "Node Type": "Nested Loop",
                                    "Parent Relationship": "Outer",
                                    "Parallel Aware": false,
                                    "Async Capable": false,
                                    "Join Type": "Inner",
                                    "Startup Cost": 694.29,
                                    "Total Cost": 2808.8,
                                    "Plan Rows": 6,
                                    "Plan Width": 42,
                                    "Actual Startup Time": 8.401,
                                    "Actual Total Time": 43.964,
                                    "Actual Rows": 1220,
                                    "Actual Loops": 1,
                                    "Output": [
                                      "it2.id",
                                      "mi_idx1.info",
                                      "mi_idx1.movie_id",
                                      "ml.movie_id",
                                      "ml.linked_movie_id",
                                      "t1.title",
                                      "t1.id"
                                    ],
                                    "Inner Unique": true,
                                    "Join Filter": "(kt1.id = t1.kind_id)",
                                    "Rows Removed by Join Filter": 844,
                                    "Plans": [
                                      {
                                        "Node Type": "Nested Loop",
                                        "Parent Relationship": "Outer",
                                        "Parallel Aware": false,
                                        "Async Capable": false,
                                        "Join Type": "Inner",
                                        "Startup Cost": 694.29,
                                        "Total Cost": 2807.05,
                                        "Plan Rows": 44,
                                        "Plan Width": 46,
                                        "Actual Startup Time": 8.385,
                                        "Actual Total Time": 42.861,
                                        "Actual Rows": 2064,
                                        "Actual Loops": 1,
                                        "Output": [
                                          "it2.id",
                                          "mi_idx1.info",
                                          "mi_idx1.movie_id",
                                          "ml.movie_id",
                                          "ml.linked_movie_id",
                                          "t1.title",
                                          "t1.id",
                                          "t1.kind_id"
                                        ],
                                        "Inner Unique": true,
                                        "Join Filter": "(ml.movie_id = t1.id)",
                                        "Rows Removed by Join Filter": 0,
                                        "Plans": [
                                          {
                                            "Node Type": "Nested Loop",
                                            "Parent Relationship": "Outer",
                                            "Parallel Aware": false,
                                            "Async Capable": false,
                                            "Join Type": "Inner",
                                            "Startup Cost": 693.86,
                                            "Total Cost": 2781.34,
                                            "Plan Rows": 44,
                                            "Plan Width": 21,
                                            "Actual Startup Time": 8.347,
                                            "Actual Total Time": 33.333,
                                            "Actual Rows": 2064,
                                            "Actual Loops": 1,
                                            "Output": [
                                              "it2.id",
                                              "mi_idx1.info",
                                              "mi_idx1.movie_id",
                                              "ml.movie_id",
                                              "ml.linked_movie_id"
                                            ],
                                            "Inner Unique": false,
                                            "Plans": [
                                              {
                                                "Node Type": "Index Scan",
                                                "Parent Relationship": "Outer",
                                                "Parallel Aware": false,
                                                "Async Capable": false,
                                                "Scan Direction": "Forward",
                                                "Index Name": "idx_info_type_id",
                                                "Relation Name": "info_type",
                                                "Schema": "public",
                                                "Alias": "it2",
                                                "Startup Cost": 0.14,
                                                "Total Cost": 14.12,
                                                "Plan Rows": 1,
                                                "Plan Width": 4,
                                                "Actual Startup Time": 0.049,
                                                "Actual Total Time": 0.054,
                                                "Actual Rows": 1,
                                                "Actual Loops": 1,
                                                "Output": [
                                                  "it2.id",
                                                  "it2.info"
                                                ],
                                                "Filter": "((it2.info)::text = 'rating'::text)",
                                                "Rows Removed by Filter": 112
                                              },
                                              {
                                                "Node Type": "Hash Join",
                                                "Parent Relationship": "Inner",
                                                "Parallel Aware": false,
                                                "Async Capable": false,
                                                "Join Type": "Inner",
                                                "Startup Cost": 693.72,
                                                "Total Cost": 2746.58,
                                                "Plan Rows": 2064,
                                                "Plan Width": 17,
                                                "Actual Startup Time": 8.293,
                                                "Actual Total Time": 32.877,
                                                "Actual Rows": 2064,
                                                "Actual Loops": 1,
                                                "Output": [
                                                  "mi_idx1.info",
                                                  "mi_idx1.movie_id",
                                                  "ml.movie_id",
                                                  "ml.linked_movie_id"
                                                ],
                                                "Inner Unique": true,
                                                "Hash Cond": "(mi_idx1.info_type_id = it1.id)",
                                                "Plans": [
                                                  {
                                                    "Node Type": "Merge Join",
                                                    "Parent Relationship": "Outer",
                                                    "Parallel Aware": false,
                                                    "Async Capable": false,
                                                    "Join Type": "Inner",
                                                    "Startup Cost": 691.29,
                                                    "Total Cost": 2727.28,
                                                    "Plan Rows": 6192,
                                                    "Plan Width": 21,
                                                    "Actual Startup Time": 8.227,
                                                    "Actual Total Time": 31.483,
                                                    "Actual Rows": 6192,
                                                    "Actual Loops": 1,
                                                    "Output": [
                                                      "ml.movie_id",
                                                      "ml.linked_movie_id",
                                                      "mi_idx1.info",
                                                      "mi_idx1.info_type_id",
                                                      "mi_idx1.movie_id"
                                                    ],
                                                    "Inner Unique": false,
                                                    "Merge Cond": "(mi_idx1.movie_id = ml.movie_id)",
                                                    "Plans": [
                                                      {
                                                        "Node Type": "Index Scan",
                                                        "Parent Relationship": "Outer",
                                                        "Parallel Aware": false,
                                                        "Async Capable": false,
                                                        "Scan Direction": "Forward",
                                                        "Index Name": "idx_movie_info_idx_movie_id",
                                                        "Relation Name": "movie_info_idx",
                                                        "Schema": "public",
                                                        "Alias": "mi_idx1",
                                                        "Startup Cost": 0.43,
                                                        "Total Cost": 39729.32,
                                                        "Plan Rows": 1380035,
                                                        "Plan Width": 13,
                                                        "Actual Startup Time": 0.052,
                                                        "Actual Total Time": 14.03,
                                                        "Actual Rows": 63901,
                                                        "Actual Loops": 1,
                                                        "Output": [
                                                          "mi_idx1.id",
                                                          "mi_idx1.movie_id",
                                                          "mi_idx1.info_type_id",
                                                          "mi_idx1.info",
                                                          "mi_idx1.note"
                                                        ]
                                                      },
                                                      {
                                                        "Node Type": "Sort",
                                                        "Parent Relationship": "Inner",
                                                        "Parallel Aware": false,
                                                        "Async Capable": false,
                                                        "Startup Cost": 690.86,
                                                        "Total Cost": 696.64,
                                                        "Plan Rows": 2315,
                                                        "Plan Width": 8,
                                                        "Actual Startup Time": 8.138,
                                                        "Actual Total Time": 8.763,
                                                        "Actual Rows": 6443,
                                                        "Actual Loops": 1,
                                                        "Output": [
                                                          "ml.movie_id",
                                                          "ml.linked_movie_id"
                                                        ],
                                                        "Sort Key": [
                                                          "ml.movie_id"
                                                        ],
                                                        "Sort Method": "quicksort",
                                                        "Sort Space Used": 169,
                                                        "Sort Space Type": "Memory",
                                                        "Plans": [
                                                          {
                                                            "Node Type": "Hash Join",
                                                            "Parent Relationship": "Outer",
                                                            "Parallel Aware": false,
                                                            "Async Capable": false,
                                                            "Join Type": "Inner",
                                                            "Startup Cost": 1.24,
                                                            "Total Cost": 561.48,
                                                            "Plan Rows": 2315,
                                                            "Plan Width": 8,
                                                            "Actual Startup Time": 0.072,
                                                            "Actual Total Time": 7.514,
                                                            "Actual Rows": 2315,
                                                            "Actual Loops": 1,
                                                            "Output": [
                                                              "ml.movie_id",
                                                              "ml.linked_movie_id"
                                                            ],
                                                            "Inner Unique": true,
                                                            "Hash Cond": "(ml.link_type_id = lt.id)",
                                                            "Plans": [
                                                              {
                                                                "Node Type": "Seq Scan",
                                                                "Parent Relationship": "Outer",
                                                                "Parallel Aware": false,
                                                                "Async Capable": false,
                                                                "Relation Name": "movie_link",
                                                                "Schema": "public",
                                                                "Alias": "ml",
                                                                "Startup Cost": 0.0,
                                                                "Total Cost": 462.97,
                                                                "Plan Rows": 29997,
                                                                "Plan Width": 12,
                                                                "Actual Startup Time": 0.015,
                                                                "Actual Total Time": 3.237,
                                                                "Actual Rows": 29997,
                                                                "Actual Loops": 1,
                                                                "Output": [
                                                                  "ml.id",
                                                                  "ml.movie_id",
                                                                  "ml.linked_movie_id",
                                                                  "ml.link_type_id"
                                                                ]
                                                              },
                                                              {
                                                                "Node Type": "Hash",
                                                                "Parent Relationship": "Inner",
                                                                "Parallel Aware": false,
                                                                "Async Capable": false,
                                                                "Startup Cost": 1.23,
                                                                "Total Cost": 1.23,
                                                                "Plan Rows": 1,
                                                                "Plan Width": 4,
                                                                "Actual Startup Time": 0.021,
                                                                "Actual Total Time": 0.022,
                                                                "Actual Rows": 2,
                                                                "Actual Loops": 1,
                                                                "Output": [
                                                                  "lt.id"
                                                                ],
                                                                "Hash Buckets": 1024,
                                                                "Original Hash Buckets": 1024,
                                                                "Hash Batches": 1,
                                                                "Original Hash Batches": 1,
                                                                "Peak Memory Usage": 9,
                                                                "Plans": [
                                                                  {
                                                                    "Node Type": "Seq Scan",
                                                                    "Parent Relationship": "Outer",
                                                                    "Parallel Aware": false,
                                                                    "Async Capable": false,
                                                                    "Relation Name": "link_type",
                                                                    "Schema": "public",
                                                                    "Alias": "lt",
                                                                    "Startup Cost": 0.0,
                                                                    "Total Cost": 1.23,
                                                                    "Plan Rows": 1,
                                                                    "Plan Width": 4,
                                                                    "Actual Startup Time": 0.012,
                                                                    "Actual Total Time": 0.016,
                                                                    "Actual Rows": 2,
                                                                    "Actual Loops": 1,
                                                                    "Output": [
                                                                      "lt.id"
                                                                    ],
                                                                    "Filter": "((lt.link)::text ~~ '%follow%'::text)",
                                                                    "Rows Removed by Filter": 16
                                                                  }
                                                                ]
                                                              }
                                                            ]
                                                          }
                                                        ]
                                                      }
                                                    ]
                                                  },
                                                  {
                                                    "Node Type": "Hash",
                                                    "Parent Relationship": "Inner",
                                                    "Parallel Aware": false,
                                                    "Async Capable": false,
                                                    "Startup Cost": 2.41,
                                                    "Total Cost": 2.41,
                                                    "Plan Rows": 1,
                                                    "Plan Width": 4,
                                                    "Actual Startup Time": 0.031,
                                                    "Actual Total Time": 0.031,
                                                    "Actual Rows": 1,
                                                    "Actual Loops": 1,
                                                    "Output": [
                                                      "it1.id"
                                                    ],
                                                    "Hash Buckets": 1024,
                                                    "Original Hash Buckets": 1024,
                                                    "Hash Batches": 1,
                                                    "Original Hash Batches": 1,
                                                    "Peak Memory Usage": 9,
                                                    "Plans": [
                                                      {
                                                        "Node Type": "Seq Scan",
                                                        "Parent Relationship": "Outer",
                                                        "Parallel Aware": false,
                                                        "Async Capable": false,
                                                        "Relation Name": "info_type",
                                                        "Schema": "public",
                                                        "Alias": "it1",
                                                        "Startup Cost": 0.0,
                                                        "Total Cost": 2.41,
                                                        "Plan Rows": 1,
                                                        "Plan Width": 4,
                                                        "Actual Startup Time": 0.02,
                                                        "Actual Total Time": 0.023,
                                                        "Actual Rows": 1,
                                                        "Actual Loops": 1,
                                                        "Output": [
                                                          "it1.id"
                                                        ],
                                                        "Filter": "((it1.info)::text = 'rating'::text)",
                                                        "Rows Removed by Filter": 112
                                                      }
                                                    ]
                                                  }
                                                ]
                                              }
                                            ]
                                          },
                                          {
                                            "Node Type": "Index Scan",
                                            "Parent Relationship": "Inner",
                                            "Parallel Aware": false,
                                            "Async Capable": false,
                                            "Scan Direction": "Forward",
                                            "Index Name": "idx_title_id",
                                            "Relation Name": "title",
                                            "Schema": "public",
                                            "Alias": "t1",
                                            "Startup Cost": 0.43,
                                            "Total Cost": 0.57,
                                            "Plan Rows": 1,
                                            "Plan Width": 25,
                                            "Actual Startup Time": 0.004,
                                            "Actual Total Time": 0.004,
                                            "Actual Rows": 1,
                                            "Actual Loops": 2064,
                                            "Output": [
                                              "t1.id",
                                              "t1.title",
                                              "t1.imdb_index",
                                              "t1.kind_id",
                                              "t1.production_year",
                                              "t1.imdb_id",
                                              "t1.phonetic_code",
                                              "t1.episode_of_id",
                                              "t1.season_nr",
                                              "t1.episode_nr",
                                              "t1.series_years",
                                              "t1.md5sum"
                                            ],
                                            "Index Cond": "(t1.id = mi_idx1.movie_id)",
                                            "Rows Removed by Index Recheck": 0
                                          }
                                        ]
                                      },
                                      {
                                        "Node Type": "Materialize",
                                        "Parent Relationship": "Inner",
                                        "Parallel Aware": false,
                                        "Async Capable": false,
                                        "Startup Cost": 0.0,
                                        "Total Cost": 1.09,
                                        "Plan Rows": 1,
                                        "Plan Width": 4,
                                        "Actual Startup Time": 0.0,
                                        "Actual Total Time": 0.0,
                                        "Actual Rows": 1,
                                        "Actual Loops": 2064,
                                        "Output": [
                                          "kt1.id"
                                        ],
                                        "Plans": [
                                          {
                                            "Node Type": "Seq Scan",
                                            "Parent Relationship": "Outer",
                                            "Parallel Aware": false,
                                            "Async Capable": false,
                                            "Relation Name": "kind_type",
                                            "Schema": "public",
                                            "Alias": "kt1",
                                            "Startup Cost": 0.0,
                                            "Total Cost": 1.09,
                                            "Plan Rows": 1,
                                            "Plan Width": 4,
                                            "Actual Startup Time": 0.01,
                                            "Actual Total Time": 0.012,
                                            "Actual Rows": 1,
                                            "Actual Loops": 1,
                                            "Output": [
                                              "kt1.id"
                                            ],
                                            "Filter": "((kt1.kind)::text = 'tv series'::text)",
                                            "Rows Removed by Filter": 6
                                          }
                                        ]
                                      }
                                    ]
                                  },
                                  {
                                    "Node Type": "Index Scan",
                                    "Parent Relationship": "Inner",
                                    "Parallel Aware": false,
                                    "Async Capable": false,
                                    "Scan Direction": "Forward",
                                    "Index Name": "idx_title_id",
                                    "Relation Name": "title",
                                    "Schema": "public",
                                    "Alias": "t2",
                                    "Startup Cost": 0.43,
                                    "Total Cost": 4.2,
                                    "Plan Rows": 1,
                                    "Plan Width": 25,
                                    "Actual Startup Time": 0.01,
                                    "Actual Total Time": 0.01,
                                    "Actual Rows": 0,
                                    "Actual Loops": 1220,
                                    "Output": [
                                      "t2.id",
                                      "t2.title",
                                      "t2.imdb_index",
                                      "t2.kind_id",
                                      "t2.production_year",
                                      "t2.imdb_id",
                                      "t2.phonetic_code",
                                      "t2.episode_of_id",
                                      "t2.season_nr",
                                      "t2.episode_nr",
                                      "t2.series_years",
                                      "t2.md5sum"
                                    ],
                                    "Index Cond": "(t2.id = ml.linked_movie_id)",
                                    "Rows Removed by Index Recheck": 0,
                                    "Filter": "(t2.production_year = 2007)",
                                    "Rows Removed by Filter": 1
                                  }
                                ]
                              },
                              {
                                "Node Type": "Index Scan",
                                "Parent Relationship": "Inner",
                                "Parallel Aware": false,
                                "Async Capable": false,
                                "Scan Direction": "Forward",
                                "Index Name": "idx_kind_type_id",
                                "Relation Name": "kind_type",
                                "Schema": "public",
                                "Alias": "kt2",
                                "Startup Cost": 0.13,
                                "Total Cost": 0.15,
                                "Plan Rows": 1,
                                "Plan Width": 4,
                                "Actual Startup Time": 0.003,
                                "Actual Total Time": 0.003,
                                "Actual Rows": 0,
                                "Actual Loops": 25,
                                "Output": [
                                  "kt2.id",
                                  "kt2.kind"
                                ],
                                "Index Cond": "(kt2.id = t2.kind_id)",
                                "Rows Removed by Index Recheck": 0,
                                "Filter": "((kt2.kind)::text = 'tv series'::text)",
                                "Rows Removed by Filter": 1
                              }
                            ]
                          },
                          {
                            "Node Type": "Index Scan",
                            "Parent Relationship": "Inner",
                            "Parallel Aware": false,
                            "Async Capable": false,
                            "Scan Direction": "Forward",
                            "Index Name": "idx_movie_companies_movie_id",
                            "Relation Name": "movie_companies",
                            "Schema": "public",
                            "Alias": "mc1",
                            "Startup Cost": 0.43,
                            "Total Cost": 0.56,
                            "Plan Rows": 5,
                            "Plan Width": 8,
                            "Actual Startup Time": 0.02,
                            "Actual Total Time": 0.026,
                            "Actual Rows": 3,
                            "Actual Loops": 10,
                            "Output": [
                              "mc1.id",
                              "mc1.movie_id",
                              "mc1.company_id",
                              "mc1.company_type_id",
                              "mc1.note"
                            ],
                            "Index Cond": "(mc1.movie_id = t1.id)",
                            "Rows Removed by Index Recheck": 0
                          }
                        ]
                      },
                      {
                        "Node Type": "Index Scan",
                        "Parent Relationship": "Inner",
                        "Parallel Aware": false,
                        "Async Capable": false,
                        "Scan Direction": "Forward",
                        "Index Name": "idx_company_name_id",
                        "Relation Name": "company_name",
                        "Schema": "public",
                        "Alias": "cn1",
                        "Startup Cost": 0.42,
                        "Total Cost": 0.45,
                        "Plan Rows": 1,
                        "Plan Width": 23,
                        "Actual Startup Time": 0.014,
                        "Actual Total Time": 0.014,
                        "Actual Rows": 0,
                        "Actual Loops": 27,
                        "Output": [
                          "cn1.id",
                          "cn1.name",
                          "cn1.country_code",
                          "cn1.imdb_id",
                          "cn1.name_pcode_nf",
                          "cn1.name_pcode_sf",
                          "cn1.md5sum"
                        ],
                        "Index Cond": "(cn1.id = mc1.company_id)",
                        "Rows Removed by Index Recheck": 0,
                        "Filter": "((cn1.country_code)::text = '[nl]'::text)",
                        "Rows Removed by Filter": 1
                      }
                    ]
                  },
                  {
                    "Node Type": "Index Scan",
                    "Parent Relationship": "Inner",
                    "Parallel Aware": false,
                    "Async Capable": false,
                    "Scan Direction": "Forward",
                    "Index Name": "idx_movie_companies_movie_id",
                    "Relation Name": "movie_companies",
                    "Schema": "public",
                    "Alias": "mc2",
                    "Startup Cost": 0.43,
                    "Total Cost": 1.29,
                    "Plan Rows": 5,
                    "Plan Width": 8,
                    "Actual Startup Time": 0.023,
                    "Actual Total Time": 0.033,
                    "Actual Rows": 4,
                    "Actual Loops": 1,
                    "Output": [
                      "mc2.id",
                      "mc2.movie_id",
                      "mc2.company_id",
                      "mc2.company_type_id",
                      "mc2.note"
                    ],
                    "Index Cond": "(mc2.movie_id = t2.id)",
                    "Rows Removed by Index Recheck": 0
                  }
                ]
              },
              {
                "Node Type": "Index Scan",
                "Parent Relationship": "Inner",
                "Parallel Aware": false,
                "Async Capable": false,
                "Scan Direction": "Forward",
                "Index Name": "idx_company_name_id",
                "Relation Name": "company_name",
                "Schema": "public",
                "Alias": "cn2",
                "Startup Cost": 0.42,
                "Total Cost": 0.44,
                "Plan Rows": 1,
                "Plan Width": 23,
                "Actual Startup Time": 0.019,
                "Actual Total Time": 0.019,
                "Actual Rows": 1,
                "Actual Loops": 4,
                "Output": [
                  "cn2.id",
                  "cn2.name",
                  "cn2.country_code",
                  "cn2.imdb_id",
                  "cn2.name_pcode_nf",
                  "cn2.name_pcode_sf",
                  "cn2.md5sum"
                ],
                "Index Cond": "(cn2.id = mc2.company_id)",
                "Rows Removed by Index Recheck": 0
              }
            ]
          },
          {
            "Node Type": "Index Scan",
            "Parent Relationship": "Inner",
            "Parallel Aware": false,
            "Async Capable": false,
            "Scan Direction": "Forward",
            "Index Name": "idx_movie_info_idx_movie_id",
            "Relation Name": "movie_info_idx",
            "Schema": "public",
            "Alias": "mi_idx2",
            "Startup Cost": 0.43,
            "Total Cost": 0.5,
            "Plan Rows": 1,
            "Plan Width": 13,
            "Actual Startup Time": 0.008,
            "Actual Total Time": 0.009,
            "Actual Rows": 2,
            "Actual Loops": 4,
            "Output": [
              "mi_idx2.id",
              "mi_idx2.movie_id",
              "mi_idx2.info_type_id",
              "mi_idx2.info",
              "mi_idx2.note"
            ],
            "Index Cond": "(mi_idx2.movie_id = mc2.movie_id)",
            "Rows Removed by Index Recheck": 0,
            "Filter": "((mi_idx2.info)::text < '3.0'::text)",
            "Rows Removed by Filter": 1
          }
        ]
      }
    ]
  },
  "Planning Time": 2840.472,
  "Triggers": [],
  "Execution Time": 57.674
}