{
  "Plan": {
    "Node Type": "Aggregate",
    "Strategy": "Plain",
    "Partial Mode": "Simple",
    "Parallel Aware": false,
    "Async Capable": false,
    "Startup Cost": 53419.61,
    "Total Cost": 53419.62,
    "Plan Rows": 1,
    "Plan Width": 128,
    "Actual Startup Time": 2497.213,
    "Actual Total Time": 2497.223,
    "Actual Rows": 1,
    "Actual Loops": 1,
    "Output": [
      "min((mi.info)::text)",
      "min((mi_idx.info)::text)",
      "min((n.name)::text)",
      "min((t.title)::text)"
    ],
    "Plans": [
      {
        "Node Type": "Hash Join",
        "Parent Relationship": "Outer",
        "Parallel Aware": false,
        "Async Capable": false,
        "Join Type": "Inner",
        "Startup Cost": 3156.81,
        "Total Cost": 53339.37,
        "Plan Rows": 8024,
        "Plan Width": 79,
        "Actual Startup Time": 60.271,
        "Actual Total Time": 2488.295,
        "Actual Rows": 8024,
        "Actual Loops": 1,
        "Output": [
          "mi.info",
          "mi_idx.info",
          "n.name",
          "t.title"
        ],
        "Inner Unique": true,
        "Hash Cond": "(mi.info_type_id = it1.id)",
        "Plans": [
          {
            "Node Type": "Nested Loop",
            "Parent Relationship": "Outer",
            "Parallel Aware": false,
            "Async Capable": false,
            "Join Type": "Inner",
            "Startup Cost": 3154.38,
            "Total Cost": 53308.38,
            "Plan Rows": 10485,
            "Plan Width": 83,
            "Actual Startup Time": 60.2,
            "Actual Total Time": 2483.709,
            "Actual Rows": 10485,
            "Actual Loops": 1,
            "Output": [
              "mi.info",
              "mi.info_type_id",
              "mi_idx.info",
              "n.name",
              "t.title"
            ],
            "Inner Unique": false,
            "Join Filter": "(mi.movie_id = t.id)",
            "Rows Removed by Join Filter": 0,
            "Plans": [
              {
                "Node Type": "Nested Loop",
                "Parent Relationship": "Outer",
                "Parallel Aware": false,
                "Async Capable": false,
                "Join Type": "Inner",
                "Startup Cost": 3153.95,
                "Total Cost": 43880.73,
                "Plan Rows": 5777,
                "Plan Width": 57,
                "Actual Startup Time": 56.057,
                "Actual Total Time": 1826.458,
                "Actual Rows": 5777,
                "Actual Loops": 1,
                "Output": [
                  "cc.movie_id",
                  "ci.movie_id",
                  "mi_idx.info",
                  "mi_idx.movie_id",
                  "mk.movie_id",
                  "n.name",
                  "t.title",
                  "t.id"
                ],
                "Inner Unique": true,
                "Join Filter": "(mi_idx.movie_id = t.id)",
                "Rows Removed by Join Filter": 0,
                "Plans": [
                  {
                    "Node Type": "Hash Join",
                    "Parent Relationship": "Outer",
                    "Parallel Aware": false,
                    "Async Capable": false,
                    "Join Type": "Inner",
                    "Startup Cost": 3153.52,
                    "Total Cost": 41004.01,
                    "Plan Rows": 5777,
                    "Plan Width": 36,
                    "Actual Startup Time": 56.004,
                    "Actual Total Time": 1784.233,
                    "Actual Rows": 5777,
                    "Actual Loops": 1,
                    "Output": [
                      "cc.movie_id",
                      "ci.movie_id",
                      "mi_idx.info",
                      "mi_idx.movie_id",
                      "mk.movie_id",
                      "n.name"
                    ],
                    "Inner Unique": true,
                    "Hash Cond": "(mi_idx.info_type_id = it2.id)",
                    "Plans": [
                      {
                        "Node Type": "Nested Loop",
                        "Parent Relationship": "Outer",
                        "Parallel Aware": false,
                        "Async Capable": false,
                        "Join Type": "Inner",
                        "Startup Cost": 3151.09,
                        "Total Cost": 40953.63,
                        "Plan Rows": 17610,
                        "Plan Width": 40,
                        "Actual Startup Time": 55.954,
                        "Actual Total Time": 1777.705,
                        "Actual Rows": 17610,
                        "Actual Loops": 1,
                        "Output": [
                          "cc.movie_id",
                          "ci.movie_id",
                          "mi_idx.info",
                          "mi_idx.movie_id",
                          "mi_idx.info_type_id",
                          "mk.movie_id",
                          "n.name"
                        ],
                        "Inner Unique": false,
                        "Join Filter": "(ci.movie_id = mi_idx.movie_id)",
                        "Rows Removed by Join Filter": 0,
                        "Plans": [
                          {
                            "Node Type": "Nested Loop",
                            "Parent Relationship": "Outer",
                            "Parallel Aware": false,
                            "Async Capable": false,
                            "Join Type": "Inner",
                            "Startup Cost": 3150.67,
                            "Total Cost": 37907.26,
                            "Plan Rows": 5781,
                            "Plan Width": 27,
                            "Actual Startup Time": 55.896,
                            "Actual Total Time": 1729.893,
                            "Actual Rows": 5781,
                            "Actual Loops": 1,
                            "Output": [
                              "cc.movie_id",
                              "ci.movie_id",
                              "mk.movie_id",
                              "n.name"
                            ],
                            "Inner Unique": true,
                            "Plans": [
                              {
                                "Node Type": "Nested Loop",
                                "Parent Relationship": "Outer",
                                "Parallel Aware": false,
                                "Async Capable": false,
                                "Join Type": "Inner",
                                "Startup Cost": 3150.24,
                                "Total Cost": 31965.43,
                                "Plan Rows": 8880,
                                "Plan Width": 16,
                                "Actual Startup Time": 50.944,
                                "Actual Total Time": 1645.982,
                                "Actual Rows": 8880,
                                "Actual Loops": 1,
                                "Output": [
                                  "cc.movie_id",
                                  "ci.movie_id",
                                  "ci.person_id",
                                  "mk.movie_id"
                                ],
                                "Inner Unique": false,
                                "Plans": [
                                  {
                                    "Node Type": "Hash Join",
                                    "Parent Relationship": "Outer",
                                    "Parallel Aware": false,
                                    "Async Capable": false,
                                    "Join Type": "Inner",
                                    "Startup Cost": 3149.8,
                                    "Total Cost": 11828.46,
                                    "Plan Rows": 12521,
                                    "Plan Width": 8,
                                    "Actual Startup Time": 49.753,
                                    "Actual Total Time": 184.369,
                                    "Actual Rows": 12521,
                                    "Actual Loops": 1,
                                    "Output": [
                                      "cc.movie_id",
                                      "mk.movie_id"
                                    ],
                                    "Inner Unique": false,
                                    "Hash Cond": "(mk.movie_id = cc.movie_id)",
                                    "Plans": [
                                      {
                                        "Node Type": "Nested Loop",
                                        "Parent Relationship": "Outer",
                                        "Parallel Aware": false,
                                        "Async Capable": false,
                                        "Join Type": "Inner",
                                        "Startup Cost": 0.85,
                                        "Total Cost": 8253.84,
                                        "Plan Rows": 76714,
                                        "Plan Width": 4,
                                        "Actual Startup Time": 0.178,
                                        "Actual Total Time": 110.101,
                                        "Actual Rows": 76714,
                                        "Actual Loops": 1,
                                        "Output": [
                                          "mk.movie_id"
                                        ],
                                        "Inner Unique": false,
                                        "Plans": [
                                          {
                                            "Node Type": "Index Scan",
                                            "Parent Relationship": "Outer",
                                            "Parallel Aware": false,
                                            "Async Capable": false,
                                            "Scan Direction": "Forward",
                                            "Index Name": "idx_keyword_keyword",
                                            "Relation Name": "keyword",
                                            "Schema": "public",
                                            "Alias": "k",
                                            "Startup Cost": 0.42,
                                            "Total Cost": 59.05,
                                            "Plan Rows": 7,
                                            "Plan Width": 4,
                                            "Actual Startup Time": 0.126,
                                            "Actual Total Time": 0.243,
                                            "Actual Rows": 7,
                                            "Actual Loops": 1,
                                            "Output": [
                                              "k.id",
                                              "k.keyword",
                                              "k.phonetic_code"
                                            ],
                                            "Index Cond": "((k.keyword)::text = ANY ('{murder,violence,blood,gore,death,female-nudity,hospital}'::text[]))",
                                            "Rows Removed by Index Recheck": 0
                                          },
                                          {
                                            "Node Type": "Index Scan",
                                            "Parent Relationship": "Inner",
                                            "Parallel Aware": false,
                                            "Async Capable": false,
                                            "Scan Direction": "Forward",
                                            "Index Name": "idx_movie_keyword_keyword_id",
                                            "Relation Name": "movie_keyword",
                                            "Schema": "public",
                                            "Alias": "mk",
                                            "Startup Cost": 0.43,
                                            "Total Cost": 1167.66,
                                            "Plan Rows": 302,
                                            "Plan Width": 8,
                                            "Actual Startup Time": 0.018,
                                            "Actual Total Time": 13.692,
                                            "Actual Rows": 10959,
                                            "Actual Loops": 7,
                                            "Output": [
                                              "mk.id",
                                              "mk.movie_id",
                                              "mk.keyword_id"
                                            ],
                                            "Index Cond": "(mk.keyword_id = k.id)",
                                            "Rows Removed by Index Recheck": 0
                                          }
                                        ]
                                      },
                                      {
                                        "Node Type": "Hash",
                                        "Parent Relationship": "Inner",
                                        "Parallel Aware": false,
                                        "Async Capable": false,
                                        "Startup Cost": 2925.46,
                                        "Total Cost": 2925.46,
                                        "Plan Rows": 17879,
                                        "Plan Width": 4,
                                        "Actual Startup Time": 49.094,
                                        "Actual Total Time": 49.098,
                                        "Actual Rows": 17879,
                                        "Actual Loops": 1,
                                        "Output": [
                                          "cc.movie_id"
                                        ],
                                        "Hash Buckets": 32768,
                                        "Original Hash Buckets": 32768,
                                        "Hash Batches": 1,
                                        "Original Hash Batches": 1,
                                        "Peak Memory Usage": 885,
                                        "Plans": [
                                          {
                                            "Node Type": "Hash Join",
                                            "Parent Relationship": "Outer",
                                            "Parallel Aware": false,
                                            "Async Capable": false,
                                            "Join Type": "Inner",
                                            "Startup Cost": 1.36,
                                            "Total Cost": 2925.46,
                                            "Plan Rows": 17879,
                                            "Plan Width": 4,
                                            "Actual Startup Time": 0.122,
                                            "Actual Total Time": 45.515,
                                            "Actual Rows": 17879,
                                            "Actual Loops": 1,
                                            "Output": [
                                              "cc.movie_id"
                                            ],
                                            "Inner Unique": true,
                                            "Hash Cond": "(cc.status_id = cct2.id)",
                                            "Plans": [
                                              {
                                                "Node Type": "Nested Loop",
                                                "Parent Relationship": "Outer",
                                                "Parallel Aware": false,
                                                "Async Capable": false,
                                                "Join Type": "Inner",
                                                "Startup Cost": 0.29,
                                                "Total Cost": 2459.78,
                                                "Plan Rows": 85941,
                                                "Plan Width": 8,
                                                "Actual Startup Time": 0.085,
                                                "Actual Total Time": 35.054,
                                                "Actual Rows": 85941,
                                                "Actual Loops": 1,
                                                "Output": [
                                                  "cc.movie_id",
                                                  "cc.status_id"
                                                ],
                                                "Inner Unique": false,
                                                "Plans": [
                                                  {
                                                    "Node Type": "Seq Scan",
                                                    "Parent Relationship": "Outer",
                                                    "Parallel Aware": false,
                                                    "Async Capable": false,
                                                    "Relation Name": "comp_cast_type",
                                                    "Schema": "public",
                                                    "Alias": "cct1",
                                                    "Startup Cost": 0.0,
                                                    "Total Cost": 1.05,
                                                    "Plan Rows": 1,
                                                    "Plan Width": 4,
                                                    "Actual Startup Time": 0.014,
                                                    "Actual Total Time": 0.015,
                                                    "Actual Rows": 1,
                                                    "Actual Loops": 1,
                                                    "Output": [
                                                      "cct1.id",
                                                      "cct1.kind"
                                                    ],
                                                    "Filter": "((cct1.kind)::text = 'cast'::text)",
                                                    "Rows Removed by Filter": 3
                                                  },
                                                  {
                                                    "Node Type": "Index Scan",
                                                    "Parent Relationship": "Inner",
                                                    "Parallel Aware": false,
                                                    "Async Capable": false,
                                                    "Scan Direction": "Forward",
                                                    "Index Name": "idx_complete_cast_subject_id",
                                                    "Relation Name": "complete_cast",
                                                    "Schema": "public",
                                                    "Alias": "cc",
                                                    "Startup Cost": 0.29,
                                                    "Total Cost": 1783.3,
                                                    "Plan Rows": 67543,
                                                    "Plan Width": 12,
                                                    "Actual Startup Time": 0.069,
                                                    "Actual Total Time": 20.537,
                                                    "Actual Rows": 85941,
                                                    "Actual Loops": 1,
                                                    "Output": [
                                                      "cc.id",
                                                      "cc.movie_id",
                                                      "cc.subject_id",
                                                      "cc.status_id"
                                                    ],
                                                    "Index Cond": "(cc.subject_id = cct1.id)",
                                                    "Rows Removed by Index Recheck": 0
                                                  }
                                                ]
                                              },
                                              {
                                                "Node Type": "Hash",
                                                "Parent Relationship": "Inner",
                                                "Parallel Aware": false,
                                                "Async Capable": false,
                                                "Startup Cost": 1.05,
                                                "Total Cost": 1.05,
                                                "Plan Rows": 1,
                                                "Plan Width": 4,
                                                "Actual Startup Time": 0.009,
                                                "Actual Total Time": 0.01,
                                                "Actual Rows": 1,
                                                "Actual Loops": 1,
                                                "Output": [
                                                  "cct2.id"
                                                ],
                                                "Hash Buckets": 1024,
                                                "Original Hash Buckets": 1024,
                                                "Hash Batches": 1,
                                                "Original Hash Batches": 1,
                                                "Peak Memory Usage": 9,
                                                "Plans": [
                                                  {
                                                    "Node Type": "Seq Scan",
                                                    "Parent Relationship": "Outer",
                                                    "Parallel Aware": false,
                                                    "Async Capable": false,
                                                    "Relation Name": "comp_cast_type",
                                                    "Schema": "public",
                                                    "Alias": "cct2",
                                                    "Startup Cost": 0.0,
                                                    "Total Cost": 1.05,
                                                    "Plan Rows": 1,
                                                    "Plan Width": 4,
                                                    "Actual Startup Time": 0.004,
                                                    "Actual Total Time": 0.004,
                                                    "Actual Rows": 1,
                                                    "Actual Loops": 1,
                                                    "Output": [
                                                      "cct2.id"
                                                    ],
                                                    "Filter": "((cct2.kind)::text = 'complete+verified'::text)",
                                                    "Rows Removed by Filter": 3
                                                  }
                                                ]
                                              }
                                            ]
                                          }
                                        ]
                                      }
                                    ]
                                  },
                                  {
                                    "Node Type": "Index Scan",
                                    "Parent Relationship": "Inner",
                                    "Parallel Aware": false,
                                    "Async Capable": false,
                                    "Scan Direction": "Forward",
                                    "Index Name": "idx_cast_info_movie_id",
                                    "Relation Name": "cast_info",
                                    "Schema": "public",
                                    "Alias": "ci",
                                    "Startup Cost": 0.44,
                                    "Total Cost": 1.6,
                                    "Plan Rows": 1,
                                    "Plan Width": 8,
                                    "Actual Startup Time": 0.091,
                                    "Actual Total Time": 0.116,
                                    "Actual Rows": 1,
                                    "Actual Loops": 12521,
                                    "Output": [
                                      "ci.id",
                                      "ci.person_id",
                                      "ci.movie_id",
                                      "ci.person_role_id",
                                      "ci.note",
                                      "ci.nr_order",
                                      "ci.role_id"
                                    ],
                                    "Index Cond": "(ci.movie_id = mk.movie_id)",
                                    "Rows Removed by Index Recheck": 0,
                                    "Filter": "((ci.note)::text = ANY ('{(writer),\"(head writer)\",\"(written by)\",(story),\"(story editor)\"}'::text[]))",
                                    "Rows Removed by Filter": 78
                                  }
                                ]
                              },
                              {
                                "Node Type": "Index Scan",
                                "Parent Relationship": "Inner",
                                "Parallel Aware": false,
                                "Async Capable": false,
                                "Scan Direction": "Forward",
                                "Index Name": "idx_name_id",
                                "Relation Name": "name",
                                "Schema": "public",
                                "Alias": "n",
                                "Startup Cost": 0.43,
                                "Total Cost": 0.67,
                                "Plan Rows": 1,
                                "Plan Width": 19,
                                "Actual Startup Time": 0.009,
                                "Actual Total Time": 0.009,
                                "Actual Rows": 1,
                                "Actual Loops": 8880,
                                "Output": [
                                  "n.id",
                                  "n.name",
                                  "n.imdb_index",
                                  "n.imdb_id",
                                  "n.gender",
                                  "n.name_pcode_cf",
                                  "n.name_pcode_nf",
                                  "n.surname_pcode",
                                  "n.md5sum"
                                ],
                                "Index Cond": "(n.id = ci.person_id)",
                                "Rows Removed by Index Recheck": 0,
                                "Filter": "((n.gender)::text = 'm'::text)",
                                "Rows Removed by Filter": 0
                              }
                            ]
                          },
                          {
                            "Node Type": "Index Scan",
                            "Parent Relationship": "Inner",
                            "Parallel Aware": false,
                            "Async Capable": false,
                            "Scan Direction": "Forward",
                            "Index Name": "idx_movie_info_idx_movie_id",
                            "Relation Name": "movie_info_idx",
                            "Schema": "public",
                            "Alias": "mi_idx",
                            "Startup Cost": 0.43,
                            "Total Cost": 0.49,
                            "Plan Rows": 3,
                            "Plan Width": 13,
                            "Actual Startup Time": 0.006,
                            "Actual Total Time": 0.007,
                            "Actual Rows": 3,
                            "Actual Loops": 5781,
                            "Output": [
                              "mi_idx.id",
                              "mi_idx.movie_id",
                              "mi_idx.info_type_id",
                              "mi_idx.info",
                              "mi_idx.note"
                            ],
                            "Index Cond": "(mi_idx.movie_id = mk.movie_id)",
                            "Rows Removed by Index Recheck": 0
                          }
                        ]
                      },
                      {
                        "Node Type": "Hash",
                        "Parent Relationship": "Inner",
                        "Parallel Aware": false,
                        "Async Capable": false,
                        "Startup Cost": 2.41,
                        "Total Cost": 2.41,
                        "Plan Rows": 1,
                        "Plan Width": 4,
                        "Actual Startup Time": 0.021,
                        "Actual Total Time": 0.022,
                        "Actual Rows": 1,
                        "Actual Loops": 1,
                        "Output": [
                          "it2.id"
                        ],
                        "Hash Buckets": 1024,
                        "Original Hash Buckets": 1024,
                        "Hash Batches": 1,
                        "Original Hash Batches": 1,
                        "Peak Memory Usage": 9,
                        "Plans": [
                          {
                            "Node Type": "Seq Scan",
                            "Parent Relationship": "Outer",
                            "Parallel Aware": false,
                            "Async Capable": false,
                            "Relation Name": "info_type",
                            "Schema": "public",
                            "Alias": "it2",
                            "Startup Cost": 0.0,
                            "Total Cost": 2.41,
                            "Plan Rows": 1,
                            "Plan Width": 4,
                            "Actual Startup Time": 0.013,
                            "Actual Total Time": 0.015,
                            "Actual Rows": 1,
                            "Actual Loops": 1,
                            "Output": [
                              "it2.id"
                            ],
                            "Filter": "((it2.info)::text = 'votes'::text)",
                            "Rows Removed by Filter": 112
                          }
                        ]
                      }
                    ]
                  },
                  {
                    "Node Type": "Index Scan",
                    "Parent Relationship": "Inner",
                    "Parallel Aware": false,
                    "Async Capable": false,
                    "Scan Direction": "Forward",
                    "Index Name": "idx_title_id",
                    "Relation Name": "title",
                    "Schema": "public",
                    "Alias": "t",
                    "Startup Cost": 0.43,
                    "Total Cost": 0.49,
                    "Plan Rows": 1,
                    "Plan Width": 21,
                    "Actual Startup Time": 0.006,
                    "Actual Total Time": 0.006,
                    "Actual Rows": 1,
                    "Actual Loops": 5777,
                    "Output": [
                      "t.id",
                      "t.title",
                      "t.imdb_index",
                      "t.kind_id",
                      "t.production_year",
                      "t.imdb_id",
                      "t.phonetic_code",
                      "t.episode_of_id",
                      "t.season_nr",
                      "t.episode_nr",
                      "t.series_years",
                      "t.md5sum"
                    ],
                    "Index Cond": "(t.id = mk.movie_id)",
                    "Rows Removed by Index Recheck": 0
                  }
                ]
              },
              {
                "Node Type": "Index Scan",
                "Parent Relationship": "Inner",
                "Parallel Aware": false,
                "Async Capable": false,
                "Scan Direction": "Forward",
                "Index Name": "idx_movie_info_movie_id",
                "Relation Name": "movie_info",
                "Schema": "public",
                "Alias": "mi",
                "Startup Cost": 0.43,
                "Total Cost": 1.62,
                "Plan Rows": 1,
                "Plan Width": 50,
                "Actual Startup Time": 0.103,
                "Actual Total Time": 0.113,
                "Actual Rows": 2,
                "Actual Loops": 5777,
                "Output": [
                  "mi.id",
                  "mi.movie_id",
                  "mi.info_type_id",
                  "mi.info",
                  "mi.note"
                ],
                "Index Cond": "(mi.movie_id = mk.movie_id)",
                "Rows Removed by Index Recheck": 0,
                "Filter": "((mi.info)::text = ANY ('{Horror,Action,Sci-Fi,Thriller,Crime,War}'::text[]))",
                "Rows Removed by Filter": 172
              }
            ]
          },
          {
            "Node Type": "Hash",
            "Parent Relationship": "Inner",
            "Parallel Aware": false,
            "Async Capable": false,
            "Startup Cost": 2.41,
            "Total Cost": 2.41,
            "Plan Rows": 1,
            "Plan Width": 4,
            "Actual Startup Time": 0.044,
            "Actual Total Time": 0.044,
            "Actual Rows": 1,
            "Actual Loops": 1,
            "Output": [
              "it1.id"
            ],
            "Hash Buckets": 1024,
            "Original Hash Buckets": 1024,
            "Hash Batches": 1,
            "Original Hash Batches": 1,
            "Peak Memory Usage": 9,
            "Plans": [
              {
                "Node Type": "Seq Scan",
                "Parent Relationship": "Outer",
                "Parallel Aware": false,
                "Async Capable": false,
                "Relation Name": "info_type",
                "Schema": "public",
                "Alias": "it1",
                "Startup Cost": 0.0,
                "Total Cost": 2.41,
                "Plan Rows": 1,
                "Plan Width": 4,
                "Actual Startup Time": 0.021,
                "Actual Total Time": 0.036,
                "Actual Rows": 1,
                "Actual Loops": 1,
                "Output": [
                  "it1.id"
                ],
                "Filter": "((it1.info)::text = 'genres'::text)",
                "Rows Removed by Filter": 112
              }
            ]
          }
        ]
      }
    ]
  },
  "Planning Time": 377.256,
  "Triggers": [],
  "Execution Time": 2497.573
}