{
  "Plan": {
    "Node Type": "Aggregate",
    "Strategy": "Plain",
    "Partial Mode": "Simple",
    "Parallel Aware": false,
    "Async Capable": false,
    "Startup Cost": 209768.82,
    "Total Cost": 209768.83,
    "Plan Rows": 1,
    "Plan Width": 96,
    "Actual Startup Time": 2665.374,
    "Actual Total Time": 2665.382,
    "Actual Rows": 1,
    "Actual Loops": 1,
    "Output": [
      "min((cn.name)::text)",
      "min((mi_idx.info)::text)",
      "min((t.title)::text)"
    ],
    "Plans": [
      {
        "Node Type": "Hash Join",
        "Parent Relationship": "Outer",
        "Parallel Aware": false,
        "Async Capable": false,
        "Join Type": "Inner",
        "Startup Cost": 34224.03,
        "Total Cost": 209733.49,
        "Plan Rows": 4711,
        "Plan Width": 41,
        "Actual Startup Time": 501.965,
        "Actual Total Time": 2659.997,
        "Actual Rows": 4711,
        "Actual Loops": 1,
        "Output": [
          "cn.name",
          "mi_idx.info",
          "t.title"
        ],
        "Inner Unique": true,
        "Hash Cond": "(mi.info_type_id = it1.id)",
        "Plans": [
          {
            "Node Type": "Nested Loop",
            "Parent Relationship": "Outer",
            "Parallel Aware": false,
            "Async Capable": false,
            "Join Type": "Inner",
            "Startup Cost": 34221.61,
            "Total Cost": 209718.23,
            "Plan Rows": 4711,
            "Plan Width": 45,
            "Actual Startup Time": 450.846,
            "Actual Total Time": 2605.663,
            "Actual Rows": 4711,
            "Actual Loops": 1,
            "Output": [
              "cn.name",
              "mi.info_type_id",
              "mi_idx.info",
              "t.title"
            ],
            "Inner Unique": false,
            "Join Filter": "(mi.movie_id = t.id)",
            "Rows Removed by Join Filter": 0,
            "Plans": [
              {
                "Node Type": "Nested Loop",
                "Parent Relationship": "Outer",
                "Parallel Aware": false,
                "Async Capable": false,
                "Join Type": "Inner",
                "Startup Cost": 34221.17,
                "Total Cost": 140021.52,
                "Plan Rows": 42332,
                "Plan Width": 53,
                "Actual Startup Time": 448.907,
                "Actual Total Time": 1796.095,
                "Actual Rows": 42332,
                "Actual Loops": 1,
                "Output": [
                  "cn.name",
                  "mc.movie_id",
                  "mi_idx.info",
                  "mi_idx.movie_id",
                  "t.title",
                  "t.id"
                ],
                "Inner Unique": true,
                "Join Filter": "(mi_idx.movie_id = t.id)",
                "Rows Removed by Join Filter": 0,
                "Plans": [
                  {
                    "Node Type": "Hash Join",
                    "Parent Relationship": "Outer",
                    "Parallel Aware": false,
                    "Async Capable": false,
                    "Join Type": "Inner",
                    "Startup Cost": 34220.74,
                    "Total Cost": 91550.25,
                    "Plan Rows": 91314,
                    "Plan Width": 32,
                    "Actual Startup Time": 448.823,
                    "Actual Total Time": 1413.476,
                    "Actual Rows": 91314,
                    "Actual Loops": 1,
                    "Output": [
                      "cn.name",
                      "mc.movie_id",
                      "mi_idx.info",
                      "mi_idx.movie_id"
                    ],
                    "Inner Unique": false,
                    "Hash Cond": "(mc.movie_id = mi_idx.movie_id)",
                    "Plans": [
                      {
                        "Node Type": "Hash Join",
                        "Parent Relationship": "Outer",
                        "Parallel Aware": false,
                        "Async Capable": false,
                        "Join Type": "Inner",
                        "Startup Cost": 6989.2,
                        "Total Cost": 60187.9,
                        "Plan Rows": 552328,
                        "Plan Width": 23,
                        "Actual Startup Time": 75.633,
                        "Actual Total Time": 891.849,
                        "Actual Rows": 552328,
                        "Actual Loops": 1,
                        "Output": [
                          "cn.name",
                          "mc.movie_id"
                        ],
                        "Inner Unique": true,
                        "Hash Cond": "(mc.company_id = cn.id)",
                        "Plans": [
                          {
                            "Node Type": "Nested Loop",
                            "Parent Relationship": "Outer",
                            "Parallel Aware": false,
                            "Async Capable": false,
                            "Join Type": "Inner",
                            "Startup Cost": 0.43,
                            "Total Cost": 49694.99,
                            "Plan Rows": 1334883,
                            "Plan Width": 8,
                            "Actual Startup Time": 0.096,
                            "Actual Total Time": 528.049,
                            "Actual Rows": 1334883,
                            "Actual Loops": 1,
                            "Output": [
                              "mc.movie_id",
                              "mc.company_id"
                            ],
                            "Inner Unique": false,
                            "Plans": [
                              {
                                "Node Type": "Seq Scan",
                                "Parent Relationship": "Outer",
                                "Parallel Aware": false,
                                "Async Capable": false,
                                "Relation Name": "company_type",
                                "Schema": "public",
                                "Alias": "ct",
                                "Startup Cost": 0.0,
                                "Total Cost": 1.05,
                                "Plan Rows": 1,
                                "Plan Width": 4,
                                "Actual Startup Time": 0.024,
                                "Actual Total Time": 0.029,
                                "Actual Rows": 1,
                                "Actual Loops": 1,
                                "Output": [
                                  "ct.id",
                                  "ct.kind"
                                ],
                                "Filter": "((ct.kind)::text = 'production companies'::text)",
                                "Rows Removed by Filter": 3
                              },
                              {
                                "Node Type": "Index Scan",
                                "Parent Relationship": "Inner",
                                "Parallel Aware": false,
                                "Async Capable": false,
                                "Scan Direction": "Forward",
                                "Index Name": "idx_movie_companies_company_type_id",
                                "Relation Name": "movie_companies",
                                "Schema": "public",
                                "Alias": "mc",
                                "Startup Cost": 0.43,
                                "Total Cost": 36648.3,
                                "Plan Rows": 1304564,
                                "Plan Width": 12,
                                "Actual Startup Time": 0.057,
                                "Actual Total Time": 309.706,
                                "Actual Rows": 1334883,
                                "Actual Loops": 1,
                                "Output": [
                                  "mc.id",
                                  "mc.movie_id",
                                  "mc.company_id",
                                  "mc.company_type_id",
                                  "mc.note"
                                ],
                                "Index Cond": "(mc.company_type_id = ct.id)",
                                "Rows Removed by Index Recheck": 0
                              }
                            ]
                          },
                          {
                            "Node Type": "Hash",
                            "Parent Relationship": "Inner",
                            "Parallel Aware": false,
                            "Async Capable": false,
                            "Startup Cost": 5932.46,
                            "Total Cost": 5932.46,
                            "Plan Rows": 84505,
                            "Plan Width": 23,
                            "Actual Startup Time": 74.732,
                            "Actual Total Time": 74.733,
                            "Actual Rows": 84843,
                            "Actual Loops": 1,
                            "Output": [
                              "cn.name",
                              "cn.id"
                            ],
                            "Hash Buckets": 131072,
                            "Original Hash Buckets": 131072,
                            "Hash Batches": 1,
                            "Original Hash Batches": 1,
                            "Peak Memory Usage": 5810,
                            "Plans": [
                              {
                                "Node Type": "Seq Scan",
                                "Parent Relationship": "Outer",
                                "Parallel Aware": false,
                                "Async Capable": false,
                                "Relation Name": "company_name",
                                "Schema": "public",
                                "Alias": "cn",
                                "Startup Cost": 0.0,
                                "Total Cost": 5932.46,
                                "Plan Rows": 84505,
                                "Plan Width": 23,
                                "Actual Startup Time": 0.024,
                                "Actual Total Time": 52.804,
                                "Actual Rows": 84843,
                                "Actual Loops": 1,
                                "Output": [
                                  "cn.name",
                                  "cn.id"
                                ],
                                "Filter": "((cn.country_code)::text = '[us]'::text)",
                                "Rows Removed by Filter": 150154
                              }
                            ]
                          }
                        ]
                      },
                      {
                        "Node Type": "Hash",
                        "Parent Relationship": "Inner",
                        "Parallel Aware": false,
                        "Async Capable": false,
                        "Startup Cost": 25711.89,
                        "Total Cost": 25711.89,
                        "Plan Rows": 121572,
                        "Plan Width": 9,
                        "Actual Startup Time": 372.331,
                        "Actual Total Time": 372.333,
                        "Actual Rows": 121572,
                        "Actual Loops": 1,
                        "Output": [
                          "mi_idx.info",
                          "mi_idx.movie_id"
                        ],
                        "Hash Buckets": 131072,
                        "Original Hash Buckets": 131072,
                        "Hash Batches": 1,
                        "Original Hash Batches": 1,
                        "Peak Memory Usage": 5773,
                        "Plans": [
                          {
                            "Node Type": "Hash Join",
                            "Parent Relationship": "Outer",
                            "Parallel Aware": false,
                            "Async Capable": false,
                            "Join Type": "Inner",
                            "Startup Cost": 2.43,
                            "Total Cost": 25711.89,
                            "Plan Rows": 121572,
                            "Plan Width": 9,
                            "Actual Startup Time": 0.118,
                            "Actual Total Time": 344.387,
                            "Actual Rows": 121572,
                            "Actual Loops": 1,
                            "Output": [
                              "mi_idx.info",
                              "mi_idx.movie_id"
                            ],
                            "Inner Unique": true,
                            "Hash Cond": "(mi_idx.info_type_id = it2.id)",
                            "Plans": [
                              {
                                "Node Type": "Seq Scan",
                                "Parent Relationship": "Outer",
                                "Parallel Aware": false,
                                "Async Capable": false,
                                "Relation Name": "movie_info_idx",
                                "Schema": "public",
                                "Alias": "mi_idx",
                                "Startup Cost": 0.0,
                                "Total Cost": 25185.44,
                                "Plan Rows": 192412,
                                "Plan Width": 13,
                                "Actual Startup Time": 0.059,
                                "Actual Total Time": 310.292,
                                "Actual Rows": 193895,
                                "Actual Loops": 1,
                                "Output": [
                                  "mi_idx.id",
                                  "mi_idx.movie_id",
                                  "mi_idx.info_type_id",
                                  "mi_idx.info",
                                  "mi_idx.note"
                                ],
                                "Filter": "((mi_idx.info)::text > '7.0'::text)",
                                "Rows Removed by Filter": 1186140
                              },
                              {
                                "Node Type": "Hash",
                                "Parent Relationship": "Inner",
                                "Parallel Aware": false,
                                "Async Capable": false,
                                "Startup Cost": 2.41,
                                "Total Cost": 2.41,
                                "Plan Rows": 1,
                                "Plan Width": 4,
                                "Actual Startup Time": 0.038,
                                "Actual Total Time": 0.039,
                                "Actual Rows": 1,
                                "Actual Loops": 1,
                                "Output": [
                                  "it2.id"
                                ],
                                "Hash Buckets": 1024,
                                "Original Hash Buckets": 1024,
                                "Hash Batches": 1,
                                "Original Hash Batches": 1,
                                "Peak Memory Usage": 9,
                                "Plans": [
                                  {
                                    "Node Type": "Seq Scan",
                                    "Parent Relationship": "Outer",
                                    "Parallel Aware": false,
                                    "Async Capable": false,
                                    "Relation Name": "info_type",
                                    "Schema": "public",
                                    "Alias": "it2",
                                    "Startup Cost": 0.0,
                                    "Total Cost": 2.41,
                                    "Plan Rows": 1,
                                    "Plan Width": 4,
                                    "Actual Startup Time": 0.026,
                                    "Actual Total Time": 0.029,
                                    "Actual Rows": 1,
                                    "Actual Loops": 1,
                                    "Output": [
                                      "it2.id"
                                    ],
                                    "Filter": "((it2.info)::text = 'rating'::text)",
                                    "Rows Removed by Filter": 112
                                  }
                                ]
                              }
                            ]
                          }
                        ]
                      }
                    ]
                  },
                  {
                    "Node Type": "Index Scan",
                    "Parent Relationship": "Inner",
                    "Parallel Aware": false,
                    "Async Capable": false,
                    "Scan Direction": "Forward",
                    "Index Name": "idx_title_id",
                    "Relation Name": "title",
                    "Schema": "public",
                    "Alias": "t",
                    "Startup Cost": 0.43,
                    "Total Cost": 0.52,
                    "Plan Rows": 1,
                    "Plan Width": 21,
                    "Actual Startup Time": 0.004,
                    "Actual Total Time": 0.004,
                    "Actual Rows": 0,
                    "Actual Loops": 91314,
                    "Output": [
                      "t.id",
                      "t.title",
                      "t.imdb_index",
                      "t.kind_id",
                      "t.production_year",
                      "t.imdb_id",
                      "t.phonetic_code",
                      "t.episode_of_id",
                      "t.season_nr",
                      "t.episode_nr",
                      "t.series_years",
                      "t.md5sum"
                    ],
                    "Index Cond": "(t.id = mc.movie_id)",
                    "Rows Removed by Index Recheck": 0,
                    "Filter": "((t.production_year >= 2000) AND (t.production_year <= 2010))",
                    "Rows Removed by Filter": 1
                  }
                ]
              },
              {
                "Node Type": "Index Scan",
                "Parent Relationship": "Inner",
                "Parallel Aware": false,
                "Async Capable": false,
                "Scan Direction": "Forward",
                "Index Name": "idx_movie_info_movie_id",
                "Relation Name": "movie_info",
                "Schema": "public",
                "Alias": "mi",
                "Startup Cost": 0.43,
                "Total Cost": 1.63,
                "Plan Rows": 1,
                "Plan Width": 8,
                "Actual Startup Time": 0.019,
                "Actual Total Time": 0.019,
                "Actual Rows": 0,
                "Actual Loops": 42332,
                "Output": [
                  "mi.id",
                  "mi.movie_id",
                  "mi.info_type_id",
                  "mi.info",
                  "mi.note"
                ],
                "Index Cond": "(mi.movie_id = mc.movie_id)",
                "Rows Removed by Index Recheck": 0,
                "Filter": "((mi.info)::text = ANY ('{Drama,Horror,Western,Family}'::text[]))",
                "Rows Removed by Filter": 29
              }
            ]
          },
          {
            "Node Type": "Hash",
            "Parent Relationship": "Inner",
            "Parallel Aware": false,
            "Async Capable": false,
            "Startup Cost": 2.41,
            "Total Cost": 2.41,
            "Plan Rows": 1,
            "Plan Width": 4,
            "Actual Startup Time": 51.075,
            "Actual Total Time": 51.075,
            "Actual Rows": 1,
            "Actual Loops": 1,
            "Output": [
              "it1.id"
            ],
            "Hash Buckets": 1024,
            "Original Hash Buckets": 1024,
            "Hash Batches": 1,
            "Original Hash Batches": 1,
            "Peak Memory Usage": 9,
            "Plans": [
              {
                "Node Type": "Seq Scan",
                "Parent Relationship": "Outer",
                "Parallel Aware": false,
                "Async Capable": false,
                "Relation Name": "info_type",
                "Schema": "public",
                "Alias": "it1",
                "Startup Cost": 0.0,
                "Total Cost": 2.41,
                "Plan Rows": 1,
                "Plan Width": 4,
                "Actual Startup Time": 51.052,
                "Actual Total Time": 51.065,
                "Actual Rows": 1,
                "Actual Loops": 1,
                "Output": [
                  "it1.id"
                ],
                "Filter": "((it1.info)::text = 'genres'::text)",
                "Rows Removed by Filter": 112
              }
            ]
          }
        ]
      }
    ]
  },
  "Planning Time": 12.842,
  "Triggers": [],
  "JIT": {
    "Functions": 66,
    "Options": {
      "Inlining": false,
      "Optimization": false,
      "Expressions": true,
      "Deforming": true
    },
    "Timing": {
      "Generation": 4.362,
      "Inlining": 0.0,
      "Optimization": 1.473,
      "Emission": 49.766,
      "Total": 55.602
    }
  },
  "Execution Time": 2697.253
}