{
  "Plan": {
    "Node Type": "Aggregate",
    "Strategy": "Plain",
    "Partial Mode": "Simple",
    "Parallel Aware": false,
    "Async Capable": false,
    "Startup Cost": 41668.64,
    "Total Cost": 41668.65,
    "Plan Rows": 1,
    "Plan Width": 96,
    "Actual Startup Time": 941.133,
    "Actual Total Time": 941.154,
    "Actual Rows": 1,
    "Actual Loops": 1,
    "Output": [
      "min((cn.name)::text)",
      "min((mi_idx.info)::text)",
      "min((t.title)::text)"
    ],
    "Plans": [
      {
        "Node Type": "Hash Join",
        "Parent Relationship": "Outer",
        "Parallel Aware": false,
        "Async Capable": false,
        "Join Type": "Inner",
        "Startup Cost": 21323.98,
        "Total Cost": 41079.28,
        "Plan Rows": 78582,
        "Plan Width": 41,
        "Actual Startup Time": 479.083,
        "Actual Total Time": 876.978,
        "Actual Rows": 78582,
        "Actual Loops": 1,
        "Output": [
          "cn.name",
          "mi_idx.info",
          "t.title"
        ],
        "Inner Unique": true,
        "Hash Cond": "(mc.company_type_id = ct.id)",
        "Plans": [
          {
            "Node Type": "Hash Join",
            "Parent Relationship": "Outer",
            "Parallel Aware": false,
            "Async Capable": false,
            "Join Type": "Inner",
            "Startup Cost": 21322.89,
            "Total Cost": 40653.35,
            "Plan Rows": 78582,
            "Plan Width": 45,
            "Actual Startup Time": 478.94,
            "Actual Total Time": 841.441,
            "Actual Rows": 78582,
            "Actual Loops": 1,
            "Output": [
              "mc.company_type_id",
              "cn.name",
              "mi_idx.info",
              "t.title"
            ],
            "Inner Unique": true,
            "Hash Cond": "(mc.company_id = cn.id)",
            "Plans": [
              {
                "Node Type": "Nested Loop",
                "Parent Relationship": "Outer",
                "Parallel Aware": false,
                "Async Capable": false,
                "Join Type": "Inner",
                "Startup Cost": 13824.17,
                "Total Cost": 32948.36,
                "Plan Rows": 78582,
                "Plan Width": 30,
                "Actual Startup Time": 335.324,
                "Actual Total Time": 649.807,
                "Actual Rows": 78582,
                "Actual Loops": 1,
                "Output": [
                  "mc.company_type_id",
                  "mc.company_id",
                  "mi_idx.info",
                  "t.title"
                ],
                "Inner Unique": false,
                "Join Filter": "(mc.movie_id = t.id)",
                "Rows Removed by Join Filter": 0,
                "Plans": [
                  {
                    "Node Type": "Hash Join",
                    "Parent Relationship": "Outer",
                    "Parallel Aware": false,
                    "Async Capable": false,
                    "Join Type": "Inner",
                    "Startup Cost": 13823.74,
                    "Total Cost": 30861.66,
                    "Plan Rows": 3742,
                    "Plan Width": 46,
                    "Actual Startup Time": 335.229,
                    "Actual Total Time": 483.824,
                    "Actual Rows": 3742,
                    "Actual Loops": 1,
                    "Output": [
                      "cc.movie_id",
                      "mi.movie_id",
                      "mi_idx.info",
                      "mi_idx.movie_id",
                      "mk.movie_id",
                      "t.title",
                      "t.id",
                      "ci.movie_id"
                    ],
                    "Inner Unique": false,
                    "Hash Cond": "((at.imdb_index)::text = (t.imdb_index)::text)",
                    "Plans": [
                      {
                        "Node Type": "Seq Scan",
                        "Parent Relationship": "Outer",
                        "Parallel Aware": false,
                        "Async Capable": false,
                        "Relation Name": "aka_title",
                        "Schema": "public",
                        "Alias": "at",
                        "Startup Cost": 0.0,
                        "Total Cost": 9806.72,
                        "Plan Rows": 361472,
                        "Plan Width": 2,
                        "Actual Startup Time": 0.078,
                        "Actual Total Time": 68.303,
                        "Actual Rows": 361472,
                        "Actual Loops": 1,
                        "Output": [
                          "at.id",
                          "at.movie_id",
                          "at.title",
                          "at.imdb_index",
                          "at.kind_id",
                          "at.production_year",
                          "at.phonetic_code",
                          "at.episode_of_id",
                          "at.season_nr",
                          "at.episode_nr",
                          "at.note",
                          "at.md5sum"
                        ]
                      },
                      {
                        "Node Type": "Hash",
                        "Parent Relationship": "Inner",
                        "Parallel Aware": false,
                        "Async Capable": false,
                        "Startup Cost": 13823.57,
                        "Total Cost": 13823.57,
                        "Plan Rows": 14,
                        "Plan Width": 48,
                        "Actual Startup Time": 335.093,
                        "Actual Total Time": 335.11,
                        "Actual Rows": 2,
                        "Actual Loops": 1,
                        "Output": [
                          "cc.movie_id",
                          "mi.movie_id",
                          "mi_idx.info",
                          "mi_idx.movie_id",
                          "mk.movie_id",
                          "t.title",
                          "t.id",
                          "t.imdb_index",
                          "ci.movie_id"
                        ],
                        "Hash Buckets": 1024,
                        "Original Hash Buckets": 1024,
                        "Hash Batches": 1,
                        "Original Hash Batches": 1,
                        "Peak Memory Usage": 9,
                        "Plans": [
                          {
                            "Node Type": "Nested Loop",
                            "Parent Relationship": "Outer",
                            "Parallel Aware": false,
                            "Async Capable": false,
                            "Join Type": "Inner",
                            "Startup Cost": 3434.48,
                            "Total Cost": 13823.57,
                            "Plan Rows": 14,
                            "Plan Width": 48,
                            "Actual Startup Time": 134.543,
                            "Actual Total Time": 335.083,
                            "Actual Rows": 14,
                            "Actual Loops": 1,
                            "Output": [
                              "cc.movie_id",
                              "mi.movie_id",
                              "mi_idx.info",
                              "mi_idx.movie_id",
                              "mk.movie_id",
                              "t.title",
                              "t.id",
                              "t.imdb_index",
                              "ci.movie_id"
                            ],
                            "Inner Unique": true,
                            "Plans": [
                              {
                                "Node Type": "Nested Loop",
                                "Parent Relationship": "Outer",
                                "Parallel Aware": false,
                                "Async Capable": false,
                                "Join Type": "Inner",
                                "Startup Cost": 3434.34,
                                "Total Cost": 13821.27,
                                "Plan Rows": 14,
                                "Plan Width": 52,
                                "Actual Startup Time": 134.499,
                                "Actual Total Time": 334.943,
                                "Actual Rows": 14,
                                "Actual Loops": 1,
                                "Output": [
                                  "cc.movie_id",
                                  "mi.movie_id",
                                  "mi.info_type_id",
                                  "mi_idx.info",
                                  "mi_idx.movie_id",
                                  "mk.movie_id",
                                  "t.title",
                                  "t.id",
                                  "t.imdb_index",
                                  "ci.movie_id"
                                ],
                                "Inner Unique": false,
                                "Join Filter": "((t.id = ci.movie_id) AND (cct2.id = ci.nr_order))",
                                "Rows Removed by Join Filter": 1915,
                                "Plans": [
                                  {
                                    "Node Type": "Nested Loop",
                                    "Parent Relationship": "Outer",
                                    "Parallel Aware": false,
                                    "Async Capable": false,
                                    "Join Type": "Inner",
                                    "Startup Cost": 3433.9,
                                    "Total Cost": 13792.31,
                                    "Plan Rows": 15,
                                    "Plan Width": 56,
                                    "Actual Startup Time": 86.18,
                                    "Actual Total Time": 322.999,
                                    "Actual Rows": 15,
                                    "Actual Loops": 1,
                                    "Output": [
                                      "cc.movie_id",
                                      "cc.status_id",
                                      "cct2.id",
                                      "mi.movie_id",
                                      "mi.info_type_id",
                                      "mi_idx.info",
                                      "mi_idx.movie_id",
                                      "mk.movie_id",
                                      "t.title",
                                      "t.id",
                                      "t.imdb_index"
                                    ],
                                    "Inner Unique": false,
                                    "Join Filter": "(mi.movie_id = t.id)",
                                    "Rows Removed by Join Filter": 0,
                                    "Plans": [
                                      {
                                        "Node Type": "Hash Join",
                                        "Parent Relationship": "Outer",
                                        "Parallel Aware": false,
                                        "Async Capable": false,
                                        "Join Type": "Inner",
                                        "Startup Cost": 3433.46,
                                        "Total Cost": 13523.28,
                                        "Plan Rows": 182,
                                        "Plan Width": 48,
                                        "Actual Startup Time": 85.028,
                                        "Actual Total Time": 293.517,
                                        "Actual Rows": 182,
                                        "Actual Loops": 1,
                                        "Output": [
                                          "cc.movie_id",
                                          "cc.status_id",
                                          "cct2.id",
                                          "mi_idx.info",
                                          "mi_idx.movie_id",
                                          "mk.movie_id",
                                          "t.title",
                                          "t.id",
                                          "t.imdb_index"
                                        ],
                                        "Inner Unique": true,
                                        "Hash Cond": "(mi_idx.info_type_id = it2.id)",
                                        "Plans": [
                                          {
                                            "Node Type": "Nested Loop",
                                            "Parent Relationship": "Outer",
                                            "Parallel Aware": false,
                                            "Async Capable": false,
                                            "Join Type": "Inner",
                                            "Startup Cost": 3431.04,
                                            "Total Cost": 13520.28,
                                            "Plan Rows": 211,
                                            "Plan Width": 52,
                                            "Actual Startup Time": 84.954,
                                            "Actual Total Time": 293.18,
                                            "Actual Rows": 201,
                                            "Actual Loops": 1,
                                            "Output": [
                                              "cc.movie_id",
                                              "cc.status_id",
                                              "cct2.id",
                                              "mi_idx.info",
                                              "mi_idx.movie_id",
                                              "mi_idx.info_type_id",
                                              "mk.movie_id",
                                              "t.title",
                                              "t.id",
                                              "t.imdb_index"
                                            ],
                                            "Inner Unique": false,
                                            "Join Filter": "(mi_idx.movie_id = t.id)",
                                            "Rows Removed by Join Filter": 0,
                                            "Plans": [
                                              {
                                                "Node Type": "Hash Join",
                                                "Parent Relationship": "Outer",
                                                "Parallel Aware": false,
                                                "Async Capable": false,
                                                "Join Type": "Inner",
                                                "Startup Cost": 3430.61,
                                                "Total Cost": 13381.2,
                                                "Plan Rows": 273,
                                                "Plan Width": 39,
                                                "Actual Startup Time": 84.882,
                                                "Actual Total Time": 287.613,
                                                "Actual Rows": 273,
                                                "Actual Loops": 1,
                                                "Output": [
                                                  "cc.movie_id",
                                                  "cc.status_id",
                                                  "cct2.id",
                                                  "mk.movie_id",
                                                  "t.title",
                                                  "t.id",
                                                  "t.imdb_index"
                                                ],
                                                "Inner Unique": true,
                                                "Hash Cond": "(t.kind_id = kt.id)",
                                                "Plans": [
                                                  {
                                                    "Node Type": "Nested Loop",
                                                    "Parent Relationship": "Outer",
                                                    "Parallel Aware": false,
                                                    "Async Capable": false,
                                                    "Join Type": "Inner",
                                                    "Startup Cost": 3429.5,
                                                    "Total Cost": 13378.76,
                                                    "Plan Rows": 315,
                                                    "Plan Width": 43,
                                                    "Actual Startup Time": 84.822,
                                                    "Actual Total Time": 287.212,
                                                    "Actual Rows": 315,
                                                    "Actual Loops": 1,
                                                    "Output": [
                                                      "cc.movie_id",
                                                      "cc.status_id",
                                                      "cct2.id",
                                                      "mk.movie_id",
                                                      "t.title",
                                                      "t.kind_id",
                                                      "t.id",
                                                      "t.imdb_index"
                                                    ],
                                                    "Inner Unique": true,
                                                    "Plans": [
                                                      {
                                                        "Node Type": "Hash Join",
                                                        "Parent Relationship": "Outer",
                                                        "Parallel Aware": false,
                                                        "Async Capable": false,
                                                        "Join Type": "Inner",
                                                        "Startup Cost": 3429.07,
                                                        "Total Cost": 11508.89,
                                                        "Plan Rows": 3832,
                                                        "Plan Width": 16,
                                                        "Actual Startup Time": 84.729,
                                                        "Actual Total Time": 232.962,
                                                        "Actual Rows": 3832,
                                                        "Actual Loops": 1,
                                                        "Output": [
                                                          "cc.movie_id",
                                                          "cc.status_id",
                                                          "cct2.id",
                                                          "mk.movie_id"
                                                        ],
                                                        "Inner Unique": true,
                                                        "Hash Cond": "(cc.status_id = cct2.id)",
                                                        "Plans": [
                                                          {
                                                            "Node Type": "Hash Join",
                                                            "Parent Relationship": "Outer",
                                                            "Parallel Aware": false,
                                                            "Async Capable": false,
                                                            "Join Type": "Inner",
                                                            "Startup Cost": 3427.98,
                                                            "Total Cost": 11474.2,
                                                            "Plan Rows": 6216,
                                                            "Plan Width": 12,
                                                            "Actual Startup Time": 84.667,
                                                            "Actual Total Time": 229.778,
                                                            "Actual Rows": 6216,
                                                            "Actual Loops": 1,
                                                            "Output": [
                                                              "cc.movie_id",
                                                              "cc.status_id",
                                                              "mk.movie_id"
                                                            ],
                                                            "Inner Unique": false,
                                                            "Hash Cond": "(mk.movie_id = cc.movie_id)",
                                                            "Plans": [
                                                              {
                                                                "Node Type": "Nested Loop",
                                                                "Parent Relationship": "Outer",
                                                                "Parallel Aware": false,
                                                                "Async Capable": false,
                                                                "Join Type": "Inner",
                                                                "Startup Cost": 0.43,
                                                                "Total Cost": 7727.56,
                                                                "Plan Rows": 37091,
                                                                "Plan Width": 4,
                                                                "Actual Startup Time": 2.451,
                                                                "Actual Total Time": 131.179,
                                                                "Actual Rows": 37091,
                                                                "Actual Loops": 1,
                                                                "Output": [
                                                                  "mk.movie_id"
                                                                ],
                                                                "Inner Unique": false,
                                                                "Plans": [
                                                                  {
                                                                    "Node Type": "Seq Scan",
                                                                    "Parent Relationship": "Outer",
                                                                    "Parallel Aware": false,
                                                                    "Async Capable": false,
                                                                    "Relation Name": "keyword",
                                                                    "Schema": "public",
                                                                    "Alias": "k",
                                                                    "Startup Cost": 0.0,
                                                                    "Total Cost": 2961.55,
                                                                    "Plan Rows": 4,
                                                                    "Plan Width": 4,
                                                                    "Actual Startup Time": 2.301,
                                                                    "Actual Total Time": 48.987,
                                                                    "Actual Rows": 3,
                                                                    "Actual Loops": 1,
                                                                    "Output": [
                                                                      "k.id",
                                                                      "k.keyword",
                                                                      "k.phonetic_code"
                                                                    ],
                                                                    "Filter": "((k.keyword)::text = ANY ('{murder,murder-in-title,blood,violence}'::text[]))",
                                                                    "Rows Removed by Filter": 134167
                                                                  },
                                                                  {
                                                                    "Node Type": "Index Scan",
                                                                    "Parent Relationship": "Inner",
                                                                    "Parallel Aware": false,
                                                                    "Async Capable": false,
                                                                    "Scan Direction": "Forward",
                                                                    "Index Name": "idx_movie_keyword_keyword_id",
                                                                    "Relation Name": "movie_keyword",
                                                                    "Schema": "public",
                                                                    "Alias": "mk",
                                                                    "Startup Cost": 0.43,
                                                                    "Total Cost": 1188.48,
                                                                    "Plan Rows": 302,
                                                                    "Plan Width": 8,
                                                                    "Actual Startup Time": 0.066,
                                                                    "Actual Total Time": 24.504,
                                                                    "Actual Rows": 12364,
                                                                    "Actual Loops": 3,
                                                                    "Output": [
                                                                      "mk.id",
                                                                      "mk.movie_id",
                                                                      "mk.keyword_id"
                                                                    ],
                                                                    "Index Cond": "(mk.keyword_id = k.id)",
                                                                    "Rows Removed by Index Recheck": 0
                                                                  }
                                                                ]
                                                              },
                                                              {
                                                                "Node Type": "Hash",
                                                                "Parent Relationship": "Inner",
                                                                "Parallel Aware": false,
                                                                "Async Capable": false,
                                                                "Startup Cost": 2813.24,
                                                                "Total Cost": 2813.24,
                                                                "Plan Rows": 49145,
                                                                "Plan Width": 8,
                                                                "Actual Startup Time": 81.166,
                                                                "Actual Total Time": 81.17,
                                                                "Actual Rows": 49145,
                                                                "Actual Loops": 1,
                                                                "Output": [
                                                                  "cc.movie_id",
                                                                  "cc.status_id"
                                                                ],
                                                                "Hash Buckets": 65536,
                                                                "Original Hash Buckets": 65536,
                                                                "Hash Batches": 1,
                                                                "Original Hash Batches": 1,
                                                                "Peak Memory Usage": 2432,
                                                                "Plans": [
                                                                  {
                                                                    "Node Type": "Hash Join",
                                                                    "Parent Relationship": "Outer",
                                                                    "Parallel Aware": false,
                                                                    "Async Capable": false,
                                                                    "Join Type": "Inner",
                                                                    "Startup Cost": 1.06,
                                                                    "Total Cost": 2813.24,
                                                                    "Plan Rows": 49145,
                                                                    "Plan Width": 8,
                                                                    "Actual Startup Time": 32.136,
                                                                    "Actual Total Time": 64.787,
                                                                    "Actual Rows": 49145,
                                                                    "Actual Loops": 1,
                                                                    "Output": [
                                                                      "cc.movie_id",
                                                                      "cc.status_id"
                                                                    ],
                                                                    "Inner Unique": true,
                                                                    "Hash Cond": "(cc.subject_id = cct1.id)",
                                                                    "Plans": [
                                                                      {
                                                                        "Node Type": "Seq Scan",
                                                                        "Parent Relationship": "Outer",
                                                                        "Parallel Aware": false,
                                                                        "Async Capable": false,
                                                                        "Relation Name": "complete_cast",
                                                                        "Schema": "public",
                                                                        "Alias": "cc",
                                                                        "Startup Cost": 0.0,
                                                                        "Total Cost": 2081.86,
                                                                        "Plan Rows": 135086,
                                                                        "Plan Width": 12,
                                                                        "Actual Startup Time": 0.022,
                                                                        "Actual Total Time": 21.899,
                                                                        "Actual Rows": 135086,
                                                                        "Actual Loops": 1,
                                                                        "Output": [
                                                                          "cc.id",
                                                                          "cc.movie_id",
                                                                          "cc.subject_id",
                                                                          "cc.status_id"
                                                                        ]
                                                                      },
                                                                      {
                                                                        "Node Type": "Hash",
                                                                        "Parent Relationship": "Inner",
                                                                        "Parallel Aware": false,
                                                                        "Async Capable": false,
                                                                        "Startup Cost": 1.05,
                                                                        "Total Cost": 1.05,
                                                                        "Plan Rows": 1,
                                                                        "Plan Width": 4,
                                                                        "Actual Startup Time": 0.037,
                                                                        "Actual Total Time": 0.039,
                                                                        "Actual Rows": 1,
                                                                        "Actual Loops": 1,
                                                                        "Output": [
                                                                          "cct1.id"
                                                                        ],
                                                                        "Hash Buckets": 1024,
                                                                        "Original Hash Buckets": 1024,
                                                                        "Hash Batches": 1,
                                                                        "Original Hash Batches": 1,
                                                                        "Peak Memory Usage": 9,
                                                                        "Plans": [
                                                                          {
                                                                            "Node Type": "Seq Scan",
                                                                            "Parent Relationship": "Outer",
                                                                            "Parallel Aware": false,
                                                                            "Async Capable": false,
                                                                            "Relation Name": "comp_cast_type",
                                                                            "Schema": "public",
                                                                            "Alias": "cct1",
                                                                            "Startup Cost": 0.0,
                                                                            "Total Cost": 1.05,
                                                                            "Plan Rows": 1,
                                                                            "Plan Width": 4,
                                                                            "Actual Startup Time": 0.029,
                                                                            "Actual Total Time": 0.031,
                                                                            "Actual Rows": 1,
                                                                            "Actual Loops": 1,
                                                                            "Output": [
                                                                              "cct1.id"
                                                                            ],
                                                                            "Filter": "((cct1.kind)::text = 'crew'::text)",
                                                                            "Rows Removed by Filter": 3
                                                                          }
                                                                        ]
                                                                      }
                                                                    ]
                                                                  }
                                                                ]
                                                              }
                                                            ]
                                                          },
                                                          {
                                                            "Node Type": "Hash",
                                                            "Parent Relationship": "Inner",
                                                            "Parallel Aware": false,
                                                            "Async Capable": false,
                                                            "Startup Cost": 1.05,
                                                            "Total Cost": 1.05,
                                                            "Plan Rows": 3,
                                                            "Plan Width": 4,
                                                            "Actual Startup Time": 0.031,
                                                            "Actual Total Time": 0.032,
                                                            "Actual Rows": 3,
                                                            "Actual Loops": 1,
                                                            "Output": [
                                                              "cct2.id"
                                                            ],
                                                            "Hash Buckets": 1024,
                                                            "Original Hash Buckets": 1024,
                                                            "Hash Batches": 1,
                                                            "Original Hash Batches": 1,
                                                            "Peak Memory Usage": 9,
                                                            "Plans": [
                                                              {
                                                                "Node Type": "Seq Scan",
                                                                "Parent Relationship": "Outer",
                                                                "Parallel Aware": false,
                                                                "Async Capable": false,
                                                                "Relation Name": "comp_cast_type",
                                                                "Schema": "public",
                                                                "Alias": "cct2",
                                                                "Startup Cost": 0.0,
                                                                "Total Cost": 1.05,
                                                                "Plan Rows": 3,
                                                                "Plan Width": 4,
                                                                "Actual Startup Time": 0.023,
                                                                "Actual Total Time": 0.025,
                                                                "Actual Rows": 3,
                                                                "Actual Loops": 1,
                                                                "Output": [
                                                                  "cct2.id"
                                                                ],
                                                                "Filter": "((cct2.kind)::text <> 'complete+verified'::text)",
                                                                "Rows Removed by Filter": 1
                                                              }
                                                            ]
                                                          }
                                                        ]
                                                      },
                                                      {
                                                        "Node Type": "Index Scan",
                                                        "Parent Relationship": "Inner",
                                                        "Parallel Aware": false,
                                                        "Async Capable": false,
                                                        "Scan Direction": "Forward",
                                                        "Index Name": "idx_title_id",
                                                        "Relation Name": "title",
                                                        "Schema": "public",
                                                        "Alias": "t",
                                                        "Startup Cost": 0.43,
                                                        "Total Cost": 0.49,
                                                        "Plan Rows": 1,
                                                        "Plan Width": 27,
                                                        "Actual Startup Time": 0.013,
                                                        "Actual Total Time": 0.013,
                                                        "Actual Rows": 0,
                                                        "Actual Loops": 3832,
                                                        "Output": [
                                                          "t.id",
                                                          "t.title",
                                                          "t.imdb_index",
                                                          "t.kind_id",
                                                          "t.production_year",
                                                          "t.imdb_id",
                                                          "t.phonetic_code",
                                                          "t.episode_of_id",
                                                          "t.season_nr",
                                                          "t.episode_nr",
                                                          "t.series_years",
                                                          "t.md5sum"
                                                        ],
                                                        "Index Cond": "(t.id = mk.movie_id)",
                                                        "Rows Removed by Index Recheck": 0,
                                                        "Filter": "(t.production_year > 2005)",
                                                        "Rows Removed by Filter": 1
                                                      }
                                                    ]
                                                  },
                                                  {
                                                    "Node Type": "Hash",
                                                    "Parent Relationship": "Inner",
                                                    "Parallel Aware": false,
                                                    "Async Capable": false,
                                                    "Startup Cost": 1.09,
                                                    "Total Cost": 1.09,
                                                    "Plan Rows": 2,
                                                    "Plan Width": 4,
                                                    "Actual Startup Time": 0.026,
                                                    "Actual Total Time": 0.027,
                                                    "Actual Rows": 2,
                                                    "Actual Loops": 1,
                                                    "Output": [
                                                      "kt.id"
                                                    ],
                                                    "Hash Buckets": 1024,
                                                    "Original Hash Buckets": 1024,
                                                    "Hash Batches": 1,
                                                    "Original Hash Batches": 1,
                                                    "Peak Memory Usage": 9,
                                                    "Plans": [
                                                      {
                                                        "Node Type": "Seq Scan",
                                                        "Parent Relationship": "Outer",
                                                        "Parallel Aware": false,
                                                        "Async Capable": false,
                                                        "Relation Name": "kind_type",
                                                        "Schema": "public",
                                                        "Alias": "kt",
                                                        "Startup Cost": 0.0,
                                                        "Total Cost": 1.09,
                                                        "Plan Rows": 2,
                                                        "Plan Width": 4,
                                                        "Actual Startup Time": 0.013,
                                                        "Actual Total Time": 0.016,
                                                        "Actual Rows": 2,
                                                        "Actual Loops": 1,
                                                        "Output": [
                                                          "kt.id"
                                                        ],
                                                        "Filter": "((kt.kind)::text = ANY ('{movie,episode}'::text[]))",
                                                        "Rows Removed by Filter": 5
                                                      }
                                                    ]
                                                  }
                                                ]
                                              },
                                              {
                                                "Node Type": "Index Scan",
                                                "Parent Relationship": "Inner",
                                                "Parallel Aware": false,
                                                "Async Capable": false,
                                                "Scan Direction": "Forward",
                                                "Index Name": "idx_movie_info_idx_movie_id",
                                                "Relation Name": "movie_info_idx",
                                                "Schema": "public",
                                                "Alias": "mi_idx",
                                                "Startup Cost": 0.43,
                                                "Total Cost": 0.5,
                                                "Plan Rows": 1,
                                                "Plan Width": 13,
                                                "Actual Startup Time": 0.018,
                                                "Actual Total Time": 0.019,
                                                "Actual Rows": 1,
                                                "Actual Loops": 273,
                                                "Output": [
                                                  "mi_idx.id",
                                                  "mi_idx.movie_id",
                                                  "mi_idx.info_type_id",
                                                  "mi_idx.info",
                                                  "mi_idx.note"
                                                ],
                                                "Index Cond": "(mi_idx.movie_id = mk.movie_id)",
                                                "Rows Removed by Index Recheck": 0,
                                                "Filter": "((mi_idx.info)::text >= '6.5'::text)",
                                                "Rows Removed by Filter": 2
                                              }
                                            ]
                                          },
                                          {
                                            "Node Type": "Hash",
                                            "Parent Relationship": "Inner",
                                            "Parallel Aware": false,
                                            "Async Capable": false,
                                            "Startup Cost": 2.41,
                                            "Total Cost": 2.41,
                                            "Plan Rows": 1,
                                            "Plan Width": 4,
                                            "Actual Startup Time": 0.044,
                                            "Actual Total Time": 0.044,
                                            "Actual Rows": 1,
                                            "Actual Loops": 1,
                                            "Output": [
                                              "it2.id"
                                            ],
                                            "Hash Buckets": 1024,
                                            "Original Hash Buckets": 1024,
                                            "Hash Batches": 1,
                                            "Original Hash Batches": 1,
                                            "Peak Memory Usage": 9,
                                            "Plans": [
                                              {
                                                "Node Type": "Seq Scan",
                                                "Parent Relationship": "Outer",
                                                "Parallel Aware": false,
                                                "Async Capable": false,
                                                "Relation Name": "info_type",
                                                "Schema": "public",
                                                "Alias": "it2",
                                                "Startup Cost": 0.0,
                                                "Total Cost": 2.41,
                                                "Plan Rows": 1,
                                                "Plan Width": 4,
                                                "Actual Startup Time": 0.032,
                                                "Actual Total Time": 0.036,
                                                "Actual Rows": 1,
                                                "Actual Loops": 1,
                                                "Output": [
                                                  "it2.id"
                                                ],
                                                "Filter": "((it2.info)::text = 'rating'::text)",
                                                "Rows Removed by Filter": 112
                                              }
                                            ]
                                          }
                                        ]
                                      },
                                      {
                                        "Node Type": "Index Scan",
                                        "Parent Relationship": "Inner",
                                        "Parallel Aware": false,
                                        "Async Capable": false,
                                        "Scan Direction": "Forward",
                                        "Index Name": "idx_movie_info_movie_id",
                                        "Relation Name": "movie_info",
                                        "Schema": "public",
                                        "Alias": "mi",
                                        "Startup Cost": 0.43,
                                        "Total Cost": 1.47,
                                        "Plan Rows": 1,
                                        "Plan Width": 8,
                                        "Actual Startup Time": 0.16,
                                        "Actual Total Time": 0.16,
                                        "Actual Rows": 0,
                                        "Actual Loops": 182,
                                        "Output": [
                                          "mi.id",
                                          "mi.movie_id",
                                          "mi.info_type_id",
                                          "mi.info",
                                          "mi.note"
                                        ],
                                        "Index Cond": "(mi.movie_id = mk.movie_id)",
                                        "Rows Removed by Index Recheck": 0,
                                        "Filter": "((mi.info)::text = ANY ('{Sweden,Germany,Swedish}'::text[]))",
                                        "Rows Removed by Filter": 130
                                      }
                                    ]
                                  },
                                  {
                                    "Node Type": "Index Scan",
                                    "Parent Relationship": "Inner",
                                    "Parallel Aware": false,
                                    "Async Capable": false,
                                    "Scan Direction": "Forward",
                                    "Index Name": "idx_cast_info_movie_id",
                                    "Relation Name": "cast_info",
                                    "Schema": "public",
                                    "Alias": "ci",
                                    "Startup Cost": 0.44,
                                    "Total Cost": 1.36,
                                    "Plan Rows": 38,
                                    "Plan Width": 8,
                                    "Actual Startup Time": 0.033,
                                    "Actual Total Time": 0.76,
                                    "Actual Rows": 129,
                                    "Actual Loops": 15,
                                    "Output": [
                                      "ci.id",
                                      "ci.person_id",
                                      "ci.movie_id",
                                      "ci.person_role_id",
                                      "ci.note",
                                      "ci.nr_order",
                                      "ci.role_id"
                                    ],
                                    "Index Cond": "(ci.movie_id = mk.movie_id)",
                                    "Rows Removed by Index Recheck": 0
                                  }
                                ]
                              },
                              {
                                "Node Type": "Index Scan",
                                "Parent Relationship": "Inner",
                                "Parallel Aware": false,
                                "Async Capable": false,
                                "Scan Direction": "Forward",
                                "Index Name": "info_type_pkey",
                                "Relation Name": "info_type",
                                "Schema": "public",
                                "Alias": "it1",
                                "Startup Cost": 0.14,
                                "Total Cost": 0.16,
                                "Plan Rows": 1,
                                "Plan Width": 4,
                                "Actual Startup Time": 0.007,
                                "Actual Total Time": 0.007,
                                "Actual Rows": 1,
                                "Actual Loops": 14,
                                "Output": [
                                  "it1.id",
                                  "it1.info"
                                ],
                                "Index Cond": "(it1.id = mi.info_type_id)",
                                "Rows Removed by Index Recheck": 0,
                                "Filter": "((it1.info)::text = 'countries'::text)",
                                "Rows Removed by Filter": 0
                              }
                            ]
                          }
                        ]
                      }
                    ]
                  },
                  {
                    "Node Type": "Index Scan",
                    "Parent Relationship": "Inner",
                    "Parallel Aware": false,
                    "Async Capable": false,
                    "Scan Direction": "Forward",
                    "Index Name": "idx_movie_companies_movie_id",
                    "Relation Name": "movie_companies",
                    "Schema": "public",
                    "Alias": "mc",
                    "Startup Cost": 0.43,
                    "Total Cost": 0.55,
                    "Plan Rows": 1,
                    "Plan Width": 12,
                    "Actual Startup Time": 0.007,
                    "Actual Total Time": 0.037,
                    "Actual Rows": 21,
                    "Actual Loops": 3742,
                    "Output": [
                      "mc.id",
                      "mc.movie_id",
                      "mc.company_id",
                      "mc.company_type_id",
                      "mc.note"
                    ],
                    "Index Cond": "(mc.movie_id = ci.movie_id)",
                    "Rows Removed by Index Recheck": 0,
                    "Filter": "(((mc.note)::text !~~ '%(USA)%'::text) AND ((mc.note)::text ~~ '%(200%)%'::text))",
                    "Rows Removed by Filter": 10
                  }
                ]
              },
              {
                "Node Type": "Hash",
                "Parent Relationship": "Inner",
                "Parallel Aware": false,
                "Async Capable": false,
                "Startup Cost": 5932.46,
                "Total Cost": 5932.46,
                "Plan Rows": 125300,
                "Plan Width": 23,
                "Actual Startup Time": 143.15,
                "Actual Total Time": 143.15,
                "Actual Rows": 126230,
                "Actual Loops": 1,
                "Output": [
                  "cn.name",
                  "cn.id"
                ],
                "Hash Buckets": 131072,
                "Original Hash Buckets": 131072,
                "Hash Batches": 1,
                "Original Hash Batches": 1,
                "Peak Memory Usage": 7968,
                "Plans": [
                  {
                    "Node Type": "Seq Scan",
                    "Parent Relationship": "Outer",
                    "Parallel Aware": false,
                    "Async Capable": false,
                    "Relation Name": "company_name",
                    "Schema": "public",
                    "Alias": "cn",
                    "Startup Cost": 0.0,
                    "Total Cost": 5932.46,
                    "Plan Rows": 125300,
                    "Plan Width": 23,
                    "Actual Startup Time": 0.042,
                    "Actual Total Time": 91.918,
                    "Actual Rows": 126230,
                    "Actual Loops": 1,
                    "Output": [
                      "cn.name",
                      "cn.id"
                    ],
                    "Filter": "((cn.country_code)::text <> '[us]'::text)",
                    "Rows Removed by Filter": 108767
                  }
                ]
              }
            ]
          },
          {
            "Node Type": "Hash",
            "Parent Relationship": "Inner",
            "Parallel Aware": false,
            "Async Capable": false,
            "Startup Cost": 1.04,
            "Total Cost": 1.04,
            "Plan Rows": 4,
            "Plan Width": 4,
            "Actual Startup Time": 0.096,
            "Actual Total Time": 0.097,
            "Actual Rows": 4,
            "Actual Loops": 1,
            "Output": [
              "ct.id"
            ],
            "Hash Buckets": 1024,
            "Original Hash Buckets": 1024,
            "Hash Batches": 1,
            "Original Hash Batches": 1,
            "Peak Memory Usage": 9,
            "Plans": [
              {
                "Node Type": "Seq Scan",
                "Parent Relationship": "Outer",
                "Parallel Aware": false,
                "Async Capable": false,
                "Relation Name": "company_type",
                "Schema": "public",
                "Alias": "ct",
                "Startup Cost": 0.0,
                "Total Cost": 1.04,
                "Plan Rows": 4,
                "Plan Width": 4,
                "Actual Startup Time": 0.072,
                "Actual Total Time": 0.075,
                "Actual Rows": 4,
                "Actual Loops": 1,
                "Output": [
                  "ct.id"
                ]
              }
            ]
          }
        ]
      }
    ]
  },
  "Planning Time": 103193.253,
  "Triggers": [],
  "Execution Time": 942.181
}