{
  "Plan": {
    "Node Type": "Aggregate",
    "Strategy": "Plain",
    "Partial Mode": "Simple",
    "Parallel Aware": false,
    "Async Capable": false,
    "Startup Cost": 274338.01,
    "Total Cost": 274338.02,
    "Plan Rows": 1,
    "Plan Width": 64,
    "Actual Startup Time": 3877.837,
    "Actual Total Time": 3877.843,
    "Actual Rows": 1,
    "Actual Loops": 1,
    "Output": [
      "min((n.name)::text)",
      "min((n.name)::text)"
    ],
    "Plans": [
      {
        "Node Type": "Hash Join",
        "Parent Relationship": "Outer",
        "Parallel Aware": false,
        "Async Capable": false,
        "Join Type": "Inner",
        "Startup Cost": 118908.15,
        "Total Cost": 273692.29,
        "Plan Rows": 258289,
        "Plan Width": 15,
        "Actual Startup Time": 776.944,
        "Actual Total Time": 3796.539,
        "Actual Rows": 258289,
        "Actual Loops": 1,
        "Output": [
          "n.name"
        ],
        "Inner Unique": true,
        "Hash Cond": "(mc.company_id = cn.id)",
        "Plans": [
          {
            "Node Type": "Nested Loop",
            "Parent Relationship": "Outer",
            "Parallel Aware": false,
            "Async Capable": false,
            "Join Type": "Inner",
            "Startup Cost": 111919.38,
            "Total Cost": 264858.5,
            "Plan Rows": 702849,
            "Plan Width": 19,
            "Actual Startup Time": 673.995,
            "Actual Total Time": 3550.723,
            "Actual Rows": 702849,
            "Actual Loops": 1,
            "Output": [
              "mc.company_id",
              "n.name"
            ],
            "Inner Unique": false,
            "Plans": [
              {
                "Node Type": "Hash Join",
                "Parent Relationship": "Outer",
                "Parallel Aware": false,
                "Async Capable": false,
                "Join Type": "Inner",
                "Startup Cost": 111918.95,
                "Total Cost": 211655.79,
                "Plan Rows": 93315,
                "Plan Width": 27,
                "Actual Startup Time": 672.44,
                "Actual Total Time": 2925.007,
                "Actual Rows": 93315,
                "Actual Loops": 1,
                "Output": [
                  "ci.movie_id",
                  "mk.movie_id",
                  "n.name",
                  "t.id"
                ],
                "Inner Unique": true,
                "Hash Cond": "(ci.person_id = n.id)",
                "Plans": [
                  {
                    "Node Type": "Nested Loop",
                    "Parent Relationship": "Outer",
                    "Parallel Aware": false,
                    "Async Capable": false,
                    "Join Type": "Inner",
                    "Startup Cost": 1.72,
                    "Total Cost": 97012.79,
                    "Plan Rows": 1038393,
                    "Plan Width": 16,
                    "Actual Startup Time": 0.238,
                    "Actual Total Time": 1958.124,
                    "Actual Rows": 1038393,
                    "Actual Loops": 1,
                    "Output": [
                      "ci.person_id",
                      "ci.movie_id",
                      "mk.movie_id",
                      "t.id"
                    ],
                    "Inner Unique": false,
                    "Join Filter": "(ci.movie_id = t.id)",
                    "Rows Removed by Join Filter": 0,
                    "Plans": [
                      {
                        "Node Type": "Nested Loop",
                        "Parent Relationship": "Outer",
                        "Parallel Aware": false,
                        "Async Capable": false,
                        "Join Type": "Inner",
                        "Startup Cost": 1.28,
                        "Total Cost": 20204.78,
                        "Plan Rows": 41840,
                        "Plan Width": 8,
                        "Actual Startup Time": 0.174,
                        "Actual Total Time": 203.695,
                        "Actual Rows": 41840,
                        "Actual Loops": 1,
                        "Output": [
                          "mk.movie_id",
                          "t.id"
                        ],
                        "Inner Unique": true,
                        "Plans": [
                          {
                            "Node Type": "Nested Loop",
                            "Parent Relationship": "Outer",
                            "Parallel Aware": false,
                            "Async Capable": false,
                            "Join Type": "Inner",
                            "Startup Cost": 0.85,
                            "Total Cost": 1224.82,
                            "Plan Rows": 41840,
                            "Plan Width": 4,
                            "Actual Startup Time": 0.136,
                            "Actual Total Time": 59.254,
                            "Actual Rows": 41840,
                            "Actual Loops": 1,
                            "Output": [
                              "mk.movie_id"
                            ],
                            "Inner Unique": false,
                            "Plans": [
                              {
                                "Node Type": "Index Scan",
                                "Parent Relationship": "Outer",
                                "Parallel Aware": false,
                                "Async Capable": false,
                                "Scan Direction": "Forward",
                                "Index Name": "idx_keyword_keyword",
                                "Relation Name": "keyword",
                                "Schema": "public",
                                "Alias": "k",
                                "Startup Cost": 0.42,
                                "Total Cost": 8.44,
                                "Plan Rows": 1,
                                "Plan Width": 4,
                                "Actual Startup Time": 0.056,
                                "Actual Total Time": 0.057,
                                "Actual Rows": 1,
                                "Actual Loops": 1,
                                "Output": [
                                  "k.id",
                                  "k.keyword",
                                  "k.phonetic_code"
                                ],
                                "Index Cond": "((k.keyword)::text = 'character-name-in-title'::text)",
                                "Rows Removed by Index Recheck": 0
                              },
                              {
                                "Node Type": "Index Scan",
                                "Parent Relationship": "Inner",
                                "Parallel Aware": false,
                                "Async Capable": false,
                                "Scan Direction": "Forward",
                                "Index Name": "idx_movie_keyword_keyword_id",
                                "Relation Name": "movie_keyword",
                                "Schema": "public",
                                "Alias": "mk",
                                "Startup Cost": 0.43,
                                "Total Cost": 1213.36,
                                "Plan Rows": 302,
                                "Plan Width": 8,
                                "Actual Startup Time": 0.038,
                                "Actual Total Time": 48.397,
                                "Actual Rows": 41840,
                                "Actual Loops": 1,
                                "Output": [
                                  "mk.id",
                                  "mk.movie_id",
                                  "mk.keyword_id"
                                ],
                                "Index Cond": "(mk.keyword_id = k.id)",
                                "Rows Removed by Index Recheck": 0
                              }
                            ]
                          },
                          {
                            "Node Type": "Index Only Scan",
                            "Parent Relationship": "Inner",
                            "Parallel Aware": false,
                            "Async Capable": false,
                            "Scan Direction": "Forward",
                            "Index Name": "idx_title_id",
                            "Relation Name": "title",
                            "Schema": "public",
                            "Alias": "t",
                            "Startup Cost": 0.43,
                            "Total Cost": 0.45,
                            "Plan Rows": 1,
                            "Plan Width": 4,
                            "Actual Startup Time": 0.003,
                            "Actual Total Time": 0.003,
                            "Actual Rows": 1,
                            "Actual Loops": 41840,
                            "Output": [
                              "t.id"
                            ],
                            "Index Cond": "(t.id = mk.movie_id)",
                            "Rows Removed by Index Recheck": 0,
                            "Heap Fetches": 0
                          }
                        ]
                      },
                      {
                        "Node Type": "Index Scan",
                        "Parent Relationship": "Inner",
                        "Parallel Aware": false,
                        "Async Capable": false,
                        "Scan Direction": "Forward",
                        "Index Name": "idx_cast_info_movie_id",
                        "Relation Name": "cast_info",
                        "Schema": "public",
                        "Alias": "ci",
                        "Startup Cost": 0.44,
                        "Total Cost": 1.36,
                        "Plan Rows": 38,
                        "Plan Width": 8,
                        "Actual Startup Time": 0.004,
                        "Actual Total Time": 0.036,
                        "Actual Rows": 25,
                        "Actual Loops": 41840,
                        "Output": [
                          "ci.id",
                          "ci.person_id",
                          "ci.movie_id",
                          "ci.person_role_id",
                          "ci.note",
                          "ci.nr_order",
                          "ci.role_id"
                        ],
                        "Index Cond": "(ci.movie_id = mk.movie_id)",
                        "Rows Removed by Index Recheck": 0
                      }
                    ]
                  },
                  {
                    "Node Type": "Hash",
                    "Parent Relationship": "Inner",
                    "Parallel Aware": false,
                    "Async Capable": false,
                    "Startup Cost": 107707.64,
                    "Total Cost": 107707.64,
                    "Plan Rows": 336767,
                    "Plan Width": 19,
                    "Actual Startup Time": 669.206,
                    "Actual Total Time": 669.207,
                    "Actual Rows": 343399,
                    "Actual Loops": 1,
                    "Output": [
                      "n.name",
                      "n.id"
                    ],
                    "Hash Buckets": 524288,
                    "Original Hash Buckets": 524288,
                    "Hash Batches": 1,
                    "Original Hash Batches": 1,
                    "Peak Memory Usage": 21878,
                    "Plans": [
                      {
                        "Node Type": "Seq Scan",
                        "Parent Relationship": "Outer",
                        "Parallel Aware": false,
                        "Async Capable": false,
                        "Relation Name": "name",
                        "Schema": "public",
                        "Alias": "n",
                        "Startup Cost": 0.0,
                        "Total Cost": 107707.64,
                        "Plan Rows": 336767,
                        "Plan Width": 19,
                        "Actual Startup Time": 10.338,
                        "Actual Total Time": 570.179,
                        "Actual Rows": 343399,
                        "Actual Loops": 1,
                        "Output": [
                          "n.name",
                          "n.id"
                        ],
                        "Filter": "((n.name)::text ~~ 'B%'::text)",
                        "Rows Removed by Filter": 3824092
                      }
                    ]
                  }
                ]
              },
              {
                "Node Type": "Index Scan",
                "Parent Relationship": "Inner",
                "Parallel Aware": false,
                "Async Capable": false,
                "Scan Direction": "Forward",
                "Index Name": "idx_movie_companies_movie_id",
                "Relation Name": "movie_companies",
                "Schema": "public",
                "Alias": "mc",
                "Startup Cost": 0.43,
                "Total Cost": 0.52,
                "Plan Rows": 5,
                "Plan Width": 8,
                "Actual Startup Time": 0.003,
                "Actual Total Time": 0.005,
                "Actual Rows": 8,
                "Actual Loops": 93315,
                "Output": [
                  "mc.id",
                  "mc.movie_id",
                  "mc.company_id",
                  "mc.company_type_id",
                  "mc.note"
                ],
                "Index Cond": "(mc.movie_id = ci.movie_id)",
                "Rows Removed by Index Recheck": 0
              }
            ]
          },
          {
            "Node Type": "Hash",
            "Parent Relationship": "Inner",
            "Parallel Aware": false,
            "Async Capable": false,
            "Startup Cost": 5932.46,
            "Total Cost": 5932.46,
            "Plan Rows": 84505,
            "Plan Width": 4,
            "Actual Startup Time": 101.569,
            "Actual Total Time": 101.57,
            "Actual Rows": 84843,
            "Actual Loops": 1,
            "Output": [
              "cn.id"
            ],
            "Hash Buckets": 131072,
            "Original Hash Buckets": 131072,
            "Hash Batches": 1,
            "Original Hash Batches": 1,
            "Peak Memory Usage": 4007,
            "Plans": [
              {
                "Node Type": "Seq Scan",
                "Parent Relationship": "Outer",
                "Parallel Aware": false,
                "Async Capable": false,
                "Relation Name": "company_name",
                "Schema": "public",
                "Alias": "cn",
                "Startup Cost": 0.0,
                "Total Cost": 5932.46,
                "Plan Rows": 84505,
                "Plan Width": 4,
                "Actual Startup Time": 30.91,
                "Actual Total Time": 84.536,
                "Actual Rows": 84843,
                "Actual Loops": 1,
                "Output": [
                  "cn.id"
                ],
                "Filter": "((cn.country_code)::text = '[us]'::text)",
                "Rows Removed by Filter": 150154
              }
            ]
          }
        ]
      }
    ]
  },
  "Planning Time": 9.836,
  "Triggers": [],
  "JIT": {
    "Functions": 43,
    "Options": {
      "Inlining": false,
      "Optimization": false,
      "Expressions": true,
      "Deforming": true
    },
    "Timing": {
      "Generation": 2.728,
      "Inlining": 0.0,
      "Optimization": 0.92,
      "Emission": 30.143,
      "Total": 33.791
    }
  },
  "Execution Time": 3910.044
}