{
  "Plan": {
    "Node Type": "Aggregate",
    "Strategy": "Plain",
    "Partial Mode": "Simple",
    "Parallel Aware": false,
    "Async Capable": false,
    "Startup Cost": 247.5,
    "Total Cost": 247.51,
    "Plan Rows": 1,
    "Plan Width": 96,
    "Actual Startup Time": 9.522,
    "Actual Total Time": 9.529,
    "Actual Rows": 1,
    "Actual Loops": 1,
    "Output": [
      "min((chn.name)::text)",
      "min((n.name)::text)",
      "min((t.title)::text)"
    ],
    "Plans": [
      {
        "Node Type": "Hash Join",
        "Parent Relationship": "Outer",
        "Parallel Aware": false,
        "Async Capable": false,
        "Join Type": "Inner",
        "Startup Cost": 7.57,
        "Total Cost": 235.35,
        "Plan Rows": 1620,
        "Plan Width": 48,
        "Actual Startup Time": 1.238,
        "Actual Total Time": 8.954,
        "Actual Rows": 1620,
        "Actual Loops": 1,
        "Output": [
          "chn.name",
          "n.name",
          "t.title"
        ],
        "Inner Unique": true,
        "Hash Cond": "(pi.info_type_id = it3.id)",
        "Plans": [
          {
            "Node Type": "Nested Loop",
            "Parent Relationship": "Outer",
            "Parallel Aware": false,
            "Async Capable": false,
            "Join Type": "Inner",
            "Startup Cost": 5.14,
            "Total Cost": 219.61,
            "Plan Rows": 4890,
            "Plan Width": 52,
            "Actual Startup Time": 1.159,
            "Actual Total Time": 8.139,
            "Actual Rows": 4890,
            "Actual Loops": 1,
            "Output": [
              "chn.name",
              "n.name",
              "pi.info_type_id",
              "t.title"
            ],
            "Inner Unique": false,
            "Join Filter": "(n.id = pi.person_id)",
            "Rows Removed by Join Filter": 0,
            "Plans": [
              {
                "Node Type": "Nested Loop",
                "Parent Relationship": "Outer",
                "Parallel Aware": false,
                "Async Capable": false,
                "Join Type": "Inner",
                "Startup Cost": 4.71,
                "Total Cost": 177.77,
                "Plan Rows": 30,
                "Plan Width": 60,
                "Actual Startup Time": 1.103,
                "Actual Total Time": 5.573,
                "Actual Rows": 30,
                "Actual Loops": 1,
                "Output": [
                  "an.person_id",
                  "ci.person_id",
                  "chn.name",
                  "n.name",
                  "n.id",
                  "t.title"
                ],
                "Inner Unique": false,
                "Join Filter": "(an.person_id = n.id)",
                "Rows Removed by Join Filter": 0,
                "Plans": [
                  {
                    "Node Type": "Nested Loop",
                    "Parent Relationship": "Outer",
                    "Parallel Aware": false,
                    "Async Capable": false,
                    "Join Type": "Inner",
                    "Startup Cost": 4.29,
                    "Total Cost": 172.82,
                    "Plan Rows": 10,
                    "Plan Width": 56,
                    "Actual Startup Time": 1.066,
                    "Actual Total Time": 5.491,
                    "Actual Rows": 10,
                    "Actual Loops": 1,
                    "Output": [
                      "ci.person_id",
                      "chn.name",
                      "n.name",
                      "n.id",
                      "t.title"
                    ],
                    "Inner Unique": false,
                    "Join Filter": "(it.id = mi.info_type_id)",
                    "Rows Removed by Join Filter": 0,
                    "Plans": [
                      {
                        "Node Type": "Seq Scan",
                        "Parent Relationship": "Outer",
                        "Parallel Aware": false,
                        "Async Capable": false,
                        "Relation Name": "info_type",
                        "Schema": "public",
                        "Alias": "it",
                        "Startup Cost": 0.0,
                        "Total Cost": 2.41,
                        "Plan Rows": 1,
                        "Plan Width": 4,
                        "Actual Startup Time": 0.005,
                        "Actual Total Time": 0.016,
                        "Actual Rows": 1,
                        "Actual Loops": 1,
                        "Output": [
                          "it.id",
                          "it.info"
                        ],
                        "Filter": "((it.info)::text = 'release dates'::text)",
                        "Rows Removed by Filter": 112
                      },
                      {
                        "Node Type": "Nested Loop",
                        "Parent Relationship": "Inner",
                        "Parallel Aware": false,
                        "Async Capable": false,
                        "Join Type": "Inner",
                        "Startup Cost": 4.29,
                        "Total Cost": 170.28,
                        "Plan Rows": 10,
                        "Plan Width": 60,
                        "Actual Startup Time": 1.058,
                        "Actual Total Time": 5.468,
                        "Actual Rows": 10,
                        "Actual Loops": 1,
                        "Output": [
                          "ci.person_id",
                          "chn.name",
                          "mi.info_type_id",
                          "n.name",
                          "n.id",
                          "t.title"
                        ],
                        "Inner Unique": false,
                        "Join Filter": "(mi.movie_id = t.id)",
                        "Rows Removed by Join Filter": 0,
                        "Plans": [
                          {
                            "Node Type": "Nested Loop",
                            "Parent Relationship": "Outer",
                            "Parallel Aware": false,
                            "Async Capable": false,
                            "Join Type": "Inner",
                            "Startup Cost": 3.85,
                            "Total Cost": 162.63,
                            "Plan Rows": 5,
                            "Plan Width": 76,
                            "Actual Startup Time": 0.904,
                            "Actual Total Time": 4.185,
                            "Actual Rows": 5,
                            "Actual Loops": 1,
                            "Output": [
                              "cc.movie_id",
                              "ci.movie_id",
                              "ci.person_id",
                              "chn.name",
                              "mc.movie_id",
                              "mk.movie_id",
                              "n.name",
                              "n.id",
                              "t.title",
                              "t.id"
                            ],
                            "Inner Unique": true,
                            "Plans": [
                              {
                                "Node Type": "Nested Loop",
                                "Parent Relationship": "Outer",
                                "Parallel Aware": false,
                                "Async Capable": false,
                                "Join Type": "Inner",
                                "Startup Cost": 3.43,
                                "Total Cost": 152.83,
                                "Plan Rows": 22,
                                "Plan Width": 80,
                                "Actual Startup Time": 0.872,
                                "Actual Total Time": 3.706,
                                "Actual Rows": 22,
                                "Actual Loops": 1,
                                "Output": [
                                  "cc.movie_id",
                                  "ci.movie_id",
                                  "ci.person_id",
                                  "chn.name",
                                  "mc.movie_id",
                                  "mc.company_id",
                                  "mk.movie_id",
                                  "n.name",
                                  "n.id",
                                  "t.title",
                                  "t.id"
                                ],
                                "Inner Unique": false,
                                "Join Filter": "(mc.movie_id = t.id)",
                                "Rows Removed by Join Filter": 0,
                                "Plans": [
                                  {
                                    "Node Type": "Nested Loop",
                                    "Parent Relationship": "Outer",
                                    "Parallel Aware": false,
                                    "Async Capable": false,
                                    "Join Type": "Inner",
                                    "Startup Cost": 3.0,
                                    "Total Cost": 152.23,
                                    "Plan Rows": 1,
                                    "Plan Width": 72,
                                    "Actual Startup Time": 0.82,
                                    "Actual Total Time": 3.62,
                                    "Actual Rows": 1,
                                    "Actual Loops": 1,
                                    "Output": [
                                      "cc.movie_id",
                                      "ci.movie_id",
                                      "ci.person_id",
                                      "chn.name",
                                      "mk.movie_id",
                                      "n.name",
                                      "n.id",
                                      "t.title",
                                      "t.id"
                                    ],
                                    "Inner Unique": true,
                                    "Plans": [
                                      {
                                        "Node Type": "Nested Loop",
                                        "Parent Relationship": "Outer",
                                        "Parallel Aware": false,
                                        "Async Capable": false,
                                        "Join Type": "Inner",
                                        "Startup Cost": 2.57,
                                        "Total Cost": 151.44,
                                        "Plan Rows": 1,
                                        "Plan Width": 53,
                                        "Actual Startup Time": 0.758,
                                        "Actual Total Time": 3.557,
                                        "Actual Rows": 1,
                                        "Actual Loops": 1,
                                        "Output": [
                                          "cc.movie_id",
                                          "ci.movie_id",
                                          "ci.person_id",
                                          "chn.name",
                                          "mk.movie_id",
                                          "t.title",
                                          "t.id"
                                        ],
                                        "Inner Unique": true,
                                        "Plans": [
                                          {
                                            "Node Type": "Nested Loop",
                                            "Parent Relationship": "Outer",
                                            "Parallel Aware": false,
                                            "Async Capable": false,
                                            "Join Type": "Inner",
                                            "Startup Cost": 2.14,
                                            "Total Cost": 143.77,
                                            "Plan Rows": 11,
                                            "Plan Width": 41,
                                            "Actual Startup Time": 0.695,
                                            "Actual Total Time": 3.085,
                                            "Actual Rows": 11,
                                            "Actual Loops": 1,
                                            "Output": [
                                              "cc.movie_id",
                                              "ci.movie_id",
                                              "ci.person_id",
                                              "ci.person_role_id",
                                              "mk.movie_id",
                                              "t.title",
                                              "t.id"
                                            ],
                                            "Inner Unique": false,
                                            "Join Filter": "(ci.role_id = rt.id)",
                                            "Rows Removed by Join Filter": 27,
                                            "Plans": [
                                              {
                                                "Node Type": "Seq Scan",
                                                "Parent Relationship": "Outer",
                                                "Parallel Aware": false,
                                                "Async Capable": false,
                                                "Relation Name": "role_type",
                                                "Schema": "public",
                                                "Alias": "rt",
                                                "Startup Cost": 0.0,
                                                "Total Cost": 1.15,
                                                "Plan Rows": 1,
                                                "Plan Width": 4,
                                                "Actual Startup Time": 0.015,
                                                "Actual Total Time": 0.019,
                                                "Actual Rows": 1,
                                                "Actual Loops": 1,
                                                "Output": [
                                                  "rt.id",
                                                  "rt.role"
                                                ],
                                                "Filter": "((rt.role)::text = 'actress'::text)",
                                                "Rows Removed by Filter": 11
                                              },
                                              {
                                                "Node Type": "Nested Loop",
                                                "Parent Relationship": "Inner",
                                                "Parallel Aware": false,
                                                "Async Capable": false,
                                                "Join Type": "Inner",
                                                "Startup Cost": 2.14,
                                                "Total Cost": 142.15,
                                                "Plan Rows": 38,
                                                "Plan Width": 45,
                                                "Actual Startup Time": 0.376,
                                                "Actual Total Time": 3.058,
                                                "Actual Rows": 38,
                                                "Actual Loops": 1,
                                                "Output": [
                                                  "cc.movie_id",
                                                  "ci.movie_id",
                                                  "ci.person_id",
                                                  "ci.role_id",
                                                  "ci.person_role_id",
                                                  "mk.movie_id",
                                                  "t.title",
                                                  "t.id"
                                                ],
                                                "Inner Unique": false,
                                                "Join Filter": "(ci.movie_id = t.id)",
                                                "Rows Removed by Join Filter": 0,
                                                "Plans": [
                                                  {
                                                    "Node Type": "Nested Loop",
                                                    "Parent Relationship": "Outer",
                                                    "Parallel Aware": false,
                                                    "Async Capable": false,
                                                    "Join Type": "Inner",
                                                    "Startup Cost": 1.7,
                                                    "Total Cost": 140.63,
                                                    "Plan Rows": 1,
                                                    "Plan Width": 29,
                                                    "Actual Startup Time": 0.314,
                                                    "Actual Total Time": 0.397,
                                                    "Actual Rows": 1,
                                                    "Actual Loops": 1,
                                                    "Output": [
                                                      "cc.movie_id",
                                                      "mk.movie_id",
                                                      "t.title",
                                                      "t.id"
                                                    ],
                                                    "Inner Unique": true,
                                                    "Join Filter": "(cc.status_id = cct2.id)",
                                                    "Rows Removed by Join Filter": 0,
                                                    "Plans": [
                                                      {
                                                        "Node Type": "Nested Loop",
                                                        "Parent Relationship": "Outer",
                                                        "Parallel Aware": false,
                                                        "Async Capable": false,
                                                        "Join Type": "Inner",
                                                        "Startup Cost": 1.7,
                                                        "Total Cost": 139.57,
                                                        "Plan Rows": 1,
                                                        "Plan Width": 33,
                                                        "Actual Startup Time": 0.311,
                                                        "Actual Total Time": 0.393,
                                                        "Actual Rows": 1,
                                                        "Actual Loops": 1,
                                                        "Output": [
                                                          "cc.movie_id",
                                                          "cc.status_id",
                                                          "mk.movie_id",
                                                          "t.title",
                                                          "t.id"
                                                        ],
                                                        "Inner Unique": true,
                                                        "Join Filter": "(cc.subject_id = cct1.id)",
                                                        "Rows Removed by Join Filter": 0,
                                                        "Plans": [
                                                          {
                                                            "Node Type": "Nested Loop",
                                                            "Parent Relationship": "Outer",
                                                            "Parallel Aware": false,
                                                            "Async Capable": false,
                                                            "Join Type": "Inner",
                                                            "Startup Cost": 1.7,
                                                            "Total Cost": 138.51,
                                                            "Plan Rows": 1,
                                                            "Plan Width": 37,
                                                            "Actual Startup Time": 0.3,
                                                            "Actual Total Time": 0.382,
                                                            "Actual Rows": 1,
                                                            "Actual Loops": 1,
                                                            "Output": [
                                                              "cc.movie_id",
                                                              "cc.subject_id",
                                                              "cc.status_id",
                                                              "mk.movie_id",
                                                              "t.title",
                                                              "t.id"
                                                            ],
                                                            "Inner Unique": false,
                                                            "Join Filter": "(cc.movie_id = t.id)",
                                                            "Rows Removed by Join Filter": 0,
                                                            "Plans": [
                                                              {
                                                                "Node Type": "Nested Loop",
                                                                "Parent Relationship": "Outer",
                                                                "Parallel Aware": false,
                                                                "Async Capable": false,
                                                                "Join Type": "Inner",
                                                                "Startup Cost": 1.28,
                                                                "Total Cost": 138.02,
                                                                "Plan Rows": 1,
                                                                "Plan Width": 25,
                                                                "Actual Startup Time": 0.263,
                                                                "Actual Total Time": 0.343,
                                                                "Actual Rows": 1,
                                                                "Actual Loops": 1,
                                                                "Output": [
                                                                  "mk.movie_id",
                                                                  "t.title",
                                                                  "t.id"
                                                                ],
                                                                "Inner Unique": false,
                                                                "Join Filter": "(k.id = mk.keyword_id)",
                                                                "Rows Removed by Join Filter": 135,
                                                                "Plans": [
                                                                  {
                                                                    "Node Type": "Index Scan",
                                                                    "Parent Relationship": "Outer",
                                                                    "Parallel Aware": false,
                                                                    "Async Capable": false,
                                                                    "Scan Direction": "Forward",
                                                                    "Index Name": "idx_keyword_keyword",
                                                                    "Relation Name": "keyword",
                                                                    "Schema": "public",
                                                                    "Alias": "k",
                                                                    "Startup Cost": 0.42,
                                                                    "Total Cost": 8.44,
                                                                    "Plan Rows": 1,
                                                                    "Plan Width": 4,
                                                                    "Actual Startup Time": 0.072,
                                                                    "Actual Total Time": 0.073,
                                                                    "Actual Rows": 1,
                                                                    "Actual Loops": 1,
                                                                    "Output": [
                                                                      "k.id",
                                                                      "k.keyword",
                                                                      "k.phonetic_code"
                                                                    ],
                                                                    "Index Cond": "((k.keyword)::text = 'computer-animation'::text)",
                                                                    "Rows Removed by Index Recheck": 0
                                                                  },
                                                                  {
                                                                    "Node Type": "Nested Loop",
                                                                    "Parent Relationship": "Inner",
                                                                    "Parallel Aware": false,
                                                                    "Async Capable": false,
                                                                    "Join Type": "Inner",
                                                                    "Startup Cost": 0.86,
                                                                    "Total Cost": 127.89,
                                                                    "Plan Rows": 136,
                                                                    "Plan Width": 29,
                                                                    "Actual Startup Time": 0.18,
                                                                    "Actual Total Time": 0.259,
                                                                    "Actual Rows": 136,
                                                                    "Actual Loops": 1,
                                                                    "Output": [
                                                                      "mk.movie_id",
                                                                      "mk.keyword_id",
                                                                      "t.title",
                                                                      "t.id"
                                                                    ],
                                                                    "Inner Unique": false,
                                                                    "Plans": [
                                                                      {
                                                                        "Node Type": "Index Scan",
                                                                        "Parent Relationship": "Outer",
                                                                        "Parallel Aware": false,
                                                                        "Async Capable": false,
                                                                        "Scan Direction": "Forward",
                                                                        "Index Name": "idx_title_title",
                                                                        "Relation Name": "title",
                                                                        "Schema": "public",
                                                                        "Alias": "t",
                                                                        "Startup Cost": 0.43,
                                                                        "Total Cost": 58.94,
                                                                        "Plan Rows": 7,
                                                                        "Plan Width": 21,
                                                                        "Actual Startup Time": 0.067,
                                                                        "Actual Total Time": 0.1,
                                                                        "Actual Rows": 3,
                                                                        "Actual Loops": 1,
                                                                        "Output": [
                                                                          "t.id",
                                                                          "t.title",
                                                                          "t.imdb_index",
                                                                          "t.kind_id",
                                                                          "t.production_year",
                                                                          "t.imdb_id",
                                                                          "t.phonetic_code",
                                                                          "t.episode_of_id",
                                                                          "t.season_nr",
                                                                          "t.episode_nr",
                                                                          "t.series_years",
                                                                          "t.md5sum"
                                                                        ],
                                                                        "Index Cond": "((t.title)::text = 'Shrek 2'::text)",
                                                                        "Rows Removed by Index Recheck": 0,
                                                                        "Filter": "((t.production_year >= 2000) AND (t.production_year <= 2010))",
                                                                        "Rows Removed by Filter": 0
                                                                      },
                                                                      {
                                                                        "Node Type": "Index Scan",
                                                                        "Parent Relationship": "Inner",
                                                                        "Parallel Aware": false,
                                                                        "Async Capable": false,
                                                                        "Scan Direction": "Forward",
                                                                        "Index Name": "idx_movie_keyword_movie_id",
                                                                        "Relation Name": "movie_keyword",
                                                                        "Schema": "public",
                                                                        "Alias": "mk",
                                                                        "Startup Cost": 0.43,
                                                                        "Total Cost": 9.39,
                                                                        "Plan Rows": 46,
                                                                        "Plan Width": 8,
                                                                        "Actual Startup Time": 0.032,
                                                                        "Actual Total Time": 0.043,
                                                                        "Actual Rows": 45,
                                                                        "Actual Loops": 3,
                                                                        "Output": [
                                                                          "mk.id",
                                                                          "mk.movie_id",
                                                                          "mk.keyword_id"
                                                                        ],
                                                                        "Index Cond": "(mk.movie_id = t.id)",
                                                                        "Rows Removed by Index Recheck": 0
                                                                      }
                                                                    ]
                                                                  }
                                                                ]
                                                              },
                                                              {
                                                                "Node Type": "Index Scan",
                                                                "Parent Relationship": "Inner",
                                                                "Parallel Aware": false,
                                                                "Async Capable": false,
                                                                "Scan Direction": "Forward",
                                                                "Index Name": "idx_complete_cast_movie_id",
                                                                "Relation Name": "complete_cast",
                                                                "Schema": "public",
                                                                "Alias": "cc",
                                                                "Startup Cost": 0.42,
                                                                "Total Cost": 0.46,
                                                                "Plan Rows": 2,
                                                                "Plan Width": 12,
                                                                "Actual Startup Time": 0.035,
                                                                "Actual Total Time": 0.037,
                                                                "Actual Rows": 1,
                                                                "Actual Loops": 1,
                                                                "Output": [
                                                                  "cc.id",
                                                                  "cc.movie_id",
                                                                  "cc.subject_id",
                                                                  "cc.status_id"
                                                                ],
                                                                "Index Cond": "(cc.movie_id = mk.movie_id)",
                                                                "Rows Removed by Index Recheck": 0
                                                              }
                                                            ]
                                                          },
                                                          {
                                                            "Node Type": "Seq Scan",
                                                            "Parent Relationship": "Inner",
                                                            "Parallel Aware": false,
                                                            "Async Capable": false,
                                                            "Relation Name": "comp_cast_type",
                                                            "Schema": "public",
                                                            "Alias": "cct1",
                                                            "Startup Cost": 0.0,
                                                            "Total Cost": 1.05,
                                                            "Plan Rows": 1,
                                                            "Plan Width": 4,
                                                            "Actual Startup Time": 0.01,
                                                            "Actual Total Time": 0.01,
                                                            "Actual Rows": 1,
                                                            "Actual Loops": 1,
                                                            "Output": [
                                                              "cct1.id",
                                                              "cct1.kind"
                                                            ],
                                                            "Filter": "((cct1.kind)::text = 'cast'::text)",
                                                            "Rows Removed by Filter": 0
                                                          }
                                                        ]
                                                      },
                                                      {
                                                        "Node Type": "Seq Scan",
                                                        "Parent Relationship": "Inner",
                                                        "Parallel Aware": false,
                                                        "Async Capable": false,
                                                        "Relation Name": "comp_cast_type",
                                                        "Schema": "public",
                                                        "Alias": "cct2",
                                                        "Startup Cost": 0.0,
                                                        "Total Cost": 1.05,
                                                        "Plan Rows": 1,
                                                        "Plan Width": 4,
                                                        "Actual Startup Time": 0.002,
                                                        "Actual Total Time": 0.002,
                                                        "Actual Rows": 1,
                                                        "Actual Loops": 1,
                                                        "Output": [
                                                          "cct2.id",
                                                          "cct2.kind"
                                                        ],
                                                        "Filter": "((cct2.kind)::text = 'complete+verified'::text)",
                                                        "Rows Removed by Filter": 3
                                                      }
                                                    ]
                                                  },
                                                  {
                                                    "Node Type": "Index Scan",
                                                    "Parent Relationship": "Inner",
                                                    "Parallel Aware": false,
                                                    "Async Capable": false,
                                                    "Scan Direction": "Forward",
                                                    "Index Name": "idx_cast_info_movie_id",
                                                    "Relation Name": "cast_info",
                                                    "Schema": "public",
                                                    "Alias": "ci",
                                                    "Startup Cost": 0.44,
                                                    "Total Cost": 1.5,
                                                    "Plan Rows": 1,
                                                    "Plan Width": 16,
                                                    "Actual Startup Time": 0.061,
                                                    "Actual Total Time": 2.648,
                                                    "Actual Rows": 38,
                                                    "Actual Loops": 1,
                                                    "Output": [
                                                      "ci.id",
                                                      "ci.person_id",
                                                      "ci.movie_id",
                                                      "ci.person_role_id",
                                                      "ci.note",
                                                      "ci.nr_order",
                                                      "ci.role_id"
                                                    ],
                                                    "Index Cond": "(ci.movie_id = mk.movie_id)",
                                                    "Rows Removed by Index Recheck": 0,
                                                    "Filter": "((ci.note)::text = ANY ('{(voice),\"(voice) (uncredited)\",\"(voice: English version)\"}'::text[]))",
                                                    "Rows Removed by Filter": 191
                                                  }
                                                ]
                                              }
                                            ]
                                          },
                                          {
                                            "Node Type": "Index Scan",
                                            "Parent Relationship": "Inner",
                                            "Parallel Aware": false,
                                            "Async Capable": false,
                                            "Scan Direction": "Forward",
                                            "Index Name": "idx_char_name_id",
                                            "Relation Name": "char_name",
                                            "Schema": "public",
                                            "Alias": "chn",
                                            "Startup Cost": 0.43,
                                            "Total Cost": 0.68,
                                            "Plan Rows": 1,
                                            "Plan Width": 20,
                                            "Actual Startup Time": 0.042,
                                            "Actual Total Time": 0.042,
                                            "Actual Rows": 0,
                                            "Actual Loops": 11,
                                            "Output": [
                                              "chn.id",
                                              "chn.name",
                                              "chn.imdb_index",
                                              "chn.imdb_id",
                                              "chn.name_pcode_nf",
                                              "chn.surname_pcode",
                                              "chn.md5sum"
                                            ],
                                            "Index Cond": "(chn.id = ci.person_role_id)",
                                            "Rows Removed by Index Recheck": 0,
                                            "Filter": "((chn.name)::text = 'Queen'::text)",
                                            "Rows Removed by Filter": 1
                                          }
                                        ]
                                      },
                                      {
                                        "Node Type": "Index Scan",
                                        "Parent Relationship": "Inner",
                                        "Parallel Aware": false,
                                        "Async Capable": false,
                                        "Scan Direction": "Forward",
                                        "Index Name": "idx_name_id",
                                        "Relation Name": "name",
                                        "Schema": "public",
                                        "Alias": "n",
                                        "Startup Cost": 0.43,
                                        "Total Cost": 0.79,
                                        "Plan Rows": 1,
                                        "Plan Width": 19,
                                        "Actual Startup Time": 0.061,
                                        "Actual Total Time": 0.061,
                                        "Actual Rows": 1,
                                        "Actual Loops": 1,
                                        "Output": [
                                          "n.id",
                                          "n.name",
                                          "n.imdb_index",
                                          "n.imdb_id",
                                          "n.gender",
                                          "n.name_pcode_cf",
                                          "n.name_pcode_nf",
                                          "n.surname_pcode",
                                          "n.md5sum"
                                        ],
                                        "Index Cond": "(n.id = ci.person_id)",
                                        "Rows Removed by Index Recheck": 0,
                                        "Filter": "(((n.name)::text ~~ '%An%'::text) AND ((n.gender)::text = 'f'::text))",
                                        "Rows Removed by Filter": 0
                                      }
                                    ]
                                  },
                                  {
                                    "Node Type": "Index Scan",
                                    "Parent Relationship": "Inner",
                                    "Parallel Aware": false,
                                    "Async Capable": false,
                                    "Scan Direction": "Forward",
                                    "Index Name": "idx_movie_companies_movie_id",
                                    "Relation Name": "movie_companies",
                                    "Schema": "public",
                                    "Alias": "mc",
                                    "Startup Cost": 0.43,
                                    "Total Cost": 0.54,
                                    "Plan Rows": 5,
                                    "Plan Width": 8,
                                    "Actual Startup Time": 0.051,
                                    "Actual Total Time": 0.076,
                                    "Actual Rows": 22,
                                    "Actual Loops": 1,
                                    "Output": [
                                      "mc.id",
                                      "mc.movie_id",
                                      "mc.company_id",
                                      "mc.company_type_id",
                                      "mc.note"
                                    ],
                                    "Index Cond": "(mc.movie_id = mk.movie_id)",
                                    "Rows Removed by Index Recheck": 0
                                  }
                                ]
                              },
                              {
                                "Node Type": "Index Scan",
                                "Parent Relationship": "Inner",
                                "Parallel Aware": false,
                                "Async Capable": false,
                                "Scan Direction": "Forward",
                                "Index Name": "idx_company_name_id",
                                "Relation Name": "company_name",
                                "Schema": "public",
                                "Alias": "cn",
                                "Startup Cost": 0.42,
                                "Total Cost": 0.45,
                                "Plan Rows": 1,
                                "Plan Width": 4,
                                "Actual Startup Time": 0.021,
                                "Actual Total Time": 0.021,
                                "Actual Rows": 0,
                                "Actual Loops": 22,
                                "Output": [
                                  "cn.id",
                                  "cn.name",
                                  "cn.country_code",
                                  "cn.imdb_id",
                                  "cn.name_pcode_nf",
                                  "cn.name_pcode_sf",
                                  "cn.md5sum"
                                ],
                                "Index Cond": "(cn.id = mc.company_id)",
                                "Rows Removed by Index Recheck": 0,
                                "Filter": "((cn.country_code)::text = '[us]'::text)",
                                "Rows Removed by Filter": 1
                              }
                            ]
                          },
                          {
                            "Node Type": "Index Scan",
                            "Parent Relationship": "Inner",
                            "Parallel Aware": false,
                            "Async Capable": false,
                            "Scan Direction": "Forward",
                            "Index Name": "idx_movie_info_movie_id",
                            "Relation Name": "movie_info",
                            "Schema": "public",
                            "Alias": "mi",
                            "Startup Cost": 0.43,
                            "Total Cost": 1.52,
                            "Plan Rows": 1,
                            "Plan Width": 8,
                            "Actual Startup Time": 0.041,
                            "Actual Total Time": 0.255,
                            "Actual Rows": 2,
                            "Actual Loops": 5,
                            "Output": [
                              "mi.id",
                              "mi.movie_id",
                              "mi.info_type_id",
                              "mi.info",
                              "mi.note"
                            ],
                            "Index Cond": "(mi.movie_id = mk.movie_id)",
                            "Rows Removed by Index Recheck": 0,
                            "Filter": "((mi.info IS NOT NULL) AND (((mi.info)::text ~~ 'Japan:%200%'::text) OR ((mi.info)::text ~~ 'USA:%200%'::text)))",
                            "Rows Removed by Filter": 455
                          }
                        ]
                      }
                    ]
                  },
                  {
                    "Node Type": "Index Only Scan",
                    "Parent Relationship": "Inner",
                    "Parallel Aware": false,
                    "Async Capable": false,
                    "Scan Direction": "Forward",
                    "Index Name": "idx_aka_name_person_id",
                    "Relation Name": "aka_name",
                    "Schema": "public",
                    "Alias": "an",
                    "Startup Cost": 0.42,
                    "Total Cost": 0.47,
                    "Plan Rows": 2,
                    "Plan Width": 4,
                    "Actual Startup Time": 0.006,
                    "Actual Total Time": 0.007,
                    "Actual Rows": 3,
                    "Actual Loops": 10,
                    "Output": [
                      "an.person_id"
                    ],
                    "Index Cond": "(an.person_id = ci.person_id)",
                    "Rows Removed by Index Recheck": 0,
                    "Heap Fetches": 0
                  }
                ]
              },
              {
                "Node Type": "Index Scan",
                "Parent Relationship": "Inner",
                "Parallel Aware": false,
                "Async Capable": false,
                "Scan Direction": "Forward",
                "Index Name": "idx_person_info_person_id",
                "Relation Name": "person_info",
                "Schema": "public",
                "Alias": "pi",
                "Startup Cost": 0.43,
                "Total Cost": 1.09,
                "Plan Rows": 24,
                "Plan Width": 8,
                "Actual Startup Time": 0.005,
                "Actual Total Time": 0.044,
                "Actual Rows": 163,
                "Actual Loops": 30,
                "Output": [
                  "pi.id",
                  "pi.person_id",
                  "pi.info_type_id",
                  "pi.info",
                  "pi.note"
                ],
                "Index Cond": "(pi.person_id = an.person_id)",
                "Rows Removed by Index Recheck": 0
              }
            ]
          },
          {
            "Node Type": "Hash",
            "Parent Relationship": "Inner",
            "Parallel Aware": false,
            "Async Capable": false,
            "Startup Cost": 2.41,
            "Total Cost": 2.41,
            "Plan Rows": 1,
            "Plan Width": 4,
            "Actual Startup Time": 0.051,
            "Actual Total Time": 0.051,
            "Actual Rows": 1,
            "Actual Loops": 1,
            "Output": [
              "it3.id"
            ],
            "Hash Buckets": 1024,
            "Original Hash Buckets": 1024,
            "Hash Batches": 1,
            "Original Hash Batches": 1,
            "Peak Memory Usage": 9,
            "Plans": [
              {
                "Node Type": "Seq Scan",
                "Parent Relationship": "Outer",
                "Parallel Aware": false,
                "Async Capable": false,
                "Relation Name": "info_type",
                "Schema": "public",
                "Alias": "it3",
                "Startup Cost": 0.0,
                "Total Cost": 2.41,
                "Plan Rows": 1,
                "Plan Width": 4,
                "Actual Startup Time": 0.031,
                "Actual Total Time": 0.045,
                "Actual Rows": 1,
                "Actual Loops": 1,
                "Output": [
                  "it3.id"
                ],
                "Filter": "((it3.info)::text = 'trivia'::text)",
                "Rows Removed by Filter": 112
              }
            ]
          }
        ]
      }
    ]
  },
  "Planning Time": 117882.574,
  "Triggers": [],
  "Execution Time": 9.774
}