{
  "Plan": {
    "Node Type": "Aggregate",
    "Strategy": "Plain",
    "Partial Mode": "Simple",
    "Parallel Aware": false,
    "Async Capable": false,
    "Startup Cost": 20000316160.91,
    "Total Cost": 20000316160.92,
    "Plan Rows": 1,
    "Plan Width": 64,
    "Actual Startup Time": 1798.664,
    "Actual Total Time": 1798.671,
    "Actual Rows": 1,
    "Actual Loops": 1,
    "Output": [
      "min((n.name)::text)",
      "min((t.title)::text)"
    ],
    "Plans": [
      {
        "Node Type": "Nested Loop",
        "Parent Relationship": "Outer",
        "Parallel Aware": false,
        "Async Capable": false,
        "Join Type": "Inner",
        "Startup Cost": 20000000003.01,
        "Total Cost": 20000316160.9,
        "Plan Rows": 2,
        "Plan Width": 32,
        "Actual Startup Time": 760.185,
        "Actual Total Time": 1796.546,
        "Actual Rows": 3575,
        "Actual Loops": 1,
        "Output": [
          "n.name",
          "t.title"
        ],
        "Inner Unique": true,
        "Join Filter": "(it.id = mi.info_type_id)",
        "Rows Removed by Join Filter": 0,
        "Plans": [
          {
            "Node Type": "Nested Loop",
            "Parent Relationship": "Outer",
            "Parallel Aware": false,
            "Async Capable": false,
            "Join Type": "Inner",
            "Startup Cost": 10000000003.01,
            "Total Cost": 10000316155.51,
            "Plan Rows": 198,
            "Plan Width": 36,
            "Actual Startup Time": 760.151,
            "Actual Total Time": 1795.011,
            "Actual Rows": 3575,
            "Actual Loops": 1,
            "Output": [
              "mi.info_type_id",
              "n.name",
              "t.title"
            ],
            "Inner Unique": false,
            "Join Filter": "(ci.role_id = rt.id)",
            "Rows Removed by Join Filter": 0,
            "Plans": [
              {
                "Node Type": "Seq Scan",
                "Parent Relationship": "Outer",
                "Parallel Aware": false,
                "Async Capable": false,
                "Relation Name": "role_type",
                "Schema": "public",
                "Alias": "rt",
                "Startup Cost": 0.0,
                "Total Cost": 1.15,
                "Plan Rows": 1,
                "Plan Width": 4,
                "Actual Startup Time": 529.061,
                "Actual Total Time": 529.065,
                "Actual Rows": 1,
                "Actual Loops": 1,
                "Output": [
                  "rt.id",
                  "rt.role"
                ],
                "Filter": "((rt.role)::text = 'actress'::text)",
                "Rows Removed by Filter": 11
              },
              {
                "Node Type": "Nested Loop",
                "Parent Relationship": "Inner",
                "Parallel Aware": false,
                "Async Capable": false,
                "Join Type": "Inner",
                "Startup Cost": 3.01,
                "Total Cost": 316124.69,
                "Plan Rows": 2374,
                "Plan Width": 40,
                "Actual Startup Time": 231.081,
                "Actual Total Time": 1265.268,
                "Actual Rows": 3575,
                "Actual Loops": 1,
                "Output": [
                  "ci.role_id",
                  "mi.info_type_id",
                  "n.name",
                  "t.title"
                ],
                "Inner Unique": true,
                "Join Filter": "(mi.movie_id = t.id)",
                "Rows Removed by Join Filter": 0,
                "Plans": [
                  {
                    "Node Type": "Nested Loop",
                    "Parent Relationship": "Outer",
                    "Parallel Aware": false,
                    "Async Capable": false,
                    "Join Type": "Inner",
                    "Startup Cost": 2.58,
                    "Total Cost": 313827.02,
                    "Plan Rows": 4349,
                    "Plan Width": 35,
                    "Actual Startup Time": 231.032,
                    "Actual Total Time": 1252.527,
                    "Actual Rows": 4113,
                    "Actual Loops": 1,
                    "Output": [
                      "ci.movie_id",
                      "ci.role_id",
                      "mc.movie_id",
                      "mi.movie_id",
                      "mi.info_type_id",
                      "n.name"
                    ],
                    "Inner Unique": true,
                    "Plans": [
                      {
                        "Node Type": "Nested Loop",
                        "Parent Relationship": "Outer",
                        "Parallel Aware": false,
                        "Async Capable": false,
                        "Join Type": "Inner",
                        "Startup Cost": 2.16,
                        "Total Cost": 308451.04,
                        "Plan Rows": 12065,
                        "Plan Width": 39,
                        "Actual Startup Time": 230.84,
                        "Actual Total Time": 1218.497,
                        "Actual Rows": 13425,
                        "Actual Loops": 1,
                        "Output": [
                          "ci.movie_id",
                          "ci.role_id",
                          "mc.movie_id",
                          "mc.company_id",
                          "mi.movie_id",
                          "mi.info_type_id",
                          "n.name"
                        ],
                        "Inner Unique": true,
                        "Plans": [
                          {
                            "Node Type": "Nested Loop",
                            "Parent Relationship": "Outer",
                            "Parallel Aware": false,
                            "Async Capable": false,
                            "Join Type": "Inner",
                            "Startup Cost": 1.73,
                            "Total Cost": 296380.13,
                            "Plan Rows": 24758,
                            "Plan Width": 43,
                            "Actual Startup Time": 230.814,
                            "Actual Total Time": 1190.483,
                            "Actual Rows": 14188,
                            "Actual Loops": 1,
                            "Output": [
                              "ci.movie_id",
                              "ci.role_id",
                              "ci.person_role_id",
                              "mc.movie_id",
                              "mc.company_id",
                              "mi.movie_id",
                              "mi.info_type_id",
                              "n.name"
                            ],
                            "Inner Unique": false,
                            "Plans": [
                              {
                                "Node Type": "Nested Loop",
                                "Parent Relationship": "Outer",
                                "Parallel Aware": false,
                                "Async Capable": false,
                                "Join Type": "Inner",
                                "Startup Cost": 1.29,
                                "Total Cost": 236218.8,
                                "Plan Rows": 38163,
                                "Plan Width": 35,
                                "Actual Startup Time": 227.85,
                                "Actual Total Time": 798.978,
                                "Actual Rows": 19561,
                                "Actual Loops": 1,
                                "Output": [
                                  "ci.movie_id",
                                  "ci.role_id",
                                  "ci.person_role_id",
                                  "mc.movie_id",
                                  "mc.company_id",
                                  "n.name"
                                ],
                                "Inner Unique": false,
                                "Plans": [
                                  {
                                    "Node Type": "Nested Loop",
                                    "Parent Relationship": "Outer",
                                    "Parallel Aware": false,
                                    "Async Capable": false,
                                    "Join Type": "Inner",
                                    "Startup Cost": 0.86,
                                    "Total Cost": 226314.77,
                                    "Plan Rows": 14591,
                                    "Plan Width": 27,
                                    "Actual Startup Time": 227.796,
                                    "Actual Total Time": 765.761,
                                    "Actual Rows": 8204,
                                    "Actual Loops": 1,
                                    "Output": [
                                      "ci.movie_id",
                                      "ci.role_id",
                                      "ci.person_role_id",
                                      "n.name"
                                    ],
                                    "Inner Unique": false,
                                    "Join Filter": "(ci.person_id = n.id)",
                                    "Rows Removed by Join Filter": 0,
                                    "Plans": [
                                      {
                                        "Node Type": "Nested Loop",
                                        "Parent Relationship": "Outer",
                                        "Parallel Aware": false,
                                        "Async Capable": false,
                                        "Join Type": "Inner",
                                        "Startup Cost": 0.42,
                                        "Total Cost": 140694.36,
                                        "Plan Rows": 6364,
                                        "Plan Width": 23,
                                        "Actual Startup Time": 224.666,
                                        "Actual Total Time": 632.924,
                                        "Actual Rows": 10525,
                                        "Actual Loops": 1,
                                        "Output": [
                                          "an.person_id",
                                          "n.name",
                                          "n.id"
                                        ],
                                        "Inner Unique": false,
                                        "Plans": [
                                          {
                                            "Node Type": "Seq Scan",
                                            "Parent Relationship": "Outer",
                                            "Parallel Aware": false,
                                            "Async Capable": false,
                                            "Relation Name": "name",
                                            "Schema": "public",
                                            "Alias": "n",
                                            "Startup Cost": 0.0,
                                            "Total Cost": 118126.36,
                                            "Plan Rows": 29425,
                                            "Plan Width": 19,
                                            "Actual Startup Time": 224.514,
                                            "Actual Total Time": 542.488,
                                            "Actual Rows": 50011,
                                            "Actual Loops": 1,
                                            "Output": [
                                              "n.id",
                                              "n.name",
                                              "n.imdb_index",
                                              "n.imdb_id",
                                              "n.gender",
                                              "n.name_pcode_cf",
                                              "n.name_pcode_nf",
                                              "n.surname_pcode",
                                              "n.md5sum"
                                            ],
                                            "Filter": "(((n.name)::text ~~ '%An%'::text) AND ((n.gender)::text = 'f'::text))",
                                            "Rows Removed by Filter": 4117480
                                          },
                                          {
                                            "Node Type": "Index Only Scan",
                                            "Parent Relationship": "Inner",
                                            "Parallel Aware": false,
                                            "Async Capable": false,
                                            "Scan Direction": "Forward",
                                            "Index Name": "idx_aka_name_person_id",
                                            "Relation Name": "aka_name",
                                            "Schema": "public",
                                            "Alias": "an",
                                            "Startup Cost": 0.42,
                                            "Total Cost": 0.75,
                                            "Plan Rows": 2,
                                            "Plan Width": 4,
                                            "Actual Startup Time": 0.001,
                                            "Actual Total Time": 0.002,
                                            "Actual Rows": 0,
                                            "Actual Loops": 50011,
                                            "Output": [
                                              "an.person_id"
                                            ],
                                            "Index Cond": "(an.person_id = n.id)",
                                            "Rows Removed by Index Recheck": 0,
                                            "Heap Fetches": 0
                                          }
                                        ]
                                      },
                                      {
                                        "Node Type": "Index Scan",
                                        "Parent Relationship": "Inner",
                                        "Parallel Aware": false,
                                        "Async Capable": false,
                                        "Scan Direction": "Forward",
                                        "Index Name": "idx_cast_info_person_id",
                                        "Relation Name": "cast_info",
                                        "Schema": "public",
                                        "Alias": "ci",
                                        "Startup Cost": 0.44,
                                        "Total Cost": 13.3,
                                        "Plan Rows": 12,
                                        "Plan Width": 16,
                                        "Actual Startup Time": 0.011,
                                        "Actual Total Time": 0.012,
                                        "Actual Rows": 1,
                                        "Actual Loops": 10525,
                                        "Output": [
                                          "ci.id",
                                          "ci.person_id",
                                          "ci.movie_id",
                                          "ci.person_role_id",
                                          "ci.note",
                                          "ci.nr_order",
                                          "ci.role_id"
                                        ],
                                        "Index Cond": "(ci.person_id = an.person_id)",
                                        "Rows Removed by Index Recheck": 0,
                                        "Filter": "((ci.note)::text = ANY ('{(voice),\"(voice: Japanese version)\",\"(voice) (uncredited)\",\"(voice: English version)\"}'::text[]))",
                                        "Rows Removed by Filter": 44
                                      }
                                    ]
                                  },
                                  {
                                    "Node Type": "Index Scan",
                                    "Parent Relationship": "Inner",
                                    "Parallel Aware": false,
                                    "Async Capable": false,
                                    "Scan Direction": "Forward",
                                    "Index Name": "idx_movie_companies_movie_id",
                                    "Relation Name": "movie_companies",
                                    "Schema": "public",
                                    "Alias": "mc",
                                    "Startup Cost": 0.43,
                                    "Total Cost": 0.63,
                                    "Plan Rows": 5,
                                    "Plan Width": 8,
                                    "Actual Startup Time": 0.003,
                                    "Actual Total Time": 0.003,
                                    "Actual Rows": 2,
                                    "Actual Loops": 8204,
                                    "Output": [
                                      "mc.id",
                                      "mc.movie_id",
                                      "mc.company_id",
                                      "mc.company_type_id",
                                      "mc.note"
                                    ],
                                    "Index Cond": "(mc.movie_id = ci.movie_id)",
                                    "Rows Removed by Index Recheck": 0
                                  }
                                ]
                              },
                              {
                                "Node Type": "Index Scan",
                                "Parent Relationship": "Inner",
                                "Parallel Aware": false,
                                "Async Capable": false,
                                "Scan Direction": "Forward",
                                "Index Name": "idx_movie_info_movie_id",
                                "Relation Name": "movie_info",
                                "Schema": "public",
                                "Alias": "mi",
                                "Startup Cost": 0.43,
                                "Total Cost": 1.57,
                                "Plan Rows": 1,
                                "Plan Width": 8,
                                "Actual Startup Time": 0.011,
                                "Actual Total Time": 0.02,
                                "Actual Rows": 1,
                                "Actual Loops": 19561,
                                "Output": [
                                  "mi.id",
                                  "mi.movie_id",
                                  "mi.info_type_id",
                                  "mi.info",
                                  "mi.note"
                                ],
                                "Index Cond": "(mi.movie_id = mc.movie_id)",
                                "Rows Removed by Index Recheck": 0,
                                "Filter": "((mi.info IS NOT NULL) AND (((mi.info)::text ~~ 'Japan:%200%'::text) OR ((mi.info)::text ~~ 'USA:%200%'::text)))",
                                "Rows Removed by Filter": 79
                              }
                            ]
                          },
                          {
                            "Node Type": "Index Only Scan",
                            "Parent Relationship": "Inner",
                            "Parallel Aware": false,
                            "Async Capable": false,
                            "Scan Direction": "Forward",
                            "Index Name": "idx_char_name_id",
                            "Relation Name": "char_name",
                            "Schema": "public",
                            "Alias": "chn",
                            "Startup Cost": 0.43,
                            "Total Cost": 0.49,
                            "Plan Rows": 1,
                            "Plan Width": 4,
                            "Actual Startup Time": 0.002,
                            "Actual Total Time": 0.002,
                            "Actual Rows": 1,
                            "Actual Loops": 14188,
                            "Output": [
                              "chn.id"
                            ],
                            "Index Cond": "(chn.id = ci.person_role_id)",
                            "Rows Removed by Index Recheck": 0,
                            "Heap Fetches": 0
                          }
                        ]
                      },
                      {
                        "Node Type": "Index Scan",
                        "Parent Relationship": "Inner",
                        "Parallel Aware": false,
                        "Async Capable": false,
                        "Scan Direction": "Forward",
                        "Index Name": "idx_company_name_id",
                        "Relation Name": "company_name",
                        "Schema": "public",
                        "Alias": "cn",
                        "Startup Cost": 0.42,
                        "Total Cost": 0.45,
                        "Plan Rows": 1,
                        "Plan Width": 4,
                        "Actual Startup Time": 0.002,
                        "Actual Total Time": 0.002,
                        "Actual Rows": 0,
                        "Actual Loops": 13425,
                        "Output": [
                          "cn.id",
                          "cn.name",
                          "cn.country_code",
                          "cn.imdb_id",
                          "cn.name_pcode_nf",
                          "cn.name_pcode_sf",
                          "cn.md5sum"
                        ],
                        "Index Cond": "(cn.id = mc.company_id)",
                        "Rows Removed by Index Recheck": 0,
                        "Filter": "((cn.country_code)::text = '[us]'::text)",
                        "Rows Removed by Filter": 1
                      }
                    ]
                  },
                  {
                    "Node Type": "Index Scan",
                    "Parent Relationship": "Inner",
                    "Parallel Aware": false,
                    "Async Capable": false,
                    "Scan Direction": "Forward",
                    "Index Name": "idx_title_id",
                    "Relation Name": "title",
                    "Schema": "public",
                    "Alias": "t",
                    "Startup Cost": 0.43,
                    "Total Cost": 0.52,
                    "Plan Rows": 1,
                    "Plan Width": 21,
                    "Actual Startup Time": 0.003,
                    "Actual Total Time": 0.003,
                    "Actual Rows": 1,
                    "Actual Loops": 4113,
                    "Output": [
                      "t.id",
                      "t.title",
                      "t.imdb_index",
                      "t.kind_id",
                      "t.production_year",
                      "t.imdb_id",
                      "t.phonetic_code",
                      "t.episode_of_id",
                      "t.season_nr",
                      "t.episode_nr",
                      "t.series_years",
                      "t.md5sum"
                    ],
                    "Index Cond": "(t.id = mc.movie_id)",
                    "Rows Removed by Index Recheck": 0,
                    "Filter": "(t.production_year > 2000)",
                    "Rows Removed by Filter": 0
                  }
                ]
              }
            ]
          },
          {
            "Node Type": "Materialize",
            "Parent Relationship": "Inner",
            "Parallel Aware": false,
            "Async Capable": false,
            "Startup Cost": 0.0,
            "Total Cost": 2.42,
            "Plan Rows": 1,
            "Plan Width": 4,
            "Actual Startup Time": 0.0,
            "Actual Total Time": 0.0,
            "Actual Rows": 1,
            "Actual Loops": 3575,
            "Output": [
              "it.id"
            ],
            "Plans": [
              {
                "Node Type": "Seq Scan",
                "Parent Relationship": "Outer",
                "Parallel Aware": false,
                "Async Capable": false,
                "Relation Name": "info_type",
                "Schema": "public",
                "Alias": "it",
                "Startup Cost": 0.0,
                "Total Cost": 2.41,
                "Plan Rows": 1,
                "Plan Width": 4,
                "Actual Startup Time": 0.023,
                "Actual Total Time": 0.023,
                "Actual Rows": 1,
                "Actual Loops": 1,
                "Output": [
                  "it.id"
                ],
                "Filter": "((it.info)::text = 'release dates'::text)",
                "Rows Removed by Filter": 15
              }
            ]
          }
        ]
      }
    ]
  },
  "Planning Time": 15.681,
  "Triggers": [],
  "JIT": {
    "Functions": 59,
    "Options": {
      "Inlining": true,
      "Optimization": true,
      "Expressions": true,
      "Deforming": true
    },
    "Timing": {
      "Generation": 3.188,
      "Inlining": 78.847,
      "Optimization": 276.806,
      "Emission": 173.554,
      "Total": 532.394
    }
  },
  "Execution Time": 1821.824
}