{
  "Plan": {
    "Node Type": "Aggregate",
    "Strategy": "Plain",
    "Partial Mode": "Simple",
    "Parallel Aware": false,
    "Async Capable": false,
    "Startup Cost": 2237.4,
    "Total Cost": 2237.41,
    "Plan Rows": 1,
    "Plan Width": 96,
    "Actual Startup Time": 80.294,
    "Actual Total Time": 80.301,
    "Actual Rows": 1,
    "Actual Loops": 1,
    "Output": [
      "min((chn.name)::text)",
      "min((n.name)::text)",
      "min((t.title)::text)"
    ],
    "Plans": [
      {
        "Node Type": "Hash Join",
        "Parent Relationship": "Outer",
        "Parallel Aware": false,
        "Async Capable": false,
        "Join Type": "Inner",
        "Startup Cost": 7.57,
        "Total Cost": 2115.09,
        "Plan Rows": 16308,
        "Plan Width": 48,
        "Actual Startup Time": 15.282,
        "Actual Total Time": 73.645,
        "Actual Rows": 16308,
        "Actual Loops": 1,
        "Output": [
          "chn.name",
          "n.name",
          "t.title"
        ],
        "Inner Unique": true,
        "Hash Cond": "(pi.info_type_id = it3.id)",
        "Plans": [
          {
            "Node Type": "Nested Loop",
            "Parent Relationship": "Outer",
            "Parallel Aware": false,
            "Async Capable": false,
            "Join Type": "Inner",
            "Startup Cost": 5.14,
            "Total Cost": 1927.95,
            "Plan Rows": 67827,
            "Plan Width": 52,
            "Actual Startup Time": 15.152,
            "Actual Total Time": 64.53,
            "Actual Rows": 67827,
            "Actual Loops": 1,
            "Output": [
              "chn.name",
              "n.name",
              "pi.info_type_id",
              "t.title"
            ],
            "Inner Unique": false,
            "Join Filter": "(n.id = pi.person_id)",
            "Rows Removed by Join Filter": 0,
            "Plans": [
              {
                "Node Type": "Nested Loop",
                "Parent Relationship": "Outer",
                "Parallel Aware": false,
                "Async Capable": false,
                "Join Type": "Inner",
                "Startup Cost": 4.71,
                "Total Cost": 1664.37,
                "Plan Rows": 189,
                "Plan Width": 60,
                "Actual Startup Time": 15.105,
                "Actual Total Time": 32.086,
                "Actual Rows": 189,
                "Actual Loops": 1,
                "Output": [
                  "an.person_id",
                  "ci.person_id",
                  "chn.name",
                  "n.name",
                  "n.id",
                  "t.title"
                ],
                "Inner Unique": false,
                "Join Filter": "(an.person_id = n.id)",
                "Rows Removed by Join Filter": 0,
                "Plans": [
                  {
                    "Node Type": "Nested Loop",
                    "Parent Relationship": "Outer",
                    "Parallel Aware": false,
                    "Async Capable": false,
                    "Join Type": "Inner",
                    "Startup Cost": 4.29,
                    "Total Cost": 1641.59,
                    "Plan Rows": 46,
                    "Plan Width": 56,
                    "Actual Startup Time": 15.076,
                    "Actual Total Time": 31.806,
                    "Actual Rows": 46,
                    "Actual Loops": 1,
                    "Output": [
                      "ci.person_id",
                      "chn.name",
                      "n.name",
                      "n.id",
                      "t.title"
                    ],
                    "Inner Unique": false,
                    "Join Filter": "(it.id = mi.info_type_id)",
                    "Rows Removed by Join Filter": 0,
                    "Plans": [
                      {
                        "Node Type": "Seq Scan",
                        "Parent Relationship": "Outer",
                        "Parallel Aware": false,
                        "Async Capable": false,
                        "Relation Name": "info_type",
                        "Schema": "public",
                        "Alias": "it",
                        "Startup Cost": 0.0,
                        "Total Cost": 2.41,
                        "Plan Rows": 1,
                        "Plan Width": 4,
                        "Actual Startup Time": 0.005,
                        "Actual Total Time": 0.019,
                        "Actual Rows": 1,
                        "Actual Loops": 1,
                        "Output": [
                          "it.id",
                          "it.info"
                        ],
                        "Filter": "((it.info)::text = 'release dates'::text)",
                        "Rows Removed by Filter": 112
                      },
                      {
                        "Node Type": "Nested Loop",
                        "Parent Relationship": "Inner",
                        "Parallel Aware": false,
                        "Async Capable": false,
                        "Join Type": "Inner",
                        "Startup Cost": 4.29,
                        "Total Cost": 1638.61,
                        "Plan Rows": 46,
                        "Plan Width": 60,
                        "Actual Startup Time": 15.068,
                        "Actual Total Time": 31.768,
                        "Actual Rows": 46,
                        "Actual Loops": 1,
                        "Output": [
                          "ci.person_id",
                          "chn.name",
                          "mi.info_type_id",
                          "n.name",
                          "n.id",
                          "t.title"
                        ],
                        "Inner Unique": false,
                        "Join Filter": "(mi.movie_id = t.id)",
                        "Rows Removed by Join Filter": 0,
                        "Plans": [
                          {
                            "Node Type": "Nested Loop",
                            "Parent Relationship": "Outer",
                            "Parallel Aware": false,
                            "Async Capable": false,
                            "Join Type": "Inner",
                            "Startup Cost": 3.85,
                            "Total Cost": 1612.6,
                            "Plan Rows": 17,
                            "Plan Width": 76,
                            "Actual Startup Time": 14.948,
                            "Actual Total Time": 28.833,
                            "Actual Rows": 17,
                            "Actual Loops": 1,
                            "Output": [
                              "cc.movie_id",
                              "ci.movie_id",
                              "ci.person_id",
                              "chn.name",
                              "mc.movie_id",
                              "mk.movie_id",
                              "n.name",
                              "n.id",
                              "t.title",
                              "t.id"
                            ],
                            "Inner Unique": true,
                            "Plans": [
                              {
                                "Node Type": "Nested Loop",
                                "Parent Relationship": "Outer",
                                "Parallel Aware": false,
                                "Async Capable": false,
                                "Join Type": "Inner",
                                "Startup Cost": 3.43,
                                "Total Cost": 1578.74,
                                "Plan Rows": 76,
                                "Plan Width": 80,
                                "Actual Startup Time": 14.829,
                                "Actual Total Time": 27.96,
                                "Actual Rows": 76,
                                "Actual Loops": 1,
                                "Output": [
                                  "cc.movie_id",
                                  "ci.movie_id",
                                  "ci.person_id",
                                  "chn.name",
                                  "mc.movie_id",
                                  "mc.company_id",
                                  "mk.movie_id",
                                  "n.name",
                                  "n.id",
                                  "t.title",
                                  "t.id"
                                ],
                                "Inner Unique": false,
                                "Join Filter": "(mc.movie_id = t.id)",
                                "Rows Removed by Join Filter": 0,
                                "Plans": [
                                  {
                                    "Node Type": "Nested Loop",
                                    "Parent Relationship": "Outer",
                                    "Parallel Aware": false,
                                    "Async Capable": false,
                                    "Join Type": "Inner",
                                    "Startup Cost": 3.0,
                                    "Total Cost": 1576.94,
                                    "Plan Rows": 3,
                                    "Plan Width": 72,
                                    "Actual Startup Time": 14.789,
                                    "Actual Total Time": 27.776,
                                    "Actual Rows": 3,
                                    "Actual Loops": 1,
                                    "Output": [
                                      "cc.movie_id",
                                      "ci.movie_id",
                                      "ci.person_id",
                                      "chn.name",
                                      "mk.movie_id",
                                      "n.name",
                                      "n.id",
                                      "t.title",
                                      "t.id"
                                    ],
                                    "Inner Unique": true,
                                    "Plans": [
                                      {
                                        "Node Type": "Nested Loop",
                                        "Parent Relationship": "Outer",
                                        "Parallel Aware": false,
                                        "Async Capable": false,
                                        "Join Type": "Inner",
                                        "Startup Cost": 2.57,
                                        "Total Cost": 1574.28,
                                        "Plan Rows": 4,
                                        "Plan Width": 60,
                                        "Actual Startup Time": 8.743,
                                        "Actual Total Time": 27.661,
                                        "Actual Rows": 4,
                                        "Actual Loops": 1,
                                        "Output": [
                                          "cc.movie_id",
                                          "ci.movie_id",
                                          "ci.person_id",
                                          "ci.person_role_id",
                                          "mk.movie_id",
                                          "n.name",
                                          "n.id",
                                          "t.title",
                                          "t.id"
                                        ],
                                        "Inner Unique": true,
                                        "Plans": [
                                          {
                                            "Node Type": "Nested Loop",
                                            "Parent Relationship": "Outer",
                                            "Parallel Aware": false,
                                            "Async Capable": false,
                                            "Join Type": "Inner",
                                            "Startup Cost": 2.14,
                                            "Total Cost": 1472.74,
                                            "Plan Rows": 131,
                                            "Plan Width": 41,
                                            "Actual Startup Time": 2.87,
                                            "Actual Total Time": 25.097,
                                            "Actual Rows": 131,
                                            "Actual Loops": 1,
                                            "Output": [
                                              "cc.movie_id",
                                              "ci.movie_id",
                                              "ci.person_id",
                                              "ci.person_role_id",
                                              "mk.movie_id",
                                              "t.title",
                                              "t.id"
                                            ],
                                            "Inner Unique": false,
                                            "Join Filter": "(ci.role_id = rt.id)",
                                            "Rows Removed by Join Filter": 410,
                                            "Plans": [
                                              {
                                                "Node Type": "Seq Scan",
                                                "Parent Relationship": "Outer",
                                                "Parallel Aware": false,
                                                "Async Capable": false,
                                                "Relation Name": "role_type",
                                                "Schema": "public",
                                                "Alias": "rt",
                                                "Startup Cost": 0.0,
                                                "Total Cost": 1.15,
                                                "Plan Rows": 1,
                                                "Plan Width": 4,
                                                "Actual Startup Time": 0.016,
                                                "Actual Total Time": 0.019,
                                                "Actual Rows": 1,
                                                "Actual Loops": 1,
                                                "Output": [
                                                  "rt.id",
                                                  "rt.role"
                                                ],
                                                "Filter": "((rt.role)::text = 'actress'::text)",
                                                "Rows Removed by Filter": 11
                                              },
                                              {
                                                "Node Type": "Nested Loop",
                                                "Parent Relationship": "Inner",
                                                "Parallel Aware": false,
                                                "Async Capable": false,
                                                "Join Type": "Inner",
                                                "Startup Cost": 2.14,
                                                "Total Cost": 1464.82,
                                                "Plan Rows": 541,
                                                "Plan Width": 45,
                                                "Actual Startup Time": 2.3,
                                                "Actual Total Time": 24.993,
                                                "Actual Rows": 541,
                                                "Actual Loops": 1,
                                                "Output": [
                                                  "cc.movie_id",
                                                  "ci.movie_id",
                                                  "ci.person_id",
                                                  "ci.role_id",
                                                  "ci.person_role_id",
                                                  "mk.movie_id",
                                                  "t.title",
                                                  "t.id"
                                                ],
                                                "Inner Unique": false,
                                                "Join Filter": "(ci.movie_id = t.id)",
                                                "Rows Removed by Join Filter": 0,
                                                "Plans": [
                                                  {
                                                    "Node Type": "Nested Loop",
                                                    "Parent Relationship": "Outer",
                                                    "Parallel Aware": false,
                                                    "Async Capable": false,
                                                    "Join Type": "Inner",
                                                    "Startup Cost": 1.7,
                                                    "Total Cost": 1436.69,
                                                    "Plan Rows": 18,
                                                    "Plan Width": 29,
                                                    "Actual Startup Time": 2.139,
                                                    "Actual Total Time": 6.59,
                                                    "Actual Rows": 18,
                                                    "Actual Loops": 1,
                                                    "Output": [
                                                      "cc.movie_id",
                                                      "mk.movie_id",
                                                      "t.title",
                                                      "t.id"
                                                    ],
                                                    "Inner Unique": true,
                                                    "Plans": [
                                                      {
                                                        "Node Type": "Nested Loop",
                                                        "Parent Relationship": "Outer",
                                                        "Parallel Aware": false,
                                                        "Async Capable": false,
                                                        "Join Type": "Inner",
                                                        "Startup Cost": 1.27,
                                                        "Total Cost": 1425.41,
                                                        "Plan Rows": 23,
                                                        "Plan Width": 8,
                                                        "Actual Startup Time": 1.526,
                                                        "Actual Total Time": 5.885,
                                                        "Actual Rows": 23,
                                                        "Actual Loops": 1,
                                                        "Output": [
                                                          "cc.movie_id",
                                                          "mk.movie_id"
                                                        ],
                                                        "Inner Unique": false,
                                                        "Join Filter": "(cc.subject_id = cct1.id)",
                                                        "Rows Removed by Join Filter": 2,
                                                        "Plans": [
                                                          {
                                                            "Node Type": "Seq Scan",
                                                            "Parent Relationship": "Outer",
                                                            "Parallel Aware": false,
                                                            "Async Capable": false,
                                                            "Relation Name": "comp_cast_type",
                                                            "Schema": "public",
                                                            "Alias": "cct1",
                                                            "Startup Cost": 0.0,
                                                            "Total Cost": 1.05,
                                                            "Plan Rows": 1,
                                                            "Plan Width": 4,
                                                            "Actual Startup Time": 0.01,
                                                            "Actual Total Time": 0.012,
                                                            "Actual Rows": 1,
                                                            "Actual Loops": 1,
                                                            "Output": [
                                                              "cct1.id",
                                                              "cct1.kind"
                                                            ],
                                                            "Filter": "((cct1.kind)::text = 'cast'::text)",
                                                            "Rows Removed by Filter": 3
                                                          },
                                                          {
                                                            "Node Type": "Nested Loop",
                                                            "Parent Relationship": "Inner",
                                                            "Parallel Aware": false,
                                                            "Async Capable": false,
                                                            "Join Type": "Inner",
                                                            "Startup Cost": 1.27,
                                                            "Total Cost": 1424.04,
                                                            "Plan Rows": 25,
                                                            "Plan Width": 12,
                                                            "Actual Startup Time": 1.515,
                                                            "Actual Total Time": 5.863,
                                                            "Actual Rows": 25,
                                                            "Actual Loops": 1,
                                                            "Output": [
                                                              "cc.movie_id",
                                                              "cc.subject_id",
                                                              "mk.movie_id"
                                                            ],
                                                            "Inner Unique": false,
                                                            "Join Filter": "(cc.status_id = cct2.id)",
                                                            "Rows Removed by Join Filter": 65,
                                                            "Plans": [
                                                              {
                                                                "Node Type": "Seq Scan",
                                                                "Parent Relationship": "Outer",
                                                                "Parallel Aware": false,
                                                                "Async Capable": false,
                                                                "Relation Name": "comp_cast_type",
                                                                "Schema": "public",
                                                                "Alias": "cct2",
                                                                "Startup Cost": 0.0,
                                                                "Total Cost": 1.05,
                                                                "Plan Rows": 1,
                                                                "Plan Width": 4,
                                                                "Actual Startup Time": 0.003,
                                                                "Actual Total Time": 0.004,
                                                                "Actual Rows": 1,
                                                                "Actual Loops": 1,
                                                                "Output": [
                                                                  "cct2.id",
                                                                  "cct2.kind"
                                                                ],
                                                                "Filter": "((cct2.kind)::text = 'complete+verified'::text)",
                                                                "Rows Removed by Filter": 3
                                                              },
                                                              {
                                                                "Node Type": "Nested Loop",
                                                                "Parent Relationship": "Inner",
                                                                "Parallel Aware": false,
                                                                "Async Capable": false,
                                                                "Join Type": "Inner",
                                                                "Startup Cost": 1.27,
                                                                "Total Cost": 1421.87,
                                                                "Plan Rows": 90,
                                                                "Plan Width": 16,
                                                                "Actual Startup Time": 0.485,
                                                                "Actual Total Time": 5.839,
                                                                "Actual Rows": 90,
                                                                "Actual Loops": 1,
                                                                "Output": [
                                                                  "cc.movie_id",
                                                                  "cc.subject_id",
                                                                  "cc.status_id",
                                                                  "mk.movie_id"
                                                                ],
                                                                "Inner Unique": false,
                                                                "Plans": [
                                                                  {
                                                                    "Node Type": "Nested Loop",
                                                                    "Parent Relationship": "Outer",
                                                                    "Parallel Aware": false,
                                                                    "Async Capable": false,
                                                                    "Join Type": "Inner",
                                                                    "Startup Cost": 0.85,
                                                                    "Total Cost": 1224.82,
                                                                    "Plan Rows": 414,
                                                                    "Plan Width": 4,
                                                                    "Actual Startup Time": 0.114,
                                                                    "Actual Total Time": 3.414,
                                                                    "Actual Rows": 414,
                                                                    "Actual Loops": 1,
                                                                    "Output": [
                                                                      "mk.movie_id"
                                                                    ],
                                                                    "Inner Unique": false,
                                                                    "Plans": [
                                                                      {
                                                                        "Node Type": "Index Scan",
                                                                        "Parent Relationship": "Outer",
                                                                        "Parallel Aware": false,
                                                                        "Async Capable": false,
                                                                        "Scan Direction": "Forward",
                                                                        "Index Name": "idx_keyword_keyword",
                                                                        "Relation Name": "keyword",
                                                                        "Schema": "public",
                                                                        "Alias": "k",
                                                                        "Startup Cost": 0.42,
                                                                        "Total Cost": 8.44,
                                                                        "Plan Rows": 1,
                                                                        "Plan Width": 4,
                                                                        "Actual Startup Time": 0.074,
                                                                        "Actual Total Time": 0.075,
                                                                        "Actual Rows": 1,
                                                                        "Actual Loops": 1,
                                                                        "Output": [
                                                                          "k.id",
                                                                          "k.keyword",
                                                                          "k.phonetic_code"
                                                                        ],
                                                                        "Index Cond": "((k.keyword)::text = 'computer-animation'::text)",
                                                                        "Rows Removed by Index Recheck": 0
                                                                      },
                                                                      {
                                                                        "Node Type": "Index Scan",
                                                                        "Parent Relationship": "Inner",
                                                                        "Parallel Aware": false,
                                                                        "Async Capable": false,
                                                                        "Scan Direction": "Forward",
                                                                        "Index Name": "idx_movie_keyword_keyword_id",
                                                                        "Relation Name": "movie_keyword",
                                                                        "Schema": "public",
                                                                        "Alias": "mk",
                                                                        "Startup Cost": 0.43,
                                                                        "Total Cost": 1213.36,
                                                                        "Plan Rows": 302,
                                                                        "Plan Width": 8,
                                                                        "Actual Startup Time": 0.037,
                                                                        "Actual Total Time": 3.23,
                                                                        "Actual Rows": 414,
                                                                        "Actual Loops": 1,
                                                                        "Output": [
                                                                          "mk.id",
                                                                          "mk.movie_id",
                                                                          "mk.keyword_id"
                                                                        ],
                                                                        "Index Cond": "(mk.keyword_id = k.id)",
                                                                        "Rows Removed by Index Recheck": 0
                                                                      }
                                                                    ]
                                                                  },
                                                                  {
                                                                    "Node Type": "Index Scan",
                                                                    "Parent Relationship": "Inner",
                                                                    "Parallel Aware": false,
                                                                    "Async Capable": false,
                                                                    "Scan Direction": "Forward",
                                                                    "Index Name": "idx_complete_cast_movie_id",
                                                                    "Relation Name": "complete_cast",
                                                                    "Schema": "public",
                                                                    "Alias": "cc",
                                                                    "Startup Cost": 0.42,
                                                                    "Total Cost": 0.46,
                                                                    "Plan Rows": 2,
                                                                    "Plan Width": 12,
                                                                    "Actual Startup Time": 0.005,
                                                                    "Actual Total Time": 0.005,
                                                                    "Actual Rows": 0,
                                                                    "Actual Loops": 414,
                                                                    "Output": [
                                                                      "cc.id",
                                                                      "cc.movie_id",
                                                                      "cc.subject_id",
                                                                      "cc.status_id"
                                                                    ],
                                                                    "Index Cond": "(cc.movie_id = mk.movie_id)",
                                                                    "Rows Removed by Index Recheck": 0
                                                                  }
                                                                ]
                                                              }
                                                            ]
                                                          }
                                                        ]
                                                      },
                                                      {
                                                        "Node Type": "Index Scan",
                                                        "Parent Relationship": "Inner",
                                                        "Parallel Aware": false,
                                                        "Async Capable": false,
                                                        "Scan Direction": "Forward",
                                                        "Index Name": "idx_title_id",
                                                        "Relation Name": "title",
                                                        "Schema": "public",
                                                        "Alias": "t",
                                                        "Startup Cost": 0.43,
                                                        "Total Cost": 0.49,
                                                        "Plan Rows": 1,
                                                        "Plan Width": 21,
                                                        "Actual Startup Time": 0.03,
                                                        "Actual Total Time": 0.03,
                                                        "Actual Rows": 1,
                                                        "Actual Loops": 23,
                                                        "Output": [
                                                          "t.id",
                                                          "t.title",
                                                          "t.imdb_index",
                                                          "t.kind_id",
                                                          "t.production_year",
                                                          "t.imdb_id",
                                                          "t.phonetic_code",
                                                          "t.episode_of_id",
                                                          "t.season_nr",
                                                          "t.episode_nr",
                                                          "t.series_years",
                                                          "t.md5sum"
                                                        ],
                                                        "Index Cond": "(t.id = mk.movie_id)",
                                                        "Rows Removed by Index Recheck": 0,
                                                        "Filter": "((t.production_year >= 2000) AND (t.production_year <= 2010))",
                                                        "Rows Removed by Filter": 0
                                                      }
                                                    ]
                                                  },
                                                  {
                                                    "Node Type": "Index Scan",
                                                    "Parent Relationship": "Inner",
                                                    "Parallel Aware": false,
                                                    "Async Capable": false,
                                                    "Scan Direction": "Forward",
                                                    "Index Name": "idx_cast_info_movie_id",
                                                    "Relation Name": "cast_info",
                                                    "Schema": "public",
                                                    "Alias": "ci",
                                                    "Startup Cost": 0.44,
                                                    "Total Cost": 1.55,
                                                    "Plan Rows": 1,
                                                    "Plan Width": 16,
                                                    "Actual Startup Time": 0.128,
                                                    "Actual Total Time": 1.013,
                                                    "Actual Rows": 30,
                                                    "Actual Loops": 18,
                                                    "Output": [
                                                      "ci.id",
                                                      "ci.person_id",
                                                      "ci.movie_id",
                                                      "ci.person_role_id",
                                                      "ci.note",
                                                      "ci.nr_order",
                                                      "ci.role_id"
                                                    ],
                                                    "Index Cond": "(ci.movie_id = mk.movie_id)",
                                                    "Rows Removed by Index Recheck": 0,
                                                    "Filter": "((ci.note)::text = ANY ('{(voice),\"(voice: Japanese version)\",\"(voice) (uncredited)\",\"(voice: English version)\"}'::text[]))",
                                                    "Rows Removed by Filter": 124
                                                  }
                                                ]
                                              }
                                            ]
                                          },
                                          {
                                            "Node Type": "Index Scan",
                                            "Parent Relationship": "Inner",
                                            "Parallel Aware": false,
                                            "Async Capable": false,
                                            "Scan Direction": "Forward",
                                            "Index Name": "idx_name_id",
                                            "Relation Name": "name",
                                            "Schema": "public",
                                            "Alias": "n",
                                            "Startup Cost": 0.43,
                                            "Total Cost": 0.78,
                                            "Plan Rows": 1,
                                            "Plan Width": 19,
                                            "Actual Startup Time": 0.019,
                                            "Actual Total Time": 0.019,
                                            "Actual Rows": 0,
                                            "Actual Loops": 131,
                                            "Output": [
                                              "n.id",
                                              "n.name",
                                              "n.imdb_index",
                                              "n.imdb_id",
                                              "n.gender",
                                              "n.name_pcode_cf",
                                              "n.name_pcode_nf",
                                              "n.surname_pcode",
                                              "n.md5sum"
                                            ],
                                            "Index Cond": "(n.id = ci.person_id)",
                                            "Rows Removed by Index Recheck": 0,
                                            "Filter": "(((n.name)::text ~~ '%An%'::text) AND ((n.gender)::text = 'f'::text))",
                                            "Rows Removed by Filter": 1
                                          }
                                        ]
                                      },
                                      {
                                        "Node Type": "Index Scan",
                                        "Parent Relationship": "Inner",
                                        "Parallel Aware": false,
                                        "Async Capable": false,
                                        "Scan Direction": "Forward",
                                        "Index Name": "idx_char_name_id",
                                        "Relation Name": "char_name",
                                        "Schema": "public",
                                        "Alias": "chn",
                                        "Startup Cost": 0.43,
                                        "Total Cost": 0.66,
                                        "Plan Rows": 1,
                                        "Plan Width": 20,
                                        "Actual Startup Time": 0.027,
                                        "Actual Total Time": 0.027,
                                        "Actual Rows": 1,
                                        "Actual Loops": 4,
                                        "Output": [
                                          "chn.id",
                                          "chn.name",
                                          "chn.imdb_index",
                                          "chn.imdb_id",
                                          "chn.name_pcode_nf",
                                          "chn.surname_pcode",
                                          "chn.md5sum"
                                        ],
                                        "Index Cond": "(chn.id = ci.person_role_id)",
                                        "Rows Removed by Index Recheck": 0
                                      }
                                    ]
                                  },
                                  {
                                    "Node Type": "Index Scan",
                                    "Parent Relationship": "Inner",
                                    "Parallel Aware": false,
                                    "Async Capable": false,
                                    "Scan Direction": "Forward",
                                    "Index Name": "idx_movie_companies_movie_id",
                                    "Relation Name": "movie_companies",
                                    "Schema": "public",
                                    "Alias": "mc",
                                    "Startup Cost": 0.43,
                                    "Total Cost": 0.54,
                                    "Plan Rows": 5,
                                    "Plan Width": 8,
                                    "Actual Startup Time": 0.03,
                                    "Actual Total Time": 0.051,
                                    "Actual Rows": 25,
                                    "Actual Loops": 3,
                                    "Output": [
                                      "mc.id",
                                      "mc.movie_id",
                                      "mc.company_id",
                                      "mc.company_type_id",
                                      "mc.note"
                                    ],
                                    "Index Cond": "(mc.movie_id = mk.movie_id)",
                                    "Rows Removed by Index Recheck": 0
                                  }
                                ]
                              },
                              {
                                "Node Type": "Index Scan",
                                "Parent Relationship": "Inner",
                                "Parallel Aware": false,
                                "Async Capable": false,
                                "Scan Direction": "Forward",
                                "Index Name": "idx_company_name_id",
                                "Relation Name": "company_name",
                                "Schema": "public",
                                "Alias": "cn",
                                "Startup Cost": 0.42,
                                "Total Cost": 0.45,
                                "Plan Rows": 1,
                                "Plan Width": 4,
                                "Actual Startup Time": 0.011,
                                "Actual Total Time": 0.011,
                                "Actual Rows": 0,
                                "Actual Loops": 76,
                                "Output": [
                                  "cn.id",
                                  "cn.name",
                                  "cn.country_code",
                                  "cn.imdb_id",
                                  "cn.name_pcode_nf",
                                  "cn.name_pcode_sf",
                                  "cn.md5sum"
                                ],
                                "Index Cond": "(cn.id = mc.company_id)",
                                "Rows Removed by Index Recheck": 0,
                                "Filter": "((cn.country_code)::text = '[us]'::text)",
                                "Rows Removed by Filter": 1
                              }
                            ]
                          },
                          {
                            "Node Type": "Index Scan",
                            "Parent Relationship": "Inner",
                            "Parallel Aware": false,
                            "Async Capable": false,
                            "Scan Direction": "Forward",
                            "Index Name": "idx_movie_info_movie_id",
                            "Relation Name": "movie_info",
                            "Schema": "public",
                            "Alias": "mi",
                            "Startup Cost": 0.43,
                            "Total Cost": 1.52,
                            "Plan Rows": 1,
                            "Plan Width": 8,
                            "Actual Startup Time": 0.028,
                            "Actual Total Time": 0.171,
                            "Actual Rows": 3,
                            "Actual Loops": 17,
                            "Output": [
                              "mi.id",
                              "mi.movie_id",
                              "mi.info_type_id",
                              "mi.info",
                              "mi.note"
                            ],
                            "Index Cond": "(mi.movie_id = mk.movie_id)",
                            "Rows Removed by Index Recheck": 0,
                            "Filter": "((mi.info IS NOT NULL) AND (((mi.info)::text ~~ 'Japan:%200%'::text) OR ((mi.info)::text ~~ 'USA:%200%'::text)))",
                            "Rows Removed by Filter": 327
                          }
                        ]
                      }
                    ]
                  },
                  {
                    "Node Type": "Index Only Scan",
                    "Parent Relationship": "Inner",
                    "Parallel Aware": false,
                    "Async Capable": false,
                    "Scan Direction": "Forward",
                    "Index Name": "idx_aka_name_person_id",
                    "Relation Name": "aka_name",
                    "Schema": "public",
                    "Alias": "an",
                    "Startup Cost": 0.42,
                    "Total Cost": 0.47,
                    "Plan Rows": 2,
                    "Plan Width": 4,
                    "Actual Startup Time": 0.004,
                    "Actual Total Time": 0.004,
                    "Actual Rows": 4,
                    "Actual Loops": 46,
                    "Output": [
                      "an.person_id"
                    ],
                    "Index Cond": "(an.person_id = ci.person_id)",
                    "Rows Removed by Index Recheck": 0,
                    "Heap Fetches": 0
                  }
                ]
              },
              {
                "Node Type": "Index Scan",
                "Parent Relationship": "Inner",
                "Parallel Aware": false,
                "Async Capable": false,
                "Scan Direction": "Forward",
                "Index Name": "idx_person_info_person_id",
                "Relation Name": "person_info",
                "Schema": "public",
                "Alias": "pi",
                "Startup Cost": 0.43,
                "Total Cost": 1.09,
                "Plan Rows": 24,
                "Plan Width": 8,
                "Actual Startup Time": 0.004,
                "Actual Total Time": 0.083,
                "Actual Rows": 359,
                "Actual Loops": 189,
                "Output": [
                  "pi.id",
                  "pi.person_id",
                  "pi.info_type_id",
                  "pi.info",
                  "pi.note"
                ],
                "Index Cond": "(pi.person_id = an.person_id)",
                "Rows Removed by Index Recheck": 0
              }
            ]
          },
          {
            "Node Type": "Hash",
            "Parent Relationship": "Inner",
            "Parallel Aware": false,
            "Async Capable": false,
            "Startup Cost": 2.41,
            "Total Cost": 2.41,
            "Plan Rows": 1,
            "Plan Width": 4,
            "Actual Startup Time": 0.051,
            "Actual Total Time": 0.051,
            "Actual Rows": 1,
            "Actual Loops": 1,
            "Output": [
              "it3.id"
            ],
            "Hash Buckets": 1024,
            "Original Hash Buckets": 1024,
            "Hash Batches": 1,
            "Original Hash Batches": 1,
            "Peak Memory Usage": 9,
            "Plans": [
              {
                "Node Type": "Seq Scan",
                "Parent Relationship": "Outer",
                "Parallel Aware": false,
                "Async Capable": false,
                "Relation Name": "info_type",
                "Schema": "public",
                "Alias": "it3",
                "Startup Cost": 0.0,
                "Total Cost": 2.41,
                "Plan Rows": 1,
                "Plan Width": 4,
                "Actual Startup Time": 0.031,
                "Actual Total Time": 0.045,
                "Actual Rows": 1,
                "Actual Loops": 1,
                "Output": [
                  "it3.id"
                ],
                "Filter": "((it3.info)::text = 'trivia'::text)",
                "Rows Removed by Filter": 112
              }
            ]
          }
        ]
      }
    ]
  },
  "Planning Time": 118272.246,
  "Triggers": [],
  "Execution Time": 80.556
}