{
  "Plan": {
    "Node Type": "Aggregate",
    "Strategy": "Plain",
    "Partial Mode": "Simple",
    "Parallel Aware": false,
    "Async Capable": false,
    "Startup Cost": 1284.12,
    "Total Cost": 1284.13,
    "Plan Rows": 1,
    "Plan Width": 64,
    "Actual Startup Time": 14.874,
    "Actual Total Time": 14.878,
    "Actual Rows": 1,
    "Actual Loops": 1,
    "Output": [
      "min((n.name)::text)",
      "min((t.title)::text)"
    ],
    "Plans": [
      {
        "Node Type": "Nested Loop",
        "Parent Relationship": "Outer",
        "Parallel Aware": false,
        "Async Capable": false,
        "Join Type": "Inner",
        "Startup Cost": 653.39,
        "Total Cost": 1283.96,
        "Plan Rows": 32,
        "Plan Width": 32,
        "Actual Startup Time": 6.343,
        "Actual Total Time": 14.847,
        "Actual Rows": 32,
        "Actual Loops": 1,
        "Output": [
          "n.name",
          "t.title"
        ],
        "Inner Unique": false,
        "Join Filter": "(an.person_id = n.id)",
        "Rows Removed by Join Filter": 0,
        "Plans": [
          {
            "Node Type": "Hash Join",
            "Parent Relationship": "Outer",
            "Parallel Aware": false,
            "Async Capable": false,
            "Join Type": "Inner",
            "Startup Cost": 652.97,
            "Total Cost": 1277.08,
            "Plan Rows": 14,
            "Plan Width": 44,
            "Actual Startup Time": 6.315,
            "Actual Total Time": 14.672,
            "Actual Rows": 14,
            "Actual Loops": 1,
            "Output": [
              "ci.person_id",
              "n.name",
              "n.id",
              "pi.person_id",
              "t.title"
            ],
            "Inner Unique": true,
            "Hash Cond": "(pi.info_type_id = it.id)",
            "Plans": [
              {
                "Node Type": "Nested Loop",
                "Parent Relationship": "Outer",
                "Parallel Aware": false,
                "Async Capable": false,
                "Join Type": "Inner",
                "Startup Cost": 650.54,
                "Total Cost": 1274.62,
                "Plan Rows": 14,
                "Plan Width": 48,
                "Actual Startup Time": 6.259,
                "Actual Total Time": 14.607,
                "Actual Rows": 14,
                "Actual Loops": 1,
                "Output": [
                  "ci.person_id",
                  "n.name",
                  "n.id",
                  "pi.person_id",
                  "pi.info_type_id",
                  "t.title"
                ],
                "Inner Unique": true,
                "Plans": [
                  {
                    "Node Type": "Hash Join",
                    "Parent Relationship": "Outer",
                    "Parallel Aware": false,
                    "Async Capable": false,
                    "Join Type": "Inner",
                    "Startup Cost": 650.11,
                    "Total Cost": 1227.52,
                    "Plan Rows": 103,
                    "Plan Width": 39,
                    "Actual Startup Time": 6.205,
                    "Actual Total Time": 13.27,
                    "Actual Rows": 103,
                    "Actual Loops": 1,
                    "Output": [
                      "ci.person_id",
                      "ci.movie_id",
                      "ml.linked_movie_id",
                      "n.name",
                      "n.id",
                      "pi.person_id",
                      "pi.info_type_id"
                    ],
                    "Inner Unique": true,
                    "Hash Cond": "(ml.link_type_id = lt.id)",
                    "Plans": [
                      {
                        "Node Type": "Hash Join",
                        "Parent Relationship": "Outer",
                        "Parallel Aware": false,
                        "Async Capable": false,
                        "Join Type": "Inner",
                        "Startup Cost": 648.87,
                        "Total Cost": 1225.17,
                        "Plan Rows": 344,
                        "Plan Width": 43,
                        "Actual Startup Time": 5.984,
                        "Actual Total Time": 13.164,
                        "Actual Rows": 344,
                        "Actual Loops": 1,
                        "Output": [
                          "ci.person_id",
                          "ci.movie_id",
                          "ml.linked_movie_id",
                          "ml.link_type_id",
                          "n.name",
                          "n.id",
                          "pi.person_id",
                          "pi.info_type_id"
                        ],
                        "Inner Unique": false,
                        "Hash Cond": "(ml.linked_movie_id = ci.movie_id)",
                        "Plans": [
                          {
                            "Node Type": "Seq Scan",
                            "Parent Relationship": "Outer",
                            "Parallel Aware": false,
                            "Async Capable": false,
                            "Relation Name": "movie_link",
                            "Schema": "public",
                            "Alias": "ml",
                            "Startup Cost": 0.0,
                            "Total Cost": 462.97,
                            "Plan Rows": 29997,
                            "Plan Width": 8,
                            "Actual Startup Time": 0.009,
                            "Actual Total Time": 2.895,
                            "Actual Rows": 29997,
                            "Actual Loops": 1,
                            "Output": [
                              "ml.id",
                              "ml.movie_id",
                              "ml.linked_movie_id",
                              "ml.link_type_id"
                            ]
                          },
                          {
                            "Node Type": "Hash",
                            "Parent Relationship": "Inner",
                            "Parallel Aware": false,
                            "Async Capable": false,
                            "Startup Cost": 615.5,
                            "Total Cost": 615.5,
                            "Plan Rows": 2670,
                            "Plan Width": 35,
                            "Actual Startup Time": 5.92,
                            "Actual Total Time": 5.921,
                            "Actual Rows": 2670,
                            "Actual Loops": 1,
                            "Output": [
                              "ci.person_id",
                              "ci.movie_id",
                              "n.name",
                              "n.id",
                              "pi.person_id",
                              "pi.info_type_id"
                            ],
                            "Hash Buckets": 4096,
                            "Original Hash Buckets": 4096,
                            "Hash Batches": 1,
                            "Original Hash Batches": 1,
                            "Peak Memory Usage": 212,
                            "Plans": [
                              {
                                "Node Type": "Nested Loop",
                                "Parent Relationship": "Outer",
                                "Parallel Aware": false,
                                "Async Capable": false,
                                "Join Type": "Inner",
                                "Startup Cost": 1.3,
                                "Total Cost": 615.5,
                                "Plan Rows": 2670,
                                "Plan Width": 35,
                                "Actual Startup Time": 0.279,
                                "Actual Total Time": 5.068,
                                "Actual Rows": 2670,
                                "Actual Loops": 1,
                                "Output": [
                                  "ci.person_id",
                                  "ci.movie_id",
                                  "n.name",
                                  "n.id",
                                  "pi.person_id",
                                  "pi.info_type_id"
                                ],
                                "Inner Unique": false,
                                "Plans": [
                                  {
                                    "Node Type": "Nested Loop",
                                    "Parent Relationship": "Outer",
                                    "Parallel Aware": false,
                                    "Async Capable": false,
                                    "Join Type": "Inner",
                                    "Startup Cost": 0.86,
                                    "Total Cost": 328.82,
                                    "Plan Rows": 17,
                                    "Plan Width": 27,
                                    "Actual Startup Time": 0.223,
                                    "Actual Total Time": 2.618,
                                    "Actual Rows": 17,
                                    "Actual Loops": 1,
                                    "Output": [
                                      "n.name",
                                      "n.id",
                                      "pi.person_id",
                                      "pi.info_type_id"
                                    ],
                                    "Inner Unique": true,
                                    "Plans": [
                                      {
                                        "Node Type": "Index Scan",
                                        "Parent Relationship": "Outer",
                                        "Parallel Aware": false,
                                        "Async Capable": false,
                                        "Scan Direction": "Forward",
                                        "Index Name": "idx_person_info_note",
                                        "Relation Name": "person_info",
                                        "Schema": "public",
                                        "Alias": "pi",
                                        "Startup Cost": 0.43,
                                        "Total Cost": 108.86,
                                        "Plan Rows": 26,
                                        "Plan Width": 8,
                                        "Actual Startup Time": 0.072,
                                        "Actual Total Time": 0.824,
                                        "Actual Rows": 64,
                                        "Actual Loops": 1,
                                        "Output": [
                                          "pi.id",
                                          "pi.person_id",
                                          "pi.info_type_id",
                                          "pi.info",
                                          "pi.note"
                                        ],
                                        "Index Cond": "((pi.note)::text = 'Volker Boehm'::text)",
                                        "Rows Removed by Index Recheck": 0
                                      },
                                      {
                                        "Node Type": "Index Scan",
                                        "Parent Relationship": "Inner",
                                        "Parallel Aware": false,
                                        "Async Capable": false,
                                        "Scan Direction": "Forward",
                                        "Index Name": "idx_name_id",
                                        "Relation Name": "name",
                                        "Schema": "public",
                                        "Alias": "n",
                                        "Startup Cost": 0.43,
                                        "Total Cost": 8.46,
                                        "Plan Rows": 1,
                                        "Plan Width": 19,
                                        "Actual Startup Time": 0.027,
                                        "Actual Total Time": 0.027,
                                        "Actual Rows": 0,
                                        "Actual Loops": 64,
                                        "Output": [
                                          "n.id",
                                          "n.name",
                                          "n.imdb_index",
                                          "n.imdb_id",
                                          "n.gender",
                                          "n.name_pcode_cf",
                                          "n.name_pcode_nf",
                                          "n.surname_pcode",
                                          "n.md5sum"
                                        ],
                                        "Index Cond": "(n.id = pi.person_id)",
                                        "Rows Removed by Index Recheck": 0,
                                        "Filter": "(((n.name_pcode_cf)::text >= 'A'::text) AND ((n.name_pcode_cf)::text <= 'F'::text) AND (((n.gender)::text = 'm'::text) OR (((n.gender)::text = 'f'::text) AND ((n.name)::text ~~ 'B%'::text))))",
                                        "Rows Removed by Filter": 1
                                      }
                                    ]
                                  },
                                  {
                                    "Node Type": "Index Scan",
                                    "Parent Relationship": "Inner",
                                    "Parallel Aware": false,
                                    "Async Capable": false,
                                    "Scan Direction": "Forward",
                                    "Index Name": "idx_cast_info_person_id",
                                    "Relation Name": "cast_info",
                                    "Schema": "public",
                                    "Alias": "ci",
                                    "Startup Cost": 0.44,
                                    "Total Cost": 11.77,
                                    "Plan Rows": 509,
                                    "Plan Width": 8,
                                    "Actual Startup Time": 0.036,
                                    "Actual Total Time": 0.114,
                                    "Actual Rows": 157,
                                    "Actual Loops": 17,
                                    "Output": [
                                      "ci.id",
                                      "ci.person_id",
                                      "ci.movie_id",
                                      "ci.person_role_id",
                                      "ci.note",
                                      "ci.nr_order",
                                      "ci.role_id"
                                    ],
                                    "Index Cond": "(ci.person_id = n.id)",
                                    "Rows Removed by Index Recheck": 0
                                  }
                                ]
                              }
                            ]
                          }
                        ]
                      },
                      {
                        "Node Type": "Hash",
                        "Parent Relationship": "Inner",
                        "Parallel Aware": false,
                        "Async Capable": false,
                        "Startup Cost": 1.23,
                        "Total Cost": 1.23,
                        "Plan Rows": 1,
                        "Plan Width": 4,
                        "Actual Startup Time": 0.015,
                        "Actual Total Time": 0.015,
                        "Actual Rows": 1,
                        "Actual Loops": 1,
                        "Output": [
                          "lt.id"
                        ],
                        "Hash Buckets": 1024,
                        "Original Hash Buckets": 1024,
                        "Hash Batches": 1,
                        "Original Hash Batches": 1,
                        "Peak Memory Usage": 9,
                        "Plans": [
                          {
                            "Node Type": "Seq Scan",
                            "Parent Relationship": "Outer",
                            "Parallel Aware": false,
                            "Async Capable": false,
                            "Relation Name": "link_type",
                            "Schema": "public",
                            "Alias": "lt",
                            "Startup Cost": 0.0,
                            "Total Cost": 1.23,
                            "Plan Rows": 1,
                            "Plan Width": 4,
                            "Actual Startup Time": 0.01,
                            "Actual Total Time": 0.012,
                            "Actual Rows": 1,
                            "Actual Loops": 1,
                            "Output": [
                              "lt.id"
                            ],
                            "Filter": "((lt.link)::text = 'features'::text)",
                            "Rows Removed by Filter": 17
                          }
                        ]
                      }
                    ]
                  },
                  {
                    "Node Type": "Index Scan",
                    "Parent Relationship": "Inner",
                    "Parallel Aware": false,
                    "Async Capable": false,
                    "Scan Direction": "Forward",
                    "Index Name": "idx_title_id",
                    "Relation Name": "title",
                    "Schema": "public",
                    "Alias": "t",
                    "Startup Cost": 0.43,
                    "Total Cost": 0.46,
                    "Plan Rows": 1,
                    "Plan Width": 21,
                    "Actual Startup Time": 0.012,
                    "Actual Total Time": 0.012,
                    "Actual Rows": 0,
                    "Actual Loops": 103,
                    "Output": [
                      "t.id",
                      "t.title",
                      "t.imdb_index",
                      "t.kind_id",
                      "t.production_year",
                      "t.imdb_id",
                      "t.phonetic_code",
                      "t.episode_of_id",
                      "t.season_nr",
                      "t.episode_nr",
                      "t.series_years",
                      "t.md5sum"
                    ],
                    "Index Cond": "(t.id = ci.movie_id)",
                    "Rows Removed by Index Recheck": 0,
                    "Filter": "((t.production_year >= 1980) AND (t.production_year <= 1995))",
                    "Rows Removed by Filter": 1
                  }
                ]
              },
              {
                "Node Type": "Hash",
                "Parent Relationship": "Inner",
                "Parallel Aware": false,
                "Async Capable": false,
                "Startup Cost": 2.41,
                "Total Cost": 2.41,
                "Plan Rows": 1,
                "Plan Width": 4,
                "Actual Startup Time": 0.033,
                "Actual Total Time": 0.033,
                "Actual Rows": 1,
                "Actual Loops": 1,
                "Output": [
                  "it.id"
                ],
                "Hash Buckets": 1024,
                "Original Hash Buckets": 1024,
                "Hash Batches": 1,
                "Original Hash Batches": 1,
                "Peak Memory Usage": 9,
                "Plans": [
                  {
                    "Node Type": "Seq Scan",
                    "Parent Relationship": "Outer",
                    "Parallel Aware": false,
                    "Async Capable": false,
                    "Relation Name": "info_type",
                    "Schema": "public",
                    "Alias": "it",
                    "Startup Cost": 0.0,
                    "Total Cost": 2.41,
                    "Plan Rows": 1,
                    "Plan Width": 4,
                    "Actual Startup Time": 0.016,
                    "Actual Total Time": 0.028,
                    "Actual Rows": 1,
                    "Actual Loops": 1,
                    "Output": [
                      "it.id"
                    ],
                    "Filter": "((it.info)::text = 'mini biography'::text)",
                    "Rows Removed by Filter": 112
                  }
                ]
              }
            ]
          },
          {
            "Node Type": "Index Scan",
            "Parent Relationship": "Inner",
            "Parallel Aware": false,
            "Async Capable": false,
            "Scan Direction": "Forward",
            "Index Name": "idx_aka_name_person_id",
            "Relation Name": "aka_name",
            "Schema": "public",
            "Alias": "an",
            "Startup Cost": 0.42,
            "Total Cost": 0.47,
            "Plan Rows": 2,
            "Plan Width": 4,
            "Actual Startup Time": 0.008,
            "Actual Total Time": 0.011,
            "Actual Rows": 2,
            "Actual Loops": 14,
            "Output": [
              "an.id",
              "an.person_id",
              "an.name",
              "an.imdb_index",
              "an.name_pcode_cf",
              "an.name_pcode_nf",
              "an.surname_pcode",
              "an.md5sum"
            ],
            "Index Cond": "(an.person_id = ci.person_id)",
            "Rows Removed by Index Recheck": 0,
            "Filter": "((an.name)::text ~~ '%a%'::text)",
            "Rows Removed by Filter": 1
          }
        ]
      }
    ]
  },
  "Planning Time": 12.812,
  "Triggers": [],
  "Execution Time": 15.078
}