{
  "Plan": {
    "Node Type": "Aggregate",
    "Strategy": "Plain",
    "Partial Mode": "Simple",
    "Parallel Aware": false,
    "Async Capable": false,
    "Startup Cost": 342046.86,
    "Total Cost": 342046.87,
    "Plan Rows": 1,
    "Plan Width": 32,
    "Actual Startup Time": 7591.012,
    "Actual Total Time": 7591.019,
    "Actual Rows": 1,
    "Actual Loops": 1,
    "Output": [
      "min((n.name)::text)"
    ],
    "Plans": [
      {
        "Node Type": "Hash Join",
        "Parent Relationship": "Outer",
        "Parallel Aware": false,
        "Async Capable": false,
        "Join Type": "Inner",
        "Startup Cost": 156373.48,
        "Total Cost": 334965.48,
        "Plan Rows": 2832555,
        "Plan Width": 15,
        "Actual Startup Time": 2267.508,
        "Actual Total Time": 6983.086,
        "Actual Rows": 2832555,
        "Actual Loops": 1,
        "Output": [
          "n.name"
        ],
        "Inner Unique": true,
        "Hash Cond": "(ci.person_id = n.id)",
        "Plans": [
          {
            "Node Type": "Nested Loop",
            "Parent Relationship": "Outer",
            "Parallel Aware": false,
            "Async Capable": false,
            "Join Type": "Inner",
            "Startup Cost": 6990.93,
            "Total Cost": 178147.46,
            "Plan Rows": 2832555,
            "Plan Width": 4,
            "Actual Startup Time": 100.899,
            "Actual Total Time": 3766.199,
            "Actual Rows": 2832555,
            "Actual Loops": 1,
            "Output": [
              "ci.person_id"
            ],
            "Inner Unique": false,
            "Join Filter": "(ci.movie_id = t.id)",
            "Rows Removed by Join Filter": 0,
            "Plans": [
              {
                "Node Type": "Hash Join",
                "Parent Relationship": "Outer",
                "Parallel Aware": false,
                "Async Capable": false,
                "Join Type": "Inner",
                "Startup Cost": 6990.49,
                "Total Cost": 52735.99,
                "Plan Rows": 68316,
                "Plan Width": 12,
                "Actual Startup Time": 100.647,
                "Actual Total Time": 632.054,
                "Actual Rows": 68316,
                "Actual Loops": 1,
                "Output": [
                  "mc.movie_id",
                  "mk.movie_id",
                  "t.id"
                ],
                "Inner Unique": true,
                "Hash Cond": "(mc.company_id = cn.id)",
                "Plans": [
                  {
                    "Node Type": "Nested Loop",
                    "Parent Relationship": "Outer",
                    "Parallel Aware": false,
                    "Async Capable": false,
                    "Join Type": "Inner",
                    "Startup Cost": 1.71,
                    "Total Cost": 45357.25,
                    "Plan Rows": 148552,
                    "Plan Width": 16,
                    "Actual Startup Time": 31.179,
                    "Actual Total Time": 503.247,
                    "Actual Rows": 148552,
                    "Actual Loops": 1,
                    "Output": [
                      "mk.movie_id",
                      "mc.movie_id",
                      "mc.company_id",
                      "t.id"
                    ],
                    "Inner Unique": false,
                    "Join Filter": "(mc.movie_id = t.id)",
                    "Rows Removed by Join Filter": 0,
                    "Plans": [
                      {
                        "Node Type": "Nested Loop",
                        "Parent Relationship": "Outer",
                        "Parallel Aware": false,
                        "Async Capable": false,
                        "Join Type": "Inner",
                        "Startup Cost": 1.28,
                        "Total Cost": 20204.78,
                        "Plan Rows": 41840,
                        "Plan Width": 8,
                        "Actual Startup Time": 31.073,
                        "Actual Total Time": 235.884,
                        "Actual Rows": 41840,
                        "Actual Loops": 1,
                        "Output": [
                          "mk.movie_id",
                          "t.id"
                        ],
                        "Inner Unique": true,
                        "Plans": [
                          {
                            "Node Type": "Nested Loop",
                            "Parent Relationship": "Outer",
                            "Parallel Aware": false,
                            "Async Capable": false,
                            "Join Type": "Inner",
                            "Startup Cost": 0.85,
                            "Total Cost": 1224.82,
                            "Plan Rows": 41840,
                            "Plan Width": 4,
                            "Actual Startup Time": 31.047,
                            "Actual Total Time": 90.466,
                            "Actual Rows": 41840,
                            "Actual Loops": 1,
                            "Output": [
                              "mk.movie_id"
                            ],
                            "Inner Unique": false,
                            "Plans": [
                              {
                                "Node Type": "Index Scan",
                                "Parent Relationship": "Outer",
                                "Parallel Aware": false,
                                "Async Capable": false,
                                "Scan Direction": "Forward",
                                "Index Name": "idx_keyword_keyword",
                                "Relation Name": "keyword",
                                "Schema": "public",
                                "Alias": "k",
                                "Startup Cost": 0.42,
                                "Total Cost": 8.44,
                                "Plan Rows": 1,
                                "Plan Width": 4,
                                "Actual Startup Time": 0.066,
                                "Actual Total Time": 0.067,
                                "Actual Rows": 1,
                                "Actual Loops": 1,
                                "Output": [
                                  "k.id",
                                  "k.keyword",
                                  "k.phonetic_code"
                                ],
                                "Index Cond": "((k.keyword)::text = 'character-name-in-title'::text)",
                                "Rows Removed by Index Recheck": 0
                              },
                              {
                                "Node Type": "Index Scan",
                                "Parent Relationship": "Inner",
                                "Parallel Aware": false,
                                "Async Capable": false,
                                "Scan Direction": "Forward",
                                "Index Name": "idx_movie_keyword_keyword_id",
                                "Relation Name": "movie_keyword",
                                "Schema": "public",
                                "Alias": "mk",
                                "Startup Cost": 0.43,
                                "Total Cost": 1213.36,
                                "Plan Rows": 302,
                                "Plan Width": 8,
                                "Actual Startup Time": 0.065,
                                "Actual Total Time": 48.37,
                                "Actual Rows": 41840,
                                "Actual Loops": 1,
                                "Output": [
                                  "mk.id",
                                  "mk.movie_id",
                                  "mk.keyword_id"
                                ],
                                "Index Cond": "(mk.keyword_id = k.id)",
                                "Rows Removed by Index Recheck": 0
                              }
                            ]
                          },
                          {
                            "Node Type": "Index Only Scan",
                            "Parent Relationship": "Inner",
                            "Parallel Aware": false,
                            "Async Capable": false,
                            "Scan Direction": "Forward",
                            "Index Name": "idx_title_id",
                            "Relation Name": "title",
                            "Schema": "public",
                            "Alias": "t",
                            "Startup Cost": 0.43,
                            "Total Cost": 0.45,
                            "Plan Rows": 1,
                            "Plan Width": 4,
                            "Actual Startup Time": 0.003,
                            "Actual Total Time": 0.003,
                            "Actual Rows": 1,
                            "Actual Loops": 41840,
                            "Output": [
                              "t.id"
                            ],
                            "Index Cond": "(t.id = mk.movie_id)",
                            "Rows Removed by Index Recheck": 0,
                            "Heap Fetches": 0
                          }
                        ]
                      },
                      {
                        "Node Type": "Index Scan",
                        "Parent Relationship": "Inner",
                        "Parallel Aware": false,
                        "Async Capable": false,
                        "Scan Direction": "Forward",
                        "Index Name": "idx_movie_companies_movie_id",
                        "Relation Name": "movie_companies",
                        "Schema": "public",
                        "Alias": "mc",
                        "Startup Cost": 0.43,
                        "Total Cost": 0.54,
                        "Plan Rows": 5,
                        "Plan Width": 8,
                        "Actual Startup Time": 0.003,
                        "Actual Total Time": 0.005,
                        "Actual Rows": 4,
                        "Actual Loops": 41840,
                        "Output": [
                          "mc.id",
                          "mc.movie_id",
                          "mc.company_id",
                          "mc.company_type_id",
                          "mc.note"
                        ],
                        "Index Cond": "(mc.movie_id = mk.movie_id)",
                        "Rows Removed by Index Recheck": 0
                      }
                    ]
                  },
                  {
                    "Node Type": "Hash",
                    "Parent Relationship": "Inner",
                    "Parallel Aware": false,
                    "Async Capable": false,
                    "Startup Cost": 5932.46,
                    "Total Cost": 5932.46,
                    "Plan Rows": 84505,
                    "Plan Width": 4,
                    "Actual Startup Time": 68.608,
                    "Actual Total Time": 68.61,
                    "Actual Rows": 84843,
                    "Actual Loops": 1,
                    "Output": [
                      "cn.id"
                    ],
                    "Hash Buckets": 131072,
                    "Original Hash Buckets": 131072,
                    "Hash Batches": 1,
                    "Original Hash Batches": 1,
                    "Peak Memory Usage": 4007,
                    "Plans": [
                      {
                        "Node Type": "Seq Scan",
                        "Parent Relationship": "Outer",
                        "Parallel Aware": false,
                        "Async Capable": false,
                        "Relation Name": "company_name",
                        "Schema": "public",
                        "Alias": "cn",
                        "Startup Cost": 0.0,
                        "Total Cost": 5932.46,
                        "Plan Rows": 84505,
                        "Plan Width": 4,
                        "Actual Startup Time": 0.03,
                        "Actual Total Time": 51.289,
                        "Actual Rows": 84843,
                        "Actual Loops": 1,
                        "Output": [
                          "cn.id"
                        ],
                        "Filter": "((cn.country_code)::text = '[us]'::text)",
                        "Rows Removed by Filter": 150154
                      }
                    ]
                  }
                ]
              },
              {
                "Node Type": "Index Scan",
                "Parent Relationship": "Inner",
                "Parallel Aware": false,
                "Async Capable": false,
                "Scan Direction": "Forward",
                "Index Name": "idx_cast_info_movie_id",
                "Relation Name": "cast_info",
                "Schema": "public",
                "Alias": "ci",
                "Startup Cost": 0.44,
                "Total Cost": 1.36,
                "Plan Rows": 38,
                "Plan Width": 8,
                "Actual Startup Time": 0.004,
                "Actual Total Time": 0.037,
                "Actual Rows": 41,
                "Actual Loops": 68316,
                "Output": [
                  "ci.id",
                  "ci.person_id",
                  "ci.movie_id",
                  "ci.person_role_id",
                  "ci.note",
                  "ci.nr_order",
                  "ci.role_id"
                ],
                "Index Cond": "(ci.movie_id = mk.movie_id)",
                "Rows Removed by Index Recheck": 0
              }
            ]
          },
          {
            "Node Type": "Hash",
            "Parent Relationship": "Inner",
            "Parallel Aware": false,
            "Async Capable": false,
            "Startup Cost": 97288.91,
            "Total Cost": 97288.91,
            "Plan Rows": 4167491,
            "Plan Width": 19,
            "Actual Startup Time": 2143.167,
            "Actual Total Time": 2143.168,
            "Actual Rows": 4167491,
            "Actual Loops": 1,
            "Output": [
              "n.name",
              "n.id"
            ],
            "Hash Buckets": 4194304,
            "Original Hash Buckets": 4194304,
            "Hash Batches": 1,
            "Original Hash Batches": 1,
            "Peak Memory Usage": 248744,
            "Plans": [
              {
                "Node Type": "Seq Scan",
                "Parent Relationship": "Outer",
                "Parallel Aware": false,
                "Async Capable": false,
                "Relation Name": "name",
                "Schema": "public",
                "Alias": "n",
                "Startup Cost": 0.0,
                "Total Cost": 97288.91,
                "Plan Rows": 4167491,
                "Plan Width": 19,
                "Actual Startup Time": 0.046,
                "Actual Total Time": 763.011,
                "Actual Rows": 4167491,
                "Actual Loops": 1,
                "Output": [
                  "n.name",
                  "n.id"
                ]
              }
            ]
          }
        ]
      }
    ]
  },
  "Planning Time": 9.829,
  "Triggers": [],
  "JIT": {
    "Functions": 43,
    "Options": {
      "Inlining": false,
      "Optimization": false,
      "Expressions": true,
      "Deforming": true
    },
    "Timing": {
      "Generation": 2.73,
      "Inlining": 0.0,
      "Optimization": 0.927,
      "Emission": 30.168,
      "Total": 33.825
    }
  },
  "Execution Time": 7671.487
}