{
  "Plan": {
    "Node Type": "Aggregate",
    "Strategy": "Plain",
    "Partial Mode": "Simple",
    "Parallel Aware": false,
    "Async Capable": false,
    "Startup Cost": 1996.79,
    "Total Cost": 1996.8,
    "Plan Rows": 1,
    "Plan Width": 96,
    "Actual Startup Time": 35.783,
    "Actual Total Time": 35.788,
    "Actual Rows": 1,
    "Actual Loops": 1,
    "Output": [
      "min((cn.name)::text)",
      "min((lt.link)::text)",
      "min((t.title)::text)"
    ],
    "Plans": [
      {
        "Node Type": "Hash Join",
        "Parent Relationship": "Outer",
        "Parallel Aware": false,
        "Async Capable": false,
        "Join Type": "Inner",
        "Startup Cost": 1360.2,
        "Total Cost": 1996.68,
        "Plan Rows": 14,
        "Plan Width": 48,
        "Actual Startup Time": 34.392,
        "Actual Total Time": 35.767,
        "Actual Rows": 14,
        "Actual Loops": 1,
        "Output": [
          "cn.name",
          "lt.link",
          "t.title"
        ],
        "Inner Unique": true,
        "Hash Cond": "(mc.company_type_id = ct.id)",
        "Plans": [
          {
            "Node Type": "Nested Loop",
            "Parent Relationship": "Outer",
            "Parallel Aware": false,
            "Async Capable": false,
            "Join Type": "Inner",
            "Startup Cost": 1359.14,
            "Total Cost": 1995.54,
            "Plan Rows": 14,
            "Plan Width": 52,
            "Actual Startup Time": 34.34,
            "Actual Total Time": 35.708,
            "Actual Rows": 14,
            "Actual Loops": 1,
            "Output": [
              "cn.name",
              "mc.company_type_id",
              "lt.link",
              "t.title"
            ],
            "Inner Unique": true,
            "Plans": [
              {
                "Node Type": "Nested Loop",
                "Parent Relationship": "Outer",
                "Parallel Aware": false,
                "Async Capable": false,
                "Join Type": "Inner",
                "Startup Cost": 1358.72,
                "Total Cost": 1985.96,
                "Plan Rows": 21,
                "Plan Width": 37,
                "Actual Startup Time": 34.306,
                "Actual Total Time": 35.581,
                "Actual Rows": 21,
                "Actual Loops": 1,
                "Output": [
                  "mc.company_type_id",
                  "mc.company_id",
                  "lt.link",
                  "t.title"
                ],
                "Inner Unique": false,
                "Join Filter": "(mc.movie_id = ml.movie_id)",
                "Rows Removed by Join Filter": 0,
                "Plans": [
                  {
                    "Node Type": "Nested Loop",
                    "Parent Relationship": "Outer",
                    "Parallel Aware": false,
                    "Async Capable": false,
                    "Join Type": "Inner",
                    "Startup Cost": 1358.29,
                    "Total Cost": 1981.92,
                    "Plan Rows": 7,
                    "Plan Width": 41,
                    "Actual Startup Time": 34.248,
                    "Actual Total Time": 35.489,
                    "Actual Rows": 7,
                    "Actual Loops": 1,
                    "Output": [
                      "mk.movie_id",
                      "ml.movie_id",
                      "lt.link",
                      "t.title",
                      "t.id"
                    ],
                    "Inner Unique": true,
                    "Join Filter": "(ml.movie_id = t.id)",
                    "Rows Removed by Join Filter": 0,
                    "Plans": [
                      {
                        "Node Type": "Hash Join",
                        "Parent Relationship": "Outer",
                        "Parallel Aware": false,
                        "Async Capable": false,
                        "Join Type": "Inner",
                        "Startup Cost": 1357.86,
                        "Total Cost": 1949.73,
                        "Plan Rows": 64,
                        "Plan Width": 20,
                        "Actual Startup Time": 27.871,
                        "Actual Total Time": 34.769,
                        "Actual Rows": 64,
                        "Actual Loops": 1,
                        "Output": [
                          "mk.movie_id",
                          "ml.movie_id",
                          "lt.link"
                        ],
                        "Inner Unique": false,
                        "Hash Cond": "(ml.movie_id = mk.movie_id)",
                        "Plans": [
                          {
                            "Node Type": "Hash Join",
                            "Parent Relationship": "Outer",
                            "Parallel Aware": false,
                            "Async Capable": false,
                            "Join Type": "Inner",
                            "Startup Cost": 1.24,
                            "Total Cost": 561.48,
                            "Plan Rows": 1158,
                            "Plan Width": 16,
                            "Actual Startup Time": 0.069,
                            "Actual Total Time": 6.829,
                            "Actual Rows": 1158,
                            "Actual Loops": 1,
                            "Output": [
                              "lt.link",
                              "ml.movie_id"
                            ],
                            "Inner Unique": true,
                            "Hash Cond": "(ml.link_type_id = lt.id)",
                            "Plans": [
                              {
                                "Node Type": "Seq Scan",
                                "Parent Relationship": "Outer",
                                "Parallel Aware": false,
                                "Async Capable": false,
                                "Relation Name": "movie_link",
                                "Schema": "public",
                                "Alias": "ml",
                                "Startup Cost": 0.0,
                                "Total Cost": 462.97,
                                "Plan Rows": 29997,
                                "Plan Width": 8,
                                "Actual Startup Time": 0.01,
                                "Actual Total Time": 2.618,
                                "Actual Rows": 29997,
                                "Actual Loops": 1,
                                "Output": [
                                  "ml.id",
                                  "ml.movie_id",
                                  "ml.linked_movie_id",
                                  "ml.link_type_id"
                                ]
                              },
                              {
                                "Node Type": "Hash",
                                "Parent Relationship": "Inner",
                                "Parallel Aware": false,
                                "Async Capable": false,
                                "Startup Cost": 1.23,
                                "Total Cost": 1.23,
                                "Plan Rows": 1,
                                "Plan Width": 16,
                                "Actual Startup Time": 0.018,
                                "Actual Total Time": 0.019,
                                "Actual Rows": 1,
                                "Actual Loops": 1,
                                "Output": [
                                  "lt.link",
                                  "lt.id"
                                ],
                                "Hash Buckets": 1024,
                                "Original Hash Buckets": 1024,
                                "Hash Batches": 1,
                                "Original Hash Batches": 1,
                                "Peak Memory Usage": 9,
                                "Plans": [
                                  {
                                    "Node Type": "Seq Scan",
                                    "Parent Relationship": "Outer",
                                    "Parallel Aware": false,
                                    "Async Capable": false,
                                    "Relation Name": "link_type",
                                    "Schema": "public",
                                    "Alias": "lt",
                                    "Startup Cost": 0.0,
                                    "Total Cost": 1.23,
                                    "Plan Rows": 1,
                                    "Plan Width": 16,
                                    "Actual Startup Time": 0.008,
                                    "Actual Total Time": 0.012,
                                    "Actual Rows": 1,
                                    "Actual Loops": 1,
                                    "Output": [
                                      "lt.link",
                                      "lt.id"
                                    ],
                                    "Filter": "((lt.link)::text ~~ '%follows%'::text)",
                                    "Rows Removed by Filter": 17
                                  }
                                ]
                              }
                            ]
                          },
                          {
                            "Node Type": "Hash",
                            "Parent Relationship": "Inner",
                            "Parallel Aware": false,
                            "Async Capable": false,
                            "Startup Cost": 1224.82,
                            "Total Cost": 1224.82,
                            "Plan Rows": 10544,
                            "Plan Width": 4,
                            "Actual Startup Time": 27.661,
                            "Actual Total Time": 27.662,
                            "Actual Rows": 10544,
                            "Actual Loops": 1,
                            "Output": [
                              "mk.movie_id"
                            ],
                            "Hash Buckets": 16384,
                            "Original Hash Buckets": 16384,
                            "Hash Batches": 1,
                            "Original Hash Batches": 1,
                            "Peak Memory Usage": 499,
                            "Plans": [
                              {
                                "Node Type": "Nested Loop",
                                "Parent Relationship": "Outer",
                                "Parallel Aware": false,
                                "Async Capable": false,
                                "Join Type": "Inner",
                                "Startup Cost": 0.85,
                                "Total Cost": 1224.82,
                                "Plan Rows": 10544,
                                "Plan Width": 4,
                                "Actual Startup Time": 0.109,
                                "Actual Total Time": 25.227,
                                "Actual Rows": 10544,
                                "Actual Loops": 1,
                                "Output": [
                                  "mk.movie_id"
                                ],
                                "Inner Unique": false,
                                "Plans": [
                                  {
                                    "Node Type": "Index Scan",
                                    "Parent Relationship": "Outer",
                                    "Parallel Aware": false,
                                    "Async Capable": false,
                                    "Scan Direction": "Forward",
                                    "Index Name": "idx_keyword_keyword",
                                    "Relation Name": "keyword",
                                    "Schema": "public",
                                    "Alias": "k",
                                    "Startup Cost": 0.42,
                                    "Total Cost": 8.44,
                                    "Plan Rows": 1,
                                    "Plan Width": 4,
                                    "Actual Startup Time": 0.059,
                                    "Actual Total Time": 0.06,
                                    "Actual Rows": 1,
                                    "Actual Loops": 1,
                                    "Output": [
                                      "k.id",
                                      "k.keyword",
                                      "k.phonetic_code"
                                    ],
                                    "Index Cond": "((k.keyword)::text = 'sequel'::text)",
                                    "Rows Removed by Index Recheck": 0
                                  },
                                  {
                                    "Node Type": "Index Scan",
                                    "Parent Relationship": "Inner",
                                    "Parallel Aware": false,
                                    "Async Capable": false,
                                    "Scan Direction": "Forward",
                                    "Index Name": "idx_movie_keyword_keyword_id",
                                    "Relation Name": "movie_keyword",
                                    "Schema": "public",
                                    "Alias": "mk",
                                    "Startup Cost": 0.43,
                                    "Total Cost": 1213.36,
                                    "Plan Rows": 302,
                                    "Plan Width": 8,
                                    "Actual Startup Time": 0.046,
                                    "Actual Total Time": 23.331,
                                    "Actual Rows": 10544,
                                    "Actual Loops": 1,
                                    "Output": [
                                      "mk.id",
                                      "mk.movie_id",
                                      "mk.keyword_id"
                                    ],
                                    "Index Cond": "(mk.keyword_id = k.id)",
                                    "Rows Removed by Index Recheck": 0
                                  }
                                ]
                              }
                            ]
                          }
                        ]
                      },
                      {
                        "Node Type": "Index Scan",
                        "Parent Relationship": "Inner",
                        "Parallel Aware": false,
                        "Async Capable": false,
                        "Scan Direction": "Forward",
                        "Index Name": "idx_title_id",
                        "Relation Name": "title",
                        "Schema": "public",
                        "Alias": "t",
                        "Startup Cost": 0.43,
                        "Total Cost": 0.49,
                        "Plan Rows": 1,
                        "Plan Width": 21,
                        "Actual Startup Time": 0.011,
                        "Actual Total Time": 0.011,
                        "Actual Rows": 0,
                        "Actual Loops": 64,
                        "Output": [
                          "t.id",
                          "t.title",
                          "t.imdb_index",
                          "t.kind_id",
                          "t.production_year",
                          "t.imdb_id",
                          "t.phonetic_code",
                          "t.episode_of_id",
                          "t.season_nr",
                          "t.episode_nr",
                          "t.series_years",
                          "t.md5sum"
                        ],
                        "Index Cond": "(t.id = mk.movie_id)",
                        "Rows Removed by Index Recheck": 0,
                        "Filter": "(((t.title)::text ~~ '%Money%'::text) AND (t.production_year = 1998))",
                        "Rows Removed by Filter": 1
                      }
                    ]
                  },
                  {
                    "Node Type": "Index Scan",
                    "Parent Relationship": "Inner",
                    "Parallel Aware": false,
                    "Async Capable": false,
                    "Scan Direction": "Forward",
                    "Index Name": "idx_movie_companies_movie_id",
                    "Relation Name": "movie_companies",
                    "Schema": "public",
                    "Alias": "mc",
                    "Startup Cost": 0.43,
                    "Total Cost": 0.54,
                    "Plan Rows": 3,
                    "Plan Width": 12,
                    "Actual Startup Time": 0.011,
                    "Actual Total Time": 0.012,
                    "Actual Rows": 3,
                    "Actual Loops": 7,
                    "Output": [
                      "mc.id",
                      "mc.movie_id",
                      "mc.company_id",
                      "mc.company_type_id",
                      "mc.note"
                    ],
                    "Index Cond": "(mc.movie_id = mk.movie_id)",
                    "Rows Removed by Index Recheck": 0,
                    "Filter": "(mc.note IS NULL)",
                    "Rows Removed by Filter": 1
                  }
                ]
              },
              {
                "Node Type": "Index Scan",
                "Parent Relationship": "Inner",
                "Parallel Aware": false,
                "Async Capable": false,
                "Scan Direction": "Forward",
                "Index Name": "idx_company_name_id",
                "Relation Name": "company_name",
                "Schema": "public",
                "Alias": "cn",
                "Startup Cost": 0.42,
                "Total Cost": 0.46,
                "Plan Rows": 1,
                "Plan Width": 23,
                "Actual Startup Time": 0.005,
                "Actual Total Time": 0.005,
                "Actual Rows": 1,
                "Actual Loops": 21,
                "Output": [
                  "cn.id",
                  "cn.name",
                  "cn.country_code",
                  "cn.imdb_id",
                  "cn.name_pcode_nf",
                  "cn.name_pcode_sf",
                  "cn.md5sum"
                ],
                "Index Cond": "(cn.id = mc.company_id)",
                "Rows Removed by Index Recheck": 0,
                "Filter": "(((cn.country_code)::text <> '[pl]'::text) AND (((cn.name)::text ~~ '%Film%'::text) OR ((cn.name)::text ~~ '%Warner%'::text)))",
                "Rows Removed by Filter": 0
              }
            ]
          },
          {
            "Node Type": "Hash",
            "Parent Relationship": "Inner",
            "Parallel Aware": false,
            "Async Capable": false,
            "Startup Cost": 1.05,
            "Total Cost": 1.05,
            "Plan Rows": 1,
            "Plan Width": 4,
            "Actual Startup Time": 0.023,
            "Actual Total Time": 0.024,
            "Actual Rows": 1,
            "Actual Loops": 1,
            "Output": [
              "ct.id"
            ],
            "Hash Buckets": 1024,
            "Original Hash Buckets": 1024,
            "Hash Batches": 1,
            "Original Hash Batches": 1,
            "Peak Memory Usage": 9,
            "Plans": [
              {
                "Node Type": "Seq Scan",
                "Parent Relationship": "Outer",
                "Parallel Aware": false,
                "Async Capable": false,
                "Relation Name": "company_type",
                "Schema": "public",
                "Alias": "ct",
                "Startup Cost": 0.0,
                "Total Cost": 1.05,
                "Plan Rows": 1,
                "Plan Width": 4,
                "Actual Startup Time": 0.016,
                "Actual Total Time": 0.017,
                "Actual Rows": 1,
                "Actual Loops": 1,
                "Output": [
                  "ct.id"
                ],
                "Filter": "((ct.kind)::text = 'production companies'::text)",
                "Rows Removed by Filter": 3
              }
            ]
          }
        ]
      }
    ]
  },
  "Planning Time": 12.359,
  "Triggers": [],
  "Execution Time": 36.05
}