{
  "Plan": {
    "Node Type": "Aggregate",
    "Strategy": "Plain",
    "Partial Mode": "Simple",
    "Parallel Aware": false,
    "Async Capable": false,
    "Startup Cost": 1867.8,
    "Total Cost": 1867.81,
    "Plan Rows": 1,
    "Plan Width": 96,
    "Actual Startup Time": 25.616,
    "Actual Total Time": 25.618,
    "Actual Rows": 1,
    "Actual Loops": 1,
    "Output": [
      "min((k.keyword)::text)",
      "min((n.name)::text)",
      "min((t.title)::text)"
    ],
    "Plans": [
      {
        "Node Type": "Nested Loop",
        "Parent Relationship": "Outer",
        "Parallel Aware": false,
        "Async Capable": false,
        "Join Type": "Inner",
        "Startup Cost": 2.15,
        "Total Cost": 1867.79,
        "Plan Rows": 1,
        "Plan Width": 48,
        "Actual Startup Time": 7.147,
        "Actual Total Time": 25.601,
        "Actual Rows": 6,
        "Actual Loops": 1,
        "Output": [
          "k.keyword",
          "n.name",
          "t.title"
        ],
        "Inner Unique": true,
        "Join Filter": "(mk.movie_id = t.id)",
        "Rows Removed by Join Filter": 0,
        "Plans": [
          {
            "Node Type": "Nested Loop",
            "Parent Relationship": "Outer",
            "Parallel Aware": false,
            "Async Capable": false,
            "Join Type": "Inner",
            "Startup Cost": 1.72,
            "Total Cost": 1867.33,
            "Plan Rows": 1,
            "Plan Width": 39,
            "Actual Startup Time": 7.096,
            "Actual Total Time": 25.463,
            "Actual Rows": 6,
            "Actual Loops": 1,
            "Output": [
              "ci.movie_id",
              "mk.movie_id",
              "k.keyword",
              "n.name"
            ],
            "Inner Unique": true,
            "Plans": [
              {
                "Node Type": "Nested Loop",
                "Parent Relationship": "Outer",
                "Parallel Aware": false,
                "Async Capable": false,
                "Join Type": "Inner",
                "Startup Cost": 1.29,
                "Total Cost": 1291.0,
                "Plan Rows": 1260,
                "Plan Width": 28,
                "Actual Startup Time": 0.212,
                "Actual Total Time": 9.111,
                "Actual Rows": 1242,
                "Actual Loops": 1,
                "Output": [
                  "ci.movie_id",
                  "ci.person_id",
                  "mk.movie_id",
                  "k.keyword"
                ],
                "Inner Unique": false,
                "Plans": [
                  {
                    "Node Type": "Nested Loop",
                    "Parent Relationship": "Outer",
                    "Parallel Aware": false,
                    "Async Capable": false,
                    "Join Type": "Inner",
                    "Startup Cost": 0.85,
                    "Total Cost": 1232.75,
                    "Plan Rows": 34,
                    "Plan Width": 20,
                    "Actual Startup Time": 0.158,
                    "Actual Total Time": 0.291,
                    "Actual Rows": 14,
                    "Actual Loops": 1,
                    "Output": [
                      "k.keyword",
                      "mk.movie_id"
                    ],
                    "Inner Unique": false,
                    "Plans": [
                      {
                        "Node Type": "Index Scan",
                        "Parent Relationship": "Outer",
                        "Parallel Aware": false,
                        "Async Capable": false,
                        "Scan Direction": "Forward",
                        "Index Name": "idx_keyword_keyword",
                        "Relation Name": "keyword",
                        "Schema": "public",
                        "Alias": "k",
                        "Startup Cost": 0.42,
                        "Total Cost": 8.44,
                        "Plan Rows": 1,
                        "Plan Width": 20,
                        "Actual Startup Time": 0.07,
                        "Actual Total Time": 0.071,
                        "Actual Rows": 1,
                        "Actual Loops": 1,
                        "Output": [
                          "k.id",
                          "k.keyword",
                          "k.phonetic_code"
                        ],
                        "Index Cond": "((k.keyword)::text = 'marvel-cinematic-universe'::text)",
                        "Rows Removed by Index Recheck": 0
                      },
                      {
                        "Node Type": "Index Scan",
                        "Parent Relationship": "Inner",
                        "Parallel Aware": false,
                        "Async Capable": false,
                        "Scan Direction": "Forward",
                        "Index Name": "idx_movie_keyword_keyword_id",
                        "Relation Name": "movie_keyword",
                        "Schema": "public",
                        "Alias": "mk",
                        "Startup Cost": 0.43,
                        "Total Cost": 1221.27,
                        "Plan Rows": 304,
                        "Plan Width": 8,
                        "Actual Startup Time": 0.084,
                        "Actual Total Time": 0.21,
                        "Actual Rows": 14,
                        "Actual Loops": 1,
                        "Output": [
                          "mk.id",
                          "mk.movie_id",
                          "mk.keyword_id"
                        ],
                        "Index Cond": "(mk.keyword_id = k.id)",
                        "Rows Removed by Index Recheck": 0
                      }
                    ]
                  },
                  {
                    "Node Type": "Index Scan",
                    "Parent Relationship": "Inner",
                    "Parallel Aware": false,
                    "Async Capable": false,
                    "Scan Direction": "Forward",
                    "Index Name": "idx_cast_info_movie_id",
                    "Relation Name": "cast_info",
                    "Schema": "public",
                    "Alias": "ci",
                    "Startup Cost": 0.44,
                    "Total Cost": 1.34,
                    "Plan Rows": 37,
                    "Plan Width": 8,
                    "Actual Startup Time": 0.026,
                    "Actual Total Time": 0.604,
                    "Actual Rows": 89,
                    "Actual Loops": 14,
                    "Output": [
                      "ci.id",
                      "ci.person_id",
                      "ci.movie_id",
                      "ci.person_role_id",
                      "ci.note",
                      "ci.nr_order",
                      "ci.role_id"
                    ],
                    "Index Cond": "(ci.movie_id = mk.movie_id)",
                    "Rows Removed by Index Recheck": 0
                  }
                ]
              },
              {
                "Node Type": "Index Scan",
                "Parent Relationship": "Inner",
                "Parallel Aware": false,
                "Async Capable": false,
                "Scan Direction": "Forward",
                "Index Name": "idx_name_id",
                "Relation Name": "name",
                "Schema": "public",
                "Alias": "n",
                "Startup Cost": 0.43,
                "Total Cost": 0.46,
                "Plan Rows": 1,
                "Plan Width": 19,
                "Actual Startup Time": 0.013,
                "Actual Total Time": 0.013,
                "Actual Rows": 0,
                "Actual Loops": 1242,
                "Output": [
                  "n.id",
                  "n.name",
                  "n.imdb_index",
                  "n.imdb_id",
                  "n.gender",
                  "n.name_pcode_cf",
                  "n.name_pcode_nf",
                  "n.surname_pcode",
                  "n.md5sum"
                ],
                "Index Cond": "(n.id = ci.person_id)",
                "Rows Removed by Index Recheck": 0,
                "Filter": "((n.name)::text ~~ '%Downey%Robert%'::text)",
                "Rows Removed by Filter": 1
              }
            ]
          },
          {
            "Node Type": "Index Scan",
            "Parent Relationship": "Inner",
            "Parallel Aware": false,
            "Async Capable": false,
            "Scan Direction": "Forward",
            "Index Name": "idx_title_id",
            "Relation Name": "title",
            "Schema": "public",
            "Alias": "t",
            "Startup Cost": 0.43,
            "Total Cost": 0.45,
            "Plan Rows": 1,
            "Plan Width": 21,
            "Actual Startup Time": 0.022,
            "Actual Total Time": 0.022,
            "Actual Rows": 1,
            "Actual Loops": 6,
            "Output": [
              "t.id",
              "t.title",
              "t.imdb_index",
              "t.kind_id",
              "t.production_year",
              "t.imdb_id",
              "t.phonetic_code",
              "t.episode_of_id",
              "t.season_nr",
              "t.episode_nr",
              "t.series_years",
              "t.md5sum"
            ],
            "Index Cond": "(t.id = ci.movie_id)",
            "Rows Removed by Index Recheck": 0,
            "Filter": "(t.production_year > 2010)",
            "Rows Removed by Filter": 0
          }
        ]
      }
    ]
  },
  "Planning Time": 5.211,
  "Triggers": [],
  "Execution Time": 25.749
}