{
  "Plan": {
    "Node Type": "Aggregate",
    "Strategy": "Plain",
    "Partial Mode": "Simple",
    "Parallel Aware": false,
    "Async Capable": false,
    "Startup Cost": 80822.85,
    "Total Cost": 80822.86,
    "Plan Rows": 1,
    "Plan Width": 64,
    "Actual Startup Time": 480.075,
    "Actual Total Time": 480.082,
    "Actual Rows": 1,
    "Actual Loops": 1,
    "Output": [
      "min((n.name)::text)",
      "min((t.title)::text)"
    ],
    "Plans": [
      {
        "Node Type": "Nested Loop",
        "Parent Relationship": "Outer",
        "Parallel Aware": false,
        "Async Capable": false,
        "Join Type": "Inner",
        "Startup Cost": 3.01,
        "Total Cost": 80822.77,
        "Plan Rows": 15,
        "Plan Width": 32,
        "Actual Startup Time": 394.79,
        "Actual Total Time": 480.06,
        "Actual Rows": 15,
        "Actual Loops": 1,
        "Output": [
          "n.name",
          "t.title"
        ],
        "Inner Unique": false,
        "Join Filter": "(an.person_id = n.id)",
        "Rows Removed by Join Filter": 0,
        "Plans": [
          {
            "Node Type": "Nested Loop",
            "Parent Relationship": "Outer",
            "Parallel Aware": false,
            "Async Capable": false,
            "Join Type": "Inner",
            "Startup Cost": 2.58,
            "Total Cost": 80821.28,
            "Plan Rows": 3,
            "Plan Width": 40,
            "Actual Startup Time": 394.75,
            "Actual Total Time": 480.004,
            "Actual Rows": 3,
            "Actual Loops": 1,
            "Output": [
              "ci.person_id",
              "n.name",
              "n.id",
              "t.title"
            ],
            "Inner Unique": false,
            "Join Filter": "(it.id = mi.info_type_id)",
            "Rows Removed by Join Filter": 0,
            "Plans": [
              {
                "Node Type": "Seq Scan",
                "Parent Relationship": "Outer",
                "Parallel Aware": false,
                "Async Capable": false,
                "Relation Name": "info_type",
                "Schema": "public",
                "Alias": "it",
                "Startup Cost": 0.0,
                "Total Cost": 2.41,
                "Plan Rows": 1,
                "Plan Width": 4,
                "Actual Startup Time": 0.018,
                "Actual Total Time": 0.035,
                "Actual Rows": 1,
                "Actual Loops": 1,
                "Output": [
                  "it.id",
                  "it.info"
                ],
                "Filter": "((it.info)::text = 'release dates'::text)",
                "Rows Removed by Filter": 112
              },
              {
                "Node Type": "Nested Loop",
                "Parent Relationship": "Inner",
                "Parallel Aware": false,
                "Async Capable": false,
                "Join Type": "Inner",
                "Startup Cost": 2.58,
                "Total Cost": 80818.83,
                "Plan Rows": 3,
                "Plan Width": 44,
                "Actual Startup Time": 394.729,
                "Actual Total Time": 479.965,
                "Actual Rows": 3,
                "Actual Loops": 1,
                "Output": [
                  "ci.person_id",
                  "mi.info_type_id",
                  "n.name",
                  "n.id",
                  "t.title"
                ],
                "Inner Unique": false,
                "Join Filter": "(mi.movie_id = t.id)",
                "Rows Removed by Join Filter": 0,
                "Plans": [
                  {
                    "Node Type": "Nested Loop",
                    "Parent Relationship": "Outer",
                    "Parallel Aware": false,
                    "Async Capable": false,
                    "Join Type": "Inner",
                    "Startup Cost": 2.15,
                    "Total Cost": 80811.54,
                    "Plan Rows": 3,
                    "Plan Width": 52,
                    "Actual Startup Time": 394.581,
                    "Actual Total Time": 479.17,
                    "Actual Rows": 3,
                    "Actual Loops": 1,
                    "Output": [
                      "ci.movie_id",
                      "ci.person_id",
                      "mc.movie_id",
                      "n.name",
                      "n.id",
                      "t.title",
                      "t.id"
                    ],
                    "Inner Unique": true,
                    "Plans": [
                      {
                        "Node Type": "Nested Loop",
                        "Parent Relationship": "Outer",
                        "Parallel Aware": false,
                        "Async Capable": false,
                        "Join Type": "Inner",
                        "Startup Cost": 1.73,
                        "Total Cost": 80809.78,
                        "Plan Rows": 3,
                        "Plan Width": 56,
                        "Actual Startup Time": 394.526,
                        "Actual Total Time": 479.086,
                        "Actual Rows": 3,
                        "Actual Loops": 1,
                        "Output": [
                          "ci.movie_id",
                          "ci.person_id",
                          "mc.movie_id",
                          "mc.company_id",
                          "n.name",
                          "n.id",
                          "t.title",
                          "t.id"
                        ],
                        "Inner Unique": true,
                        "Plans": [
                          {
                            "Node Type": "Nested Loop",
                            "Parent Relationship": "Outer",
                            "Parallel Aware": false,
                            "Async Capable": false,
                            "Join Type": "Inner",
                            "Startup Cost": 1.3,
                            "Total Cost": 80808.29,
                            "Plan Rows": 3,
                            "Plan Width": 60,
                            "Actual Startup Time": 394.474,
                            "Actual Total Time": 479.023,
                            "Actual Rows": 3,
                            "Actual Loops": 1,
                            "Output": [
                              "ci.movie_id",
                              "ci.person_id",
                              "ci.person_role_id",
                              "mc.movie_id",
                              "mc.company_id",
                              "n.name",
                              "n.id",
                              "t.title",
                              "t.id"
                            ],
                            "Inner Unique": true,
                            "Plans": [
                              {
                                "Node Type": "Nested Loop",
                                "Parent Relationship": "Outer",
                                "Parallel Aware": false,
                                "Async Capable": false,
                                "Join Type": "Inner",
                                "Startup Cost": 0.87,
                                "Total Cost": 80787.97,
                                "Plan Rows": 24,
                                "Plan Width": 41,
                                "Actual Startup Time": 394.277,
                                "Actual Total Time": 478.587,
                                "Actual Rows": 24,
                                "Actual Loops": 1,
                                "Output": [
                                  "ci.movie_id",
                                  "ci.person_id",
                                  "ci.person_role_id",
                                  "mc.movie_id",
                                  "mc.company_id",
                                  "t.title",
                                  "t.id"
                                ],
                                "Inner Unique": false,
                                "Join Filter": "(ci.role_id = rt.id)",
                                "Rows Removed by Join Filter": 76,
                                "Plans": [
                                  {
                                    "Node Type": "Seq Scan",
                                    "Parent Relationship": "Outer",
                                    "Parallel Aware": false,
                                    "Async Capable": false,
                                    "Relation Name": "role_type",
                                    "Schema": "public",
                                    "Alias": "rt",
                                    "Startup Cost": 0.0,
                                    "Total Cost": 1.15,
                                    "Plan Rows": 1,
                                    "Plan Width": 4,
                                    "Actual Startup Time": 0.014,
                                    "Actual Total Time": 0.019,
                                    "Actual Rows": 1,
                                    "Actual Loops": 1,
                                    "Output": [
                                      "rt.id",
                                      "rt.role"
                                    ],
                                    "Filter": "((rt.role)::text = 'actress'::text)",
                                    "Rows Removed by Filter": 11
                                  },
                                  {
                                    "Node Type": "Nested Loop",
                                    "Parent Relationship": "Inner",
                                    "Parallel Aware": false,
                                    "Async Capable": false,
                                    "Join Type": "Inner",
                                    "Startup Cost": 0.87,
                                    "Total Cost": 80785.57,
                                    "Plan Rows": 100,
                                    "Plan Width": 45,
                                    "Actual Startup Time": 394.04,
                                    "Actual Total Time": 478.55,
                                    "Actual Rows": 100,
                                    "Actual Loops": 1,
                                    "Output": [
                                      "ci.movie_id",
                                      "ci.person_id",
                                      "ci.role_id",
                                      "ci.person_role_id",
                                      "mc.movie_id",
                                      "mc.company_id",
                                      "t.title",
                                      "t.id"
                                    ],
                                    "Inner Unique": false,
                                    "Join Filter": "(ci.movie_id = t.id)",
                                    "Rows Removed by Join Filter": 0,
                                    "Plans": [
                                      {
                                        "Node Type": "Nested Loop",
                                        "Parent Relationship": "Outer",
                                        "Parallel Aware": false,
                                        "Async Capable": false,
                                        "Join Type": "Inner",
                                        "Startup Cost": 0.43,
                                        "Total Cost": 80733.79,
                                        "Plan Rows": 4,
                                        "Plan Width": 29,
                                        "Actual Startup Time": 393.962,
                                        "Actual Total Time": 476.117,
                                        "Actual Rows": 4,
                                        "Actual Loops": 1,
                                        "Output": [
                                          "mc.movie_id",
                                          "mc.company_id",
                                          "t.title",
                                          "t.id"
                                        ],
                                        "Inner Unique": false,
                                        "Plans": [
                                          {
                                            "Node Type": "Seq Scan",
                                            "Parent Relationship": "Outer",
                                            "Parallel Aware": false,
                                            "Async Capable": false,
                                            "Relation Name": "title",
                                            "Schema": "public",
                                            "Alias": "t",
                                            "Startup Cost": 0.0,
                                            "Total Cost": 80243.46,
                                            "Plan Rows": 23,
                                            "Plan Width": 21,
                                            "Actual Startup Time": 44.045,
                                            "Actual Total Time": 475.821,
                                            "Actual Rows": 7,
                                            "Actual Loops": 1,
                                            "Output": [
                                              "t.id",
                                              "t.title",
                                              "t.imdb_index",
                                              "t.kind_id",
                                              "t.production_year",
                                              "t.imdb_id",
                                              "t.phonetic_code",
                                              "t.episode_of_id",
                                              "t.season_nr",
                                              "t.episode_nr",
                                              "t.series_years",
                                              "t.md5sum"
                                            ],
                                            "Filter": "((t.production_year >= 2007) AND (t.production_year <= 2008) AND ((t.title)::text ~~ '%Kung%Fu%Panda%'::text))",
                                            "Rows Removed by Filter": 2528305
                                          },
                                          {
                                            "Node Type": "Index Scan",
                                            "Parent Relationship": "Inner",
                                            "Parallel Aware": false,
                                            "Async Capable": false,
                                            "Scan Direction": "Forward",
                                            "Index Name": "idx_movie_companies_movie_id",
                                            "Relation Name": "movie_companies",
                                            "Schema": "public",
                                            "Alias": "mc",
                                            "Startup Cost": 0.43,
                                            "Total Cost": 21.31,
                                            "Plan Rows": 1,
                                            "Plan Width": 8,
                                            "Actual Startup Time": 0.036,
                                            "Actual Total Time": 0.038,
                                            "Actual Rows": 1,
                                            "Actual Loops": 7,
                                            "Output": [
                                              "mc.id",
                                              "mc.movie_id",
                                              "mc.company_id",
                                              "mc.company_type_id",
                                              "mc.note"
                                            ],
                                            "Index Cond": "(mc.movie_id = t.id)",
                                            "Rows Removed by Index Recheck": 0,
                                            "Filter": "(((mc.note)::text ~~ '%(200%)%'::text) AND (((mc.note)::text ~~ '%(USA)%'::text) OR ((mc.note)::text ~~ '%(worldwide)%'::text)))",
                                            "Rows Removed by Filter": 6
                                          }
                                        ]
                                      },
                                      {
                                        "Node Type": "Index Scan",
                                        "Parent Relationship": "Inner",
                                        "Parallel Aware": false,
                                        "Async Capable": false,
                                        "Scan Direction": "Forward",
                                        "Index Name": "idx_cast_info_movie_id",
                                        "Relation Name": "cast_info",
                                        "Schema": "public",
                                        "Alias": "ci",
                                        "Startup Cost": 0.44,
                                        "Total Cost": 12.93,
                                        "Plan Rows": 1,
                                        "Plan Width": 16,
                                        "Actual Startup Time": 0.023,
                                        "Actual Total Time": 0.6,
                                        "Actual Rows": 25,
                                        "Actual Loops": 4,
                                        "Output": [
                                          "ci.id",
                                          "ci.person_id",
                                          "ci.movie_id",
                                          "ci.person_role_id",
                                          "ci.note",
                                          "ci.nr_order",
                                          "ci.role_id"
                                        ],
                                        "Index Cond": "(ci.movie_id = mc.movie_id)",
                                        "Rows Removed by Index Recheck": 0,
                                        "Filter": "((ci.note)::text = '(voice)'::text)",
                                        "Rows Removed by Filter": 127
                                      }
                                    ]
                                  }
                                ]
                              },
                              {
                                "Node Type": "Index Scan",
                                "Parent Relationship": "Inner",
                                "Parallel Aware": false,
                                "Async Capable": false,
                                "Scan Direction": "Forward",
                                "Index Name": "idx_name_id",
                                "Relation Name": "name",
                                "Schema": "public",
                                "Alias": "n",
                                "Startup Cost": 0.43,
                                "Total Cost": 0.85,
                                "Plan Rows": 1,
                                "Plan Width": 19,
                                "Actual Startup Time": 0.018,
                                "Actual Total Time": 0.018,
                                "Actual Rows": 0,
                                "Actual Loops": 24,
                                "Output": [
                                  "n.id",
                                  "n.name",
                                  "n.imdb_index",
                                  "n.imdb_id",
                                  "n.gender",
                                  "n.name_pcode_cf",
                                  "n.name_pcode_nf",
                                  "n.surname_pcode",
                                  "n.md5sum"
                                ],
                                "Index Cond": "(n.id = ci.person_id)",
                                "Rows Removed by Index Recheck": 0,
                                "Filter": "(((n.name)::text ~~ '%Angel%'::text) AND ((n.gender)::text = 'f'::text))",
                                "Rows Removed by Filter": 1
                              }
                            ]
                          },
                          {
                            "Node Type": "Index Only Scan",
                            "Parent Relationship": "Inner",
                            "Parallel Aware": false,
                            "Async Capable": false,
                            "Scan Direction": "Forward",
                            "Index Name": "idx_char_name_id",
                            "Relation Name": "char_name",
                            "Schema": "public",
                            "Alias": "chn",
                            "Startup Cost": 0.43,
                            "Total Cost": 0.5,
                            "Plan Rows": 1,
                            "Plan Width": 4,
                            "Actual Startup Time": 0.019,
                            "Actual Total Time": 0.019,
                            "Actual Rows": 1,
                            "Actual Loops": 3,
                            "Output": [
                              "chn.id"
                            ],
                            "Index Cond": "(chn.id = ci.person_role_id)",
                            "Rows Removed by Index Recheck": 0,
                            "Heap Fetches": 0
                          }
                        ]
                      },
                      {
                        "Node Type": "Index Scan",
                        "Parent Relationship": "Inner",
                        "Parallel Aware": false,
                        "Async Capable": false,
                        "Scan Direction": "Forward",
                        "Index Name": "idx_company_name_id",
                        "Relation Name": "company_name",
                        "Schema": "public",
                        "Alias": "cn",
                        "Startup Cost": 0.42,
                        "Total Cost": 0.59,
                        "Plan Rows": 1,
                        "Plan Width": 4,
                        "Actual Startup Time": 0.026,
                        "Actual Total Time": 0.026,
                        "Actual Rows": 1,
                        "Actual Loops": 3,
                        "Output": [
                          "cn.id",
                          "cn.name",
                          "cn.country_code",
                          "cn.imdb_id",
                          "cn.name_pcode_nf",
                          "cn.name_pcode_sf",
                          "cn.md5sum"
                        ],
                        "Index Cond": "(cn.id = mc.company_id)",
                        "Rows Removed by Index Recheck": 0,
                        "Filter": "((cn.country_code)::text = '[us]'::text)",
                        "Rows Removed by Filter": 0
                      }
                    ]
                  },
                  {
                    "Node Type": "Index Scan",
                    "Parent Relationship": "Inner",
                    "Parallel Aware": false,
                    "Async Capable": false,
                    "Scan Direction": "Forward",
                    "Index Name": "idx_movie_info_movie_id",
                    "Relation Name": "movie_info",
                    "Schema": "public",
                    "Alias": "mi",
                    "Startup Cost": 0.43,
                    "Total Cost": 2.42,
                    "Plan Rows": 1,
                    "Plan Width": 8,
                    "Actual Startup Time": 0.06,
                    "Actual Total Time": 0.263,
                    "Actual Rows": 1,
                    "Actual Loops": 3,
                    "Output": [
                      "mi.id",
                      "mi.movie_id",
                      "mi.info_type_id",
                      "mi.info",
                      "mi.note"
                    ],
                    "Index Cond": "(mi.movie_id = ci.movie_id)",
                    "Rows Removed by Index Recheck": 0,
                    "Filter": "((mi.info IS NOT NULL) AND (((mi.info)::text ~~ 'Japan:%2007%'::text) OR ((mi.info)::text ~~ 'USA:%2008%'::text)))",
                    "Rows Removed by Filter": 372
                  }
                ]
              }
            ]
          },
          {
            "Node Type": "Index Only Scan",
            "Parent Relationship": "Inner",
            "Parallel Aware": false,
            "Async Capable": false,
            "Scan Direction": "Forward",
            "Index Name": "idx_aka_name_person_id",
            "Relation Name": "aka_name",
            "Schema": "public",
            "Alias": "an",
            "Startup Cost": 0.42,
            "Total Cost": 0.47,
            "Plan Rows": 2,
            "Plan Width": 4,
            "Actual Startup Time": 0.015,
            "Actual Total Time": 0.016,
            "Actual Rows": 5,
            "Actual Loops": 3,
            "Output": [
              "an.person_id"
            ],
            "Index Cond": "(an.person_id = ci.person_id)",
            "Rows Removed by Index Recheck": 0,
            "Heap Fetches": 0
          }
        ]
      }
    ]
  },
  "Planning Time": 48.617,
  "Triggers": [],
  "Execution Time": 480.359
}