[
  {
    "Plan": {
      "Node Type": "Aggregate",
      "Strategy": "Plain",
      "Partial Mode": "Simple",
      "Parallel Aware": false,
      "Startup Cost": 3018.6,
      "Total Cost": 3018.61,
      "Plan Rows": 1,
      "Plan Width": 8,
      "Actual Startup Time": 17.894,
      "Actual Total Time": 17.896,
      "Actual Rows": 1,
      "Actual Loops": 1,
      "Plans": [
        {
          "Node Type": "Nested Loop",
          "Parent Relationship": "Outer",
          "Parallel Aware": false,
          "Join Type": "Inner",
          "Startup Cost": 6.79,
          "Total Cost": 3017.98,
          "Plan Rows": 249,
          "Plan Width": 0,
          "Actual Startup Time": 9.469,
          "Actual Total Time": 17.811,
          "Actual Rows": 770,
          "Actual Loops": 1,
          "Inner Unique": true,
          "Plans": [
            {
              "Node Type": "Bitmap Heap Scan",
              "Parent Relationship": "Outer",
              "Parallel Aware": false,
              "Relation Name": "movie_keyword",
              "Alias": "mk",
              "Startup Cost": 6.36,
              "Total Cost": 926.55,
              "Plan Rows": 249,
              "Plan Width": 4,
              "Actual Startup Time": 9.445,
              "Actual Total Time": 11.238,
              "Actual Rows": 770,
              "Actual Loops": 1,
              "Recheck Cond": "(keyword_id = 707)",
              "Rows Removed by Index Recheck": 0,
              "Exact Heap Blocks": 638,
              "Lossy Heap Blocks": 0,
              "Plans": [
                {
                  "Node Type": "Bitmap Index Scan",
                  "Parent Relationship": "Outer",
                  "Parallel Aware": false,
                  "Index Name": "keyword_id_movie_keyword",
                  "Startup Cost": 0.0,
                  "Total Cost": 6.3,
                  "Plan Rows": 249,
                  "Plan Width": 0,
                  "Actual Startup Time": 9.346,
                  "Actual Total Time": 9.346,
                  "Actual Rows": 770,
                  "Actual Loops": 1,
                  "Index Cond": "(keyword_id = 707)"
                }
              ]
            },
            {
              "Node Type": "Index Only Scan",
              "Parent Relationship": "Inner",
              "Parallel Aware": false,
              "Scan Direction": "Forward",
              "Index Name": "title_pkey",
              "Relation Name": "title",
              "Alias": "t",
              "Startup Cost": 0.43,
              "Total Cost": 8.4,
              "Plan Rows": 1,
              "Plan Width": 4,
              "Actual Startup Time": 0.008,
              "Actual Total Time": 0.008,
              "Actual Rows": 1,
              "Actual Loops": 770,
              "Index Cond": "(id = mk.movie_id)",
              "Rows Removed by Index Recheck": 0,
              "Heap Fetches": 770
            }
          ]
        }
      ]
    },
    "Planning Time": 0.199,
    "Triggers": [],
    "Execution Time": 17.928
  }
]