{
  "Plan": {
    "Node Type": "Aggregate",
    "Strategy": "Plain",
    "Partial Mode": "Simple",
    "Parallel Aware": false,
    "Async Capable": false,
    "Startup Cost": 677.11,
    "Total Cost": 677.12,
    "Plan Rows": 1,
    "Plan Width": 64,
    "Actual Startup Time": 13.785,
    "Actual Total Time": 13.788,
    "Actual Rows": 1,
    "Actual Loops": 1,
    "Output": [
      "min((mi.info)::text)",
      "min((t.title)::text)"
    ],
    "Plans": [
      {
        "Node Type": "Nested Loop",
        "Parent Relationship": "Outer",
        "Parallel Aware": false,
        "Async Capable": false,
        "Join Type": "Inner",
        "Startup Cost": 2.99,
        "Total Cost": 676.93,
        "Plan Rows": 37,
        "Plan Width": 59,
        "Actual Startup Time": 11.081,
        "Actual Total Time": 13.762,
        "Actual Rows": 37,
        "Actual Loops": 1,
        "Output": [
          "mi.info",
          "t.title"
        ],
        "Inner Unique": true,
        "Plans": [
          {
            "Node Type": "Nested Loop",
            "Parent Relationship": "Outer",
            "Parallel Aware": false,
            "Async Capable": false,
            "Join Type": "Inner",
            "Startup Cost": 2.57,
            "Total Cost": 660.73,
            "Plan Rows": 37,
            "Plan Width": 63,
            "Actual Startup Time": 11.057,
            "Actual Total Time": 13.534,
            "Actual Rows": 37,
            "Actual Loops": 1,
            "Output": [
              "mi.info",
              "mk.keyword_id",
              "t.title"
            ],
            "Inner Unique": false,
            "Plans": [
              {
                "Node Type": "Nested Loop",
                "Parent Relationship": "Outer",
                "Parallel Aware": false,
                "Async Capable": false,
                "Join Type": "Inner",
                "Startup Cost": 2.14,
                "Total Cost": 655.14,
                "Plan Rows": 3,
                "Plan Width": 75,
                "Actual Startup Time": 5.391,
                "Actual Total Time": 13.411,
                "Actual Rows": 3,
                "Actual Loops": 1,
                "Output": [
                  "at.movie_id",
                  "mc.movie_id",
                  "mi.info",
                  "mi.movie_id",
                  "t.title",
                  "t.id"
                ],
                "Inner Unique": false,
                "Join Filter": "(it1.id = mi.info_type_id)",
                "Rows Removed by Join Filter": 0,
                "Plans": [
                  {
                    "Node Type": "Seq Scan",
                    "Parent Relationship": "Outer",
                    "Parallel Aware": false,
                    "Async Capable": false,
                    "Relation Name": "info_type",
                    "Schema": "public",
                    "Alias": "it1",
                    "Startup Cost": 0.0,
                    "Total Cost": 2.41,
                    "Plan Rows": 1,
                    "Plan Width": 4,
                    "Actual Startup Time": 0.016,
                    "Actual Total Time": 0.033,
                    "Actual Rows": 1,
                    "Actual Loops": 1,
                    "Output": [
                      "it1.id",
                      "it1.info"
                    ],
                    "Filter": "((it1.info)::text = 'release dates'::text)",
                    "Rows Removed by Filter": 112
                  },
                  {
                    "Node Type": "Nested Loop",
                    "Parent Relationship": "Inner",
                    "Parallel Aware": false,
                    "Async Capable": false,
                    "Join Type": "Inner",
                    "Startup Cost": 2.14,
                    "Total Cost": 652.69,
                    "Plan Rows": 3,
                    "Plan Width": 79,
                    "Actual Startup Time": 5.372,
                    "Actual Total Time": 13.373,
                    "Actual Rows": 3,
                    "Actual Loops": 1,
                    "Output": [
                      "at.movie_id",
                      "mc.movie_id",
                      "mi.info",
                      "mi.movie_id",
                      "mi.info_type_id",
                      "t.title",
                      "t.id"
                    ],
                    "Inner Unique": true,
                    "Join Filter": "(ct.id = mc.company_type_id)",
                    "Rows Removed by Join Filter": 0,
                    "Plans": [
                      {
                        "Node Type": "Nested Loop",
                        "Parent Relationship": "Outer",
                        "Parallel Aware": false,
                        "Async Capable": false,
                        "Join Type": "Inner",
                        "Startup Cost": 2.14,
                        "Total Cost": 651.49,
                        "Plan Rows": 3,
                        "Plan Width": 83,
                        "Actual Startup Time": 5.352,
                        "Actual Total Time": 13.351,
                        "Actual Rows": 3,
                        "Actual Loops": 1,
                        "Output": [
                          "at.movie_id",
                          "mc.movie_id",
                          "mc.company_type_id",
                          "mi.info",
                          "mi.movie_id",
                          "mi.info_type_id",
                          "t.title",
                          "t.id"
                        ],
                        "Inner Unique": false,
                        "Plans": [
                          {
                            "Node Type": "Nested Loop",
                            "Parent Relationship": "Outer",
                            "Parallel Aware": false,
                            "Async Capable": false,
                            "Join Type": "Inner",
                            "Startup Cost": 1.7,
                            "Total Cost": 589.71,
                            "Plan Rows": 26,
                            "Plan Width": 33,
                            "Actual Startup Time": 1.001,
                            "Actual Total Time": 10.361,
                            "Actual Rows": 26,
                            "Actual Loops": 1,
                            "Output": [
                              "at.movie_id",
                              "mc.movie_id",
                              "mc.company_type_id",
                              "t.title",
                              "t.id"
                            ],
                            "Inner Unique": true,
                            "Plans": [
                              {
                                "Node Type": "Nested Loop",
                                "Parent Relationship": "Outer",
                                "Parallel Aware": false,
                                "Async Capable": false,
                                "Join Type": "Inner",
                                "Startup Cost": 1.27,
                                "Total Cost": 564.66,
                                "Plan Rows": 27,
                                "Plan Width": 12,
                                "Actual Startup Time": 0.936,
                                "Actual Total Time": 9.553,
                                "Actual Rows": 27,
                                "Actual Loops": 1,
                                "Output": [
                                  "at.movie_id",
                                  "mc.movie_id",
                                  "mc.company_type_id"
                                ],
                                "Inner Unique": false,
                                "Plans": [
                                  {
                                    "Node Type": "Nested Loop",
                                    "Parent Relationship": "Outer",
                                    "Parallel Aware": false,
                                    "Async Capable": false,
                                    "Join Type": "Inner",
                                    "Startup Cost": 0.85,
                                    "Total Cost": 364.53,
                                    "Plan Rows": 278,
                                    "Plan Width": 8,
                                    "Actual Startup Time": 0.156,
                                    "Actual Total Time": 7.85,
                                    "Actual Rows": 278,
                                    "Actual Loops": 1,
                                    "Output": [
                                      "mc.movie_id",
                                      "mc.company_type_id"
                                    ],
                                    "Inner Unique": false,
                                    "Plans": [
                                      {
                                        "Node Type": "Index Scan",
                                        "Parent Relationship": "Outer",
                                        "Parallel Aware": false,
                                        "Async Capable": false,
                                        "Scan Direction": "Forward",
                                        "Index Name": "idx_company_name_name",
                                        "Relation Name": "company_name",
                                        "Schema": "public",
                                        "Alias": "cn",
                                        "Startup Cost": 0.42,
                                        "Total Cost": 8.44,
                                        "Plan Rows": 1,
                                        "Plan Width": 4,
                                        "Actual Startup Time": 0.066,
                                        "Actual Total Time": 0.067,
                                        "Actual Rows": 1,
                                        "Actual Loops": 1,
                                        "Output": [
                                          "cn.id",
                                          "cn.name",
                                          "cn.country_code",
                                          "cn.imdb_id",
                                          "cn.name_pcode_nf",
                                          "cn.name_pcode_sf",
                                          "cn.md5sum"
                                        ],
                                        "Index Cond": "((cn.name)::text = 'YouTube'::text)",
                                        "Rows Removed by Index Recheck": 0,
                                        "Filter": "((cn.country_code)::text = '[us]'::text)",
                                        "Rows Removed by Filter": 0
                                      },
                                      {
                                        "Node Type": "Index Scan",
                                        "Parent Relationship": "Inner",
                                        "Parallel Aware": false,
                                        "Async Capable": false,
                                        "Scan Direction": "Forward",
                                        "Index Name": "idx_movie_companies_company_id",
                                        "Relation Name": "movie_companies",
                                        "Schema": "public",
                                        "Alias": "mc",
                                        "Startup Cost": 0.43,
                                        "Total Cost": 356.08,
                                        "Plan Rows": 1,
                                        "Plan Width": 12,
                                        "Actual Startup Time": 0.088,
                                        "Actual Total Time": 7.723,
                                        "Actual Rows": 278,
                                        "Actual Loops": 1,
                                        "Output": [
                                          "mc.id",
                                          "mc.movie_id",
                                          "mc.company_id",
                                          "mc.company_type_id",
                                          "mc.note"
                                        ],
                                        "Index Cond": "(mc.company_id = cn.id)",
                                        "Rows Removed by Index Recheck": 0,
                                        "Filter": "(((mc.note)::text ~~ '%(200%)%'::text) AND ((mc.note)::text ~~ '%(worldwide)%'::text))",
                                        "Rows Removed by Filter": 1180
                                      }
                                    ]
                                  },
                                  {
                                    "Node Type": "Index Only Scan",
                                    "Parent Relationship": "Inner",
                                    "Parallel Aware": false,
                                    "Async Capable": false,
                                    "Scan Direction": "Forward",
                                    "Index Name": "idx_aka_title_movie_id",
                                    "Relation Name": "aka_title",
                                    "Schema": "public",
                                    "Alias": "at",
                                    "Startup Cost": 0.42,
                                    "Total Cost": 0.69,
                                    "Plan Rows": 3,
                                    "Plan Width": 4,
                                    "Actual Startup Time": 0.006,
                                    "Actual Total Time": 0.006,
                                    "Actual Rows": 0,
                                    "Actual Loops": 278,
                                    "Output": [
                                      "at.movie_id"
                                    ],
                                    "Index Cond": "(at.movie_id = mc.movie_id)",
                                    "Rows Removed by Index Recheck": 0,
                                    "Heap Fetches": 0
                                  }
                                ]
                              },
                              {
                                "Node Type": "Index Scan",
                                "Parent Relationship": "Inner",
                                "Parallel Aware": false,
                                "Async Capable": false,
                                "Scan Direction": "Forward",
                                "Index Name": "idx_title_id",
                                "Relation Name": "title",
                                "Schema": "public",
                                "Alias": "t",
                                "Startup Cost": 0.43,
                                "Total Cost": 0.93,
                                "Plan Rows": 1,
                                "Plan Width": 21,
                                "Actual Startup Time": 0.029,
                                "Actual Total Time": 0.029,
                                "Actual Rows": 1,
                                "Actual Loops": 27,
                                "Output": [
                                  "t.id",
                                  "t.title",
                                  "t.imdb_index",
                                  "t.kind_id",
                                  "t.production_year",
                                  "t.imdb_id",
                                  "t.phonetic_code",
                                  "t.episode_of_id",
                                  "t.season_nr",
                                  "t.episode_nr",
                                  "t.series_years",
                                  "t.md5sum"
                                ],
                                "Index Cond": "(t.id = at.movie_id)",
                                "Rows Removed by Index Recheck": 0,
                                "Filter": "((t.production_year >= 2005) AND (t.production_year <= 2010))",
                                "Rows Removed by Filter": 0
                              }
                            ]
                          },
                          {
                            "Node Type": "Index Scan",
                            "Parent Relationship": "Inner",
                            "Parallel Aware": false,
                            "Async Capable": false,
                            "Scan Direction": "Forward",
                            "Index Name": "idx_movie_info_movie_id",
                            "Relation Name": "movie_info",
                            "Schema": "public",
                            "Alias": "mi",
                            "Startup Cost": 0.43,
                            "Total Cost": 2.37,
                            "Plan Rows": 1,
                            "Plan Width": 50,
                            "Actual Startup Time": 0.107,
                            "Actual Total Time": 0.114,
                            "Actual Rows": 0,
                            "Actual Loops": 26,
                            "Output": [
                              "mi.id",
                              "mi.movie_id",
                              "mi.info_type_id",
                              "mi.info",
                              "mi.note"
                            ],
                            "Index Cond": "(mi.movie_id = t.id)",
                            "Rows Removed by Index Recheck": 0,
                            "Filter": "(((mi.note)::text ~~ '%internet%'::text) AND ((mi.info)::text ~~ 'USA:% 200%'::text))",
                            "Rows Removed by Filter": 19
                          }
                        ]
                      },
                      {
                        "Node Type": "Materialize",
                        "Parent Relationship": "Inner",
                        "Parallel Aware": false,
                        "Async Capable": false,
                        "Startup Cost": 0.0,
                        "Total Cost": 1.06,
                        "Plan Rows": 4,
                        "Plan Width": 4,
                        "Actual Startup Time": 0.006,
                        "Actual Total Time": 0.006,
                        "Actual Rows": 1,
                        "Actual Loops": 3,
                        "Output": [
                          "ct.id"
                        ],
                        "Plans": [
                          {
                            "Node Type": "Seq Scan",
                            "Parent Relationship": "Outer",
                            "Parallel Aware": false,
                            "Async Capable": false,
                            "Relation Name": "company_type",
                            "Schema": "public",
                            "Alias": "ct",
                            "Startup Cost": 0.0,
                            "Total Cost": 1.04,
                            "Plan Rows": 4,
                            "Plan Width": 4,
                            "Actual Startup Time": 0.011,
                            "Actual Total Time": 0.011,
                            "Actual Rows": 1,
                            "Actual Loops": 1,
                            "Output": [
                              "ct.id"
                            ]
                          }
                        ]
                      }
                    ]
                  }
                ]
              },
              {
                "Node Type": "Index Scan",
                "Parent Relationship": "Inner",
                "Parallel Aware": false,
                "Async Capable": false,
                "Scan Direction": "Forward",
                "Index Name": "idx_movie_keyword_movie_id",
                "Relation Name": "movie_keyword",
                "Schema": "public",
                "Alias": "mk",
                "Startup Cost": 0.43,
                "Total Cost": 1.4,
                "Plan Rows": 46,
                "Plan Width": 8,
                "Actual Startup Time": 0.032,
                "Actual Total Time": 0.037,
                "Actual Rows": 12,
                "Actual Loops": 3,
                "Output": [
                  "mk.id",
                  "mk.movie_id",
                  "mk.keyword_id"
                ],
                "Index Cond": "(mk.movie_id = t.id)",
                "Rows Removed by Index Recheck": 0
              }
            ]
          },
          {
            "Node Type": "Index Only Scan",
            "Parent Relationship": "Inner",
            "Parallel Aware": false,
            "Async Capable": false,
            "Scan Direction": "Forward",
            "Index Name": "idx_keyword_id",
            "Relation Name": "keyword",
            "Schema": "public",
            "Alias": "k",
            "Startup Cost": 0.42,
            "Total Cost": 0.44,
            "Plan Rows": 1,
            "Plan Width": 4,
            "Actual Startup Time": 0.006,
            "Actual Total Time": 0.006,
            "Actual Rows": 1,
            "Actual Loops": 37,
            "Output": [
              "k.id"
            ],
            "Index Cond": "(k.id = mk.keyword_id)",
            "Rows Removed by Index Recheck": 0,
            "Heap Fetches": 0
          }
        ]
      }
    ]
  },
  "Planning Time": 26.463,
  "Triggers": [],
  "Execution Time": 13.989
}