{
  "Plan": {
    "Node Type": "Aggregate",
    "Strategy": "Plain",
    "Partial Mode": "Simple",
    "Parallel Aware": false,
    "Async Capable": false,
    "Startup Cost": 20000472150.23,
    "Total Cost": 20000472150.24,
    "Plan Rows": 1,
    "Plan Width": 64,
    "Actual Startup Time": 2289.557,
    "Actual Total Time": 2289.565,
    "Actual Rows": 1,
    "Actual Loops": 1,
    "Output": [
      "min((at.title)::text)",
      "min((t.title)::text)"
    ],
    "Plans": [
      {
        "Node Type": "Nested Loop",
        "Parent Relationship": "Outer",
        "Parallel Aware": false,
        "Async Capable": false,
        "Join Type": "Inner",
        "Startup Cost": 20000010964.58,
        "Total Cost": 20000472128.25,
        "Plan Rows": 4396,
        "Plan Width": 38,
        "Actual Startup Time": 1092.33,
        "Actual Total Time": 2285.924,
        "Actual Rows": 11347,
        "Actual Loops": 1,
        "Output": [
          "at.title",
          "t.title"
        ],
        "Inner Unique": true,
        "Join Filter": "(ct.id = mc.company_type_id)",
        "Rows Removed by Join Filter": 4371,
        "Plans": [
          {
            "Node Type": "Nested Loop",
            "Parent Relationship": "Outer",
            "Parallel Aware": false,
            "Async Capable": false,
            "Join Type": "Inner",
            "Startup Cost": 10000010964.58,
            "Total Cost": 10000471903.01,
            "Plan Rows": 4396,
            "Plan Width": 42,
            "Actual Startup Time": 1092.286,
            "Actual Total Time": 2281.254,
            "Actual Rows": 11347,
            "Actual Loops": 1,
            "Output": [
              "at.title",
              "mc.company_type_id",
              "t.title"
            ],
            "Inner Unique": false,
            "Join Filter": "(it1.id = mi.info_type_id)",
            "Rows Removed by Join Filter": 14389,
            "Plans": [
              {
                "Node Type": "Seq Scan",
                "Parent Relationship": "Outer",
                "Parallel Aware": false,
                "Async Capable": false,
                "Relation Name": "info_type",
                "Schema": "public",
                "Alias": "it1",
                "Startup Cost": 0.0,
                "Total Cost": 2.41,
                "Plan Rows": 1,
                "Plan Width": 4,
                "Actual Startup Time": 617.122,
                "Actual Total Time": 617.132,
                "Actual Rows": 1,
                "Actual Loops": 1,
                "Output": [
                  "it1.id",
                  "it1.info"
                ],
                "Filter": "((it1.info)::text = 'release dates'::text)",
                "Rows Removed by Filter": 112
              },
              {
                "Node Type": "Hash Join",
                "Parent Relationship": "Inner",
                "Parallel Aware": false,
                "Async Capable": false,
                "Join Type": "Inner",
                "Startup Cost": 10964.58,
                "Total Cost": 465688.59,
                "Plan Rows": 496960,
                "Plan Width": 46,
                "Actual Startup Time": 204.542,
                "Actual Total Time": 1661.897,
                "Actual Rows": 25736,
                "Actual Loops": 1,
                "Output": [
                  "at.title",
                  "mc.company_type_id",
                  "mi.info_type_id",
                  "t.title"
                ],
                "Inner Unique": true,
                "Hash Cond": "(mk.keyword_id = k.id)",
                "Plans": [
                  {
                    "Node Type": "Nested Loop",
                    "Parent Relationship": "Outer",
                    "Parallel Aware": false,
                    "Async Capable": false,
                    "Join Type": "Inner",
                    "Startup Cost": 6996.75,
                    "Total Cost": 460416.2,
                    "Plan Rows": 496960,
                    "Plan Width": 50,
                    "Actual Startup Time": 155.994,
                    "Actual Total Time": 1606.853,
                    "Actual Rows": 25736,
                    "Actual Loops": 1,
                    "Output": [
                      "at.title",
                      "mc.company_type_id",
                      "mi.info_type_id",
                      "mk.keyword_id",
                      "t.title"
                    ],
                    "Inner Unique": false,
                    "Plans": [
                      {
                        "Node Type": "Hash Join",
                        "Parent Relationship": "Outer",
                        "Parallel Aware": false,
                        "Async Capable": false,
                        "Join Type": "Inner",
                        "Startup Cost": 6996.32,
                        "Total Cost": 433148.08,
                        "Plan Rows": 15445,
                        "Plan Width": 62,
                        "Actual Startup Time": 155.94,
                        "Actual Total Time": 1591.82,
                        "Actual Rows": 1121,
                        "Actual Loops": 1,
                        "Output": [
                          "at.title",
                          "at.movie_id",
                          "mc.movie_id",
                          "mc.company_type_id",
                          "mi.movie_id",
                          "mi.info_type_id",
                          "t.title",
                          "t.id"
                        ],
                        "Inner Unique": true,
                        "Hash Cond": "(mc.company_id = cn.id)",
                        "Plans": [
                          {
                            "Node Type": "Nested Loop",
                            "Parent Relationship": "Outer",
                            "Parallel Aware": false,
                            "Async Capable": false,
                            "Join Type": "Inner",
                            "Startup Cost": 1.28,
                            "Total Cost": 426040.96,
                            "Plan Rows": 42696,
                            "Plan Width": 66,
                            "Actual Startup Time": 99.017,
                            "Actual Total Time": 1533.826,
                            "Actual Rows": 2877,
                            "Actual Loops": 1,
                            "Output": [
                              "at.title",
                              "at.movie_id",
                              "mc.movie_id",
                              "mc.company_id",
                              "mc.company_type_id",
                              "mi.movie_id",
                              "mi.info_type_id",
                              "t.title",
                              "t.id"
                            ],
                            "Inner Unique": false,
                            "Plans": [
                              {
                                "Node Type": "Nested Loop",
                                "Parent Relationship": "Outer",
                                "Parallel Aware": false,
                                "Async Capable": false,
                                "Join Type": "Inner",
                                "Startup Cost": 0.85,
                                "Total Cost": 420970.82,
                                "Plan Rows": 8143,
                                "Plan Width": 54,
                                "Actual Startup Time": 98.954,
                                "Actual Total Time": 1524.463,
                                "Actual Rows": 662,
                                "Actual Loops": 1,
                                "Output": [
                                  "at.title",
                                  "at.movie_id",
                                  "mi.movie_id",
                                  "mi.info_type_id",
                                  "t.title",
                                  "t.id"
                                ],
                                "Inner Unique": false,
                                "Plans": [
                                  {
                                    "Node Type": "Nested Loop",
                                    "Parent Relationship": "Outer",
                                    "Parallel Aware": false,
                                    "Async Capable": false,
                                    "Join Type": "Inner",
                                    "Startup Cost": 0.43,
                                    "Total Cost": 416872.8,
                                    "Plan Rows": 7864,
                                    "Plan Width": 29,
                                    "Actual Startup Time": 25.742,
                                    "Actual Total Time": 1492.662,
                                    "Actual Rows": 10727,
                                    "Actual Loops": 1,
                                    "Output": [
                                      "mi.movie_id",
                                      "mi.info_type_id",
                                      "t.title",
                                      "t.id"
                                    ],
                                    "Inner Unique": true,
                                    "Plans": [
                                      {
                                        "Node Type": "Seq Scan",
                                        "Parent Relationship": "Outer",
                                        "Parallel Aware": false,
                                        "Async Capable": false,
                                        "Relation Name": "movie_info",
                                        "Schema": "public",
                                        "Alias": "mi",
                                        "Startup Cost": 0.0,
                                        "Total Cost": 347094.5,
                                        "Plan Rows": 11454,
                                        "Plan Width": 8,
                                        "Actual Startup Time": 25.646,
                                        "Actual Total Time": 1422.247,
                                        "Actual Rows": 10810,
                                        "Actual Loops": 1,
                                        "Output": [
                                          "mi.id",
                                          "mi.movie_id",
                                          "mi.info_type_id",
                                          "mi.info",
                                          "mi.note"
                                        ],
                                        "Filter": "((mi.note)::text ~~ '%internet%'::text)",
                                        "Rows Removed by Filter": 14824910
                                      },
                                      {
                                        "Node Type": "Index Scan",
                                        "Parent Relationship": "Inner",
                                        "Parallel Aware": false,
                                        "Async Capable": false,
                                        "Scan Direction": "Forward",
                                        "Index Name": "idx_title_id",
                                        "Relation Name": "title",
                                        "Schema": "public",
                                        "Alias": "t",
                                        "Startup Cost": 0.43,
                                        "Total Cost": 6.09,
                                        "Plan Rows": 1,
                                        "Plan Width": 21,
                                        "Actual Startup Time": 0.006,
                                        "Actual Total Time": 0.006,
                                        "Actual Rows": 1,
                                        "Actual Loops": 10810,
                                        "Output": [
                                          "t.id",
                                          "t.title",
                                          "t.imdb_index",
                                          "t.kind_id",
                                          "t.production_year",
                                          "t.imdb_id",
                                          "t.phonetic_code",
                                          "t.episode_of_id",
                                          "t.season_nr",
                                          "t.episode_nr",
                                          "t.series_years",
                                          "t.md5sum"
                                        ],
                                        "Index Cond": "(t.id = mi.movie_id)",
                                        "Rows Removed by Index Recheck": 0,
                                        "Filter": "(t.production_year > 1990)",
                                        "Rows Removed by Filter": 0
                                      }
                                    ]
                                  },
                                  {
                                    "Node Type": "Index Scan",
                                    "Parent Relationship": "Inner",
                                    "Parallel Aware": false,
                                    "Async Capable": false,
                                    "Scan Direction": "Forward",
                                    "Index Name": "idx_aka_title_movie_id",
                                    "Relation Name": "aka_title",
                                    "Schema": "public",
                                    "Alias": "at",
                                    "Startup Cost": 0.42,
                                    "Total Cost": 0.49,
                                    "Plan Rows": 3,
                                    "Plan Width": 25,
                                    "Actual Startup Time": 0.002,
                                    "Actual Total Time": 0.003,
                                    "Actual Rows": 0,
                                    "Actual Loops": 10727,
                                    "Output": [
                                      "at.id",
                                      "at.movie_id",
                                      "at.title",
                                      "at.imdb_index",
                                      "at.kind_id",
                                      "at.production_year",
                                      "at.phonetic_code",
                                      "at.episode_of_id",
                                      "at.season_nr",
                                      "at.episode_nr",
                                      "at.note",
                                      "at.md5sum"
                                    ],
                                    "Index Cond": "(at.movie_id = t.id)",
                                    "Rows Removed by Index Recheck": 0
                                  }
                                ]
                              },
                              {
                                "Node Type": "Index Scan",
                                "Parent Relationship": "Inner",
                                "Parallel Aware": false,
                                "Async Capable": false,
                                "Scan Direction": "Forward",
                                "Index Name": "idx_movie_companies_movie_id",
                                "Relation Name": "movie_companies",
                                "Schema": "public",
                                "Alias": "mc",
                                "Startup Cost": 0.43,
                                "Total Cost": 0.57,
                                "Plan Rows": 5,
                                "Plan Width": 12,
                                "Actual Startup Time": 0.009,
                                "Actual Total Time": 0.013,
                                "Actual Rows": 4,
                                "Actual Loops": 662,
                                "Output": [
                                  "mc.id",
                                  "mc.movie_id",
                                  "mc.company_id",
                                  "mc.company_type_id",
                                  "mc.note"
                                ],
                                "Index Cond": "(mc.movie_id = t.id)",
                                "Rows Removed by Index Recheck": 0
                              }
                            ]
                          },
                          {
                            "Node Type": "Hash",
                            "Parent Relationship": "Inner",
                            "Parallel Aware": false,
                            "Async Capable": false,
                            "Startup Cost": 5932.46,
                            "Total Cost": 5932.46,
                            "Plan Rows": 85006,
                            "Plan Width": 4,
                            "Actual Startup Time": 56.105,
                            "Actual Total Time": 56.107,
                            "Actual Rows": 84843,
                            "Actual Loops": 1,
                            "Output": [
                              "cn.id"
                            ],
                            "Hash Buckets": 131072,
                            "Original Hash Buckets": 131072,
                            "Hash Batches": 1,
                            "Original Hash Batches": 1,
                            "Peak Memory Usage": 4007,
                            "Plans": [
                              {
                                "Node Type": "Seq Scan",
                                "Parent Relationship": "Outer",
                                "Parallel Aware": false,
                                "Async Capable": false,
                                "Relation Name": "company_name",
                                "Schema": "public",
                                "Alias": "cn",
                                "Startup Cost": 0.0,
                                "Total Cost": 5932.46,
                                "Plan Rows": 85006,
                                "Plan Width": 4,
                                "Actual Startup Time": 0.022,
                                "Actual Total Time": 39.421,
                                "Actual Rows": 84843,
                                "Actual Loops": 1,
                                "Output": [
                                  "cn.id"
                                ],
                                "Filter": "((cn.country_code)::text = '[us]'::text)",
                                "Rows Removed by Filter": 150154
                              }
                            ]
                          }
                        ]
                      },
                      {
                        "Node Type": "Index Scan",
                        "Parent Relationship": "Inner",
                        "Parallel Aware": false,
                        "Async Capable": false,
                        "Scan Direction": "Forward",
                        "Index Name": "idx_movie_keyword_movie_id",
                        "Relation Name": "movie_keyword",
                        "Schema": "public",
                        "Alias": "mk",
                        "Startup Cost": 0.43,
                        "Total Cost": 1.31,
                        "Plan Rows": 46,
                        "Plan Width": 8,
                        "Actual Startup Time": 0.005,
                        "Actual Total Time": 0.01,
                        "Actual Rows": 23,
                        "Actual Loops": 1121,
                        "Output": [
                          "mk.id",
                          "mk.movie_id",
                          "mk.keyword_id"
                        ],
                        "Index Cond": "(mk.movie_id = t.id)",
                        "Rows Removed by Index Recheck": 0
                      }
                    ]
                  },
                  {
                    "Node Type": "Hash",
                    "Parent Relationship": "Inner",
                    "Parallel Aware": false,
                    "Async Capable": false,
                    "Startup Cost": 2290.7,
                    "Total Cost": 2290.7,
                    "Plan Rows": 134170,
                    "Plan Width": 4,
                    "Actual Startup Time": 47.015,
                    "Actual Total Time": 47.016,
                    "Actual Rows": 134170,
                    "Actual Loops": 1,
                    "Output": [
                      "k.id"
                    ],
                    "Hash Buckets": 262144,
                    "Original Hash Buckets": 262144,
                    "Hash Batches": 1,
                    "Original Hash Batches": 1,
                    "Peak Memory Usage": 6765,
                    "Plans": [
                      {
                        "Node Type": "Seq Scan",
                        "Parent Relationship": "Outer",
                        "Parallel Aware": false,
                        "Async Capable": false,
                        "Relation Name": "keyword",
                        "Schema": "public",
                        "Alias": "k",
                        "Startup Cost": 0.0,
                        "Total Cost": 2290.7,
                        "Plan Rows": 134170,
                        "Plan Width": 4,
                        "Actual Startup Time": 0.03,
                        "Actual Total Time": 21.494,
                        "Actual Rows": 134170,
                        "Actual Loops": 1,
                        "Output": [
                          "k.id"
                        ]
                      }
                    ]
                  }
                ]
              }
            ]
          },
          {
            "Node Type": "Materialize",
            "Parent Relationship": "Inner",
            "Parallel Aware": false,
            "Async Capable": false,
            "Startup Cost": 0.0,
            "Total Cost": 1.06,
            "Plan Rows": 4,
            "Plan Width": 4,
            "Actual Startup Time": 0.0,
            "Actual Total Time": 0.0,
            "Actual Rows": 1,
            "Actual Loops": 11347,
            "Output": [
              "ct.id"
            ],
            "Plans": [
              {
                "Node Type": "Seq Scan",
                "Parent Relationship": "Outer",
                "Parallel Aware": false,
                "Async Capable": false,
                "Relation Name": "company_type",
                "Schema": "public",
                "Alias": "ct",
                "Startup Cost": 0.0,
                "Total Cost": 1.04,
                "Plan Rows": 4,
                "Plan Width": 4,
                "Actual Startup Time": 0.018,
                "Actual Total Time": 0.018,
                "Actual Rows": 2,
                "Actual Loops": 1,
                "Output": [
                  "ct.id"
                ]
              }
            ]
          }
        ]
      }
    ]
  },
  "Planning Time": 13.558,
  "Triggers": [],
  "JIT": {
    "Functions": 53,
    "Options": {
      "Inlining": true,
      "Optimization": true,
      "Expressions": true,
      "Deforming": true
    },
    "Timing": {
      "Generation": 3.511,
      "Inlining": 105.952,
      "Optimization": 315.91,
      "Emission": 195.443,
      "Total": 620.817
    }
  },
  "Execution Time": 2318.45
}