{
  "Plan": {
    "Node Type": "Aggregate",
    "Strategy": "Plain",
    "Partial Mode": "Simple",
    "Parallel Aware": false,
    "Async Capable": false,
    "Startup Cost": 77902.14,
    "Total Cost": 77902.15,
    "Plan Rows": 1,
    "Plan Width": 64,
    "Actual Startup Time": 617.631,
    "Actual Total Time": 617.636,
    "Actual Rows": 1,
    "Actual Loops": 1,
    "Output": [
      "min((an.name)::text)",
      "min((t.title)::text)"
    ],
    "Plans": [
      {
        "Node Type": "Nested Loop",
        "Parent Relationship": "Outer",
        "Parallel Aware": false,
        "Async Capable": false,
        "Join Type": "Inner",
        "Startup Cost": 2.15,
        "Total Cost": 77902.11,
        "Plan Rows": 6,
        "Plan Width": 33,
        "Actual Startup Time": 223.98,
        "Actual Total Time": 617.596,
        "Actual Rows": 6,
        "Actual Loops": 1,
        "Output": [
          "an.name",
          "t.title"
        ],
        "Inner Unique": true,
        "Plans": [
          {
            "Node Type": "Nested Loop",
            "Parent Relationship": "Outer",
            "Parallel Aware": false,
            "Async Capable": false,
            "Join Type": "Inner",
            "Startup Cost": 1.72,
            "Total Cost": 77884.11,
            "Plan Rows": 24,
            "Plan Width": 41,
            "Actual Startup Time": 223.683,
            "Actual Total Time": 617.246,
            "Actual Rows": 24,
            "Actual Loops": 1,
            "Output": [
              "an.name",
              "an.person_id",
              "ci.person_id",
              "t.title"
            ],
            "Inner Unique": false,
            "Plans": [
              {
                "Node Type": "Nested Loop",
                "Parent Relationship": "Outer",
                "Parallel Aware": false,
                "Async Capable": false,
                "Join Type": "Inner",
                "Startup Cost": 1.29,
                "Total Cost": 77857.59,
                "Plan Rows": 25,
                "Plan Width": 21,
                "Actual Startup Time": 223.639,
                "Actual Total Time": 616.868,
                "Actual Rows": 25,
                "Actual Loops": 1,
                "Output": [
                  "ci.person_id",
                  "t.title"
                ],
                "Inner Unique": false,
                "Join Filter": "(ci.role_id = rt.id)",
                "Rows Removed by Join Filter": 79,
                "Plans": [
                  {
                    "Node Type": "Seq Scan",
                    "Parent Relationship": "Outer",
                    "Parallel Aware": false,
                    "Async Capable": false,
                    "Relation Name": "role_type",
                    "Schema": "public",
                    "Alias": "rt",
                    "Startup Cost": 0.0,
                    "Total Cost": 1.15,
                    "Plan Rows": 1,
                    "Plan Width": 4,
                    "Actual Startup Time": 0.026,
                    "Actual Total Time": 0.03,
                    "Actual Rows": 1,
                    "Actual Loops": 1,
                    "Output": [
                      "rt.id",
                      "rt.role"
                    ],
                    "Filter": "((rt.role)::text = 'actress'::text)",
                    "Rows Removed by Filter": 11
                  },
                  {
                    "Node Type": "Nested Loop",
                    "Parent Relationship": "Inner",
                    "Parallel Aware": false,
                    "Async Capable": false,
                    "Join Type": "Inner",
                    "Startup Cost": 1.29,
                    "Total Cost": 77855.14,
                    "Plan Rows": 104,
                    "Plan Width": 25,
                    "Actual Startup Time": 223.485,
                    "Actual Total Time": 616.818,
                    "Actual Rows": 104,
                    "Actual Loops": 1,
                    "Output": [
                      "ci.person_id",
                      "ci.role_id",
                      "t.title"
                    ],
                    "Inner Unique": false,
                    "Join Filter": "(ci.movie_id = t.id)",
                    "Rows Removed by Join Filter": 0,
                    "Plans": [
                      {
                        "Node Type": "Nested Loop",
                        "Parent Relationship": "Outer",
                        "Parallel Aware": false,
                        "Async Capable": false,
                        "Join Type": "Inner",
                        "Startup Cost": 0.85,
                        "Total Cost": 77259.6,
                        "Plan Rows": 4,
                        "Plan Width": 25,
                        "Actual Startup Time": 223.415,
                        "Actual Total Time": 615.556,
                        "Actual Rows": 4,
                        "Actual Loops": 1,
                        "Output": [
                          "mc.movie_id",
                          "t.title",
                          "t.id"
                        ],
                        "Inner Unique": true,
                        "Plans": [
                          {
                            "Node Type": "Nested Loop",
                            "Parent Relationship": "Outer",
                            "Parallel Aware": false,
                            "Async Capable": false,
                            "Join Type": "Inner",
                            "Startup Cost": 0.43,
                            "Total Cost": 77233.54,
                            "Plan Rows": 4,
                            "Plan Width": 29,
                            "Actual Startup Time": 223.361,
                            "Actual Total Time": 615.469,
                            "Actual Rows": 4,
                            "Actual Loops": 1,
                            "Output": [
                              "mc.movie_id",
                              "mc.company_id",
                              "t.title",
                              "t.id"
                            ],
                            "Inner Unique": true,
                            "Plans": [
                              {
                                "Node Type": "Seq Scan",
                                "Parent Relationship": "Outer",
                                "Parallel Aware": false,
                                "Async Capable": false,
                                "Relation Name": "movie_companies",
                                "Schema": "public",
                                "Alias": "mc",
                                "Startup Cost": 0.0,
                                "Total Cost": 70972.58,
                                "Plan Rows": 762,
                                "Plan Width": 8,
                                "Actual Startup Time": 0.158,
                                "Actual Total Time": 553.862,
                                "Actual Rows": 8569,
                                "Actual Loops": 1,
                                "Output": [
                                  "mc.id",
                                  "mc.movie_id",
                                  "mc.company_id",
                                  "mc.company_type_id",
                                  "mc.note"
                                ],
                                "Filter": "(((mc.note)::text ~~ '%(Japan)%'::text) AND ((mc.note)::text !~~ '%(USA)%'::text) AND (((mc.note)::text ~~ '%(2006)%'::text) OR ((mc.note)::text ~~ '%(2007)%'::text)))",
                                "Rows Removed by Filter": 2600560
                              },
                              {
                                "Node Type": "Index Scan",
                                "Parent Relationship": "Inner",
                                "Parallel Aware": false,
                                "Async Capable": false,
                                "Scan Direction": "Forward",
                                "Index Name": "idx_title_id",
                                "Relation Name": "title",
                                "Schema": "public",
                                "Alias": "t",
                                "Startup Cost": 0.43,
                                "Total Cost": 8.22,
                                "Plan Rows": 1,
                                "Plan Width": 21,
                                "Actual Startup Time": 0.007,
                                "Actual Total Time": 0.007,
                                "Actual Rows": 0,
                                "Actual Loops": 8569,
                                "Output": [
                                  "t.id",
                                  "t.title",
                                  "t.imdb_index",
                                  "t.kind_id",
                                  "t.production_year",
                                  "t.imdb_id",
                                  "t.phonetic_code",
                                  "t.episode_of_id",
                                  "t.season_nr",
                                  "t.episode_nr",
                                  "t.series_years",
                                  "t.md5sum"
                                ],
                                "Index Cond": "(t.id = mc.movie_id)",
                                "Rows Removed by Index Recheck": 0,
                                "Filter": "((t.production_year >= 2006) AND (t.production_year <= 2007) AND (((t.title)::text ~~ 'One Piece%'::text) OR ((t.title)::text ~~ 'Dragon Ball Z%'::text)))",
                                "Rows Removed by Filter": 1
                              }
                            ]
                          },
                          {
                            "Node Type": "Index Scan",
                            "Parent Relationship": "Inner",
                            "Parallel Aware": false,
                            "Async Capable": false,
                            "Scan Direction": "Forward",
                            "Index Name": "idx_company_name_id",
                            "Relation Name": "company_name",
                            "Schema": "public",
                            "Alias": "cn",
                            "Startup Cost": 0.42,
                            "Total Cost": 6.51,
                            "Plan Rows": 1,
                            "Plan Width": 4,
                            "Actual Startup Time": 0.02,
                            "Actual Total Time": 0.02,
                            "Actual Rows": 1,
                            "Actual Loops": 4,
                            "Output": [
                              "cn.id",
                              "cn.name",
                              "cn.country_code",
                              "cn.imdb_id",
                              "cn.name_pcode_nf",
                              "cn.name_pcode_sf",
                              "cn.md5sum"
                            ],
                            "Index Cond": "(cn.id = mc.company_id)",
                            "Rows Removed by Index Recheck": 0,
                            "Filter": "((cn.country_code)::text = '[jp]'::text)",
                            "Rows Removed by Filter": 0
                          }
                        ]
                      },
                      {
                        "Node Type": "Index Scan",
                        "Parent Relationship": "Inner",
                        "Parallel Aware": false,
                        "Async Capable": false,
                        "Scan Direction": "Forward",
                        "Index Name": "idx_cast_info_movie_id",
                        "Relation Name": "cast_info",
                        "Schema": "public",
                        "Alias": "ci",
                        "Startup Cost": 0.44,
                        "Total Cost": 148.87,
                        "Plan Rows": 1,
                        "Plan Width": 12,
                        "Actual Startup Time": 0.099,
                        "Actual Total Time": 0.307,
                        "Actual Rows": 26,
                        "Actual Loops": 4,
                        "Output": [
                          "ci.id",
                          "ci.person_id",
                          "ci.movie_id",
                          "ci.person_role_id",
                          "ci.note",
                          "ci.nr_order",
                          "ci.role_id"
                        ],
                        "Index Cond": "(ci.movie_id = mc.movie_id)",
                        "Rows Removed by Index Recheck": 0,
                        "Filter": "((ci.note)::text = '(voice: English version)'::text)",
                        "Rows Removed by Filter": 17
                      }
                    ]
                  }
                ]
              },
              {
                "Node Type": "Index Scan",
                "Parent Relationship": "Inner",
                "Parallel Aware": false,
                "Async Capable": false,
                "Scan Direction": "Forward",
                "Index Name": "idx_aka_name_person_id",
                "Relation Name": "aka_name",
                "Schema": "public",
                "Alias": "an",
                "Startup Cost": 0.42,
                "Total Cost": 1.04,
                "Plan Rows": 2,
                "Plan Width": 20,
                "Actual Startup Time": 0.013,
                "Actual Total Time": 0.014,
                "Actual Rows": 1,
                "Actual Loops": 25,
                "Output": [
                  "an.id",
                  "an.person_id",
                  "an.name",
                  "an.imdb_index",
                  "an.name_pcode_cf",
                  "an.name_pcode_nf",
                  "an.surname_pcode",
                  "an.md5sum"
                ],
                "Index Cond": "(an.person_id = ci.person_id)",
                "Rows Removed by Index Recheck": 0
              }
            ]
          },
          {
            "Node Type": "Index Scan",
            "Parent Relationship": "Inner",
            "Parallel Aware": false,
            "Async Capable": false,
            "Scan Direction": "Forward",
            "Index Name": "idx_name_id",
            "Relation Name": "name",
            "Schema": "public",
            "Alias": "n",
            "Startup Cost": 0.43,
            "Total Cost": 0.75,
            "Plan Rows": 1,
            "Plan Width": 4,
            "Actual Startup Time": 0.014,
            "Actual Total Time": 0.014,
            "Actual Rows": 0,
            "Actual Loops": 24,
            "Output": [
              "n.id",
              "n.name",
              "n.imdb_index",
              "n.imdb_id",
              "n.gender",
              "n.name_pcode_cf",
              "n.name_pcode_nf",
              "n.surname_pcode",
              "n.md5sum"
            ],
            "Index Cond": "(n.id = an.person_id)",
            "Rows Removed by Index Recheck": 0,
            "Filter": "(((n.name)::text ~~ '%Yo%'::text) AND ((n.name)::text !~~ '%Yu%'::text))",
            "Rows Removed by Filter": 1
          }
        ]
      }
    ]
  },
  "Planning Time": 9.529,
  "Triggers": [],
  "Execution Time": 617.843
}