{
  "Plan": {
    "Node Type": "Aggregate",
    "Strategy": "Plain",
    "Partial Mode": "Simple",
    "Parallel Aware": false,
    "Async Capable": false,
    "Startup Cost": 10000252304.41,
    "Total Cost": 10000252304.42,
    "Plan Rows": 1,
    "Plan Width": 128,
    "Actual Startup Time": 1587.612,
    "Actual Total Time": 1587.616,
    "Actual Rows": 1,
    "Actual Loops": 1,
    "Output": [
      "min((an.name)::text)",
      "min((chn.name)::text)",
      "min((n.name)::text)",
      "min((t.title)::text)"
    ],
    "Plans": [
      {
        "Node Type": "Nested Loop",
        "Parent Relationship": "Outer",
        "Parallel Aware": false,
        "Async Capable": false,
        "Join Type": "Inner",
        "Startup Cost": 10000118488.33,
        "Total Cost": 10000252298.01,
        "Plan Rows": 640,
        "Plan Width": 64,
        "Actual Startup Time": 1126.664,
        "Actual Total Time": 1582.373,
        "Actual Rows": 8144,
        "Actual Loops": 1,
        "Output": [
          "an.name",
          "chn.name",
          "n.name",
          "t.title"
        ],
        "Inner Unique": false,
        "Join Filter": "(ci.role_id = rt.id)",
        "Rows Removed by Join Filter": 0,
        "Plans": [
          {
            "Node Type": "Seq Scan",
            "Parent Relationship": "Outer",
            "Parallel Aware": false,
            "Async Capable": false,
            "Relation Name": "role_type",
            "Schema": "public",
            "Alias": "rt",
            "Startup Cost": 0.0,
            "Total Cost": 1.15,
            "Plan Rows": 1,
            "Plan Width": 4,
            "Actual Startup Time": 580.911,
            "Actual Total Time": 580.913,
            "Actual Rows": 1,
            "Actual Loops": 1,
            "Output": [
              "rt.id",
              "rt.role"
            ],
            "Filter": "((rt.role)::text = 'actress'::text)",
            "Rows Removed by Filter": 11
          },
          {
            "Node Type": "Nested Loop",
            "Parent Relationship": "Inner",
            "Parallel Aware": false,
            "Async Capable": false,
            "Join Type": "Inner",
            "Startup Cost": 118488.33,
            "Total Cost": 252200.86,
            "Plan Rows": 7680,
            "Plan Width": 68,
            "Actual Startup Time": 545.744,
            "Actual Total Time": 1000.247,
            "Actual Rows": 8144,
            "Actual Loops": 1,
            "Output": [
              "an.name",
              "ci.role_id",
              "chn.name",
              "n.name",
              "t.title"
            ],
            "Inner Unique": true,
            "Plans": [
              {
                "Node Type": "Nested Loop",
                "Parent Relationship": "Outer",
                "Parallel Aware": false,
                "Async Capable": false,
                "Join Type": "Inner",
                "Startup Cost": 118487.91,
                "Total Cost": 242795.0,
                "Plan Rows": 21109,
                "Plan Width": 72,
                "Actual Startup Time": 544.148,
                "Actual Total Time": 951.172,
                "Actual Rows": 18345,
                "Actual Loops": 1,
                "Output": [
                  "an.name",
                  "ci.role_id",
                  "chn.name",
                  "mc.company_id",
                  "n.name",
                  "t.title"
                ],
                "Inner Unique": false,
                "Join Filter": "(ci.movie_id = mc.movie_id)",
                "Rows Removed by Join Filter": 0,
                "Plans": [
                  {
                    "Node Type": "Nested Loop",
                    "Parent Relationship": "Outer",
                    "Parallel Aware": false,
                    "Async Capable": false,
                    "Join Type": "Inner",
                    "Startup Cost": 118487.48,
                    "Total Cost": 237927.64,
                    "Plan Rows": 7513,
                    "Plan Width": 76,
                    "Actual Startup Time": 544.105,
                    "Actual Total Time": 918.823,
                    "Actual Rows": 7726,
                    "Actual Loops": 1,
                    "Output": [
                      "an.name",
                      "ci.movie_id",
                      "ci.role_id",
                      "chn.name",
                      "n.name",
                      "t.title",
                      "t.id"
                    ],
                    "Inner Unique": true,
                    "Plans": [
                      {
                        "Node Type": "Nested Loop",
                        "Parent Relationship": "Outer",
                        "Parallel Aware": false,
                        "Async Capable": false,
                        "Join Type": "Inner",
                        "Startup Cost": 118487.05,
                        "Total Cost": 233147.33,
                        "Plan Rows": 7513,
                        "Plan Width": 55,
                        "Actual Startup Time": 544.058,
                        "Actual Total Time": 886.223,
                        "Actual Rows": 7726,
                        "Actual Loops": 1,
                        "Output": [
                          "an.name",
                          "ci.movie_id",
                          "ci.role_id",
                          "chn.name",
                          "n.name"
                        ],
                        "Inner Unique": true,
                        "Plans": [
                          {
                            "Node Type": "Nested Loop",
                            "Parent Relationship": "Outer",
                            "Parallel Aware": false,
                            "Async Capable": false,
                            "Join Type": "Inner",
                            "Startup Cost": 118486.62,
                            "Total Cost": 223282.12,
                            "Plan Rows": 15280,
                            "Plan Width": 43,
                            "Actual Startup Time": 544.012,
                            "Actual Total Time": 859.67,
                            "Actual Rows": 8204,
                            "Actual Loops": 1,
                            "Output": [
                              "an.name",
                              "ci.movie_id",
                              "ci.role_id",
                              "ci.person_role_id",
                              "n.name"
                            ],
                            "Inner Unique": false,
                            "Join Filter": "(ci.person_id = n.id)",
                            "Rows Removed by Join Filter": 0,
                            "Plans": [
                              {
                                "Node Type": "Hash Join",
                                "Parent Relationship": "Outer",
                                "Parallel Aware": false,
                                "Async Capable": false,
                                "Join Type": "Inner",
                                "Startup Cost": 118486.18,
                                "Total Cost": 141261.63,
                                "Plan Rows": 6226,
                                "Plan Width": 39,
                                "Actual Startup Time": 541.838,
                                "Actual Total Time": 719.472,
                                "Actual Rows": 10525,
                                "Actual Loops": 1,
                                "Output": [
                                  "an.name",
                                  "an.person_id",
                                  "n.name",
                                  "n.id"
                                ],
                                "Inner Unique": true,
                                "Hash Cond": "(an.person_id = n.id)",
                                "Plans": [
                                  {
                                    "Node Type": "Seq Scan",
                                    "Parent Relationship": "Outer",
                                    "Parallel Aware": false,
                                    "Async Capable": false,
                                    "Relation Name": "aka_name",
                                    "Schema": "public",
                                    "Alias": "an",
                                    "Startup Cost": 0.0,
                                    "Total Cost": 20409.43,
                                    "Plan Rows": 901343,
                                    "Plan Width": 20,
                                    "Actual Startup Time": 0.022,
                                    "Actual Total Time": 65.995,
                                    "Actual Rows": 901343,
                                    "Actual Loops": 1,
                                    "Output": [
                                      "an.id",
                                      "an.person_id",
                                      "an.name",
                                      "an.imdb_index",
                                      "an.name_pcode_cf",
                                      "an.name_pcode_nf",
                                      "an.surname_pcode",
                                      "an.md5sum"
                                    ]
                                  },
                                  {
                                    "Node Type": "Hash",
                                    "Parent Relationship": "Inner",
                                    "Parallel Aware": false,
                                    "Async Capable": false,
                                    "Startup Cost": 118126.36,
                                    "Total Cost": 118126.36,
                                    "Plan Rows": 28785,
                                    "Plan Width": 19,
                                    "Actual Startup Time": 541.569,
                                    "Actual Total Time": 541.57,
                                    "Actual Rows": 50011,
                                    "Actual Loops": 1,
                                    "Output": [
                                      "n.name",
                                      "n.id"
                                    ],
                                    "Hash Buckets": 65536,
                                    "Original Hash Buckets": 32768,
                                    "Hash Batches": 1,
                                    "Original Hash Batches": 1,
                                    "Peak Memory Usage": 3135,
                                    "Plans": [
                                      {
                                        "Node Type": "Seq Scan",
                                        "Parent Relationship": "Outer",
                                        "Parallel Aware": false,
                                        "Async Capable": false,
                                        "Relation Name": "name",
                                        "Schema": "public",
                                        "Alias": "n",
                                        "Startup Cost": 0.0,
                                        "Total Cost": 118126.36,
                                        "Plan Rows": 28785,
                                        "Plan Width": 19,
                                        "Actual Startup Time": 225.276,
                                        "Actual Total Time": 530.632,
                                        "Actual Rows": 50011,
                                        "Actual Loops": 1,
                                        "Output": [
                                          "n.name",
                                          "n.id"
                                        ],
                                        "Filter": "(((n.name)::text ~~ '%An%'::text) AND ((n.gender)::text = 'f'::text))",
                                        "Rows Removed by Filter": 4117480
                                      }
                                    ]
                                  }
                                ]
                              },
                              {
                                "Node Type": "Index Scan",
                                "Parent Relationship": "Inner",
                                "Parallel Aware": false,
                                "Async Capable": false,
                                "Scan Direction": "Forward",
                                "Index Name": "idx_cast_info_person_id",
                                "Relation Name": "cast_info",
                                "Schema": "public",
                                "Alias": "ci",
                                "Startup Cost": 0.44,
                                "Total Cost": 13.01,
                                "Plan Rows": 13,
                                "Plan Width": 16,
                                "Actual Startup Time": 0.011,
                                "Actual Total Time": 0.013,
                                "Actual Rows": 1,
                                "Actual Loops": 10525,
                                "Output": [
                                  "ci.id",
                                  "ci.person_id",
                                  "ci.movie_id",
                                  "ci.person_role_id",
                                  "ci.note",
                                  "ci.nr_order",
                                  "ci.role_id"
                                ],
                                "Index Cond": "(ci.person_id = an.person_id)",
                                "Rows Removed by Index Recheck": 0,
                                "Filter": "((ci.note)::text = ANY ('{(voice),\"(voice: Japanese version)\",\"(voice) (uncredited)\",\"(voice: English version)\"}'::text[]))",
                                "Rows Removed by Filter": 44
                              }
                            ]
                          },
                          {
                            "Node Type": "Index Scan",
                            "Parent Relationship": "Inner",
                            "Parallel Aware": false,
                            "Async Capable": false,
                            "Scan Direction": "Forward",
                            "Index Name": "idx_char_name_id",
                            "Relation Name": "char_name",
                            "Schema": "public",
                            "Alias": "chn",
                            "Startup Cost": 0.43,
                            "Total Cost": 0.65,
                            "Plan Rows": 1,
                            "Plan Width": 20,
                            "Actual Startup Time": 0.003,
                            "Actual Total Time": 0.003,
                            "Actual Rows": 1,
                            "Actual Loops": 8204,
                            "Output": [
                              "chn.id",
                              "chn.name",
                              "chn.imdb_index",
                              "chn.imdb_id",
                              "chn.name_pcode_nf",
                              "chn.surname_pcode",
                              "chn.md5sum"
                            ],
                            "Index Cond": "(chn.id = ci.person_role_id)",
                            "Rows Removed by Index Recheck": 0
                          }
                        ]
                      },
                      {
                        "Node Type": "Index Scan",
                        "Parent Relationship": "Inner",
                        "Parallel Aware": false,
                        "Async Capable": false,
                        "Scan Direction": "Forward",
                        "Index Name": "idx_title_id",
                        "Relation Name": "title",
                        "Schema": "public",
                        "Alias": "t",
                        "Startup Cost": 0.43,
                        "Total Cost": 0.64,
                        "Plan Rows": 1,
                        "Plan Width": 21,
                        "Actual Startup Time": 0.004,
                        "Actual Total Time": 0.004,
                        "Actual Rows": 1,
                        "Actual Loops": 7726,
                        "Output": [
                          "t.id",
                          "t.title",
                          "t.imdb_index",
                          "t.kind_id",
                          "t.production_year",
                          "t.imdb_id",
                          "t.phonetic_code",
                          "t.episode_of_id",
                          "t.season_nr",
                          "t.episode_nr",
                          "t.series_years",
                          "t.md5sum"
                        ],
                        "Index Cond": "(t.id = ci.movie_id)",
                        "Rows Removed by Index Recheck": 0
                      }
                    ]
                  },
                  {
                    "Node Type": "Index Scan",
                    "Parent Relationship": "Inner",
                    "Parallel Aware": false,
                    "Async Capable": false,
                    "Scan Direction": "Forward",
                    "Index Name": "idx_movie_companies_movie_id",
                    "Relation Name": "movie_companies",
                    "Schema": "public",
                    "Alias": "mc",
                    "Startup Cost": 0.43,
                    "Total Cost": 0.57,
                    "Plan Rows": 6,
                    "Plan Width": 8,
                    "Actual Startup Time": 0.003,
                    "Actual Total Time": 0.003,
                    "Actual Rows": 2,
                    "Actual Loops": 7726,
                    "Output": [
                      "mc.id",
                      "mc.movie_id",
                      "mc.company_id",
                      "mc.company_type_id",
                      "mc.note"
                    ],
                    "Index Cond": "(mc.movie_id = t.id)",
                    "Rows Removed by Index Recheck": 0
                  }
                ]
              },
              {
                "Node Type": "Index Scan",
                "Parent Relationship": "Inner",
                "Parallel Aware": false,
                "Async Capable": false,
                "Scan Direction": "Forward",
                "Index Name": "idx_company_name_id",
                "Relation Name": "company_name",
                "Schema": "public",
                "Alias": "cn",
                "Startup Cost": 0.42,
                "Total Cost": 0.45,
                "Plan Rows": 1,
                "Plan Width": 4,
                "Actual Startup Time": 0.002,
                "Actual Total Time": 0.002,
                "Actual Rows": 0,
                "Actual Loops": 18345,
                "Output": [
                  "cn.id",
                  "cn.name",
                  "cn.country_code",
                  "cn.imdb_id",
                  "cn.name_pcode_nf",
                  "cn.name_pcode_sf",
                  "cn.md5sum"
                ],
                "Index Cond": "(cn.id = mc.company_id)",
                "Rows Removed by Index Recheck": 0,
                "Filter": "((cn.country_code)::text = '[us]'::text)",
                "Rows Removed by Filter": 1
              }
            ]
          }
        ]
      }
    ]
  },
  "Planning Time": 8.242,
  "Triggers": [],
  "JIT": {
    "Functions": 52,
    "Options": {
      "Inlining": true,
      "Optimization": true,
      "Expressions": true,
      "Deforming": true
    },
    "Timing": {
      "Generation": 3.024,
      "Inlining": 80.83,
      "Optimization": 303.496,
      "Emission": 196.699,
      "Total": 584.049
    }
  },
  "Execution Time": 1611.499
}