{
  "Plan": {
    "Node Type": "Aggregate",
    "Strategy": "Plain",
    "Partial Mode": "Simple",
    "Parallel Aware": false,
    "Async Capable": false,
    "Startup Cost": 406815.39,
    "Total Cost": 406815.4,
    "Plan Rows": 1,
    "Plan Width": 64,
    "Actual Startup Time": 9968.847,
    "Actual Total Time": 9968.854,
    "Actual Rows": 1,
    "Actual Loops": 1,
    "Output": [
      "min((an.name)::text)",
      "min((t.title)::text)"
    ],
    "Plans": [
      {
        "Node Type": "Hash Join",
        "Parent Relationship": "Outer",
        "Parallel Aware": false,
        "Async Capable": false,
        "Join Type": "Inner",
        "Startup Cost": 188049.69,
        "Total Cost": 388262.43,
        "Plan Rows": 3710592,
        "Plan Width": 33,
        "Actual Startup Time": 2517.37,
        "Actual Total Time": 8771.328,
        "Actual Rows": 3710592,
        "Actual Loops": 1,
        "Output": [
          "an.name",
          "t.title"
        ],
        "Inner Unique": false,
        "Hash Cond": "(n.id = an.person_id)",
        "Plans": [
          {
            "Node Type": "Hash Join",
            "Parent Relationship": "Outer",
            "Parallel Aware": false,
            "Async Capable": false,
            "Join Type": "Inner",
            "Startup Cost": 156373.48,
            "Total Cost": 336297.2,
            "Plan Rows": 2832555,
            "Plan Width": 25,
            "Actual Startup Time": 2058.629,
            "Actual Total Time": 6969.811,
            "Actual Rows": 2832555,
            "Actual Loops": 1,
            "Output": [
              "ci.person_id",
              "n.id",
              "t.title"
            ],
            "Inner Unique": true,
            "Hash Cond": "(ci.person_id = n.id)",
            "Plans": [
              {
                "Node Type": "Nested Loop",
                "Parent Relationship": "Outer",
                "Parallel Aware": false,
                "Async Capable": false,
                "Join Type": "Inner",
                "Startup Cost": 6990.93,
                "Total Cost": 179479.19,
                "Plan Rows": 2832555,
                "Plan Width": 21,
                "Actual Startup Time": 65.687,
                "Actual Total Time": 3898.376,
                "Actual Rows": 2832555,
                "Actual Loops": 1,
                "Output": [
                  "ci.person_id",
                  "t.title"
                ],
                "Inner Unique": false,
                "Join Filter": "(ci.movie_id = t.id)",
                "Rows Removed by Join Filter": 0,
                "Plans": [
                  {
                    "Node Type": "Hash Join",
                    "Parent Relationship": "Outer",
                    "Parallel Aware": false,
                    "Async Capable": false,
                    "Join Type": "Inner",
                    "Startup Cost": 6990.49,
                    "Total Cost": 54067.71,
                    "Plan Rows": 68316,
                    "Plan Width": 29,
                    "Actual Startup Time": 65.258,
                    "Actual Total Time": 690.707,
                    "Actual Rows": 68316,
                    "Actual Loops": 1,
                    "Output": [
                      "mc.movie_id",
                      "mk.movie_id",
                      "t.title",
                      "t.id"
                    ],
                    "Inner Unique": true,
                    "Hash Cond": "(mc.company_id = cn.id)",
                    "Plans": [
                      {
                        "Node Type": "Nested Loop",
                        "Parent Relationship": "Outer",
                        "Parallel Aware": false,
                        "Async Capable": false,
                        "Join Type": "Inner",
                        "Startup Cost": 1.71,
                        "Total Cost": 46688.98,
                        "Plan Rows": 148552,
                        "Plan Width": 33,
                        "Actual Startup Time": 0.322,
                        "Actual Total Time": 561.032,
                        "Actual Rows": 148552,
                        "Actual Loops": 1,
                        "Output": [
                          "mk.movie_id",
                          "mc.movie_id",
                          "mc.company_id",
                          "t.title",
                          "t.id"
                        ],
                        "Inner Unique": false,
                        "Join Filter": "(mc.movie_id = t.id)",
                        "Rows Removed by Join Filter": 0,
                        "Plans": [
                          {
                            "Node Type": "Nested Loop",
                            "Parent Relationship": "Outer",
                            "Parallel Aware": false,
                            "Async Capable": false,
                            "Join Type": "Inner",
                            "Startup Cost": 1.28,
                            "Total Cost": 21536.5,
                            "Plan Rows": 41840,
                            "Plan Width": 25,
                            "Actual Startup Time": 0.214,
                            "Actual Total Time": 279.788,
                            "Actual Rows": 41840,
                            "Actual Loops": 1,
                            "Output": [
                              "mk.movie_id",
                              "t.title",
                              "t.id"
                            ],
                            "Inner Unique": true,
                            "Plans": [
                              {
                                "Node Type": "Nested Loop",
                                "Parent Relationship": "Outer",
                                "Parallel Aware": false,
                                "Async Capable": false,
                                "Join Type": "Inner",
                                "Startup Cost": 0.85,
                                "Total Cost": 1224.82,
                                "Plan Rows": 41840,
                                "Plan Width": 4,
                                "Actual Startup Time": 0.157,
                                "Actual Total Time": 58.697,
                                "Actual Rows": 41840,
                                "Actual Loops": 1,
                                "Output": [
                                  "mk.movie_id"
                                ],
                                "Inner Unique": false,
                                "Plans": [
                                  {
                                    "Node Type": "Index Scan",
                                    "Parent Relationship": "Outer",
                                    "Parallel Aware": false,
                                    "Async Capable": false,
                                    "Scan Direction": "Forward",
                                    "Index Name": "idx_keyword_keyword",
                                    "Relation Name": "keyword",
                                    "Schema": "public",
                                    "Alias": "k",
                                    "Startup Cost": 0.42,
                                    "Total Cost": 8.44,
                                    "Plan Rows": 1,
                                    "Plan Width": 4,
                                    "Actual Startup Time": 0.055,
                                    "Actual Total Time": 0.056,
                                    "Actual Rows": 1,
                                    "Actual Loops": 1,
                                    "Output": [
                                      "k.id",
                                      "k.keyword",
                                      "k.phonetic_code"
                                    ],
                                    "Index Cond": "((k.keyword)::text = 'character-name-in-title'::text)",
                                    "Rows Removed by Index Recheck": 0
                                  },
                                  {
                                    "Node Type": "Index Scan",
                                    "Parent Relationship": "Inner",
                                    "Parallel Aware": false,
                                    "Async Capable": false,
                                    "Scan Direction": "Forward",
                                    "Index Name": "idx_movie_keyword_keyword_id",
                                    "Relation Name": "movie_keyword",
                                    "Schema": "public",
                                    "Alias": "mk",
                                    "Startup Cost": 0.43,
                                    "Total Cost": 1213.36,
                                    "Plan Rows": 302,
                                    "Plan Width": 8,
                                    "Actual Startup Time": 0.051,
                                    "Actual Total Time": 48.769,
                                    "Actual Rows": 41840,
                                    "Actual Loops": 1,
                                    "Output": [
                                      "mk.id",
                                      "mk.movie_id",
                                      "mk.keyword_id"
                                    ],
                                    "Index Cond": "(mk.keyword_id = k.id)",
                                    "Rows Removed by Index Recheck": 0
                                  }
                                ]
                              },
                              {
                                "Node Type": "Index Scan",
                                "Parent Relationship": "Inner",
                                "Parallel Aware": false,
                                "Async Capable": false,
                                "Scan Direction": "Forward",
                                "Index Name": "idx_title_id",
                                "Relation Name": "title",
                                "Schema": "public",
                                "Alias": "t",
                                "Startup Cost": 0.43,
                                "Total Cost": 0.49,
                                "Plan Rows": 1,
                                "Plan Width": 21,
                                "Actual Startup Time": 0.004,
                                "Actual Total Time": 0.004,
                                "Actual Rows": 1,
                                "Actual Loops": 41840,
                                "Output": [
                                  "t.id",
                                  "t.title",
                                  "t.imdb_index",
                                  "t.kind_id",
                                  "t.production_year",
                                  "t.imdb_id",
                                  "t.phonetic_code",
                                  "t.episode_of_id",
                                  "t.season_nr",
                                  "t.episode_nr",
                                  "t.series_years",
                                  "t.md5sum"
                                ],
                                "Index Cond": "(t.id = mk.movie_id)",
                                "Rows Removed by Index Recheck": 0
                              }
                            ]
                          },
                          {
                            "Node Type": "Index Scan",
                            "Parent Relationship": "Inner",
                            "Parallel Aware": false,
                            "Async Capable": false,
                            "Scan Direction": "Forward",
                            "Index Name": "idx_movie_companies_movie_id",
                            "Relation Name": "movie_companies",
                            "Schema": "public",
                            "Alias": "mc",
                            "Startup Cost": 0.43,
                            "Total Cost": 0.54,
                            "Plan Rows": 5,
                            "Plan Width": 8,
                            "Actual Startup Time": 0.003,
                            "Actual Total Time": 0.005,
                            "Actual Rows": 4,
                            "Actual Loops": 41840,
                            "Output": [
                              "mc.id",
                              "mc.movie_id",
                              "mc.company_id",
                              "mc.company_type_id",
                              "mc.note"
                            ],
                            "Index Cond": "(mc.movie_id = mk.movie_id)",
                            "Rows Removed by Index Recheck": 0
                          }
                        ]
                      },
                      {
                        "Node Type": "Hash",
                        "Parent Relationship": "Inner",
                        "Parallel Aware": false,
                        "Async Capable": false,
                        "Startup Cost": 5932.46,
                        "Total Cost": 5932.46,
                        "Plan Rows": 84505,
                        "Plan Width": 4,
                        "Actual Startup Time": 64.084,
                        "Actual Total Time": 64.085,
                        "Actual Rows": 84843,
                        "Actual Loops": 1,
                        "Output": [
                          "cn.id"
                        ],
                        "Hash Buckets": 131072,
                        "Original Hash Buckets": 131072,
                        "Hash Batches": 1,
                        "Original Hash Batches": 1,
                        "Peak Memory Usage": 4007,
                        "Plans": [
                          {
                            "Node Type": "Seq Scan",
                            "Parent Relationship": "Outer",
                            "Parallel Aware": false,
                            "Async Capable": false,
                            "Relation Name": "company_name",
                            "Schema": "public",
                            "Alias": "cn",
                            "Startup Cost": 0.0,
                            "Total Cost": 5932.46,
                            "Plan Rows": 84505,
                            "Plan Width": 4,
                            "Actual Startup Time": 0.027,
                            "Actual Total Time": 47.11,
                            "Actual Rows": 84843,
                            "Actual Loops": 1,
                            "Output": [
                              "cn.id"
                            ],
                            "Filter": "((cn.country_code)::text = '[us]'::text)",
                            "Rows Removed by Filter": 150154
                          }
                        ]
                      }
                    ]
                  },
                  {
                    "Node Type": "Index Scan",
                    "Parent Relationship": "Inner",
                    "Parallel Aware": false,
                    "Async Capable": false,
                    "Scan Direction": "Forward",
                    "Index Name": "idx_cast_info_movie_id",
                    "Relation Name": "cast_info",
                    "Schema": "public",
                    "Alias": "ci",
                    "Startup Cost": 0.44,
                    "Total Cost": 1.36,
                    "Plan Rows": 38,
                    "Plan Width": 8,
                    "Actual Startup Time": 0.004,
                    "Actual Total Time": 0.038,
                    "Actual Rows": 41,
                    "Actual Loops": 68316,
                    "Output": [
                      "ci.id",
                      "ci.person_id",
                      "ci.movie_id",
                      "ci.person_role_id",
                      "ci.note",
                      "ci.nr_order",
                      "ci.role_id"
                    ],
                    "Index Cond": "(ci.movie_id = mk.movie_id)",
                    "Rows Removed by Index Recheck": 0
                  }
                ]
              },
              {
                "Node Type": "Hash",
                "Parent Relationship": "Inner",
                "Parallel Aware": false,
                "Async Capable": false,
                "Startup Cost": 97288.91,
                "Total Cost": 97288.91,
                "Plan Rows": 4167491,
                "Plan Width": 4,
                "Actual Startup Time": 1969.508,
                "Actual Total Time": 1969.509,
                "Actual Rows": 4167491,
                "Actual Loops": 1,
                "Output": [
                  "n.id"
                ],
                "Hash Buckets": 4194304,
                "Original Hash Buckets": 4194304,
                "Hash Batches": 1,
                "Original Hash Batches": 1,
                "Peak Memory Usage": 179282,
                "Plans": [
                  {
                    "Node Type": "Seq Scan",
                    "Parent Relationship": "Outer",
                    "Parallel Aware": false,
                    "Async Capable": false,
                    "Relation Name": "name",
                    "Schema": "public",
                    "Alias": "n",
                    "Startup Cost": 0.0,
                    "Total Cost": 97288.91,
                    "Plan Rows": 4167491,
                    "Plan Width": 4,
                    "Actual Startup Time": 0.047,
                    "Actual Total Time": 846.294,
                    "Actual Rows": 4167491,
                    "Actual Loops": 1,
                    "Output": [
                      "n.id"
                    ]
                  }
                ]
              }
            ]
          },
          {
            "Node Type": "Hash",
            "Parent Relationship": "Inner",
            "Parallel Aware": false,
            "Async Capable": false,
            "Startup Cost": 20409.43,
            "Total Cost": 20409.43,
            "Plan Rows": 901343,
            "Plan Width": 20,
            "Actual Startup Time": 452.796,
            "Actual Total Time": 452.796,
            "Actual Rows": 901343,
            "Actual Loops": 1,
            "Output": [
              "an.name",
              "an.person_id"
            ],
            "Hash Buckets": 1048576,
            "Original Hash Buckets": 1048576,
            "Hash Batches": 1,
            "Original Hash Batches": 1,
            "Peak Memory Usage": 55917,
            "Plans": [
              {
                "Node Type": "Seq Scan",
                "Parent Relationship": "Outer",
                "Parallel Aware": false,
                "Async Capable": false,
                "Relation Name": "aka_name",
                "Schema": "public",
                "Alias": "an",
                "Startup Cost": 0.0,
                "Total Cost": 20409.43,
                "Plan Rows": 901343,
                "Plan Width": 20,
                "Actual Startup Time": 38.159,
                "Actual Total Time": 204.041,
                "Actual Rows": 901343,
                "Actual Loops": 1,
                "Output": [
                  "an.name",
                  "an.person_id"
                ]
              }
            ]
          }
        ]
      }
    ]
  },
  "Planning Time": 14.228,
  "Triggers": [],
  "JIT": {
    "Functions": 53,
    "Options": {
      "Inlining": false,
      "Optimization": false,
      "Expressions": true,
      "Deforming": true
    },
    "Timing": {
      "Generation": 3.341,
      "Inlining": 0.0,
      "Optimization": 1.094,
      "Emission": 37.279,
      "Total": 41.714
    }
  },
  "Execution Time": 10003.79
}