{
  "Plan": {
    "Node Type": "Aggregate",
    "Strategy": "Plain",
    "Partial Mode": "Simple",
    "Parallel Aware": false,
    "Async Capable": false,
    "Startup Cost": 25648.45,
    "Total Cost": 25648.46,
    "Plan Rows": 1,
    "Plan Width": 68,
    "Actual Startup Time": 306.54,
    "Actual Total Time": 306.545,
    "Actual Rows": 1,
    "Actual Loops": 1,
    "Output": [
      "min((mc.note)::text)",
      "min((t.title)::text)",
      "min(t.production_year)"
    ],
    "Plans": [
      {
        "Node Type": "Nested Loop",
        "Parent Relationship": "Outer",
        "Parallel Aware": false,
        "Async Capable": false,
        "Join Type": "Inner",
        "Startup Cost": 3.29,
        "Total Cost": 25648.43,
        "Plan Rows": 3,
        "Plan Width": 45,
        "Actual Startup Time": 303.338,
        "Actual Total Time": 306.528,
        "Actual Rows": 3,
        "Actual Loops": 1,
        "Output": [
          "mc.note",
          "t.title",
          "t.production_year"
        ],
        "Inner Unique": false,
        "Join Filter": "(ct.id = mc.company_type_id)",
        "Rows Removed by Join Filter": 0,
        "Plans": [
          {
            "Node Type": "Seq Scan",
            "Parent Relationship": "Outer",
            "Parallel Aware": false,
            "Async Capable": false,
            "Relation Name": "company_type",
            "Schema": "public",
            "Alias": "ct",
            "Startup Cost": 0.0,
            "Total Cost": 1.05,
            "Plan Rows": 1,
            "Plan Width": 4,
            "Actual Startup Time": 0.016,
            "Actual Total Time": 0.019,
            "Actual Rows": 1,
            "Actual Loops": 1,
            "Output": [
              "ct.id",
              "ct.kind"
            ],
            "Filter": "((ct.kind)::text = 'production companies'::text)",
            "Rows Removed by Filter": 3
          },
          {
            "Node Type": "Nested Loop",
            "Parent Relationship": "Inner",
            "Parallel Aware": false,
            "Async Capable": false,
            "Join Type": "Inner",
            "Startup Cost": 3.29,
            "Total Cost": 25647.34,
            "Plan Rows": 3,
            "Plan Width": 49,
            "Actual Startup Time": 303.319,
            "Actual Total Time": 306.504,
            "Actual Rows": 3,
            "Actual Loops": 1,
            "Output": [
              "mc.note",
              "mc.company_type_id",
              "t.title",
              "t.production_year"
            ],
            "Inner Unique": false,
            "Join Filter": "(mc.movie_id = t.id)",
            "Rows Removed by Join Filter": 0,
            "Plans": [
              {
                "Node Type": "Nested Loop",
                "Parent Relationship": "Outer",
                "Parallel Aware": false,
                "Async Capable": false,
                "Join Type": "Inner",
                "Startup Cost": 2.86,
                "Total Cost": 25639.85,
                "Plan Rows": 12,
                "Plan Width": 29,
                "Actual Startup Time": 302.776,
                "Actual Total Time": 305.803,
                "Actual Rows": 12,
                "Actual Loops": 1,
                "Output": [
                  "mi_idx.movie_id",
                  "t.title",
                  "t.production_year",
                  "t.id"
                ],
                "Inner Unique": true,
                "Plans": [
                  {
                    "Node Type": "Hash Join",
                    "Parent Relationship": "Outer",
                    "Parallel Aware": false,
                    "Async Capable": false,
                    "Join Type": "Inner",
                    "Startup Cost": 2.43,
                    "Total Cost": 25496.24,
                    "Plan Rows": 250,
                    "Plan Width": 4,
                    "Actual Startup Time": 301.552,
                    "Actual Total Time": 301.73,
                    "Actual Rows": 250,
                    "Actual Loops": 1,
                    "Output": [
                      "mi_idx.movie_id"
                    ],
                    "Inner Unique": true,
                    "Hash Cond": "(mi_idx.info_type_id = it.id)",
                    "Plans": [
                      {
                        "Node Type": "Seq Scan",
                        "Parent Relationship": "Outer",
                        "Parallel Aware": false,
                        "Async Capable": false,
                        "Relation Name": "movie_info_idx",
                        "Schema": "public",
                        "Alias": "mi_idx",
                        "Startup Cost": 0.0,
                        "Total Cost": 21735.35,
                        "Plan Rows": 1380035,
                        "Plan Width": 8,
                        "Actual Startup Time": 0.022,
                        "Actual Total Time": 122.162,
                        "Actual Rows": 1380035,
                        "Actual Loops": 1,
                        "Output": [
                          "mi_idx.id",
                          "mi_idx.movie_id",
                          "mi_idx.info_type_id",
                          "mi_idx.info",
                          "mi_idx.note"
                        ]
                      },
                      {
                        "Node Type": "Hash",
                        "Parent Relationship": "Inner",
                        "Parallel Aware": false,
                        "Async Capable": false,
                        "Startup Cost": 2.41,
                        "Total Cost": 2.41,
                        "Plan Rows": 1,
                        "Plan Width": 4,
                        "Actual Startup Time": 0.028,
                        "Actual Total Time": 0.029,
                        "Actual Rows": 1,
                        "Actual Loops": 1,
                        "Output": [
                          "it.id"
                        ],
                        "Hash Buckets": 1024,
                        "Original Hash Buckets": 1024,
                        "Hash Batches": 1,
                        "Original Hash Batches": 1,
                        "Peak Memory Usage": 9,
                        "Plans": [
                          {
                            "Node Type": "Seq Scan",
                            "Parent Relationship": "Outer",
                            "Parallel Aware": false,
                            "Async Capable": false,
                            "Relation Name": "info_type",
                            "Schema": "public",
                            "Alias": "it",
                            "Startup Cost": 0.0,
                            "Total Cost": 2.41,
                            "Plan Rows": 1,
                            "Plan Width": 4,
                            "Actual Startup Time": 0.022,
                            "Actual Total Time": 0.023,
                            "Actual Rows": 1,
                            "Actual Loops": 1,
                            "Output": [
                              "it.id"
                            ],
                            "Filter": "((it.info)::text = 'top 250 rank'::text)",
                            "Rows Removed by Filter": 112
                          }
                        ]
                      }
                    ]
                  },
                  {
                    "Node Type": "Index Scan",
                    "Parent Relationship": "Inner",
                    "Parallel Aware": false,
                    "Async Capable": false,
                    "Scan Direction": "Forward",
                    "Index Name": "idx_title_id",
                    "Relation Name": "title",
                    "Schema": "public",
                    "Alias": "t",
                    "Startup Cost": 0.43,
                    "Total Cost": 0.57,
                    "Plan Rows": 1,
                    "Plan Width": 25,
                    "Actual Startup Time": 0.016,
                    "Actual Total Time": 0.016,
                    "Actual Rows": 0,
                    "Actual Loops": 250,
                    "Output": [
                      "t.id",
                      "t.title",
                      "t.imdb_index",
                      "t.kind_id",
                      "t.production_year",
                      "t.imdb_id",
                      "t.phonetic_code",
                      "t.episode_of_id",
                      "t.season_nr",
                      "t.episode_nr",
                      "t.series_years",
                      "t.md5sum"
                    ],
                    "Index Cond": "(t.id = mi_idx.movie_id)",
                    "Rows Removed by Index Recheck": 0,
                    "Filter": "(t.production_year > 2010)",
                    "Rows Removed by Filter": 1
                  }
                ]
              },
              {
                "Node Type": "Index Scan",
                "Parent Relationship": "Inner",
                "Parallel Aware": false,
                "Async Capable": false,
                "Scan Direction": "Forward",
                "Index Name": "idx_movie_companies_movie_id",
                "Relation Name": "movie_companies",
                "Schema": "public",
                "Alias": "mc",
                "Startup Cost": 0.43,
                "Total Cost": 0.61,
                "Plan Rows": 1,
                "Plan Width": 32,
                "Actual Startup Time": 0.057,
                "Actual Total Time": 0.058,
                "Actual Rows": 0,
                "Actual Loops": 12,
                "Output": [
                  "mc.id",
                  "mc.movie_id",
                  "mc.company_id",
                  "mc.company_type_id",
                  "mc.note"
                ],
                "Index Cond": "(mc.movie_id = mi_idx.movie_id)",
                "Rows Removed by Index Recheck": 0,
                "Filter": "(((mc.note)::text !~~ '%(as Metro-Goldwyn-Mayer Pictures)%'::text) AND ((mc.note)::text ~~ '%(co-production)%'::text))",
                "Rows Removed by Filter": 31
              }
            ]
          }
        ]
      }
    ]
  },
  "Planning Time": 5.023,
  "Triggers": [],
  "Execution Time": 306.683
}