{
  "Plan": {
    "Node Type": "Aggregate",
    "Strategy": "Plain",
    "Partial Mode": "Simple",
    "Parallel Aware": false,
    "Async Capable": false,
    "Startup Cost": 217881.11,
    "Total Cost": 217881.12,
    "Plan Rows": 1,
    "Plan Width": 128,
    "Actual Startup Time": 7362.362,
    "Actual Total Time": 7362.37,
    "Actual Rows": 1,
    "Actual Loops": 1,
    "Output": [
      "min((mi.info)::text)",
      "min((mi_idx.info)::text)",
      "min((n.name)::text)",
      "min((t.title)::text)"
    ],
    "Plans": [
      {
        "Node Type": "Hash Join",
        "Parent Relationship": "Outer",
        "Parallel Aware": false,
        "Async Capable": false,
        "Join Type": "Inner",
        "Startup Cost": 31250.31,
        "Total Cost": 217619.58,
        "Plan Rows": 26153,
        "Plan Width": 79,
        "Actual Startup Time": 563.274,
        "Actual Total Time": 7334.78,
        "Actual Rows": 26153,
        "Actual Loops": 1,
        "Output": [
          "mi.info",
          "mi_idx.info",
          "n.name",
          "t.title"
        ],
        "Inner Unique": true,
        "Hash Cond": "(mi.info_type_id = it1.id)",
        "Plans": [
          {
            "Node Type": "Nested Loop",
            "Parent Relationship": "Outer",
            "Parallel Aware": false,
            "Async Capable": false,
            "Join Type": "Inner",
            "Startup Cost": 31247.89,
            "Total Cost": 217538.13,
            "Plan Rows": 29015,
            "Plan Width": 83,
            "Actual Startup Time": 509.208,
            "Actual Total Time": 7264.556,
            "Actual Rows": 29015,
            "Actual Loops": 1,
            "Output": [
              "mi.info",
              "mi.info_type_id",
              "mi_idx.info",
              "n.name",
              "t.title"
            ],
            "Inner Unique": false,
            "Join Filter": "(mi.movie_id = t.id)",
            "Rows Removed by Join Filter": 0,
            "Plans": [
              {
                "Node Type": "Nested Loop",
                "Parent Relationship": "Outer",
                "Parallel Aware": false,
                "Async Capable": false,
                "Join Type": "Inner",
                "Startup Cost": 31247.45,
                "Total Cost": 180542.31,
                "Plan Rows": 22670,
                "Plan Width": 53,
                "Actual Startup Time": 509.021,
                "Actual Total Time": 5917.685,
                "Actual Rows": 22670,
                "Actual Loops": 1,
                "Output": [
                  "ci.movie_id",
                  "mi_idx.info",
                  "mi_idx.movie_id",
                  "mk.movie_id",
                  "n.name",
                  "t.title",
                  "t.id"
                ],
                "Inner Unique": true,
                "Join Filter": "(mi_idx.movie_id = t.id)",
                "Rows Removed by Join Filter": 0,
                "Plans": [
                  {
                    "Node Type": "Nested Loop",
                    "Parent Relationship": "Outer",
                    "Parallel Aware": false,
                    "Async Capable": false,
                    "Join Type": "Inner",
                    "Startup Cost": 31247.02,
                    "Total Cost": 169253.54,
                    "Plan Rows": 22670,
                    "Plan Width": 32,
                    "Actual Startup Time": 508.95,
                    "Actual Total Time": 5771.438,
                    "Actual Rows": 22670,
                    "Actual Loops": 1,
                    "Output": [
                      "ci.movie_id",
                      "mi_idx.info",
                      "mi_idx.movie_id",
                      "mk.movie_id",
                      "n.name"
                    ],
                    "Inner Unique": true,
                    "Plans": [
                      {
                        "Node Type": "Nested Loop",
                        "Parent Relationship": "Outer",
                        "Parallel Aware": false,
                        "Async Capable": false,
                        "Join Type": "Inner",
                        "Startup Cost": 31246.59,
                        "Total Cost": 143163.69,
                        "Plan Rows": 38991,
                        "Plan Width": 21,
                        "Actual Startup Time": 508.879,
                        "Actual Total Time": 5469.766,
                        "Actual Rows": 38991,
                        "Actual Loops": 1,
                        "Output": [
                          "ci.movie_id",
                          "ci.person_id",
                          "mi_idx.info",
                          "mi_idx.movie_id",
                          "mk.movie_id"
                        ],
                        "Inner Unique": false,
                        "Join Filter": "(ci.movie_id = mi_idx.movie_id)",
                        "Rows Removed by Join Filter": 0,
                        "Plans": [
                          {
                            "Node Type": "Hash Join",
                            "Parent Relationship": "Outer",
                            "Parallel Aware": false,
                            "Async Capable": false,
                            "Join Type": "Inner",
                            "Startup Cost": 31246.15,
                            "Total Cost": 40556.96,
                            "Plan Rows": 63701,
                            "Plan Width": 13,
                            "Actual Startup Time": 507.467,
                            "Actual Total Time": 698.062,
                            "Actual Rows": 63701,
                            "Actual Loops": 1,
                            "Output": [
                              "mi_idx.info",
                              "mi_idx.movie_id",
                              "mk.movie_id"
                            ],
                            "Inner Unique": false,
                            "Hash Cond": "(mk.movie_id = mi_idx.movie_id)",
                            "Plans": [
                              {
                                "Node Type": "Nested Loop",
                                "Parent Relationship": "Outer",
                                "Parallel Aware": false,
                                "Async Capable": false,
                                "Join Type": "Inner",
                                "Startup Cost": 0.85,
                                "Total Cost": 8253.84,
                                "Plan Rows": 76714,
                                "Plan Width": 4,
                                "Actual Startup Time": 0.201,
                                "Actual Total Time": 126.87,
                                "Actual Rows": 76714,
                                "Actual Loops": 1,
                                "Output": [
                                  "mk.movie_id"
                                ],
                                "Inner Unique": false,
                                "Plans": [
                                  {
                                    "Node Type": "Index Scan",
                                    "Parent Relationship": "Outer",
                                    "Parallel Aware": false,
                                    "Async Capable": false,
                                    "Scan Direction": "Forward",
                                    "Index Name": "idx_keyword_keyword",
                                    "Relation Name": "keyword",
                                    "Schema": "public",
                                    "Alias": "k",
                                    "Startup Cost": 0.42,
                                    "Total Cost": 59.05,
                                    "Plan Rows": 7,
                                    "Plan Width": 4,
                                    "Actual Startup Time": 0.129,
                                    "Actual Total Time": 0.253,
                                    "Actual Rows": 7,
                                    "Actual Loops": 1,
                                    "Output": [
                                      "k.id",
                                      "k.keyword",
                                      "k.phonetic_code"
                                    ],
                                    "Index Cond": "((k.keyword)::text = ANY ('{murder,violence,blood,gore,death,female-nudity,hospital}'::text[]))",
                                    "Rows Removed by Index Recheck": 0
                                  },
                                  {
                                    "Node Type": "Index Scan",
                                    "Parent Relationship": "Inner",
                                    "Parallel Aware": false,
                                    "Async Capable": false,
                                    "Scan Direction": "Forward",
                                    "Index Name": "idx_movie_keyword_keyword_id",
                                    "Relation Name": "movie_keyword",
                                    "Schema": "public",
                                    "Alias": "mk",
                                    "Startup Cost": 0.43,
                                    "Total Cost": 1167.66,
                                    "Plan Rows": 302,
                                    "Plan Width": 8,
                                    "Actual Startup Time": 0.021,
                                    "Actual Total Time": 14.814,
                                    "Actual Rows": 10959,
                                    "Actual Loops": 7,
                                    "Output": [
                                      "mk.id",
                                      "mk.movie_id",
                                      "mk.keyword_id"
                                    ],
                                    "Index Cond": "(mk.keyword_id = k.id)",
                                    "Rows Removed by Index Recheck": 0
                                  }
                                ]
                              },
                              {
                                "Node Type": "Hash",
                                "Parent Relationship": "Inner",
                                "Parallel Aware": false,
                                "Async Capable": false,
                                "Startup Cost": 25496.24,
                                "Total Cost": 25496.24,
                                "Plan Rows": 459925,
                                "Plan Width": 9,
                                "Actual Startup Time": 504.254,
                                "Actual Total Time": 504.256,
                                "Actual Rows": 459925,
                                "Actual Loops": 1,
                                "Output": [
                                  "mi_idx.info",
                                  "mi_idx.movie_id"
                                ],
                                "Hash Buckets": 524288,
                                "Original Hash Buckets": 524288,
                                "Hash Batches": 1,
                                "Original Hash Batches": 1,
                                "Peak Memory Usage": 22143,
                                "Plans": [
                                  {
                                    "Node Type": "Hash Join",
                                    "Parent Relationship": "Outer",
                                    "Parallel Aware": false,
                                    "Async Capable": false,
                                    "Join Type": "Inner",
                                    "Startup Cost": 2.43,
                                    "Total Cost": 25496.24,
                                    "Plan Rows": 459925,
                                    "Plan Width": 9,
                                    "Actual Startup Time": 0.086,
                                    "Actual Total Time": 389.089,
                                    "Actual Rows": 459925,
                                    "Actual Loops": 1,
                                    "Output": [
                                      "mi_idx.info",
                                      "mi_idx.movie_id"
                                    ],
                                    "Inner Unique": true,
                                    "Hash Cond": "(mi_idx.info_type_id = it2.id)",
                                    "Plans": [
                                      {
                                        "Node Type": "Seq Scan",
                                        "Parent Relationship": "Outer",
                                        "Parallel Aware": false,
                                        "Async Capable": false,
                                        "Relation Name": "movie_info_idx",
                                        "Schema": "public",
                                        "Alias": "mi_idx",
                                        "Startup Cost": 0.0,
                                        "Total Cost": 21735.35,
                                        "Plan Rows": 1380035,
                                        "Plan Width": 13,
                                        "Actual Startup Time": 0.029,
                                        "Actual Total Time": 140.146,
                                        "Actual Rows": 1380035,
                                        "Actual Loops": 1,
                                        "Output": [
                                          "mi_idx.id",
                                          "mi_idx.movie_id",
                                          "mi_idx.info_type_id",
                                          "mi_idx.info",
                                          "mi_idx.note"
                                        ]
                                      },
                                      {
                                        "Node Type": "Hash",
                                        "Parent Relationship": "Inner",
                                        "Parallel Aware": false,
                                        "Async Capable": false,
                                        "Startup Cost": 2.41,
                                        "Total Cost": 2.41,
                                        "Plan Rows": 1,
                                        "Plan Width": 4,
                                        "Actual Startup Time": 0.031,
                                        "Actual Total Time": 0.032,
                                        "Actual Rows": 1,
                                        "Actual Loops": 1,
                                        "Output": [
                                          "it2.id"
                                        ],
                                        "Hash Buckets": 1024,
                                        "Original Hash Buckets": 1024,
                                        "Hash Batches": 1,
                                        "Original Hash Batches": 1,
                                        "Peak Memory Usage": 9,
                                        "Plans": [
                                          {
                                            "Node Type": "Seq Scan",
                                            "Parent Relationship": "Outer",
                                            "Parallel Aware": false,
                                            "Async Capable": false,
                                            "Relation Name": "info_type",
                                            "Schema": "public",
                                            "Alias": "it2",
                                            "Startup Cost": 0.0,
                                            "Total Cost": 2.41,
                                            "Plan Rows": 1,
                                            "Plan Width": 4,
                                            "Actual Startup Time": 0.024,
                                            "Actual Total Time": 0.026,
                                            "Actual Rows": 1,
                                            "Actual Loops": 1,
                                            "Output": [
                                              "it2.id"
                                            ],
                                            "Filter": "((it2.info)::text = 'votes'::text)",
                                            "Rows Removed by Filter": 112
                                          }
                                        ]
                                      }
                                    ]
                                  }
                                ]
                              }
                            ]
                          },
                          {
                            "Node Type": "Index Scan",
                            "Parent Relationship": "Inner",
                            "Parallel Aware": false,
                            "Async Capable": false,
                            "Scan Direction": "Forward",
                            "Index Name": "idx_cast_info_movie_id",
                            "Relation Name": "cast_info",
                            "Schema": "public",
                            "Alias": "ci",
                            "Startup Cost": 0.44,
                            "Total Cost": 1.6,
                            "Plan Rows": 1,
                            "Plan Width": 8,
                            "Actual Startup Time": 0.06,
                            "Actual Total Time": 0.074,
                            "Actual Rows": 1,
                            "Actual Loops": 63701,
                            "Output": [
                              "ci.id",
                              "ci.person_id",
                              "ci.movie_id",
                              "ci.person_role_id",
                              "ci.note",
                              "ci.nr_order",
                              "ci.role_id"
                            ],
                            "Index Cond": "(ci.movie_id = mk.movie_id)",
                            "Rows Removed by Index Recheck": 0,
                            "Filter": "((ci.note)::text = ANY ('{(writer),\"(head writer)\",\"(written by)\",(story),\"(story editor)\"}'::text[]))",
                            "Rows Removed by Filter": 54
                          }
                        ]
                      },
                      {
                        "Node Type": "Index Scan",
                        "Parent Relationship": "Inner",
                        "Parallel Aware": false,
                        "Async Capable": false,
                        "Scan Direction": "Forward",
                        "Index Name": "idx_name_id",
                        "Relation Name": "name",
                        "Schema": "public",
                        "Alias": "n",
                        "Startup Cost": 0.43,
                        "Total Cost": 0.67,
                        "Plan Rows": 1,
                        "Plan Width": 19,
                        "Actual Startup Time": 0.007,
                        "Actual Total Time": 0.007,
                        "Actual Rows": 1,
                        "Actual Loops": 38991,
                        "Output": [
                          "n.id",
                          "n.name",
                          "n.imdb_index",
                          "n.imdb_id",
                          "n.gender",
                          "n.name_pcode_cf",
                          "n.name_pcode_nf",
                          "n.surname_pcode",
                          "n.md5sum"
                        ],
                        "Index Cond": "(n.id = ci.person_id)",
                        "Rows Removed by Index Recheck": 0,
                        "Filter": "((n.gender)::text = 'm'::text)",
                        "Rows Removed by Filter": 0
                      }
                    ]
                  },
                  {
                    "Node Type": "Index Scan",
                    "Parent Relationship": "Inner",
                    "Parallel Aware": false,
                    "Async Capable": false,
                    "Scan Direction": "Forward",
                    "Index Name": "idx_title_id",
                    "Relation Name": "title",
                    "Schema": "public",
                    "Alias": "t",
                    "Startup Cost": 0.43,
                    "Total Cost": 0.49,
                    "Plan Rows": 1,
                    "Plan Width": 21,
                    "Actual Startup Time": 0.005,
                    "Actual Total Time": 0.005,
                    "Actual Rows": 1,
                    "Actual Loops": 22670,
                    "Output": [
                      "t.id",
                      "t.title",
                      "t.imdb_index",
                      "t.kind_id",
                      "t.production_year",
                      "t.imdb_id",
                      "t.phonetic_code",
                      "t.episode_of_id",
                      "t.season_nr",
                      "t.episode_nr",
                      "t.series_years",
                      "t.md5sum"
                    ],
                    "Index Cond": "(t.id = mk.movie_id)",
                    "Rows Removed by Index Recheck": 0
                  }
                ]
              },
              {
                "Node Type": "Index Scan",
                "Parent Relationship": "Inner",
                "Parallel Aware": false,
                "Async Capable": false,
                "Scan Direction": "Forward",
                "Index Name": "idx_movie_info_movie_id",
                "Relation Name": "movie_info",
                "Schema": "public",
                "Alias": "mi",
                "Startup Cost": 0.43,
                "Total Cost": 1.62,
                "Plan Rows": 1,
                "Plan Width": 50,
                "Actual Startup Time": 0.055,
                "Actual Total Time": 0.059,
                "Actual Rows": 1,
                "Actual Loops": 22670,
                "Output": [
                  "mi.id",
                  "mi.movie_id",
                  "mi.info_type_id",
                  "mi.info",
                  "mi.note"
                ],
                "Index Cond": "(mi.movie_id = mk.movie_id)",
                "Rows Removed by Index Recheck": 0,
                "Filter": "((mi.info)::text = ANY ('{Horror,Action,Sci-Fi,Thriller,Crime,War}'::text[]))",
                "Rows Removed by Filter": 88
              }
            ]
          },
          {
            "Node Type": "Hash",
            "Parent Relationship": "Inner",
            "Parallel Aware": false,
            "Async Capable": false,
            "Startup Cost": 2.41,
            "Total Cost": 2.41,
            "Plan Rows": 1,
            "Plan Width": 4,
            "Actual Startup Time": 54.021,
            "Actual Total Time": 54.022,
            "Actual Rows": 1,
            "Actual Loops": 1,
            "Output": [
              "it1.id"
            ],
            "Hash Buckets": 1024,
            "Original Hash Buckets": 1024,
            "Hash Batches": 1,
            "Original Hash Batches": 1,
            "Peak Memory Usage": 9,
            "Plans": [
              {
                "Node Type": "Seq Scan",
                "Parent Relationship": "Outer",
                "Parallel Aware": false,
                "Async Capable": false,
                "Relation Name": "info_type",
                "Schema": "public",
                "Alias": "it1",
                "Startup Cost": 0.0,
                "Total Cost": 2.41,
                "Plan Rows": 1,
                "Plan Width": 4,
                "Actual Startup Time": 53.997,
                "Actual Total Time": 54.009,
                "Actual Rows": 1,
                "Actual Loops": 1,
                "Output": [
                  "it1.id"
                ],
                "Filter": "((it1.info)::text = 'genres'::text)",
                "Rows Removed by Filter": 112
              }
            ]
          }
        ]
      }
    ]
  },
  "Planning Time": 24.902,
  "Triggers": [],
  "JIT": {
    "Functions": 68,
    "Options": {
      "Inlining": false,
      "Optimization": false,
      "Expressions": true,
      "Deforming": true
    },
    "Timing": {
      "Generation": 4.502,
      "Inlining": 0.0,
      "Optimization": 1.504,
      "Emission": 52.66,
      "Total": 58.666
    }
  },
  "Execution Time": 7394.765
}