{
  "Plan": {
    "Node Type": "Aggregate",
    "Strategy": "Plain",
    "Partial Mode": "Simple",
    "Parallel Aware": false,
    "Async Capable": false,
    "Startup Cost": 114821.56,
    "Total Cost": 114821.57,
    "Plan Rows": 1,
    "Plan Width": 128,
    "Actual Startup Time": 2370.28,
    "Actual Total Time": 2370.3,
    "Actual Rows": 1,
    "Actual Loops": 1,
    "Output": [
      "min((mi.info)::text)",
      "min((mi_idx.info)::text)",
      "min((n.name)::text)",
      "min((t.title)::text)"
    ],
    "Plans": [
      {
        "Node Type": "Hash Join",
        "Parent Relationship": "Outer",
        "Parallel Aware": false,
        "Async Capable": false,
        "Join Type": "Inner",
        "Startup Cost": 23408.4,
        "Total Cost": 114811.4,
        "Plan Rows": 1016,
        "Plan Width": 78,
        "Actual Startup Time": 620.628,
        "Actual Total Time": 2369.042,
        "Actual Rows": 1016,
        "Actual Loops": 1,
        "Output": [
          "mi.info",
          "mi_idx.info",
          "n.name",
          "t.title"
        ],
        "Inner Unique": false,
        "Hash Cond": "(((c.name_pcode_nf)::text = (n.name_pcode_nf)::text) AND ((c.surname_pcode)::text = (n.surname_pcode)::text))",
        "Plans": [
          {
            "Node Type": "Seq Scan",
            "Parent Relationship": "Outer",
            "Parallel Aware": false,
            "Async Capable": false,
            "Relation Name": "char_name",
            "Schema": "public",
            "Alias": "c",
            "Startup Cost": 0.0,
            "Total Cost": 67850.39,
            "Plan Rows": 3140339,
            "Plan Width": 9,
            "Actual Startup Time": 0.087,
            "Actual Total Time": 512.39,
            "Actual Rows": 3140339,
            "Actual Loops": 1,
            "Output": [
              "c.id",
              "c.name",
              "c.imdb_index",
              "c.imdb_id",
              "c.name_pcode_nf",
              "c.surname_pcode",
              "c.md5sum"
            ]
          },
          {
            "Node Type": "Hash",
            "Parent Relationship": "Inner",
            "Parallel Aware": false,
            "Async Capable": false,
            "Startup Cost": 23407.98,
            "Total Cost": 23407.98,
            "Plan Rows": 28,
            "Plan Width": 87,
            "Actual Startup Time": 607.016,
            "Actual Total Time": 607.034,
            "Actual Rows": 28,
            "Actual Loops": 1,
            "Output": [
              "mi.info",
              "mi_idx.info",
              "n.name",
              "n.name_pcode_nf",
              "n.surname_pcode",
              "t.title"
            ],
            "Hash Buckets": 1024,
            "Original Hash Buckets": 1024,
            "Hash Batches": 1,
            "Original Hash Batches": 1,
            "Peak Memory Usage": 11,
            "Plans": [
              {
                "Node Type": "Nested Loop",
                "Parent Relationship": "Outer",
                "Parallel Aware": false,
                "Async Capable": false,
                "Join Type": "Inner",
                "Startup Cost": 3126.87,
                "Total Cost": 23407.98,
                "Plan Rows": 28,
                "Plan Width": 87,
                "Actual Startup Time": 357.287,
                "Actual Total Time": 606.944,
                "Actual Rows": 28,
                "Actual Loops": 1,
                "Output": [
                  "mi.info",
                  "mi_idx.info",
                  "n.name",
                  "n.name_pcode_nf",
                  "n.surname_pcode",
                  "t.title"
                ],
                "Inner Unique": true,
                "Plans": [
                  {
                    "Node Type": "Nested Loop",
                    "Parent Relationship": "Outer",
                    "Parallel Aware": false,
                    "Async Capable": false,
                    "Join Type": "Inner",
                    "Startup Cost": 3126.44,
                    "Total Cost": 23389.22,
                    "Plan Rows": 28,
                    "Plan Width": 67,
                    "Actual Startup Time": 357.157,
                    "Actual Total Time": 606.405,
                    "Actual Rows": 28,
                    "Actual Loops": 1,
                    "Output": [
                      "ci.person_id",
                      "mi.info",
                      "mi_idx.info",
                      "t.title"
                    ],
                    "Inner Unique": false,
                    "Join Filter": "(ci.movie_id = t.id)",
                    "Rows Removed by Join Filter": 0,
                    "Plans": [
                      {
                        "Node Type": "Nested Loop",
                        "Parent Relationship": "Outer",
                        "Parallel Aware": false,
                        "Async Capable": false,
                        "Join Type": "Inner",
                        "Startup Cost": 3126.0,
                        "Total Cost": 23369.89,
                        "Plan Rows": 12,
                        "Plan Width": 83,
                        "Actual Startup Time": 356.184,
                        "Actual Total Time": 601.689,
                        "Actual Rows": 12,
                        "Actual Loops": 1,
                        "Output": [
                          "cc.movie_id",
                          "mi.info",
                          "mi.movie_id",
                          "mi_idx.info",
                          "mi_idx.movie_id",
                          "mk.movie_id",
                          "t.title",
                          "t.id"
                        ],
                        "Inner Unique": true,
                        "Plans": [
                          {
                            "Node Type": "Nested Loop",
                            "Parent Relationship": "Outer",
                            "Parallel Aware": false,
                            "Async Capable": false,
                            "Join Type": "Inner",
                            "Startup Cost": 3125.86,
                            "Total Cost": 23367.92,
                            "Plan Rows": 12,
                            "Plan Width": 87,
                            "Actual Startup Time": 356.109,
                            "Actual Total Time": 601.508,
                            "Actual Rows": 12,
                            "Actual Loops": 1,
                            "Output": [
                              "cc.movie_id",
                              "mi.info",
                              "mi.movie_id",
                              "mi.info_type_id",
                              "mi_idx.info",
                              "mi_idx.movie_id",
                              "mk.movie_id",
                              "t.title",
                              "t.id"
                            ],
                            "Inner Unique": false,
                            "Join Filter": "(mi.movie_id = t.id)",
                            "Rows Removed by Join Filter": 0,
                            "Plans": [
                              {
                                "Node Type": "Hash Join",
                                "Parent Relationship": "Outer",
                                "Parallel Aware": false,
                                "Async Capable": false,
                                "Join Type": "Inner",
                                "Startup Cost": 3125.43,
                                "Total Cost": 23356.5,
                                "Plan Rows": 8,
                                "Plan Width": 38,
                                "Actual Startup Time": 355.417,
                                "Actual Total Time": 598.557,
                                "Actual Rows": 8,
                                "Actual Loops": 1,
                                "Output": [
                                  "cc.movie_id",
                                  "mi_idx.info",
                                  "mi_idx.movie_id",
                                  "mk.movie_id",
                                  "t.title",
                                  "t.id"
                                ],
                                "Inner Unique": true,
                                "Hash Cond": "(mi_idx.info_type_id = it2.id)",
                                "Plans": [
                                  {
                                    "Node Type": "Nested Loop",
                                    "Parent Relationship": "Outer",
                                    "Parallel Aware": false,
                                    "Async Capable": false,
                                    "Join Type": "Inner",
                                    "Startup Cost": 3123.0,
                                    "Total Cost": 23354.01,
                                    "Plan Rows": 24,
                                    "Plan Width": 42,
                                    "Actual Startup Time": 231.203,
                                    "Actual Total Time": 474.32,
                                    "Actual Rows": 24,
                                    "Actual Loops": 1,
                                    "Output": [
                                      "cc.movie_id",
                                      "mi_idx.info",
                                      "mi_idx.movie_id",
                                      "mi_idx.info_type_id",
                                      "mk.movie_id",
                                      "t.title",
                                      "t.id"
                                    ],
                                    "Inner Unique": false,
                                    "Join Filter": "(mi_idx.movie_id = t.id)",
                                    "Rows Removed by Join Filter": 0,
                                    "Plans": [
                                      {
                                        "Node Type": "Hash Join",
                                        "Parent Relationship": "Outer",
                                        "Parallel Aware": false,
                                        "Async Capable": false,
                                        "Join Type": "Inner",
                                        "Startup Cost": 3122.57,
                                        "Total Cost": 23349.8,
                                        "Plan Rows": 8,
                                        "Plan Width": 29,
                                        "Actual Startup Time": 231.107,
                                        "Actual Total Time": 474.049,
                                        "Actual Rows": 8,
                                        "Actual Loops": 1,
                                        "Output": [
                                          "cc.movie_id",
                                          "mk.movie_id",
                                          "t.title",
                                          "t.id"
                                        ],
                                        "Inner Unique": true,
                                        "Hash Cond": "(cc.subject_id = cct1.id)",
                                        "Plans": [
                                          {
                                            "Node Type": "Nested Loop",
                                            "Parent Relationship": "Outer",
                                            "Parallel Aware": false,
                                            "Async Capable": false,
                                            "Join Type": "Inner",
                                            "Startup Cost": 3121.5,
                                            "Total Cost": 23348.68,
                                            "Plan Rows": 8,
                                            "Plan Width": 33,
                                            "Actual Startup Time": 231.004,
                                            "Actual Total Time": 473.927,
                                            "Actual Rows": 8,
                                            "Actual Loops": 1,
                                            "Output": [
                                              "cc.movie_id",
                                              "cc.subject_id",
                                              "mk.movie_id",
                                              "t.title",
                                              "t.id"
                                            ],
                                            "Inner Unique": true,
                                            "Plans": [
                                              {
                                                "Node Type": "Hash Join",
                                                "Parent Relationship": "Outer",
                                                "Parallel Aware": false,
                                                "Async Capable": false,
                                                "Join Type": "Inner",
                                                "Startup Cost": 3121.07,
                                                "Total Cost": 15254.83,
                                                "Plan Rows": 16336,
                                                "Plan Width": 12,
                                                "Actual Startup Time": 69.427,
                                                "Actual Total Time": 320.106,
                                                "Actual Rows": 16336,
                                                "Actual Loops": 1,
                                                "Output": [
                                                  "cc.movie_id",
                                                  "cc.subject_id",
                                                  "mk.movie_id"
                                                ],
                                                "Inner Unique": false,
                                                "Hash Cond": "(mk.movie_id = cc.movie_id)",
                                                "Plans": [
                                                  {
                                                    "Node Type": "Nested Loop",
                                                    "Parent Relationship": "Outer",
                                                    "Parallel Aware": false,
                                                    "Async Capable": false,
                                                    "Join Type": "Inner",
                                                    "Startup Cost": 0.43,
                                                    "Total Cost": 11660.23,
                                                    "Plan Rows": 76714,
                                                    "Plan Width": 4,
                                                    "Actual Startup Time": 2.034,
                                                    "Actual Total Time": 213.543,
                                                    "Actual Rows": 76714,
                                                    "Actual Loops": 1,
                                                    "Output": [
                                                      "mk.movie_id"
                                                    ],
                                                    "Inner Unique": false,
                                                    "Plans": [
                                                      {
                                                        "Node Type": "Seq Scan",
                                                        "Parent Relationship": "Outer",
                                                        "Parallel Aware": false,
                                                        "Async Capable": false,
                                                        "Relation Name": "keyword",
                                                        "Schema": "public",
                                                        "Alias": "k",
                                                        "Startup Cost": 0.0,
                                                        "Total Cost": 3464.69,
                                                        "Plan Rows": 7,
                                                        "Plan Width": 4,
                                                        "Actual Startup Time": 1.853,
                                                        "Actual Total Time": 60.72,
                                                        "Actual Rows": 7,
                                                        "Actual Loops": 1,
                                                        "Output": [
                                                          "k.id",
                                                          "k.keyword",
                                                          "k.phonetic_code"
                                                        ],
                                                        "Filter": "((k.keyword)::text = ANY ('{murder,violence,blood,gore,death,female-nudity,hospital}'::text[]))",
                                                        "Rows Removed by Filter": 134163
                                                      },
                                                      {
                                                        "Node Type": "Index Scan",
                                                        "Parent Relationship": "Inner",
                                                        "Parallel Aware": false,
                                                        "Async Capable": false,
                                                        "Scan Direction": "Forward",
                                                        "Index Name": "idx_movie_keyword_keyword_id",
                                                        "Relation Name": "movie_keyword",
                                                        "Schema": "public",
                                                        "Alias": "mk",
                                                        "Startup Cost": 0.43,
                                                        "Total Cost": 1167.77,
                                                        "Plan Rows": 302,
                                                        "Plan Width": 8,
                                                        "Actual Startup Time": 0.041,
                                                        "Actual Total Time": 18.936,
                                                        "Actual Rows": 10959,
                                                        "Actual Loops": 7,
                                                        "Output": [
                                                          "mk.id",
                                                          "mk.movie_id",
                                                          "mk.keyword_id"
                                                        ],
                                                        "Index Cond": "(mk.keyword_id = k.id)",
                                                        "Rows Removed by Index Recheck": 0
                                                      }
                                                    ]
                                                  },
                                                  {
                                                    "Node Type": "Hash",
                                                    "Parent Relationship": "Inner",
                                                    "Parallel Aware": false,
                                                    "Async Capable": false,
                                                    "Startup Cost": 2813.24,
                                                    "Total Cost": 2813.24,
                                                    "Plan Rows": 24592,
                                                    "Plan Width": 8,
                                                    "Actual Startup Time": 67.037,
                                                    "Actual Total Time": 67.042,
                                                    "Actual Rows": 24592,
                                                    "Actual Loops": 1,
                                                    "Output": [
                                                      "cc.movie_id",
                                                      "cc.subject_id"
                                                    ],
                                                    "Hash Buckets": 32768,
                                                    "Original Hash Buckets": 32768,
                                                    "Hash Batches": 1,
                                                    "Original Hash Batches": 1,
                                                    "Peak Memory Usage": 1217,
                                                    "Plans": [
                                                      {
                                                        "Node Type": "Hash Join",
                                                        "Parent Relationship": "Outer",
                                                        "Parallel Aware": false,
                                                        "Async Capable": false,
                                                        "Join Type": "Inner",
                                                        "Startup Cost": 1.06,
                                                        "Total Cost": 2813.24,
                                                        "Plan Rows": 24592,
                                                        "Plan Width": 8,
                                                        "Actual Startup Time": 0.108,
                                                        "Actual Total Time": 57.881,
                                                        "Actual Rows": 24592,
                                                        "Actual Loops": 1,
                                                        "Output": [
                                                          "cc.movie_id",
                                                          "cc.subject_id"
                                                        ],
                                                        "Inner Unique": true,
                                                        "Hash Cond": "(cc.status_id = cct2.id)",
                                                        "Plans": [
                                                          {
                                                            "Node Type": "Seq Scan",
                                                            "Parent Relationship": "Outer",
                                                            "Parallel Aware": false,
                                                            "Async Capable": false,
                                                            "Relation Name": "complete_cast",
                                                            "Schema": "public",
                                                            "Alias": "cc",
                                                            "Startup Cost": 0.0,
                                                            "Total Cost": 2081.86,
                                                            "Plan Rows": 135086,
                                                            "Plan Width": 12,
                                                            "Actual Startup Time": 0.029,
                                                            "Actual Total Time": 23.877,
                                                            "Actual Rows": 135086,
                                                            "Actual Loops": 1,
                                                            "Output": [
                                                              "cc.id",
                                                              "cc.movie_id",
                                                              "cc.subject_id",
                                                              "cc.status_id"
                                                            ]
                                                          },
                                                          {
                                                            "Node Type": "Hash",
                                                            "Parent Relationship": "Inner",
                                                            "Parallel Aware": false,
                                                            "Async Capable": false,
                                                            "Startup Cost": 1.05,
                                                            "Total Cost": 1.05,
                                                            "Plan Rows": 1,
                                                            "Plan Width": 4,
                                                            "Actual Startup Time": 0.053,
                                                            "Actual Total Time": 0.055,
                                                            "Actual Rows": 1,
                                                            "Actual Loops": 1,
                                                            "Output": [
                                                              "cct2.id"
                                                            ],
                                                            "Hash Buckets": 1024,
                                                            "Original Hash Buckets": 1024,
                                                            "Hash Batches": 1,
                                                            "Original Hash Batches": 1,
                                                            "Peak Memory Usage": 9,
                                                            "Plans": [
                                                              {
                                                                "Node Type": "Seq Scan",
                                                                "Parent Relationship": "Outer",
                                                                "Parallel Aware": false,
                                                                "Async Capable": false,
                                                                "Relation Name": "comp_cast_type",
                                                                "Schema": "public",
                                                                "Alias": "cct2",
                                                                "Startup Cost": 0.0,
                                                                "Total Cost": 1.05,
                                                                "Plan Rows": 1,
                                                                "Plan Width": 4,
                                                                "Actual Startup Time": 0.043,
                                                                "Actual Total Time": 0.044,
                                                                "Actual Rows": 1,
                                                                "Actual Loops": 1,
                                                                "Output": [
                                                                  "cct2.id"
                                                                ],
                                                                "Filter": "((cct2.kind)::text = 'complete+verified'::text)",
                                                                "Rows Removed by Filter": 3
                                                              }
                                                            ]
                                                          }
                                                        ]
                                                      }
                                                    ]
                                                  }
                                                ]
                                              },
                                              {
                                                "Node Type": "Index Scan",
                                                "Parent Relationship": "Inner",
                                                "Parallel Aware": false,
                                                "Async Capable": false,
                                                "Scan Direction": "Forward",
                                                "Index Name": "idx_title_id",
                                                "Relation Name": "title",
                                                "Schema": "public",
                                                "Alias": "t",
                                                "Startup Cost": 0.43,
                                                "Total Cost": 0.5,
                                                "Plan Rows": 1,
                                                "Plan Width": 21,
                                                "Actual Startup Time": 0.008,
                                                "Actual Total Time": 0.008,
                                                "Actual Rows": 0,
                                                "Actual Loops": 16336,
                                                "Output": [
                                                  "t.id",
                                                  "t.title",
                                                  "t.imdb_index",
                                                  "t.kind_id",
                                                  "t.production_year",
                                                  "t.imdb_id",
                                                  "t.phonetic_code",
                                                  "t.episode_of_id",
                                                  "t.season_nr",
                                                  "t.episode_nr",
                                                  "t.series_years",
                                                  "t.md5sum"
                                                ],
                                                "Index Cond": "(t.id = mk.movie_id)",
                                                "Rows Removed by Index Recheck": 0,
                                                "Filter": "((t.production_year > 2000) AND (((t.title)::text ~~ '%Freddy%'::text) OR ((t.title)::text ~~ '%Jason%'::text) OR ((t.title)::text ~~ 'Saw%'::text)))",
                                                "Rows Removed by Filter": 1
                                              }
                                            ]
                                          },
                                          {
                                            "Node Type": "Hash",
                                            "Parent Relationship": "Inner",
                                            "Parallel Aware": false,
                                            "Async Capable": false,
                                            "Startup Cost": 1.05,
                                            "Total Cost": 1.05,
                                            "Plan Rows": 2,
                                            "Plan Width": 4,
                                            "Actual Startup Time": 0.064,
                                            "Actual Total Time": 0.065,
                                            "Actual Rows": 2,
                                            "Actual Loops": 1,
                                            "Output": [
                                              "cct1.id"
                                            ],
                                            "Hash Buckets": 1024,
                                            "Original Hash Buckets": 1024,
                                            "Hash Batches": 1,
                                            "Original Hash Batches": 1,
                                            "Peak Memory Usage": 9,
                                            "Plans": [
                                              {
                                                "Node Type": "Seq Scan",
                                                "Parent Relationship": "Outer",
                                                "Parallel Aware": false,
                                                "Async Capable": false,
                                                "Relation Name": "comp_cast_type",
                                                "Schema": "public",
                                                "Alias": "cct1",
                                                "Startup Cost": 0.0,
                                                "Total Cost": 1.05,
                                                "Plan Rows": 2,
                                                "Plan Width": 4,
                                                "Actual Startup Time": 0.053,
                                                "Actual Total Time": 0.056,
                                                "Actual Rows": 2,
                                                "Actual Loops": 1,
                                                "Output": [
                                                  "cct1.id"
                                                ],
                                                "Filter": "((cct1.kind)::text = ANY ('{cast,crew}'::text[]))",
                                                "Rows Removed by Filter": 2
                                              }
                                            ]
                                          }
                                        ]
                                      },
                                      {
                                        "Node Type": "Index Scan",
                                        "Parent Relationship": "Inner",
                                        "Parallel Aware": false,
                                        "Async Capable": false,
                                        "Scan Direction": "Forward",
                                        "Index Name": "idx_movie_info_idx_movie_id",
                                        "Relation Name": "movie_info_idx",
                                        "Schema": "public",
                                        "Alias": "mi_idx",
                                        "Startup Cost": 0.43,
                                        "Total Cost": 0.49,
                                        "Plan Rows": 3,
                                        "Plan Width": 13,
                                        "Actual Startup Time": 0.023,
                                        "Actual Total Time": 0.025,
                                        "Actual Rows": 3,
                                        "Actual Loops": 8,
                                        "Output": [
                                          "mi_idx.id",
                                          "mi_idx.movie_id",
                                          "mi_idx.info_type_id",
                                          "mi_idx.info",
                                          "mi_idx.note"
                                        ],
                                        "Index Cond": "(mi_idx.movie_id = mk.movie_id)",
                                        "Rows Removed by Index Recheck": 0
                                      }
                                    ]
                                  },
                                  {
                                    "Node Type": "Hash",
                                    "Parent Relationship": "Inner",
                                    "Parallel Aware": false,
                                    "Async Capable": false,
                                    "Startup Cost": 2.41,
                                    "Total Cost": 2.41,
                                    "Plan Rows": 1,
                                    "Plan Width": 4,
                                    "Actual Startup Time": 124.142,
                                    "Actual Total Time": 124.143,
                                    "Actual Rows": 1,
                                    "Actual Loops": 1,
                                    "Output": [
                                      "it2.id"
                                    ],
                                    "Hash Buckets": 1024,
                                    "Original Hash Buckets": 1024,
                                    "Hash Batches": 1,
                                    "Original Hash Batches": 1,
                                    "Peak Memory Usage": 9,
                                    "Plans": [
                                      {
                                        "Node Type": "Seq Scan",
                                        "Parent Relationship": "Outer",
                                        "Parallel Aware": false,
                                        "Async Capable": false,
                                        "Relation Name": "info_type",
                                        "Schema": "public",
                                        "Alias": "it2",
                                        "Startup Cost": 0.0,
                                        "Total Cost": 2.41,
                                        "Plan Rows": 1,
                                        "Plan Width": 4,
                                        "Actual Startup Time": 124.106,
                                        "Actual Total Time": 124.113,
                                        "Actual Rows": 1,
                                        "Actual Loops": 1,
                                        "Output": [
                                          "it2.id"
                                        ],
                                        "Filter": "((it2.info)::text = 'votes'::text)",
                                        "Rows Removed by Filter": 112
                                      }
                                    ]
                                  }
                                ]
                              },
                              {
                                "Node Type": "Index Scan",
                                "Parent Relationship": "Inner",
                                "Parallel Aware": false,
                                "Async Capable": false,
                                "Scan Direction": "Forward",
                                "Index Name": "idx_movie_info_movie_id",
                                "Relation Name": "movie_info",
                                "Schema": "public",
                                "Alias": "mi",
                                "Startup Cost": 0.43,
                                "Total Cost": 1.41,
                                "Plan Rows": 1,
                                "Plan Width": 49,
                                "Actual Startup Time": 0.359,
                                "Actual Total Time": 0.362,
                                "Actual Rows": 2,
                                "Actual Loops": 8,
                                "Output": [
                                  "mi.id",
                                  "mi.movie_id",
                                  "mi.info_type_id",
                                  "mi.info",
                                  "mi.note"
                                ],
                                "Index Cond": "(mi.movie_id = mk.movie_id)",
                                "Rows Removed by Index Recheck": 0,
                                "Filter": "((mi.info)::text = ANY ('{Horror,Thriller}'::text[]))",
                                "Rows Removed by Filter": 452
                              }
                            ]
                          },
                          {
                            "Node Type": "Index Scan",
                            "Parent Relationship": "Inner",
                            "Parallel Aware": false,
                            "Async Capable": false,
                            "Scan Direction": "Forward",
                            "Index Name": "info_type_pkey",
                            "Relation Name": "info_type",
                            "Schema": "public",
                            "Alias": "it1",
                            "Startup Cost": 0.14,
                            "Total Cost": 0.16,
                            "Plan Rows": 1,
                            "Plan Width": 4,
                            "Actual Startup Time": 0.01,
                            "Actual Total Time": 0.01,
                            "Actual Rows": 1,
                            "Actual Loops": 12,
                            "Output": [
                              "it1.id",
                              "it1.info"
                            ],
                            "Index Cond": "(it1.id = mi.info_type_id)",
                            "Rows Removed by Index Recheck": 0,
                            "Filter": "((it1.info)::text = 'genres'::text)",
                            "Rows Removed by Filter": 0
                          }
                        ]
                      },
                      {
                        "Node Type": "Index Scan",
                        "Parent Relationship": "Inner",
                        "Parallel Aware": false,
                        "Async Capable": false,
                        "Scan Direction": "Forward",
                        "Index Name": "idx_cast_info_movie_id",
                        "Relation Name": "cast_info",
                        "Schema": "public",
                        "Alias": "ci",
                        "Startup Cost": 0.44,
                        "Total Cost": 1.6,
                        "Plan Rows": 1,
                        "Plan Width": 8,
                        "Actual Startup Time": 0.182,
                        "Actual Total Time": 0.387,
                        "Actual Rows": 2,
                        "Actual Loops": 12,
                        "Output": [
                          "ci.id",
                          "ci.person_id",
                          "ci.movie_id",
                          "ci.person_role_id",
                          "ci.note",
                          "ci.nr_order",
                          "ci.role_id"
                        ],
                        "Index Cond": "(ci.movie_id = mk.movie_id)",
                        "Rows Removed by Index Recheck": 0,
                        "Filter": "((ci.note)::text = ANY ('{(writer),\"(head writer)\",\"(written by)\",(story),\"(story editor)\"}'::text[]))",
                        "Rows Removed by Filter": 107
                      }
                    ]
                  },
                  {
                    "Node Type": "Index Scan",
                    "Parent Relationship": "Inner",
                    "Parallel Aware": false,
                    "Async Capable": false,
                    "Scan Direction": "Forward",
                    "Index Name": "idx_name_id",
                    "Relation Name": "name",
                    "Schema": "public",
                    "Alias": "n",
                    "Startup Cost": 0.43,
                    "Total Cost": 0.67,
                    "Plan Rows": 1,
                    "Plan Width": 28,
                    "Actual Startup Time": 0.016,
                    "Actual Total Time": 0.016,
                    "Actual Rows": 1,
                    "Actual Loops": 28,
                    "Output": [
                      "n.id",
                      "n.name",
                      "n.imdb_index",
                      "n.imdb_id",
                      "n.gender",
                      "n.name_pcode_cf",
                      "n.name_pcode_nf",
                      "n.surname_pcode",
                      "n.md5sum"
                    ],
                    "Index Cond": "(n.id = ci.person_id)",
                    "Rows Removed by Index Recheck": 0,
                    "Filter": "((n.gender)::text = 'm'::text)",
                    "Rows Removed by Filter": 0
                  }
                ]
              }
            ]
          }
        ]
      }
    ]
  },
  "Planning Time": 1330.06,
  "Triggers": [],
  "JIT": {
    "Functions": 101,
    "Options": {
      "Inlining": false,
      "Optimization": false,
      "Expressions": true,
      "Deforming": true
    },
    "Timing": {
      "Generation": 12.469,
      "Inlining": 0.0,
      "Optimization": 3.879,
      "Emission": 120.597,
      "Total": 136.945
    }
  },
  "Execution Time": 2426.588
}