{
  "Plan": {
    "Node Type": "Aggregate",
    "Strategy": "Plain",
    "Partial Mode": "Simple",
    "Parallel Aware": false,
    "Async Capable": false,
    "Startup Cost": 32230.41,
    "Total Cost": 32230.42,
    "Plan Rows": 1,
    "Plan Width": 96,
    "Actual Startup Time": 487.946,
    "Actual Total Time": 487.952,
    "Actual Rows": 1,
    "Actual Loops": 1,
    "Output": [
      "min((cn.name)::text)",
      "min((mi_idx.info)::text)",
      "min((t.title)::text)"
    ],
    "Plans": [
      {
        "Node Type": "Nested Loop",
        "Parent Relationship": "Outer",
        "Parallel Aware": false,
        "Async Capable": false,
        "Join Type": "Inner",
        "Startup Cost": 3.0,
        "Total Cost": 32209.03,
        "Plan Rows": 2851,
        "Plan Width": 41,
        "Actual Startup Time": 3.632,
        "Actual Total Time": 485.922,
        "Actual Rows": 2851,
        "Actual Loops": 1,
        "Output": [
          "cn.name",
          "mi_idx.info",
          "t.title"
        ],
        "Inner Unique": true,
        "Join Filter": "(ct.id = mc.company_type_id)",
        "Rows Removed by Join Filter": 0,
        "Plans": [
          {
            "Node Type": "Nested Loop",
            "Parent Relationship": "Outer",
            "Parallel Aware": false,
            "Async Capable": false,
            "Join Type": "Inner",
            "Startup Cost": 3.0,
            "Total Cost": 32062.59,
            "Plan Rows": 2851,
            "Plan Width": 45,
            "Actual Startup Time": 3.612,
            "Actual Total Time": 484.494,
            "Actual Rows": 2851,
            "Actual Loops": 1,
            "Output": [
              "cn.name",
              "mc.company_type_id",
              "mi_idx.info",
              "t.title"
            ],
            "Inner Unique": true,
            "Plans": [
              {
                "Node Type": "Nested Loop",
                "Parent Relationship": "Outer",
                "Parallel Aware": false,
                "Async Capable": false,
                "Join Type": "Inner",
                "Startup Cost": 2.58,
                "Total Cost": 30311.33,
                "Plan Rows": 3223,
                "Plan Width": 30,
                "Actual Startup Time": 3.583,
                "Actual Total Time": 470.309,
                "Actual Rows": 3223,
                "Actual Loops": 1,
                "Output": [
                  "mc.company_type_id",
                  "mc.company_id",
                  "mi_idx.info",
                  "t.title"
                ],
                "Inner Unique": false,
                "Join Filter": "(mc.movie_id = t.id)",
                "Rows Removed by Join Filter": 0,
                "Plans": [
                  {
                    "Node Type": "Nested Loop",
                    "Parent Relationship": "Outer",
                    "Parallel Aware": false,
                    "Async Capable": false,
                    "Join Type": "Inner",
                    "Startup Cost": 2.15,
                    "Total Cost": 29443.06,
                    "Plan Rows": 1507,
                    "Plan Width": 38,
                    "Actual Startup Time": 3.534,
                    "Actual Total Time": 436.873,
                    "Actual Rows": 1507,
                    "Actual Loops": 1,
                    "Output": [
                      "mi.movie_id",
                      "mi_idx.info",
                      "mi_idx.movie_id",
                      "mk.movie_id",
                      "t.title",
                      "t.id"
                    ],
                    "Inner Unique": false,
                    "Join Filter": "(it1.id = mi.info_type_id)",
                    "Rows Removed by Join Filter": 152,
                    "Plans": [
                      {
                        "Node Type": "Seq Scan",
                        "Parent Relationship": "Outer",
                        "Parallel Aware": false,
                        "Async Capable": false,
                        "Relation Name": "info_type",
                        "Schema": "public",
                        "Alias": "it1",
                        "Startup Cost": 0.0,
                        "Total Cost": 2.41,
                        "Plan Rows": 1,
                        "Plan Width": 4,
                        "Actual Startup Time": 0.022,
                        "Actual Total Time": 0.035,
                        "Actual Rows": 1,
                        "Actual Loops": 1,
                        "Output": [
                          "it1.id",
                          "it1.info"
                        ],
                        "Filter": "((it1.info)::text = 'countries'::text)",
                        "Rows Removed by Filter": 112
                      },
                      {
                        "Node Type": "Nested Loop",
                        "Parent Relationship": "Inner",
                        "Parallel Aware": false,
                        "Async Capable": false,
                        "Join Type": "Inner",
                        "Startup Cost": 2.15,
                        "Total Cost": 29419.91,
                        "Plan Rows": 1659,
                        "Plan Width": 42,
                        "Actual Startup Time": 3.509,
                        "Actual Total Time": 436.267,
                        "Actual Rows": 1659,
                        "Actual Loops": 1,
                        "Output": [
                          "mi_idx.info",
                          "mi_idx.movie_id",
                          "mi.movie_id",
                          "mi.info_type_id",
                          "mk.movie_id",
                          "t.title",
                          "t.id"
                        ],
                        "Inner Unique": false,
                        "Join Filter": "(mi.movie_id = t.id)",
                        "Rows Removed by Join Filter": 0,
                        "Plans": [
                          {
                            "Node Type": "Nested Loop",
                            "Parent Relationship": "Outer",
                            "Parallel Aware": false,
                            "Async Capable": false,
                            "Join Type": "Inner",
                            "Startup Cost": 1.71,
                            "Total Cost": 25753.2,
                            "Plan Rows": 2378,
                            "Plan Width": 34,
                            "Actual Startup Time": 1.331,
                            "Actual Total Time": 283.601,
                            "Actual Rows": 2378,
                            "Actual Loops": 1,
                            "Output": [
                              "mi_idx.info",
                              "mi_idx.movie_id",
                              "mk.movie_id",
                              "t.title",
                              "t.id"
                            ],
                            "Inner Unique": false,
                            "Join Filter": "(it2.id = mi_idx.info_type_id)",
                            "Rows Removed by Join Filter": 6321,
                            "Plans": [
                              {
                                "Node Type": "Seq Scan",
                                "Parent Relationship": "Outer",
                                "Parallel Aware": false,
                                "Async Capable": false,
                                "Relation Name": "info_type",
                                "Schema": "public",
                                "Alias": "it2",
                                "Startup Cost": 0.0,
                                "Total Cost": 2.41,
                                "Plan Rows": 1,
                                "Plan Width": 4,
                                "Actual Startup Time": 0.015,
                                "Actual Total Time": 0.02,
                                "Actual Rows": 1,
                                "Actual Loops": 1,
                                "Output": [
                                  "it2.id",
                                  "it2.info"
                                ],
                                "Filter": "((it2.info)::text = 'rating'::text)",
                                "Rows Removed by Filter": 112
                              },
                              {
                                "Node Type": "Nested Loop",
                                "Parent Relationship": "Inner",
                                "Parallel Aware": false,
                                "Async Capable": false,
                                "Join Type": "Inner",
                                "Startup Cost": 1.71,
                                "Total Cost": 25642.05,
                                "Plan Rows": 8699,
                                "Plan Width": 38,
                                "Actual Startup Time": 0.362,
                                "Actual Total Time": 281.887,
                                "Actual Rows": 8699,
                                "Actual Loops": 1,
                                "Output": [
                                  "mk.movie_id",
                                  "mi_idx.info",
                                  "mi_idx.movie_id",
                                  "mi_idx.info_type_id",
                                  "t.title",
                                  "t.id"
                                ],
                                "Inner Unique": false,
                                "Join Filter": "(mi_idx.movie_id = t.id)",
                                "Rows Removed by Join Filter": 0,
                                "Plans": [
                                  {
                                    "Node Type": "Nested Loop",
                                    "Parent Relationship": "Outer",
                                    "Parallel Aware": false,
                                    "Async Capable": false,
                                    "Join Type": "Inner",
                                    "Startup Cost": 1.28,
                                    "Total Cost": 23059.53,
                                    "Plan Rows": 4832,
                                    "Plan Width": 25,
                                    "Actual Startup Time": 0.326,
                                    "Actual Total Time": 247.393,
                                    "Actual Rows": 4832,
                                    "Actual Loops": 1,
                                    "Output": [
                                      "mk.movie_id",
                                      "t.title",
                                      "t.id"
                                    ],
                                    "Inner Unique": true,
                                    "Join Filter": "(kt.id = t.kind_id)",
                                    "Rows Removed by Join Filter": 2286,
                                    "Plans": [
                                      {
                                        "Node Type": "Nested Loop",
                                        "Parent Relationship": "Outer",
                                        "Parallel Aware": false,
                                        "Async Capable": false,
                                        "Join Type": "Inner",
                                        "Startup Cost": 1.28,
                                        "Total Cost": 22898.27,
                                        "Plan Rows": 5606,
                                        "Plan Width": 29,
                                        "Actual Startup Time": 0.302,
                                        "Actual Total Time": 243.471,
                                        "Actual Rows": 5606,
                                        "Actual Loops": 1,
                                        "Output": [
                                          "mk.movie_id",
                                          "t.title",
                                          "t.kind_id",
                                          "t.id"
                                        ],
                                        "Inner Unique": true,
                                        "Plans": [
                                          {
                                            "Node Type": "Nested Loop",
                                            "Parent Relationship": "Outer",
                                            "Parallel Aware": false,
                                            "Async Capable": false,
                                            "Join Type": "Inner",
                                            "Startup Cost": 0.85,
                                            "Total Cost": 4799.31,
                                            "Plan Rows": 37091,
                                            "Plan Width": 4,
                                            "Actual Startup Time": 0.13,
                                            "Actual Total Time": 63.705,
                                            "Actual Rows": 37091,
                                            "Actual Loops": 1,
                                            "Output": [
                                              "mk.movie_id"
                                            ],
                                            "Inner Unique": false,
                                            "Plans": [
                                              {
                                                "Node Type": "Index Scan",
                                                "Parent Relationship": "Outer",
                                                "Parallel Aware": false,
                                                "Async Capable": false,
                                                "Scan Direction": "Forward",
                                                "Index Name": "idx_keyword_keyword",
                                                "Relation Name": "keyword",
                                                "Schema": "public",
                                                "Alias": "k",
                                                "Startup Cost": 0.42,
                                                "Total Cost": 33.74,
                                                "Plan Rows": 4,
                                                "Plan Width": 4,
                                                "Actual Startup Time": 0.089,
                                                "Actual Total Time": 0.141,
                                                "Actual Rows": 3,
                                                "Actual Loops": 1,
                                                "Output": [
                                                  "k.id",
                                                  "k.keyword",
                                                  "k.phonetic_code"
                                                ],
                                                "Index Cond": "((k.keyword)::text = ANY ('{murder,murder-in-title,blood,violence}'::text[]))",
                                                "Rows Removed by Index Recheck": 0
                                              },
                                              {
                                                "Node Type": "Index Scan",
                                                "Parent Relationship": "Inner",
                                                "Parallel Aware": false,
                                                "Async Capable": false,
                                                "Scan Direction": "Forward",
                                                "Index Name": "idx_movie_keyword_keyword_id",
                                                "Relation Name": "movie_keyword",
                                                "Schema": "public",
                                                "Alias": "mk",
                                                "Startup Cost": 0.43,
                                                "Total Cost": 1188.37,
                                                "Plan Rows": 302,
                                                "Plan Width": 8,
                                                "Actual Startup Time": 0.023,
                                                "Actual Total Time": 18.98,
                                                "Actual Rows": 12364,
                                                "Actual Loops": 3,
                                                "Output": [
                                                  "mk.id",
                                                  "mk.movie_id",
                                                  "mk.keyword_id"
                                                ],
                                                "Index Cond": "(mk.keyword_id = k.id)",
                                                "Rows Removed by Index Recheck": 0
                                              }
                                            ]
                                          },
                                          {
                                            "Node Type": "Index Scan",
                                            "Parent Relationship": "Inner",
                                            "Parallel Aware": false,
                                            "Async Capable": false,
                                            "Scan Direction": "Forward",
                                            "Index Name": "idx_title_id",
                                            "Relation Name": "title",
                                            "Schema": "public",
                                            "Alias": "t",
                                            "Startup Cost": 0.43,
                                            "Total Cost": 0.49,
                                            "Plan Rows": 1,
                                            "Plan Width": 25,
                                            "Actual Startup Time": 0.004,
                                            "Actual Total Time": 0.004,
                                            "Actual Rows": 0,
                                            "Actual Loops": 37091,
                                            "Output": [
                                              "t.id",
                                              "t.title",
                                              "t.imdb_index",
                                              "t.kind_id",
                                              "t.production_year",
                                              "t.imdb_id",
                                              "t.phonetic_code",
                                              "t.episode_of_id",
                                              "t.season_nr",
                                              "t.episode_nr",
                                              "t.series_years",
                                              "t.md5sum"
                                            ],
                                            "Index Cond": "(t.id = mk.movie_id)",
                                            "Rows Removed by Index Recheck": 0,
                                            "Filter": "(t.production_year > 2008)",
                                            "Rows Removed by Filter": 1
                                          }
                                        ]
                                      },
                                      {
                                        "Node Type": "Materialize",
                                        "Parent Relationship": "Inner",
                                        "Parallel Aware": false,
                                        "Async Capable": false,
                                        "Startup Cost": 0.0,
                                        "Total Cost": 1.1,
                                        "Plan Rows": 2,
                                        "Plan Width": 4,
                                        "Actual Startup Time": 0.0,
                                        "Actual Total Time": 0.0,
                                        "Actual Rows": 1,
                                        "Actual Loops": 5606,
                                        "Output": [
                                          "kt.id"
                                        ],
                                        "Plans": [
                                          {
                                            "Node Type": "Seq Scan",
                                            "Parent Relationship": "Outer",
                                            "Parallel Aware": false,
                                            "Async Capable": false,
                                            "Relation Name": "kind_type",
                                            "Schema": "public",
                                            "Alias": "kt",
                                            "Startup Cost": 0.0,
                                            "Total Cost": 1.09,
                                            "Plan Rows": 2,
                                            "Plan Width": 4,
                                            "Actual Startup Time": 0.012,
                                            "Actual Total Time": 0.015,
                                            "Actual Rows": 2,
                                            "Actual Loops": 1,
                                            "Output": [
                                              "kt.id"
                                            ],
                                            "Filter": "((kt.kind)::text = ANY ('{movie,episode}'::text[]))",
                                            "Rows Removed by Filter": 5
                                          }
                                        ]
                                      }
                                    ]
                                  },
                                  {
                                    "Node Type": "Index Scan",
                                    "Parent Relationship": "Inner",
                                    "Parallel Aware": false,
                                    "Async Capable": false,
                                    "Scan Direction": "Forward",
                                    "Index Name": "idx_movie_info_idx_movie_id",
                                    "Relation Name": "movie_info_idx",
                                    "Schema": "public",
                                    "Alias": "mi_idx",
                                    "Startup Cost": 0.43,
                                    "Total Cost": 0.5,
                                    "Plan Rows": 3,
                                    "Plan Width": 13,
                                    "Actual Startup Time": 0.005,
                                    "Actual Total Time": 0.006,
                                    "Actual Rows": 2,
                                    "Actual Loops": 4832,
                                    "Output": [
                                      "mi_idx.id",
                                      "mi_idx.movie_id",
                                      "mi_idx.info_type_id",
                                      "mi_idx.info",
                                      "mi_idx.note"
                                    ],
                                    "Index Cond": "(mi_idx.movie_id = mk.movie_id)",
                                    "Rows Removed by Index Recheck": 0,
                                    "Filter": "((mi_idx.info)::text < '7.0'::text)",
                                    "Rows Removed by Filter": 0
                                  }
                                ]
                              }
                            ]
                          },
                          {
                            "Node Type": "Index Scan",
                            "Parent Relationship": "Inner",
                            "Parallel Aware": false,
                            "Async Capable": false,
                            "Scan Direction": "Forward",
                            "Index Name": "idx_movie_info_movie_id",
                            "Relation Name": "movie_info",
                            "Schema": "public",
                            "Alias": "mi",
                            "Startup Cost": 0.43,
                            "Total Cost": 1.52,
                            "Plan Rows": 2,
                            "Plan Width": 8,
                            "Actual Startup Time": 0.057,
                            "Actual Total Time": 0.063,
                            "Actual Rows": 1,
                            "Actual Loops": 2378,
                            "Output": [
                              "mi.id",
                              "mi.movie_id",
                              "mi.info_type_id",
                              "mi.info",
                              "mi.note"
                            ],
                            "Index Cond": "(mi.movie_id = mk.movie_id)",
                            "Rows Removed by Index Recheck": 0,
                            "Filter": "((mi.info)::text = ANY ('{Germany,German,USA,American}'::text[]))",
                            "Rows Removed by Filter": 58
                          }
                        ]
                      }
                    ]
                  },
                  {
                    "Node Type": "Index Scan",
                    "Parent Relationship": "Inner",
                    "Parallel Aware": false,
                    "Async Capable": false,
                    "Scan Direction": "Forward",
                    "Index Name": "idx_movie_companies_movie_id",
                    "Relation Name": "movie_companies",
                    "Schema": "public",
                    "Alias": "mc",
                    "Startup Cost": 0.43,
                    "Total Cost": 0.56,
                    "Plan Rows": 1,
                    "Plan Width": 12,
                    "Actual Startup Time": 0.017,
                    "Actual Total Time": 0.021,
                    "Actual Rows": 2,
                    "Actual Loops": 1507,
                    "Output": [
                      "mc.id",
                      "mc.movie_id",
                      "mc.company_id",
                      "mc.company_type_id",
                      "mc.note"
                    ],
                    "Index Cond": "(mc.movie_id = mk.movie_id)",
                    "Rows Removed by Index Recheck": 0,
                    "Filter": "(((mc.note)::text !~~ '%(USA)%'::text) AND ((mc.note)::text ~~ '%(200%)%'::text))",
                    "Rows Removed by Filter": 13
                  }
                ]
              },
              {
                "Node Type": "Index Scan",
                "Parent Relationship": "Inner",
                "Parallel Aware": false,
                "Async Capable": false,
                "Scan Direction": "Forward",
                "Index Name": "idx_company_name_id",
                "Relation Name": "company_name",
                "Schema": "public",
                "Alias": "cn",
                "Startup Cost": 0.42,
                "Total Cost": 0.54,
                "Plan Rows": 1,
                "Plan Width": 23,
                "Actual Startup Time": 0.004,
                "Actual Total Time": 0.004,
                "Actual Rows": 1,
                "Actual Loops": 3223,
                "Output": [
                  "cn.id",
                  "cn.name",
                  "cn.country_code",
                  "cn.imdb_id",
                  "cn.name_pcode_nf",
                  "cn.name_pcode_sf",
                  "cn.md5sum"
                ],
                "Index Cond": "(cn.id = mc.company_id)",
                "Rows Removed by Index Recheck": 0,
                "Filter": "((cn.country_code)::text <> '[us]'::text)",
                "Rows Removed by Filter": 0
              }
            ]
          },
          {
            "Node Type": "Materialize",
            "Parent Relationship": "Inner",
            "Parallel Aware": false,
            "Async Capable": false,
            "Startup Cost": 0.0,
            "Total Cost": 1.06,
            "Plan Rows": 4,
            "Plan Width": 4,
            "Actual Startup Time": 0.0,
            "Actual Total Time": 0.0,
            "Actual Rows": 1,
            "Actual Loops": 2851,
            "Output": [
              "ct.id"
            ],
            "Plans": [
              {
                "Node Type": "Seq Scan",
                "Parent Relationship": "Outer",
                "Parallel Aware": false,
                "Async Capable": false,
                "Relation Name": "company_type",
                "Schema": "public",
                "Alias": "ct",
                "Startup Cost": 0.0,
                "Total Cost": 1.04,
                "Plan Rows": 4,
                "Plan Width": 4,
                "Actual Startup Time": 0.014,
                "Actual Total Time": 0.014,
                "Actual Rows": 1,
                "Actual Loops": 1,
                "Output": [
                  "ct.id"
                ]
              }
            ]
          }
        ]
      }
    ]
  },
  "Planning Time": 88.405,
  "Triggers": [],
  "Execution Time": 488.209
}