{
  "Plan": {
    "Node Type": "Aggregate",
    "Strategy": "Plain",
    "Partial Mode": "Simple",
    "Parallel Aware": false,
    "Async Capable": false,
    "Startup Cost": 5617.59,
    "Total Cost": 5617.6,
    "Plan Rows": 1,
    "Plan Width": 64,
    "Actual Startup Time": 30.714,
    "Actual Total Time": 30.718,
    "Actual Rows": 1,
    "Actual Loops": 1,
    "Output": [
      "min((kt.kind)::text)",
      "min((t.title)::text)"
    ],
    "Plans": [
      {
        "Node Type": "Nested Loop",
        "Parent Relationship": "Outer",
        "Parallel Aware": false,
        "Async Capable": false,
        "Join Type": "Inner",
        "Startup Cost": 2.99,
        "Total Cost": 5617.51,
        "Plan Rows": 16,
        "Plan Width": 27,
        "Actual Startup Time": 9.623,
        "Actual Total Time": 30.699,
        "Actual Rows": 16,
        "Actual Loops": 1,
        "Output": [
          "kt.kind",
          "t.title"
        ],
        "Inner Unique": false,
        "Join Filter": "(it1.id = mi.info_type_id)",
        "Rows Removed by Join Filter": 0,
        "Plans": [
          {
            "Node Type": "Seq Scan",
            "Parent Relationship": "Outer",
            "Parallel Aware": false,
            "Async Capable": false,
            "Relation Name": "info_type",
            "Schema": "public",
            "Alias": "it1",
            "Startup Cost": 0.0,
            "Total Cost": 2.41,
            "Plan Rows": 1,
            "Plan Width": 4,
            "Actual Startup Time": 0.018,
            "Actual Total Time": 0.035,
            "Actual Rows": 1,
            "Actual Loops": 1,
            "Output": [
              "it1.id",
              "it1.info"
            ],
            "Filter": "((it1.info)::text = 'release dates'::text)",
            "Rows Removed by Filter": 112
          },
          {
            "Node Type": "Nested Loop",
            "Parent Relationship": "Inner",
            "Parallel Aware": false,
            "Async Capable": false,
            "Join Type": "Inner",
            "Startup Cost": 2.99,
            "Total Cost": 5614.9,
            "Plan Rows": 16,
            "Plan Width": 31,
            "Actual Startup Time": 9.601,
            "Actual Total Time": 30.656,
            "Actual Rows": 16,
            "Actual Loops": 1,
            "Output": [
              "mi.info_type_id",
              "t.title",
              "kt.kind"
            ],
            "Inner Unique": true,
            "Join Filter": "(ct.id = mc.company_type_id)",
            "Rows Removed by Join Filter": 16,
            "Plans": [
              {
                "Node Type": "Nested Loop",
                "Parent Relationship": "Outer",
                "Parallel Aware": false,
                "Async Capable": false,
                "Join Type": "Inner",
                "Startup Cost": 2.99,
                "Total Cost": 5613.03,
                "Plan Rows": 16,
                "Plan Width": 35,
                "Actual Startup Time": 9.584,
                "Actual Total Time": 30.625,
                "Actual Rows": 16,
                "Actual Loops": 1,
                "Output": [
                  "mc.company_type_id",
                  "mi.info_type_id",
                  "t.title",
                  "kt.kind"
                ],
                "Inner Unique": true,
                "Plans": [
                  {
                    "Node Type": "Nested Loop",
                    "Parent Relationship": "Outer",
                    "Parallel Aware": false,
                    "Async Capable": false,
                    "Join Type": "Inner",
                    "Startup Cost": 2.57,
                    "Total Cost": 5605.9,
                    "Plan Rows": 16,
                    "Plan Width": 39,
                    "Actual Startup Time": 9.536,
                    "Actual Total Time": 30.521,
                    "Actual Rows": 16,
                    "Actual Loops": 1,
                    "Output": [
                      "mc.company_id",
                      "mc.company_type_id",
                      "mi.info_type_id",
                      "t.title",
                      "kt.kind"
                    ],
                    "Inner Unique": false,
                    "Join Filter": "(mc.movie_id = t.id)",
                    "Rows Removed by Join Filter": 0,
                    "Plans": [
                      {
                        "Node Type": "Nested Loop",
                        "Parent Relationship": "Outer",
                        "Parallel Aware": false,
                        "Async Capable": false,
                        "Join Type": "Inner",
                        "Startup Cost": 2.14,
                        "Total Cost": 5596.29,
                        "Plan Rows": 16,
                        "Plan Width": 47,
                        "Actual Startup Time": 9.484,
                        "Actual Total Time": 30.393,
                        "Actual Rows": 16,
                        "Actual Loops": 1,
                        "Output": [
                          "cc.movie_id",
                          "mi.movie_id",
                          "mi.info_type_id",
                          "mk.movie_id",
                          "t.title",
                          "t.id",
                          "kt.kind"
                        ],
                        "Inner Unique": false,
                        "Join Filter": "(mi.movie_id = t.id)",
                        "Rows Removed by Join Filter": 0,
                        "Plans": [
                          {
                            "Node Type": "Nested Loop",
                            "Parent Relationship": "Outer",
                            "Parallel Aware": false,
                            "Async Capable": false,
                            "Join Type": "Inner",
                            "Startup Cost": 1.7,
                            "Total Cost": 5504.52,
                            "Plan Rows": 60,
                            "Plan Width": 39,
                            "Actual Startup Time": 2.092,
                            "Actual Total Time": 18.695,
                            "Actual Rows": 60,
                            "Actual Loops": 1,
                            "Output": [
                              "cc.movie_id",
                              "mk.movie_id",
                              "t.title",
                              "t.id",
                              "kt.kind"
                            ],
                            "Inner Unique": false,
                            "Join Filter": "(kt.id = t.kind_id)",
                            "Rows Removed by Join Filter": 1,
                            "Plans": [
                              {
                                "Node Type": "Seq Scan",
                                "Parent Relationship": "Outer",
                                "Parallel Aware": false,
                                "Async Capable": false,
                                "Relation Name": "kind_type",
                                "Schema": "public",
                                "Alias": "kt",
                                "Startup Cost": 0.0,
                                "Total Cost": 1.09,
                                "Plan Rows": 1,
                                "Plan Width": 14,
                                "Actual Startup Time": 0.006,
                                "Actual Total Time": 0.009,
                                "Actual Rows": 1,
                                "Actual Loops": 1,
                                "Output": [
                                  "kt.id",
                                  "kt.kind"
                                ],
                                "Filter": "((kt.kind)::text = 'movie'::text)",
                                "Rows Removed by Filter": 6
                              },
                              {
                                "Node Type": "Nested Loop",
                                "Parent Relationship": "Inner",
                                "Parallel Aware": false,
                                "Async Capable": false,
                                "Join Type": "Inner",
                                "Startup Cost": 1.7,
                                "Total Cost": 5502.67,
                                "Plan Rows": 61,
                                "Plan Width": 33,
                                "Actual Startup Time": 2.085,
                                "Actual Total Time": 18.657,
                                "Actual Rows": 61,
                                "Actual Loops": 1,
                                "Output": [
                                  "cc.movie_id",
                                  "mk.movie_id",
                                  "t.title",
                                  "t.kind_id",
                                  "t.id"
                                ],
                                "Inner Unique": true,
                                "Plans": [
                                  {
                                    "Node Type": "Nested Loop",
                                    "Parent Relationship": "Outer",
                                    "Parallel Aware": false,
                                    "Async Capable": false,
                                    "Join Type": "Inner",
                                    "Startup Cost": 1.27,
                                    "Total Cost": 5347.5,
                                    "Plan Rows": 318,
                                    "Plan Width": 8,
                                    "Actual Startup Time": 0.688,
                                    "Actual Total Time": 14.271,
                                    "Actual Rows": 318,
                                    "Actual Loops": 1,
                                    "Output": [
                                      "cc.movie_id",
                                      "mk.movie_id"
                                    ],
                                    "Inner Unique": false,
                                    "Join Filter": "(cc.status_id = cct1.id)",
                                    "Rows Removed by Join Filter": 312,
                                    "Plans": [
                                      {
                                        "Node Type": "Seq Scan",
                                        "Parent Relationship": "Outer",
                                        "Parallel Aware": false,
                                        "Async Capable": false,
                                        "Relation Name": "comp_cast_type",
                                        "Schema": "public",
                                        "Alias": "cct1",
                                        "Startup Cost": 0.0,
                                        "Total Cost": 1.05,
                                        "Plan Rows": 1,
                                        "Plan Width": 4,
                                        "Actual Startup Time": 0.01,
                                        "Actual Total Time": 0.011,
                                        "Actual Rows": 1,
                                        "Actual Loops": 1,
                                        "Output": [
                                          "cct1.id",
                                          "cct1.kind"
                                        ],
                                        "Filter": "((cct1.kind)::text = 'complete+verified'::text)",
                                        "Rows Removed by Filter": 3
                                      },
                                      {
                                        "Node Type": "Nested Loop",
                                        "Parent Relationship": "Inner",
                                        "Parallel Aware": false,
                                        "Async Capable": false,
                                        "Join Type": "Inner",
                                        "Startup Cost": 1.27,
                                        "Total Cost": 5338.57,
                                        "Plan Rows": 630,
                                        "Plan Width": 12,
                                        "Actual Startup Time": 0.389,
                                        "Actual Total Time": 14.135,
                                        "Actual Rows": 630,
                                        "Actual Loops": 1,
                                        "Output": [
                                          "cc.movie_id",
                                          "cc.status_id",
                                          "mk.movie_id"
                                        ],
                                        "Inner Unique": false,
                                        "Plans": [
                                          {
                                            "Node Type": "Nested Loop",
                                            "Parent Relationship": "Outer",
                                            "Parallel Aware": false,
                                            "Async Capable": false,
                                            "Join Type": "Inner",
                                            "Startup Cost": 0.85,
                                            "Total Cost": 4799.31,
                                            "Plan Rows": 1133,
                                            "Plan Width": 4,
                                            "Actual Startup Time": 0.13,
                                            "Actual Total Time": 8.358,
                                            "Actual Rows": 1133,
                                            "Actual Loops": 1,
                                            "Output": [
                                              "mk.movie_id"
                                            ],
                                            "Inner Unique": false,
                                            "Plans": [
                                              {
                                                "Node Type": "Index Scan",
                                                "Parent Relationship": "Outer",
                                                "Parallel Aware": false,
                                                "Async Capable": false,
                                                "Scan Direction": "Forward",
                                                "Index Name": "idx_keyword_keyword",
                                                "Relation Name": "keyword",
                                                "Schema": "public",
                                                "Alias": "k",
                                                "Startup Cost": 0.42,
                                                "Total Cost": 33.74,
                                                "Plan Rows": 4,
                                                "Plan Width": 4,
                                                "Actual Startup Time": 0.083,
                                                "Actual Total Time": 0.151,
                                                "Actual Rows": 4,
                                                "Actual Loops": 1,
                                                "Output": [
                                                  "k.id",
                                                  "k.keyword",
                                                  "k.phonetic_code"
                                                ],
                                                "Index Cond": "((k.keyword)::text = ANY ('{nerd,loner,alienation,dignity}'::text[]))",
                                                "Rows Removed by Index Recheck": 0
                                              },
                                              {
                                                "Node Type": "Index Scan",
                                                "Parent Relationship": "Inner",
                                                "Parallel Aware": false,
                                                "Async Capable": false,
                                                "Scan Direction": "Forward",
                                                "Index Name": "idx_movie_keyword_keyword_id",
                                                "Relation Name": "movie_keyword",
                                                "Schema": "public",
                                                "Alias": "mk",
                                                "Startup Cost": 0.43,
                                                "Total Cost": 1188.37,
                                                "Plan Rows": 302,
                                                "Plan Width": 8,
                                                "Actual Startup Time": 0.031,
                                                "Actual Total Time": 1.979,
                                                "Actual Rows": 283,
                                                "Actual Loops": 4,
                                                "Output": [
                                                  "mk.id",
                                                  "mk.movie_id",
                                                  "mk.keyword_id"
                                                ],
                                                "Index Cond": "(mk.keyword_id = k.id)",
                                                "Rows Removed by Index Recheck": 0
                                              }
                                            ]
                                          },
                                          {
                                            "Node Type": "Index Scan",
                                            "Parent Relationship": "Inner",
                                            "Parallel Aware": false,
                                            "Async Capable": false,
                                            "Scan Direction": "Forward",
                                            "Index Name": "idx_complete_cast_movie_id",
                                            "Relation Name": "complete_cast",
                                            "Schema": "public",
                                            "Alias": "cc",
                                            "Startup Cost": 0.42,
                                            "Total Cost": 0.46,
                                            "Plan Rows": 2,
                                            "Plan Width": 8,
                                            "Actual Startup Time": 0.004,
                                            "Actual Total Time": 0.005,
                                            "Actual Rows": 1,
                                            "Actual Loops": 1133,
                                            "Output": [
                                              "cc.id",
                                              "cc.movie_id",
                                              "cc.subject_id",
                                              "cc.status_id"
                                            ],
                                            "Index Cond": "(cc.movie_id = mk.movie_id)",
                                            "Rows Removed by Index Recheck": 0
                                          }
                                        ]
                                      }
                                    ]
                                  },
                                  {
                                    "Node Type": "Index Scan",
                                    "Parent Relationship": "Inner",
                                    "Parallel Aware": false,
                                    "Async Capable": false,
                                    "Scan Direction": "Forward",
                                    "Index Name": "idx_title_id",
                                    "Relation Name": "title",
                                    "Schema": "public",
                                    "Alias": "t",
                                    "Startup Cost": 0.43,
                                    "Total Cost": 0.49,
                                    "Plan Rows": 1,
                                    "Plan Width": 25,
                                    "Actual Startup Time": 0.013,
                                    "Actual Total Time": 0.013,
                                    "Actual Rows": 0,
                                    "Actual Loops": 318,
                                    "Output": [
                                      "t.id",
                                      "t.title",
                                      "t.imdb_index",
                                      "t.kind_id",
                                      "t.production_year",
                                      "t.imdb_id",
                                      "t.phonetic_code",
                                      "t.episode_of_id",
                                      "t.season_nr",
                                      "t.episode_nr",
                                      "t.series_years",
                                      "t.md5sum"
                                    ],
                                    "Index Cond": "(t.id = mk.movie_id)",
                                    "Rows Removed by Index Recheck": 0,
                                    "Filter": "(t.production_year > 2000)",
                                    "Rows Removed by Filter": 1
                                  }
                                ]
                              }
                            ]
                          },
                          {
                            "Node Type": "Index Scan",
                            "Parent Relationship": "Inner",
                            "Parallel Aware": false,
                            "Async Capable": false,
                            "Scan Direction": "Forward",
                            "Index Name": "idx_movie_info_movie_id",
                            "Relation Name": "movie_info",
                            "Schema": "public",
                            "Alias": "mi",
                            "Startup Cost": 0.43,
                            "Total Cost": 1.52,
                            "Plan Rows": 1,
                            "Plan Width": 8,
                            "Actual Startup Time": 0.191,
                            "Actual Total Time": 0.194,
                            "Actual Rows": 0,
                            "Actual Loops": 60,
                            "Output": [
                              "mi.id",
                              "mi.movie_id",
                              "mi.info_type_id",
                              "mi.info",
                              "mi.note"
                            ],
                            "Index Cond": "(mi.movie_id = mk.movie_id)",
                            "Rows Removed by Index Recheck": 0,
                            "Filter": "(((mi.note)::text ~~ '%internet%'::text) AND ((mi.info)::text ~~ 'USA:% 200%'::text))",
                            "Rows Removed by Filter": 214
                          }
                        ]
                      },
                      {
                        "Node Type": "Index Scan",
                        "Parent Relationship": "Inner",
                        "Parallel Aware": false,
                        "Async Capable": false,
                        "Scan Direction": "Forward",
                        "Index Name": "idx_movie_companies_movie_id",
                        "Relation Name": "movie_companies",
                        "Schema": "public",
                        "Alias": "mc",
                        "Startup Cost": 0.43,
                        "Total Cost": 0.54,
                        "Plan Rows": 5,
                        "Plan Width": 12,
                        "Actual Startup Time": 0.007,
                        "Actual Total Time": 0.007,
                        "Actual Rows": 1,
                        "Actual Loops": 16,
                        "Output": [
                          "mc.id",
                          "mc.movie_id",
                          "mc.company_id",
                          "mc.company_type_id",
                          "mc.note"
                        ],
                        "Index Cond": "(mc.movie_id = mk.movie_id)",
                        "Rows Removed by Index Recheck": 0
                      }
                    ]
                  },
                  {
                    "Node Type": "Index Scan",
                    "Parent Relationship": "Inner",
                    "Parallel Aware": false,
                    "Async Capable": false,
                    "Scan Direction": "Forward",
                    "Index Name": "idx_company_name_id",
                    "Relation Name": "company_name",
                    "Schema": "public",
                    "Alias": "cn",
                    "Startup Cost": 0.42,
                    "Total Cost": 0.45,
                    "Plan Rows": 1,
                    "Plan Width": 4,
                    "Actual Startup Time": 0.006,
                    "Actual Total Time": 0.006,
                    "Actual Rows": 1,
                    "Actual Loops": 16,
                    "Output": [
                      "cn.id",
                      "cn.name",
                      "cn.country_code",
                      "cn.imdb_id",
                      "cn.name_pcode_nf",
                      "cn.name_pcode_sf",
                      "cn.md5sum"
                    ],
                    "Index Cond": "(cn.id = mc.company_id)",
                    "Rows Removed by Index Recheck": 0,
                    "Filter": "((cn.country_code)::text = '[us]'::text)",
                    "Rows Removed by Filter": 0
                  }
                ]
              },
              {
                "Node Type": "Materialize",
                "Parent Relationship": "Inner",
                "Parallel Aware": false,
                "Async Capable": false,
                "Startup Cost": 0.0,
                "Total Cost": 1.06,
                "Plan Rows": 4,
                "Plan Width": 4,
                "Actual Startup Time": 0.001,
                "Actual Total Time": 0.001,
                "Actual Rows": 2,
                "Actual Loops": 16,
                "Output": [
                  "ct.id"
                ],
                "Plans": [
                  {
                    "Node Type": "Seq Scan",
                    "Parent Relationship": "Outer",
                    "Parallel Aware": false,
                    "Async Capable": false,
                    "Relation Name": "company_type",
                    "Schema": "public",
                    "Alias": "ct",
                    "Startup Cost": 0.0,
                    "Total Cost": 1.04,
                    "Plan Rows": 4,
                    "Plan Width": 4,
                    "Actual Startup Time": 0.005,
                    "Actual Total Time": 0.005,
                    "Actual Rows": 2,
                    "Actual Loops": 1,
                    "Output": [
                      "ct.id"
                    ]
                  }
                ]
              }
            ]
          }
        ]
      }
    ]
  },
  "Planning Time": 88.086,
  "Triggers": [],
  "Execution Time": 30.953
}