{
  "Plan": {
    "Node Type": "Aggregate",
    "Strategy": "Plain",
    "Partial Mode": "Simple",
    "Parallel Aware": false,
    "Async Capable": false,
    "Startup Cost": 636367.91,
    "Total Cost": 636367.92,
    "Plan Rows": 1,
    "Plan Width": 64,
    "Actual Startup Time": 9598.686,
    "Actual Total Time": 9598.695,
    "Actual Rows": 1,
    "Actual Loops": 1,
    "Output": [
      "min((n.name)::text)",
      "min((t.title)::text)"
    ],
    "Plans": [
      {
        "Node Type": "Hash Join",
        "Parent Relationship": "Outer",
        "Parallel Aware": false,
        "Async Capable": false,
        "Join Type": "Inner",
        "Startup Cost": 184078.4,
        "Total Cost": 627564.68,
        "Plan Rows": 1760645,
        "Plan Width": 32,
        "Actual Startup Time": 3542.12,
        "Actual Total Time": 9140.76,
        "Actual Rows": 1760645,
        "Actual Loops": 1,
        "Output": [
          "n.name",
          "t.title"
        ],
        "Inner Unique": false,
        "Hash Cond": "(n.id = an.person_id)",
        "Plans": [
          {
            "Node Type": "Hash Join",
            "Parent Relationship": "Outer",
            "Parallel Aware": false,
            "Async Capable": false,
            "Join Type": "Inner",
            "Startup Cost": 152402.18,
            "Total Cost": 590251.04,
            "Plan Rows": 787043,
            "Plan Width": 40,
            "Actual Startup Time": 2334.8,
            "Actual Total Time": 7622.62,
            "Actual Rows": 787043,
            "Actual Loops": 1,
            "Output": [
              "ci.person_id",
              "n.name",
              "n.id",
              "t.title"
            ],
            "Inner Unique": true,
            "Hash Cond": "(mi.info_type_id = it.id)",
            "Plans": [
              {
                "Node Type": "Nested Loop",
                "Parent Relationship": "Outer",
                "Parallel Aware": false,
                "Async Capable": false,
                "Join Type": "Inner",
                "Startup Cost": 152399.76,
                "Total Cost": 578192.33,
                "Plan Rows": 4426839,
                "Plan Width": 44,
                "Actual Startup Time": 2334.662,
                "Actual Total Time": 7092.653,
                "Actual Rows": 4426839,
                "Actual Loops": 1,
                "Output": [
                  "ci.person_id",
                  "mi.info_type_id",
                  "n.name",
                  "n.id",
                  "t.title"
                ],
                "Inner Unique": false,
                "Join Filter": "(mi.movie_id = t.id)",
                "Rows Removed by Join Filter": 0,
                "Plans": [
                  {
                    "Node Type": "Nested Loop",
                    "Parent Relationship": "Outer",
                    "Parallel Aware": false,
                    "Async Capable": false,
                    "Join Type": "Inner",
                    "Startup Cost": 152399.32,
                    "Total Cost": 389252.27,
                    "Plan Rows": 97320,
                    "Plan Width": 52,
                    "Actual Startup Time": 2334.59,
                    "Actual Total Time": 4669.4,
                    "Actual Rows": 97320,
                    "Actual Loops": 1,
                    "Output": [
                      "ci.movie_id",
                      "ci.person_id",
                      "mc.movie_id",
                      "n.name",
                      "n.id",
                      "t.title",
                      "t.id"
                    ],
                    "Inner Unique": true,
                    "Plans": [
                      {
                        "Node Type": "Nested Loop",
                        "Parent Relationship": "Outer",
                        "Parallel Aware": false,
                        "Async Capable": false,
                        "Join Type": "Inner",
                        "Startup Cost": 152398.89,
                        "Total Cost": 314008.38,
                        "Plan Rows": 97386,
                        "Plan Width": 33,
                        "Actual Startup Time": 2334.53,
                        "Actual Total Time": 4345.3,
                        "Actual Rows": 97386,
                        "Actual Loops": 1,
                        "Output": [
                          "ci.movie_id",
                          "ci.person_id",
                          "mc.movie_id",
                          "t.title",
                          "t.id"
                        ],
                        "Inner Unique": true,
                        "Plans": [
                          {
                            "Node Type": "Hash Join",
                            "Parent Relationship": "Outer",
                            "Parallel Aware": false,
                            "Async Capable": false,
                            "Join Type": "Inner",
                            "Startup Cost": 152398.46,
                            "Total Cost": 262966.07,
                            "Plan Rows": 104391,
                            "Plan Width": 37,
                            "Actual Startup Time": 2334.454,
                            "Actual Total Time": 4014.434,
                            "Actual Rows": 104391,
                            "Actual Loops": 1,
                            "Output": [
                              "ci.movie_id",
                              "ci.person_id",
                              "ci.person_role_id",
                              "mc.movie_id",
                              "t.title",
                              "t.id"
                            ],
                            "Inner Unique": false,
                            "Hash Cond": "(ci.movie_id = t.id)",
                            "Plans": [
                              {
                                "Node Type": "Nested Loop",
                                "Parent Relationship": "Outer",
                                "Parallel Aware": false,
                                "Async Capable": false,
                                "Join Type": "Inner",
                                "Startup Cost": 0.44,
                                "Total Cost": 109020.38,
                                "Plan Rows": 276166,
                                "Plan Width": 12,
                                "Actual Startup Time": 0.279,
                                "Actual Total Time": 1575.67,
                                "Actual Rows": 276166,
                                "Actual Loops": 1,
                                "Output": [
                                  "ci.movie_id",
                                  "ci.person_id",
                                  "ci.person_role_id"
                                ],
                                "Inner Unique": false,
                                "Plans": [
                                  {
                                    "Node Type": "Seq Scan",
                                    "Parent Relationship": "Outer",
                                    "Parallel Aware": false,
                                    "Async Capable": false,
                                    "Relation Name": "role_type",
                                    "Schema": "public",
                                    "Alias": "rt",
                                    "Startup Cost": 0.0,
                                    "Total Cost": 1.15,
                                    "Plan Rows": 1,
                                    "Plan Width": 4,
                                    "Actual Startup Time": 0.019,
                                    "Actual Total Time": 0.023,
                                    "Actual Rows": 1,
                                    "Actual Loops": 1,
                                    "Output": [
                                      "rt.id",
                                      "rt.role"
                                    ],
                                    "Filter": "((rt.role)::text = 'actress'::text)",
                                    "Rows Removed by Filter": 11
                                  },
                                  {
                                    "Node Type": "Index Scan",
                                    "Parent Relationship": "Inner",
                                    "Parallel Aware": false,
                                    "Async Capable": false,
                                    "Scan Direction": "Forward",
                                    "Index Name": "idx_cast_info_role_id",
                                    "Relation Name": "cast_info",
                                    "Schema": "public",
                                    "Alias": "ci",
                                    "Startup Cost": 0.44,
                                    "Total Cost": 108263.59,
                                    "Plan Rows": 75564,
                                    "Plan Width": 16,
                                    "Actual Startup Time": 0.245,
                                    "Actual Total Time": 1538.09,
                                    "Actual Rows": 276166,
                                    "Actual Loops": 1,
                                    "Output": [
                                      "ci.id",
                                      "ci.person_id",
                                      "ci.movie_id",
                                      "ci.person_role_id",
                                      "ci.note",
                                      "ci.nr_order",
                                      "ci.role_id"
                                    ],
                                    "Index Cond": "(ci.role_id = rt.id)",
                                    "Rows Removed by Index Recheck": 0,
                                    "Filter": "((ci.note)::text = ANY ('{(voice),\"(voice: Japanese version)\",\"(voice) (uncredited)\",\"(voice: English version)\"}'::text[]))",
                                    "Rows Removed by Filter": 7175807
                                  }
                                ]
                              },
                              {
                                "Node Type": "Hash",
                                "Parent Relationship": "Inner",
                                "Parallel Aware": false,
                                "Async Capable": false,
                                "Startup Cost": 146538.18,
                                "Total Cost": 146538.18,
                                "Plan Rows": 468787,
                                "Plan Width": 25,
                                "Actual Startup Time": 2330.98,
                                "Actual Total Time": 2330.984,
                                "Actual Rows": 468787,
                                "Actual Loops": 1,
                                "Output": [
                                  "mc.movie_id",
                                  "t.title",
                                  "t.id"
                                ],
                                "Hash Buckets": 524288,
                                "Original Hash Buckets": 524288,
                                "Hash Batches": 1,
                                "Original Hash Batches": 1,
                                "Peak Memory Usage": 32057,
                                "Plans": [
                                  {
                                    "Node Type": "Hash Join",
                                    "Parent Relationship": "Outer",
                                    "Parallel Aware": false,
                                    "Async Capable": false,
                                    "Join Type": "Inner",
                                    "Startup Cost": 91779.09,
                                    "Total Cost": 146538.18,
                                    "Plan Rows": 468787,
                                    "Plan Width": 25,
                                    "Actual Startup Time": 952.686,
                                    "Actual Total Time": 2173.657,
                                    "Actual Rows": 468787,
                                    "Actual Loops": 1,
                                    "Output": [
                                      "mc.movie_id",
                                      "t.title",
                                      "t.id"
                                    ],
                                    "Inner Unique": true,
                                    "Hash Cond": "(mc.movie_id = t.id)",
                                    "Plans": [
                                      {
                                        "Node Type": "Hash Join",
                                        "Parent Relationship": "Outer",
                                        "Parallel Aware": false,
                                        "Async Capable": false,
                                        "Join Type": "Inner",
                                        "Startup Cost": 6988.77,
                                        "Total Cost": 58719.15,
                                        "Plan Rows": 1153798,
                                        "Plan Width": 4,
                                        "Actual Startup Time": 63.168,
                                        "Actual Total Time": 927.674,
                                        "Actual Rows": 1153798,
                                        "Actual Loops": 1,
                                        "Output": [
                                          "mc.movie_id"
                                        ],
                                        "Inner Unique": true,
                                        "Hash Cond": "(mc.company_id = cn.id)",
                                        "Plans": [
                                          {
                                            "Node Type": "Seq Scan",
                                            "Parent Relationship": "Outer",
                                            "Parallel Aware": false,
                                            "Async Capable": false,
                                            "Relation Name": "movie_companies",
                                            "Schema": "public",
                                            "Alias": "mc",
                                            "Startup Cost": 0.0,
                                            "Total Cost": 44881.29,
                                            "Plan Rows": 2609129,
                                            "Plan Width": 8,
                                            "Actual Startup Time": 0.024,
                                            "Actual Total Time": 259.108,
                                            "Actual Rows": 2609129,
                                            "Actual Loops": 1,
                                            "Output": [
                                              "mc.id",
                                              "mc.movie_id",
                                              "mc.company_id",
                                              "mc.company_type_id",
                                              "mc.note"
                                            ]
                                          },
                                          {
                                            "Node Type": "Hash",
                                            "Parent Relationship": "Inner",
                                            "Parallel Aware": false,
                                            "Async Capable": false,
                                            "Startup Cost": 5932.46,
                                            "Total Cost": 5932.46,
                                            "Plan Rows": 84505,
                                            "Plan Width": 4,
                                            "Actual Startup Time": 62.363,
                                            "Actual Total Time": 62.364,
                                            "Actual Rows": 84843,
                                            "Actual Loops": 1,
                                            "Output": [
                                              "cn.id"
                                            ],
                                            "Hash Buckets": 131072,
                                            "Original Hash Buckets": 131072,
                                            "Hash Batches": 1,
                                            "Original Hash Batches": 1,
                                            "Peak Memory Usage": 4007,
                                            "Plans": [
                                              {
                                                "Node Type": "Seq Scan",
                                                "Parent Relationship": "Outer",
                                                "Parallel Aware": false,
                                                "Async Capable": false,
                                                "Relation Name": "company_name",
                                                "Schema": "public",
                                                "Alias": "cn",
                                                "Startup Cost": 0.0,
                                                "Total Cost": 5932.46,
                                                "Plan Rows": 84505,
                                                "Plan Width": 4,
                                                "Actual Startup Time": 0.023,
                                                "Actual Total Time": 45.579,
                                                "Actual Rows": 84843,
                                                "Actual Loops": 1,
                                                "Output": [
                                                  "cn.id"
                                                ],
                                                "Filter": "((cn.country_code)::text = '[us]'::text)",
                                                "Rows Removed by Filter": 150154
                                              }
                                            ]
                                          }
                                        ]
                                      },
                                      {
                                        "Node Type": "Hash",
                                        "Parent Relationship": "Inner",
                                        "Parallel Aware": false,
                                        "Async Capable": false,
                                        "Startup Cost": 67601.9,
                                        "Total Cost": 67601.9,
                                        "Plan Rows": 1375073,
                                        "Plan Width": 21,
                                        "Actual Startup Time": 877.772,
                                        "Actual Total Time": 877.772,
                                        "Actual Rows": 1381453,
                                        "Actual Loops": 1,
                                        "Output": [
                                          "t.title",
                                          "t.id"
                                        ],
                                        "Hash Buckets": 2097152,
                                        "Original Hash Buckets": 2097152,
                                        "Hash Batches": 1,
                                        "Original Hash Batches": 1,
                                        "Peak Memory Usage": 90381,
                                        "Plans": [
                                          {
                                            "Node Type": "Seq Scan",
                                            "Parent Relationship": "Outer",
                                            "Parallel Aware": false,
                                            "Async Capable": false,
                                            "Relation Name": "title",
                                            "Schema": "public",
                                            "Alias": "t",
                                            "Startup Cost": 0.0,
                                            "Total Cost": 67601.9,
                                            "Plan Rows": 1375073,
                                            "Plan Width": 21,
                                            "Actual Startup Time": 0.035,
                                            "Actual Total Time": 443.849,
                                            "Actual Rows": 1381453,
                                            "Actual Loops": 1,
                                            "Output": [
                                              "t.title",
                                              "t.id"
                                            ],
                                            "Filter": "(t.production_year > 2000)",
                                            "Rows Removed by Filter": 1146859
                                          }
                                        ]
                                      }
                                    ]
                                  }
                                ]
                              }
                            ]
                          },
                          {
                            "Node Type": "Index Only Scan",
                            "Parent Relationship": "Inner",
                            "Parallel Aware": false,
                            "Async Capable": false,
                            "Scan Direction": "Forward",
                            "Index Name": "idx_char_name_id",
                            "Relation Name": "char_name",
                            "Schema": "public",
                            "Alias": "chn",
                            "Startup Cost": 0.43,
                            "Total Cost": 0.49,
                            "Plan Rows": 1,
                            "Plan Width": 4,
                            "Actual Startup Time": 0.003,
                            "Actual Total Time": 0.003,
                            "Actual Rows": 1,
                            "Actual Loops": 104391,
                            "Output": [
                              "chn.id"
                            ],
                            "Index Cond": "(chn.id = ci.person_role_id)",
                            "Rows Removed by Index Recheck": 0,
                            "Heap Fetches": 0
                          }
                        ]
                      },
                      {
                        "Node Type": "Index Scan",
                        "Parent Relationship": "Inner",
                        "Parallel Aware": false,
                        "Async Capable": false,
                        "Scan Direction": "Forward",
                        "Index Name": "idx_name_id",
                        "Relation Name": "name",
                        "Schema": "public",
                        "Alias": "n",
                        "Startup Cost": 0.43,
                        "Total Cost": 0.77,
                        "Plan Rows": 1,
                        "Plan Width": 19,
                        "Actual Startup Time": 0.003,
                        "Actual Total Time": 0.003,
                        "Actual Rows": 1,
                        "Actual Loops": 97386,
                        "Output": [
                          "n.id",
                          "n.name",
                          "n.imdb_index",
                          "n.imdb_id",
                          "n.gender",
                          "n.name_pcode_cf",
                          "n.name_pcode_nf",
                          "n.surname_pcode",
                          "n.md5sum"
                        ],
                        "Index Cond": "(n.id = ci.person_id)",
                        "Rows Removed by Index Recheck": 0,
                        "Filter": "((n.gender)::text = 'f'::text)",
                        "Rows Removed by Filter": 0
                      }
                    ]
                  },
                  {
                    "Node Type": "Index Scan",
                    "Parent Relationship": "Inner",
                    "Parallel Aware": false,
                    "Async Capable": false,
                    "Scan Direction": "Forward",
                    "Index Name": "idx_movie_info_movie_id",
                    "Relation Name": "movie_info",
                    "Schema": "public",
                    "Alias": "mi",
                    "Startup Cost": 0.43,
                    "Total Cost": 1.43,
                    "Plan Rows": 41,
                    "Plan Width": 8,
                    "Actual Startup Time": 0.003,
                    "Actual Total Time": 0.017,
                    "Actual Rows": 45,
                    "Actual Loops": 97320,
                    "Output": [
                      "mi.id",
                      "mi.movie_id",
                      "mi.info_type_id",
                      "mi.info",
                      "mi.note"
                    ],
                    "Index Cond": "(mi.movie_id = mc.movie_id)",
                    "Rows Removed by Index Recheck": 0
                  }
                ]
              },
              {
                "Node Type": "Hash",
                "Parent Relationship": "Inner",
                "Parallel Aware": false,
                "Async Capable": false,
                "Startup Cost": 2.41,
                "Total Cost": 2.41,
                "Plan Rows": 1,
                "Plan Width": 4,
                "Actual Startup Time": 0.075,
                "Actual Total Time": 0.076,
                "Actual Rows": 1,
                "Actual Loops": 1,
                "Output": [
                  "it.id"
                ],
                "Hash Buckets": 1024,
                "Original Hash Buckets": 1024,
                "Hash Batches": 1,
                "Original Hash Batches": 1,
                "Peak Memory Usage": 9,
                "Plans": [
                  {
                    "Node Type": "Seq Scan",
                    "Parent Relationship": "Outer",
                    "Parallel Aware": false,
                    "Async Capable": false,
                    "Relation Name": "info_type",
                    "Schema": "public",
                    "Alias": "it",
                    "Startup Cost": 0.0,
                    "Total Cost": 2.41,
                    "Plan Rows": 1,
                    "Plan Width": 4,
                    "Actual Startup Time": 0.053,
                    "Actual Total Time": 0.062,
                    "Actual Rows": 1,
                    "Actual Loops": 1,
                    "Output": [
                      "it.id"
                    ],
                    "Filter": "((it.info)::text = 'release dates'::text)",
                    "Rows Removed by Filter": 112
                  }
                ]
              }
            ]
          },
          {
            "Node Type": "Hash",
            "Parent Relationship": "Inner",
            "Parallel Aware": false,
            "Async Capable": false,
            "Startup Cost": 20409.43,
            "Total Cost": 20409.43,
            "Plan Rows": 901343,
            "Plan Width": 4,
            "Actual Startup Time": 1201.37,
            "Actual Total Time": 1201.371,
            "Actual Rows": 901343,
            "Actual Loops": 1,
            "Output": [
              "an.person_id"
            ],
            "Hash Buckets": 1048576,
            "Original Hash Buckets": 1048576,
            "Hash Batches": 1,
            "Original Hash Batches": 1,
            "Peak Memory Usage": 39880,
            "Plans": [
              {
                "Node Type": "Seq Scan",
                "Parent Relationship": "Outer",
                "Parallel Aware": false,
                "Async Capable": false,
                "Relation Name": "aka_name",
                "Schema": "public",
                "Alias": "an",
                "Startup Cost": 0.0,
                "Total Cost": 20409.43,
                "Plan Rows": 901343,
                "Plan Width": 4,
                "Actual Startup Time": 850.52,
                "Actual Total Time": 1001.129,
                "Actual Rows": 901343,
                "Actual Loops": 1,
                "Output": [
                  "an.person_id"
                ]
              }
            ]
          }
        ]
      }
    ]
  },
  "Planning Time": 49.673,
  "Triggers": [],
  "JIT": {
    "Functions": 72,
    "Options": {
      "Inlining": true,
      "Optimization": true,
      "Expressions": true,
      "Deforming": true
    },
    "Timing": {
      "Generation": 4.626,
      "Inlining": 104.729,
      "Optimization": 460.899,
      "Emission": 285.157,
      "Total": 855.41
    }
  },
  "Execution Time": 9633.718
}