{
  "Plan": {
    "Node Type": "Aggregate",
    "Strategy": "Plain",
    "Partial Mode": "Simple",
    "Parallel Aware": false,
    "Async Capable": false,
    "Startup Cost": 135207.97,
    "Total Cost": 135207.98,
    "Plan Rows": 1,
    "Plan Width": 128,
    "Actual Startup Time": 976.179,
    "Actual Total Time": 976.185,
    "Actual Rows": 1,
    "Actual Loops": 1,
    "Output": [
      "min((an.name)::text)",
      "min((chn.name)::text)",
      "min((n.name)::text)",
      "min((t.title)::text)"
    ],
    "Plans": [
      {
        "Node Type": "Nested Loop",
        "Parent Relationship": "Outer",
        "Parallel Aware": false,
        "Async Capable": false,
        "Join Type": "Inner",
        "Startup Cost": 2.58,
        "Total Cost": 135207.57,
        "Plan Rows": 40,
        "Plan Width": 64,
        "Actual Startup Time": 440.616,
        "Actual Total Time": 976.056,
        "Actual Rows": 40,
        "Actual Loops": 1,
        "Output": [
          "an.name",
          "chn.name",
          "n.name",
          "t.title"
        ],
        "Inner Unique": false,
        "Join Filter": "(ci.role_id = rt.id)",
        "Rows Removed by Join Filter": 0,
        "Plans": [
          {
            "Node Type": "Seq Scan",
            "Parent Relationship": "Outer",
            "Parallel Aware": false,
            "Async Capable": false,
            "Relation Name": "role_type",
            "Schema": "public",
            "Alias": "rt",
            "Startup Cost": 0.0,
            "Total Cost": 1.15,
            "Plan Rows": 1,
            "Plan Width": 4,
            "Actual Startup Time": 45.193,
            "Actual Total Time": 45.198,
            "Actual Rows": 1,
            "Actual Loops": 1,
            "Output": [
              "rt.id",
              "rt.role"
            ],
            "Filter": "((rt.role)::text = 'actress'::text)",
            "Rows Removed by Filter": 11
          },
          {
            "Node Type": "Nested Loop",
            "Parent Relationship": "Inner",
            "Parallel Aware": false,
            "Async Capable": false,
            "Join Type": "Inner",
            "Startup Cost": 2.58,
            "Total Cost": 135205.92,
            "Plan Rows": 40,
            "Plan Width": 68,
            "Actual Startup Time": 395.411,
            "Actual Total Time": 930.832,
            "Actual Rows": 40,
            "Actual Loops": 1,
            "Output": [
              "an.name",
              "ci.role_id",
              "chn.name",
              "n.name",
              "t.title"
            ],
            "Inner Unique": true,
            "Plans": [
              {
                "Node Type": "Nested Loop",
                "Parent Relationship": "Outer",
                "Parallel Aware": false,
                "Async Capable": false,
                "Join Type": "Inner",
                "Startup Cost": 2.15,
                "Total Cost": 135177.44,
                "Plan Rows": 40,
                "Plan Width": 56,
                "Actual Startup Time": 395.351,
                "Actual Total Time": 930.373,
                "Actual Rows": 40,
                "Actual Loops": 1,
                "Output": [
                  "an.name",
                  "ci.role_id",
                  "ci.person_role_id",
                  "n.name",
                  "t.title"
                ],
                "Inner Unique": true,
                "Plans": [
                  {
                    "Node Type": "Nested Loop",
                    "Parent Relationship": "Outer",
                    "Parallel Aware": false,
                    "Async Capable": false,
                    "Join Type": "Inner",
                    "Startup Cost": 1.72,
                    "Total Cost": 135153.34,
                    "Plan Rows": 41,
                    "Plan Width": 60,
                    "Actual Startup Time": 384.048,
                    "Actual Total Time": 929.973,
                    "Actual Rows": 41,
                    "Actual Loops": 1,
                    "Output": [
                      "an.name",
                      "ci.role_id",
                      "ci.person_role_id",
                      "mc.company_id",
                      "n.name",
                      "t.title"
                    ],
                    "Inner Unique": false,
                    "Plans": [
                      {
                        "Node Type": "Nested Loop",
                        "Parent Relationship": "Outer",
                        "Parallel Aware": false,
                        "Async Capable": false,
                        "Join Type": "Inner",
                        "Startup Cost": 1.29,
                        "Total Cost": 135107.48,
                        "Plan Rows": 65,
                        "Plan Width": 64,
                        "Actual Startup Time": 383.986,
                        "Actual Total Time": 928.765,
                        "Actual Rows": 65,
                        "Actual Loops": 1,
                        "Output": [
                          "an.name",
                          "ci.movie_id",
                          "ci.role_id",
                          "ci.person_role_id",
                          "n.name",
                          "t.title",
                          "t.id"
                        ],
                        "Inner Unique": true,
                        "Plans": [
                          {
                            "Node Type": "Nested Loop",
                            "Parent Relationship": "Outer",
                            "Parallel Aware": false,
                            "Async Capable": false,
                            "Join Type": "Inner",
                            "Startup Cost": 0.86,
                            "Total Cost": 134920.78,
                            "Plan Rows": 265,
                            "Plan Width": 43,
                            "Actual Startup Time": 382.289,
                            "Actual Total Time": 925.166,
                            "Actual Rows": 265,
                            "Actual Loops": 1,
                            "Output": [
                              "an.name",
                              "ci.movie_id",
                              "ci.role_id",
                              "ci.person_role_id",
                              "n.name"
                            ],
                            "Inner Unique": false,
                            "Join Filter": "(ci.person_id = n.id)",
                            "Rows Removed by Join Filter": 0,
                            "Plans": [
                              {
                                "Node Type": "Nested Loop",
                                "Parent Relationship": "Outer",
                                "Parallel Aware": false,
                                "Async Capable": false,
                                "Join Type": "Inner",
                                "Startup Cost": 0.42,
                                "Total Cost": 119311.93,
                                "Plan Rows": 1296,
                                "Plan Width": 39,
                                "Actual Startup Time": 373.528,
                                "Actual Total Time": 898.811,
                                "Actual Rows": 1296,
                                "Actual Loops": 1,
                                "Output": [
                                  "an.name",
                                  "an.person_id",
                                  "n.name",
                                  "n.id"
                                ],
                                "Inner Unique": false,
                                "Plans": [
                                  {
                                    "Node Type": "Seq Scan",
                                    "Parent Relationship": "Outer",
                                    "Parallel Aware": false,
                                    "Async Capable": false,
                                    "Relation Name": "name",
                                    "Schema": "public",
                                    "Alias": "n",
                                    "Startup Cost": 0.0,
                                    "Total Cost": 118126.36,
                                    "Plan Rows": 96,
                                    "Plan Width": 19,
                                    "Actual Startup Time": 372.505,
                                    "Actual Total Time": 878.779,
                                    "Actual Rows": 5409,
                                    "Actual Loops": 1,
                                    "Output": [
                                      "n.id",
                                      "n.name",
                                      "n.imdb_index",
                                      "n.imdb_id",
                                      "n.gender",
                                      "n.name_pcode_cf",
                                      "n.name_pcode_nf",
                                      "n.surname_pcode",
                                      "n.md5sum"
                                    ],
                                    "Filter": "(((n.name)::text ~~ '%Angel%'::text) AND ((n.gender)::text = 'f'::text))",
                                    "Rows Removed by Filter": 4162082
                                  },
                                  {
                                    "Node Type": "Index Scan",
                                    "Parent Relationship": "Inner",
                                    "Parallel Aware": false,
                                    "Async Capable": false,
                                    "Scan Direction": "Forward",
                                    "Index Name": "idx_aka_name_person_id",
                                    "Relation Name": "aka_name",
                                    "Schema": "public",
                                    "Alias": "an",
                                    "Startup Cost": 0.42,
                                    "Total Cost": 12.33,
                                    "Plan Rows": 2,
                                    "Plan Width": 20,
                                    "Actual Startup Time": 0.003,
                                    "Actual Total Time": 0.003,
                                    "Actual Rows": 0,
                                    "Actual Loops": 5409,
                                    "Output": [
                                      "an.id",
                                      "an.person_id",
                                      "an.name",
                                      "an.imdb_index",
                                      "an.name_pcode_cf",
                                      "an.name_pcode_nf",
                                      "an.surname_pcode",
                                      "an.md5sum"
                                    ],
                                    "Index Cond": "(an.person_id = n.id)",
                                    "Rows Removed by Index Recheck": 0
                                  }
                                ]
                              },
                              {
                                "Node Type": "Index Scan",
                                "Parent Relationship": "Inner",
                                "Parallel Aware": false,
                                "Async Capable": false,
                                "Scan Direction": "Forward",
                                "Index Name": "idx_cast_info_person_id",
                                "Relation Name": "cast_info",
                                "Schema": "public",
                                "Alias": "ci",
                                "Startup Cost": 0.44,
                                "Total Cost": 11.92,
                                "Plan Rows": 10,
                                "Plan Width": 16,
                                "Actual Startup Time": 0.018,
                                "Actual Total Time": 0.02,
                                "Actual Rows": 0,
                                "Actual Loops": 1296,
                                "Output": [
                                  "ci.id",
                                  "ci.person_id",
                                  "ci.movie_id",
                                  "ci.person_role_id",
                                  "ci.note",
                                  "ci.nr_order",
                                  "ci.role_id"
                                ],
                                "Index Cond": "(ci.person_id = an.person_id)",
                                "Rows Removed by Index Recheck": 0,
                                "Filter": "((ci.note)::text = '(voice)'::text)",
                                "Rows Removed by Filter": 43
                              }
                            ]
                          },
                          {
                            "Node Type": "Index Scan",
                            "Parent Relationship": "Inner",
                            "Parallel Aware": false,
                            "Async Capable": false,
                            "Scan Direction": "Forward",
                            "Index Name": "idx_title_id",
                            "Relation Name": "title",
                            "Schema": "public",
                            "Alias": "t",
                            "Startup Cost": 0.43,
                            "Total Cost": 0.7,
                            "Plan Rows": 1,
                            "Plan Width": 21,
                            "Actual Startup Time": 0.013,
                            "Actual Total Time": 0.013,
                            "Actual Rows": 0,
                            "Actual Loops": 265,
                            "Output": [
                              "t.id",
                              "t.title",
                              "t.imdb_index",
                              "t.kind_id",
                              "t.production_year",
                              "t.imdb_id",
                              "t.phonetic_code",
                              "t.episode_of_id",
                              "t.season_nr",
                              "t.episode_nr",
                              "t.series_years",
                              "t.md5sum"
                            ],
                            "Index Cond": "(t.id = ci.movie_id)",
                            "Rows Removed by Index Recheck": 0,
                            "Filter": "((t.production_year >= 2007) AND (t.production_year <= 2010))",
                            "Rows Removed by Filter": 1
                          }
                        ]
                      },
                      {
                        "Node Type": "Index Scan",
                        "Parent Relationship": "Inner",
                        "Parallel Aware": false,
                        "Async Capable": false,
                        "Scan Direction": "Forward",
                        "Index Name": "idx_movie_companies_movie_id",
                        "Relation Name": "movie_companies",
                        "Schema": "public",
                        "Alias": "mc",
                        "Startup Cost": 0.43,
                        "Total Cost": 0.7,
                        "Plan Rows": 1,
                        "Plan Width": 8,
                        "Actual Startup Time": 0.014,
                        "Actual Total Time": 0.018,
                        "Actual Rows": 1,
                        "Actual Loops": 65,
                        "Output": [
                          "mc.id",
                          "mc.movie_id",
                          "mc.company_id",
                          "mc.company_type_id",
                          "mc.note"
                        ],
                        "Index Cond": "(mc.movie_id = ci.movie_id)",
                        "Rows Removed by Index Recheck": 0,
                        "Filter": "(((mc.note)::text ~~ '%(200%)%'::text) AND (((mc.note)::text ~~ '%(USA)%'::text) OR ((mc.note)::text ~~ '%(worldwide)%'::text)))",
                        "Rows Removed by Filter": 7
                      }
                    ]
                  },
                  {
                    "Node Type": "Index Scan",
                    "Parent Relationship": "Inner",
                    "Parallel Aware": false,
                    "Async Capable": false,
                    "Scan Direction": "Forward",
                    "Index Name": "idx_company_name_id",
                    "Relation Name": "company_name",
                    "Schema": "public",
                    "Alias": "cn",
                    "Startup Cost": 0.42,
                    "Total Cost": 0.59,
                    "Plan Rows": 1,
                    "Plan Width": 4,
                    "Actual Startup Time": 0.008,
                    "Actual Total Time": 0.008,
                    "Actual Rows": 1,
                    "Actual Loops": 41,
                    "Output": [
                      "cn.id",
                      "cn.name",
                      "cn.country_code",
                      "cn.imdb_id",
                      "cn.name_pcode_nf",
                      "cn.name_pcode_sf",
                      "cn.md5sum"
                    ],
                    "Index Cond": "(cn.id = mc.company_id)",
                    "Rows Removed by Index Recheck": 0,
                    "Filter": "((cn.country_code)::text = '[us]'::text)",
                    "Rows Removed by Filter": 0
                  }
                ]
              },
              {
                "Node Type": "Index Scan",
                "Parent Relationship": "Inner",
                "Parallel Aware": false,
                "Async Capable": false,
                "Scan Direction": "Forward",
                "Index Name": "idx_char_name_id",
                "Relation Name": "char_name",
                "Schema": "public",
                "Alias": "chn",
                "Startup Cost": 0.43,
                "Total Cost": 0.71,
                "Plan Rows": 1,
                "Plan Width": 20,
                "Actual Startup Time": 0.01,
                "Actual Total Time": 0.01,
                "Actual Rows": 1,
                "Actual Loops": 40,
                "Output": [
                  "chn.id",
                  "chn.name",
                  "chn.imdb_index",
                  "chn.imdb_id",
                  "chn.name_pcode_nf",
                  "chn.surname_pcode",
                  "chn.md5sum"
                ],
                "Index Cond": "(chn.id = ci.person_role_id)",
                "Rows Removed by Index Recheck": 0
              }
            ]
          }
        ]
      }
    ]
  },
  "Planning Time": 14.661,
  "Triggers": [],
  "JIT": {
    "Functions": 49,
    "Options": {
      "Inlining": false,
      "Optimization": false,
      "Expressions": true,
      "Deforming": true
    },
    "Timing": {
      "Generation": 3.863,
      "Inlining": 0.0,
      "Optimization": 1.305,
      "Emission": 44.034,
      "Total": 49.202
    }
  },
  "Execution Time": 1007.244
}