{
  "Plan": {
    "Node Type": "Aggregate",
    "Strategy": "Plain",
    "Partial Mode": "Simple",
    "Parallel Aware": false,
    "Async Capable": false,
    "Startup Cost": 139951.73,
    "Total Cost": 139951.74,
    "Plan Rows": 1,
    "Plan Width": 64,
    "Actual Startup Time": 1010.084,
    "Actual Total Time": 1010.092,
    "Actual Rows": 1,
    "Actual Loops": 1,
    "Output": [
      "min((n.name)::text)",
      "min((t.title)::text)"
    ],
    "Plans": [
      {
        "Node Type": "Nested Loop",
        "Parent Relationship": "Outer",
        "Parallel Aware": false,
        "Async Capable": false,
        "Join Type": "Inner",
        "Startup Cost": 3.01,
        "Total Cost": 139950.81,
        "Plan Rows": 184,
        "Plan Width": 32,
        "Actual Startup Time": 442.878,
        "Actual Total Time": 1009.912,
        "Actual Rows": 184,
        "Actual Loops": 1,
        "Output": [
          "n.name",
          "t.title"
        ],
        "Inner Unique": false,
        "Join Filter": "(it.id = mi.info_type_id)",
        "Rows Removed by Join Filter": 0,
        "Plans": [
          {
            "Node Type": "Seq Scan",
            "Parent Relationship": "Outer",
            "Parallel Aware": false,
            "Async Capable": false,
            "Relation Name": "info_type",
            "Schema": "public",
            "Alias": "it",
            "Startup Cost": 0.0,
            "Total Cost": 2.41,
            "Plan Rows": 1,
            "Plan Width": 4,
            "Actual Startup Time": 50.418,
            "Actual Total Time": 50.431,
            "Actual Rows": 1,
            "Actual Loops": 1,
            "Output": [
              "it.id",
              "it.info"
            ],
            "Filter": "((it.info)::text = 'release dates'::text)",
            "Rows Removed by Filter": 112
          },
          {
            "Node Type": "Nested Loop",
            "Parent Relationship": "Inner",
            "Parallel Aware": false,
            "Async Capable": false,
            "Join Type": "Inner",
            "Startup Cost": 3.01,
            "Total Cost": 139946.1,
            "Plan Rows": 184,
            "Plan Width": 36,
            "Actual Startup Time": 392.449,
            "Actual Total Time": 959.426,
            "Actual Rows": 184,
            "Actual Loops": 1,
            "Output": [
              "mi.info_type_id",
              "n.name",
              "t.title"
            ],
            "Inner Unique": false,
            "Join Filter": "(mi.movie_id = t.id)",
            "Rows Removed by Join Filter": 0,
            "Plans": [
              {
                "Node Type": "Nested Loop",
                "Parent Relationship": "Outer",
                "Parallel Aware": false,
                "Async Capable": false,
                "Join Type": "Inner",
                "Startup Cost": 2.57,
                "Total Cost": 139773.8,
                "Plan Rows": 77,
                "Plan Width": 44,
                "Actual Startup Time": 392.369,
                "Actual Total Time": 952.098,
                "Actual Rows": 77,
                "Actual Loops": 1,
                "Output": [
                  "ci.movie_id",
                  "mc.movie_id",
                  "n.name",
                  "t.title",
                  "t.id"
                ],
                "Inner Unique": false,
                "Join Filter": "(ci.role_id = rt.id)",
                "Rows Removed by Join Filter": 0,
                "Plans": [
                  {
                    "Node Type": "Seq Scan",
                    "Parent Relationship": "Outer",
                    "Parallel Aware": false,
                    "Async Capable": false,
                    "Relation Name": "role_type",
                    "Schema": "public",
                    "Alias": "rt",
                    "Startup Cost": 0.0,
                    "Total Cost": 1.15,
                    "Plan Rows": 1,
                    "Plan Width": 4,
                    "Actual Startup Time": 0.044,
                    "Actual Total Time": 0.049,
                    "Actual Rows": 1,
                    "Actual Loops": 1,
                    "Output": [
                      "rt.id",
                      "rt.role"
                    ],
                    "Filter": "((rt.role)::text = 'actress'::text)",
                    "Rows Removed by Filter": 11
                  },
                  {
                    "Node Type": "Nested Loop",
                    "Parent Relationship": "Inner",
                    "Parallel Aware": false,
                    "Async Capable": false,
                    "Join Type": "Inner",
                    "Startup Cost": 2.57,
                    "Total Cost": 139771.68,
                    "Plan Rows": 77,
                    "Plan Width": 48,
                    "Actual Startup Time": 392.316,
                    "Actual Total Time": 952.014,
                    "Actual Rows": 77,
                    "Actual Loops": 1,
                    "Output": [
                      "ci.movie_id",
                      "ci.role_id",
                      "mc.movie_id",
                      "n.name",
                      "t.title",
                      "t.id"
                    ],
                    "Inner Unique": true,
                    "Plans": [
                      {
                        "Node Type": "Nested Loop",
                        "Parent Relationship": "Outer",
                        "Parallel Aware": false,
                        "Async Capable": false,
                        "Join Type": "Inner",
                        "Startup Cost": 2.15,
                        "Total Cost": 139733.04,
                        "Plan Rows": 79,
                        "Plan Width": 52,
                        "Actual Startup Time": 392.267,
                        "Actual Total Time": 951.349,
                        "Actual Rows": 79,
                        "Actual Loops": 1,
                        "Output": [
                          "ci.movie_id",
                          "ci.role_id",
                          "mc.movie_id",
                          "mc.company_id",
                          "n.name",
                          "t.title",
                          "t.id"
                        ],
                        "Inner Unique": true,
                        "Plans": [
                          {
                            "Node Type": "Nested Loop",
                            "Parent Relationship": "Outer",
                            "Parallel Aware": false,
                            "Async Capable": false,
                            "Join Type": "Inner",
                            "Startup Cost": 1.72,
                            "Total Cost": 139691.48,
                            "Plan Rows": 85,
                            "Plan Width": 56,
                            "Actual Startup Time": 389.489,
                            "Actual Total Time": 950.749,
                            "Actual Rows": 85,
                            "Actual Loops": 1,
                            "Output": [
                              "ci.movie_id",
                              "ci.role_id",
                              "ci.person_role_id",
                              "mc.movie_id",
                              "mc.company_id",
                              "n.name",
                              "t.title",
                              "t.id"
                            ],
                            "Inner Unique": false,
                            "Join Filter": "(mc.movie_id = t.id)",
                            "Rows Removed by Join Filter": 0,
                            "Plans": [
                              {
                                "Node Type": "Nested Loop",
                                "Parent Relationship": "Outer",
                                "Parallel Aware": false,
                                "Async Capable": false,
                                "Join Type": "Inner",
                                "Startup Cost": 1.29,
                                "Total Cost": 139614.41,
                                "Plan Rows": 115,
                                "Plan Width": 48,
                                "Actual Startup Time": 389.424,
                                "Actual Total Time": 948.845,
                                "Actual Rows": 115,
                                "Actual Loops": 1,
                                "Output": [
                                  "ci.movie_id",
                                  "ci.role_id",
                                  "ci.person_role_id",
                                  "n.name",
                                  "t.title",
                                  "t.id"
                                ],
                                "Inner Unique": true,
                                "Plans": [
                                  {
                                    "Node Type": "Nested Loop",
                                    "Parent Relationship": "Outer",
                                    "Parallel Aware": false,
                                    "Async Capable": false,
                                    "Join Type": "Inner",
                                    "Startup Cost": 0.86,
                                    "Total Cost": 139334.29,
                                    "Plan Rows": 425,
                                    "Plan Width": 27,
                                    "Actual Startup Time": 386.46,
                                    "Actual Total Time": 943.791,
                                    "Actual Rows": 425,
                                    "Actual Loops": 1,
                                    "Output": [
                                      "ci.movie_id",
                                      "ci.role_id",
                                      "ci.person_role_id",
                                      "n.name"
                                    ],
                                    "Inner Unique": false,
                                    "Join Filter": "(ci.person_id = n.id)",
                                    "Rows Removed by Join Filter": 0,
                                    "Plans": [
                                      {
                                        "Node Type": "Nested Loop",
                                        "Parent Relationship": "Outer",
                                        "Parallel Aware": false,
                                        "Async Capable": false,
                                        "Join Type": "Inner",
                                        "Startup Cost": 0.42,
                                        "Total Cost": 118548.44,
                                        "Plan Rows": 1558,
                                        "Plan Width": 23,
                                        "Actual Startup Time": 377.379,
                                        "Actual Total Time": 907.899,
                                        "Actual Rows": 1558,
                                        "Actual Loops": 1,
                                        "Output": [
                                          "an.person_id",
                                          "n.name",
                                          "n.id"
                                        ],
                                        "Inner Unique": false,
                                        "Plans": [
                                          {
                                            "Node Type": "Seq Scan",
                                            "Parent Relationship": "Outer",
                                            "Parallel Aware": false,
                                            "Async Capable": false,
                                            "Relation Name": "name",
                                            "Schema": "public",
                                            "Alias": "n",
                                            "Startup Cost": 0.0,
                                            "Total Cost": 118126.36,
                                            "Plan Rows": 96,
                                            "Plan Width": 19,
                                            "Actual Startup Time": 376.357,
                                            "Actual Total Time": 888.502,
                                            "Actual Rows": 6768,
                                            "Actual Loops": 1,
                                            "Output": [
                                              "n.id",
                                              "n.name",
                                              "n.imdb_index",
                                              "n.imdb_id",
                                              "n.gender",
                                              "n.name_pcode_cf",
                                              "n.name_pcode_nf",
                                              "n.surname_pcode",
                                              "n.md5sum"
                                            ],
                                            "Filter": "(((n.name)::text ~~ '%Ang%'::text) AND ((n.gender)::text = 'f'::text))",
                                            "Rows Removed by Filter": 4160723
                                          },
                                          {
                                            "Node Type": "Index Only Scan",
                                            "Parent Relationship": "Inner",
                                            "Parallel Aware": false,
                                            "Async Capable": false,
                                            "Scan Direction": "Forward",
                                            "Index Name": "idx_aka_name_person_id",
                                            "Relation Name": "aka_name",
                                            "Schema": "public",
                                            "Alias": "an",
                                            "Startup Cost": 0.42,
                                            "Total Cost": 4.38,
                                            "Plan Rows": 2,
                                            "Plan Width": 4,
                                            "Actual Startup Time": 0.002,
                                            "Actual Total Time": 0.002,
                                            "Actual Rows": 0,
                                            "Actual Loops": 6768,
                                            "Output": [
                                              "an.person_id"
                                            ],
                                            "Index Cond": "(an.person_id = n.id)",
                                            "Rows Removed by Index Recheck": 0,
                                            "Heap Fetches": 0
                                          }
                                        ]
                                      },
                                      {
                                        "Node Type": "Index Scan",
                                        "Parent Relationship": "Inner",
                                        "Parallel Aware": false,
                                        "Async Capable": false,
                                        "Scan Direction": "Forward",
                                        "Index Name": "idx_cast_info_person_id",
                                        "Relation Name": "cast_info",
                                        "Schema": "public",
                                        "Alias": "ci",
                                        "Startup Cost": 0.44,
                                        "Total Cost": 13.19,
                                        "Plan Rows": 12,
                                        "Plan Width": 16,
                                        "Actual Startup Time": 0.021,
                                        "Actual Total Time": 0.022,
                                        "Actual Rows": 0,
                                        "Actual Loops": 1558,
                                        "Output": [
                                          "ci.id",
                                          "ci.person_id",
                                          "ci.movie_id",
                                          "ci.person_role_id",
                                          "ci.note",
                                          "ci.nr_order",
                                          "ci.role_id"
                                        ],
                                        "Index Cond": "(ci.person_id = an.person_id)",
                                        "Rows Removed by Index Recheck": 0,
                                        "Filter": "((ci.note)::text = ANY ('{(voice),\"(voice: Japanese version)\",\"(voice) (uncredited)\",\"(voice: English version)\"}'::text[]))",
                                        "Rows Removed by Filter": 44
                                      }
                                    ]
                                  },
                                  {
                                    "Node Type": "Index Scan",
                                    "Parent Relationship": "Inner",
                                    "Parallel Aware": false,
                                    "Async Capable": false,
                                    "Scan Direction": "Forward",
                                    "Index Name": "idx_title_id",
                                    "Relation Name": "title",
                                    "Schema": "public",
                                    "Alias": "t",
                                    "Startup Cost": 0.43,
                                    "Total Cost": 0.66,
                                    "Plan Rows": 1,
                                    "Plan Width": 21,
                                    "Actual Startup Time": 0.011,
                                    "Actual Total Time": 0.011,
                                    "Actual Rows": 0,
                                    "Actual Loops": 425,
                                    "Output": [
                                      "t.id",
                                      "t.title",
                                      "t.imdb_index",
                                      "t.kind_id",
                                      "t.production_year",
                                      "t.imdb_id",
                                      "t.phonetic_code",
                                      "t.episode_of_id",
                                      "t.season_nr",
                                      "t.episode_nr",
                                      "t.series_years",
                                      "t.md5sum"
                                    ],
                                    "Index Cond": "(t.id = ci.movie_id)",
                                    "Rows Removed by Index Recheck": 0,
                                    "Filter": "((t.production_year >= 2005) AND (t.production_year <= 2009))",
                                    "Rows Removed by Filter": 1
                                  }
                                ]
                              },
                              {
                                "Node Type": "Index Scan",
                                "Parent Relationship": "Inner",
                                "Parallel Aware": false,
                                "Async Capable": false,
                                "Scan Direction": "Forward",
                                "Index Name": "idx_movie_companies_movie_id",
                                "Relation Name": "movie_companies",
                                "Schema": "public",
                                "Alias": "mc",
                                "Startup Cost": 0.43,
                                "Total Cost": 0.66,
                                "Plan Rows": 1,
                                "Plan Width": 8,
                                "Actual Startup Time": 0.012,
                                "Actual Total Time": 0.016,
                                "Actual Rows": 1,
                                "Actual Loops": 115,
                                "Output": [
                                  "mc.id",
                                  "mc.movie_id",
                                  "mc.company_id",
                                  "mc.company_type_id",
                                  "mc.note"
                                ],
                                "Index Cond": "(mc.movie_id = ci.movie_id)",
                                "Rows Removed by Index Recheck": 0,
                                "Filter": "((mc.note IS NOT NULL) AND (((mc.note)::text ~~ '%(USA)%'::text) OR ((mc.note)::text ~~ '%(worldwide)%'::text)))",
                                "Rows Removed by Filter": 5
                              }
                            ]
                          },
                          {
                            "Node Type": "Index Only Scan",
                            "Parent Relationship": "Inner",
                            "Parallel Aware": false,
                            "Async Capable": false,
                            "Scan Direction": "Forward",
                            "Index Name": "idx_char_name_id",
                            "Relation Name": "char_name",
                            "Schema": "public",
                            "Alias": "chn",
                            "Startup Cost": 0.43,
                            "Total Cost": 0.49,
                            "Plan Rows": 1,
                            "Plan Width": 4,
                            "Actual Startup Time": 0.006,
                            "Actual Total Time": 0.006,
                            "Actual Rows": 1,
                            "Actual Loops": 85,
                            "Output": [
                              "chn.id"
                            ],
                            "Index Cond": "(chn.id = ci.person_role_id)",
                            "Rows Removed by Index Recheck": 0,
                            "Heap Fetches": 0
                          }
                        ]
                      },
                      {
                        "Node Type": "Index Scan",
                        "Parent Relationship": "Inner",
                        "Parallel Aware": false,
                        "Async Capable": false,
                        "Scan Direction": "Forward",
                        "Index Name": "idx_company_name_id",
                        "Relation Name": "company_name",
                        "Schema": "public",
                        "Alias": "cn",
                        "Startup Cost": 0.42,
                        "Total Cost": 0.49,
                        "Plan Rows": 1,
                        "Plan Width": 4,
                        "Actual Startup Time": 0.007,
                        "Actual Total Time": 0.007,
                        "Actual Rows": 1,
                        "Actual Loops": 79,
                        "Output": [
                          "cn.id",
                          "cn.name",
                          "cn.country_code",
                          "cn.imdb_id",
                          "cn.name_pcode_nf",
                          "cn.name_pcode_sf",
                          "cn.md5sum"
                        ],
                        "Index Cond": "(cn.id = mc.company_id)",
                        "Rows Removed by Index Recheck": 0,
                        "Filter": "((cn.country_code)::text = '[us]'::text)",
                        "Rows Removed by Filter": 0
                      }
                    ]
                  }
                ]
              },
              {
                "Node Type": "Index Scan",
                "Parent Relationship": "Inner",
                "Parallel Aware": false,
                "Async Capable": false,
                "Scan Direction": "Forward",
                "Index Name": "idx_movie_info_movie_id",
                "Relation Name": "movie_info",
                "Schema": "public",
                "Alias": "mi",
                "Startup Cost": 0.43,
                "Total Cost": 2.23,
                "Plan Rows": 1,
                "Plan Width": 8,
                "Actual Startup Time": 0.025,
                "Actual Total Time": 0.094,
                "Actual Rows": 2,
                "Actual Loops": 77,
                "Output": [
                  "mi.id",
                  "mi.movie_id",
                  "mi.info_type_id",
                  "mi.info",
                  "mi.note"
                ],
                "Index Cond": "(mi.movie_id = ci.movie_id)",
                "Rows Removed by Index Recheck": 0,
                "Filter": "((mi.info IS NOT NULL) AND (((mi.info)::text ~~ 'Japan:%200%'::text) OR ((mi.info)::text ~~ 'USA:%200%'::text)))",
                "Rows Removed by Filter": 166
              }
            ]
          }
        ]
      }
    ]
  },
  "Planning Time": 49.949,
  "Triggers": [],
  "JIT": {
    "Functions": 61,
    "Options": {
      "Inlining": false,
      "Optimization": false,
      "Expressions": true,
      "Deforming": true
    },
    "Timing": {
      "Generation": 4.523,
      "Inlining": 0.0,
      "Optimization": 1.475,
      "Emission": 49.123,
      "Total": 55.12
    }
  },
  "Execution Time": 1041.936
}