{
  "Plan": {
    "Node Type": "Aggregate",
    "Strategy": "Plain",
    "Partial Mode": "Simple",
    "Parallel Aware": false,
    "Async Capable": false,
    "Startup Cost": 20809.73,
    "Total Cost": 20809.74,
    "Plan Rows": 1,
    "Plan Width": 64,
    "Actual Startup Time": 28.777,
    "Actual Total Time": 28.779,
    "Actual Rows": 1,
    "Actual Loops": 1,
    "Output": [
      "min((mi_idx.info)::text)",
      "min((t.title)::text)"
    ],
    "Plans": [
      {
        "Node Type": "Nested Loop",
        "Parent Relationship": "Outer",
        "Parallel Aware": false,
        "Async Capable": false,
        "Join Type": "Inner",
        "Startup Cost": 1.71,
        "Total Cost": 20809.7,
        "Plan Rows": 6,
        "Plan Width": 22,
        "Actual Startup Time": 8.847,
        "Actual Total Time": 28.76,
        "Actual Rows": 6,
        "Actual Loops": 1,
        "Output": [
          "mi_idx.info",
          "t.title"
        ],
        "Inner Unique": true,
        "Plans": [
          {
            "Node Type": "Nested Loop",
            "Parent Relationship": "Outer",
            "Parallel Aware": false,
            "Async Capable": false,
            "Join Type": "Inner",
            "Startup Cost": 1.29,
            "Total Cost": 20337.65,
            "Plan Rows": 1070,
            "Plan Width": 26,
            "Actual Startup Time": 6.602,
            "Actual Total Time": 23.966,
            "Actual Rows": 1070,
            "Actual Loops": 1,
            "Output": [
              "mi_idx.info",
              "mk.keyword_id",
              "t.title"
            ],
            "Inner Unique": false,
            "Plans": [
              {
                "Node Type": "Nested Loop",
                "Parent Relationship": "Outer",
                "Parallel Aware": false,
                "Async Capable": false,
                "Join Type": "Inner",
                "Startup Cost": 0.86,
                "Total Cost": 20193.46,
                "Plan Rows": 72,
                "Plan Width": 30,
                "Actual Startup Time": 6.335,
                "Actual Total Time": 22.341,
                "Actual Rows": 72,
                "Actual Loops": 1,
                "Output": [
                  "mi_idx.info",
                  "mi_idx.movie_id",
                  "t.title",
                  "t.id"
                ],
                "Inner Unique": true,
                "Plans": [
                  {
                    "Node Type": "Nested Loop",
                    "Parent Relationship": "Outer",
                    "Parallel Aware": false,
                    "Async Capable": false,
                    "Join Type": "Inner",
                    "Startup Cost": 0.43,
                    "Total Cost": 18091.9,
                    "Plan Rows": 305,
                    "Plan Width": 9,
                    "Actual Startup Time": 6.27,
                    "Actual Total Time": 17.074,
                    "Actual Rows": 305,
                    "Actual Loops": 1,
                    "Output": [
                      "mi_idx.info",
                      "mi_idx.movie_id"
                    ],
                    "Inner Unique": false,
                    "Join Filter": "(it.id = mi_idx.info_type_id)",
                    "Rows Removed by Join Filter": 8076,
                    "Plans": [
                      {
                        "Node Type": "Seq Scan",
                        "Parent Relationship": "Outer",
                        "Parallel Aware": false,
                        "Async Capable": false,
                        "Relation Name": "info_type",
                        "Schema": "public",
                        "Alias": "it",
                        "Startup Cost": 0.0,
                        "Total Cost": 2.41,
                        "Plan Rows": 1,
                        "Plan Width": 4,
                        "Actual Startup Time": 0.025,
                        "Actual Total Time": 0.029,
                        "Actual Rows": 1,
                        "Actual Loops": 1,
                        "Output": [
                          "it.id",
                          "it.info"
                        ],
                        "Filter": "((it.info)::text = 'rating'::text)",
                        "Rows Removed by Filter": 112
                      },
                      {
                        "Node Type": "Index Scan",
                        "Parent Relationship": "Inner",
                        "Parallel Aware": false,
                        "Async Capable": false,
                        "Scan Direction": "Forward",
                        "Index Name": "idx_movie_info_idx_info",
                        "Relation Name": "movie_info_idx",
                        "Schema": "public",
                        "Alias": "mi_idx",
                        "Startup Cost": 0.43,
                        "Total Cost": 18011.48,
                        "Plan Rows": 6240,
                        "Plan Width": 13,
                        "Actual Startup Time": 0.099,
                        "Actual Total Time": 15.998,
                        "Actual Rows": 8381,
                        "Actual Loops": 1,
                        "Output": [
                          "mi_idx.id",
                          "mi_idx.movie_id",
                          "mi_idx.info_type_id",
                          "mi_idx.info",
                          "mi_idx.note"
                        ],
                        "Index Cond": "((mi_idx.info)::text > '9.0'::text)",
                        "Rows Removed by Index Recheck": 0
                      }
                    ]
                  },
                  {
                    "Node Type": "Index Scan",
                    "Parent Relationship": "Inner",
                    "Parallel Aware": false,
                    "Async Capable": false,
                    "Scan Direction": "Forward",
                    "Index Name": "idx_title_id",
                    "Relation Name": "title",
                    "Schema": "public",
                    "Alias": "t",
                    "Startup Cost": 0.43,
                    "Total Cost": 6.89,
                    "Plan Rows": 1,
                    "Plan Width": 21,
                    "Actual Startup Time": 0.017,
                    "Actual Total Time": 0.017,
                    "Actual Rows": 0,
                    "Actual Loops": 305,
                    "Output": [
                      "t.id",
                      "t.title",
                      "t.imdb_index",
                      "t.kind_id",
                      "t.production_year",
                      "t.imdb_id",
                      "t.phonetic_code",
                      "t.episode_of_id",
                      "t.season_nr",
                      "t.episode_nr",
                      "t.series_years",
                      "t.md5sum"
                    ],
                    "Index Cond": "(t.id = mi_idx.movie_id)",
                    "Rows Removed by Index Recheck": 0,
                    "Filter": "(t.production_year > 2010)",
                    "Rows Removed by Filter": 1
                  }
                ]
              },
              {
                "Node Type": "Index Scan",
                "Parent Relationship": "Inner",
                "Parallel Aware": false,
                "Async Capable": false,
                "Scan Direction": "Forward",
                "Index Name": "idx_movie_keyword_movie_id",
                "Relation Name": "movie_keyword",
                "Schema": "public",
                "Alias": "mk",
                "Startup Cost": 0.43,
                "Total Cost": 1.54,
                "Plan Rows": 46,
                "Plan Width": 8,
                "Actual Startup Time": 0.015,
                "Actual Total Time": 0.019,
                "Actual Rows": 15,
                "Actual Loops": 72,
                "Output": [
                  "mk.id",
                  "mk.movie_id",
                  "mk.keyword_id"
                ],
                "Index Cond": "(mk.movie_id = t.id)",
                "Rows Removed by Index Recheck": 0
              }
            ]
          },
          {
            "Node Type": "Index Scan",
            "Parent Relationship": "Inner",
            "Parallel Aware": false,
            "Async Capable": false,
            "Scan Direction": "Forward",
            "Index Name": "idx_keyword_id",
            "Relation Name": "keyword",
            "Schema": "public",
            "Alias": "k",
            "Startup Cost": 0.42,
            "Total Cost": 0.44,
            "Plan Rows": 1,
            "Plan Width": 4,
            "Actual Startup Time": 0.004,
            "Actual Total Time": 0.004,
            "Actual Rows": 0,
            "Actual Loops": 1070,
            "Output": [
              "k.id",
              "k.keyword",
              "k.phonetic_code"
            ],
            "Index Cond": "(k.id = mk.keyword_id)",
            "Rows Removed by Index Recheck": 0,
            "Filter": "((k.keyword)::text ~~ '%sequel%'::text)",
            "Rows Removed by Filter": 1
          }
        ]
      }
    ]
  },
  "Planning Time": 5.031,
  "Triggers": [],
  "Execution Time": 28.914
}