{
  "Plan": {
    "Node Type": "Aggregate",
    "Strategy": "Plain",
    "Partial Mode": "Simple",
    "Parallel Aware": false,
    "Async Capable": false,
    "Startup Cost": 20000383189.83,
    "Total Cost": 20000383189.84,
    "Plan Rows": 1,
    "Plan Width": 64,
    "Actual Startup Time": 1983.663,
    "Actual Total Time": 1983.671,
    "Actual Rows": 1,
    "Actual Loops": 1,
    "Output": [
      "min((at.title)::text)",
      "min((t.title)::text)"
    ],
    "Plans": [
      {
        "Node Type": "Nested Loop",
        "Parent Relationship": "Outer",
        "Parallel Aware": false,
        "Async Capable": false,
        "Join Type": "Inner",
        "Startup Cost": 20000020852.27,
        "Total Cost": 20000383189.83,
        "Plan Rows": 1,
        "Plan Width": 38,
        "Actual Startup Time": 1130.958,
        "Actual Total Time": 1983.618,
        "Actual Rows": 4,
        "Actual Loops": 1,
        "Output": [
          "at.title",
          "t.title"
        ],
        "Inner Unique": true,
        "Join Filter": "(ct.id = mc.company_type_id)",
        "Rows Removed by Join Filter": 3,
        "Plans": [
          {
            "Node Type": "Nested Loop",
            "Parent Relationship": "Outer",
            "Parallel Aware": false,
            "Async Capable": false,
            "Join Type": "Inner",
            "Startup Cost": 10000020852.27,
            "Total Cost": 10000383188.74,
            "Plan Rows": 1,
            "Plan Width": 42,
            "Actual Startup Time": 1130.943,
            "Actual Total Time": 1983.589,
            "Actual Rows": 4,
            "Actual Loops": 1,
            "Output": [
              "at.title",
              "mc.company_type_id",
              "t.title"
            ],
            "Inner Unique": true,
            "Plans": [
              {
                "Node Type": "Nested Loop",
                "Parent Relationship": "Outer",
                "Parallel Aware": false,
                "Async Capable": false,
                "Join Type": "Inner",
                "Startup Cost": 20852.13,
                "Total Cost": 383188.56,
                "Plan Rows": 1,
                "Plan Width": 46,
                "Actual Startup Time": 1130.918,
                "Actual Total Time": 1983.553,
                "Actual Rows": 4,
                "Actual Loops": 1,
                "Output": [
                  "at.title",
                  "mc.company_type_id",
                  "mi.info_type_id",
                  "t.title"
                ],
                "Inner Unique": true,
                "Join Filter": "((cn.name_pcode_nf)::text = (k.phonetic_code)::text)",
                "Rows Removed by Join Filter": 24098,
                "Plans": [
                  {
                    "Node Type": "Nested Loop",
                    "Parent Relationship": "Outer",
                    "Parallel Aware": false,
                    "Async Capable": false,
                    "Join Type": "Inner",
                    "Startup Cost": 20851.71,
                    "Total Cost": 381846.89,
                    "Plan Rows": 2973,
                    "Plan Width": 60,
                    "Actual Startup Time": 855.502,
                    "Actual Total Time": 1930.751,
                    "Actual Rows": 24102,
                    "Actual Loops": 1,
                    "Output": [
                      "at.title",
                      "mc.company_type_id",
                      "cn.name_pcode_nf",
                      "cn.name_pcode_sf",
                      "mi.info_type_id",
                      "mk.keyword_id",
                      "t.title"
                    ],
                    "Inner Unique": false,
                    "Plans": [
                      {
                        "Node Type": "Nested Loop",
                        "Parent Relationship": "Outer",
                        "Parallel Aware": false,
                        "Async Capable": false,
                        "Join Type": "Inner",
                        "Startup Cost": 20851.27,
                        "Total Cost": 381680.94,
                        "Plan Rows": 94,
                        "Plan Width": 72,
                        "Actual Startup Time": 855.461,
                        "Actual Total Time": 1919.564,
                        "Actual Rows": 994,
                        "Actual Loops": 1,
                        "Output": [
                          "at.title",
                          "at.movie_id",
                          "mc.movie_id",
                          "mc.company_type_id",
                          "cn.name_pcode_nf",
                          "cn.name_pcode_sf",
                          "mi.movie_id",
                          "mi.info_type_id",
                          "t.title",
                          "t.id"
                        ],
                        "Inner Unique": true,
                        "Join Filter": "(t.id = at.movie_id)",
                        "Rows Removed by Join Filter": 0,
                        "Plans": [
                          {
                            "Node Type": "Hash Join",
                            "Parent Relationship": "Outer",
                            "Parallel Aware": false,
                            "Async Capable": false,
                            "Join Type": "Inner",
                            "Startup Cost": 20850.84,
                            "Total Cost": 381609.09,
                            "Plan Rows": 136,
                            "Plan Width": 51,
                            "Actual Startup Time": 855.416,
                            "Actual Total Time": 1913.369,
                            "Actual Rows": 1345,
                            "Actual Loops": 1,
                            "Output": [
                              "at.title",
                              "at.movie_id",
                              "mc.movie_id",
                              "mc.company_type_id",
                              "cn.name_pcode_nf",
                              "cn.name_pcode_sf",
                              "mi.movie_id",
                              "mi.info_type_id"
                            ],
                            "Inner Unique": true,
                            "Hash Cond": "(mc.company_id = cn.id)",
                            "Plans": [
                              {
                                "Node Type": "Nested Loop",
                                "Parent Relationship": "Outer",
                                "Parallel Aware": false,
                                "Async Capable": false,
                                "Join Type": "Inner",
                                "Startup Cost": 14325.55,
                                "Total Cost": 374887.39,
                                "Plan Rows": 74822,
                                "Plan Width": 45,
                                "Actual Startup Time": 192.064,
                                "Actual Total Time": 1248.962,
                                "Actual Rows": 3759,
                                "Actual Loops": 1,
                                "Output": [
                                  "at.title",
                                  "at.movie_id",
                                  "mc.movie_id",
                                  "mc.company_id",
                                  "mc.company_type_id",
                                  "mi.movie_id",
                                  "mi.info_type_id"
                                ],
                                "Inner Unique": false,
                                "Plans": [
                                  {
                                    "Node Type": "Hash Join",
                                    "Parent Relationship": "Outer",
                                    "Parallel Aware": false,
                                    "Async Capable": false,
                                    "Join Type": "Inner",
                                    "Startup Cost": 14325.12,
                                    "Total Cost": 363404.89,
                                    "Plan Rows": 13796,
                                    "Plan Width": 33,
                                    "Actual Startup Time": 191.993,
                                    "Actual Total Time": 1238.823,
                                    "Actual Rows": 820,
                                    "Actual Loops": 1,
                                    "Output": [
                                      "at.title",
                                      "at.movie_id",
                                      "mi.movie_id",
                                      "mi.info_type_id"
                                    ],
                                    "Inner Unique": false,
                                    "Hash Cond": "(mi.movie_id = at.movie_id)",
                                    "Plans": [
                                      {
                                        "Node Type": "Seq Scan",
                                        "Parent Relationship": "Outer",
                                        "Parallel Aware": false,
                                        "Async Capable": false,
                                        "Relation Name": "movie_info",
                                        "Schema": "public",
                                        "Alias": "mi",
                                        "Startup Cost": 0.0,
                                        "Total Cost": 347094.5,
                                        "Plan Rows": 13435,
                                        "Plan Width": 8,
                                        "Actual Startup Time": 18.917,
                                        "Actual Total Time": 1118.513,
                                        "Actual Rows": 10810,
                                        "Actual Loops": 1,
                                        "Output": [
                                          "mi.id",
                                          "mi.movie_id",
                                          "mi.info_type_id",
                                          "mi.info",
                                          "mi.note"
                                        ],
                                        "Filter": "((mi.note)::text ~~ '%internet%'::text)",
                                        "Rows Removed by Filter": 14824910
                                      },
                                      {
                                        "Node Type": "Hash",
                                        "Parent Relationship": "Inner",
                                        "Parallel Aware": false,
                                        "Async Capable": false,
                                        "Startup Cost": 9806.72,
                                        "Total Cost": 9806.72,
                                        "Plan Rows": 361472,
                                        "Plan Width": 25,
                                        "Actual Startup Time": 114.582,
                                        "Actual Total Time": 114.584,
                                        "Actual Rows": 361472,
                                        "Actual Loops": 1,
                                        "Output": [
                                          "at.title",
                                          "at.movie_id"
                                        ],
                                        "Hash Buckets": 524288,
                                        "Original Hash Buckets": 524288,
                                        "Hash Batches": 1,
                                        "Original Hash Batches": 1,
                                        "Peak Memory Usage": 25054,
                                        "Plans": [
                                          {
                                            "Node Type": "Seq Scan",
                                            "Parent Relationship": "Outer",
                                            "Parallel Aware": false,
                                            "Async Capable": false,
                                            "Relation Name": "aka_title",
                                            "Schema": "public",
                                            "Alias": "at",
                                            "Startup Cost": 0.0,
                                            "Total Cost": 9806.72,
                                            "Plan Rows": 361472,
                                            "Plan Width": 25,
                                            "Actual Startup Time": 0.039,
                                            "Actual Total Time": 42.497,
                                            "Actual Rows": 361472,
                                            "Actual Loops": 1,
                                            "Output": [
                                              "at.title",
                                              "at.movie_id"
                                            ]
                                          }
                                        ]
                                      }
                                    ]
                                  },
                                  {
                                    "Node Type": "Index Scan",
                                    "Parent Relationship": "Inner",
                                    "Parallel Aware": false,
                                    "Async Capable": false,
                                    "Scan Direction": "Forward",
                                    "Index Name": "idx_movie_companies_movie_id",
                                    "Relation Name": "movie_companies",
                                    "Schema": "public",
                                    "Alias": "mc",
                                    "Startup Cost": 0.43,
                                    "Total Cost": 0.78,
                                    "Plan Rows": 5,
                                    "Plan Width": 12,
                                    "Actual Startup Time": 0.008,
                                    "Actual Total Time": 0.011,
                                    "Actual Rows": 5,
                                    "Actual Loops": 820,
                                    "Output": [
                                      "mc.id",
                                      "mc.movie_id",
                                      "mc.company_id",
                                      "mc.company_type_id",
                                      "mc.note"
                                    ],
                                    "Index Cond": "(mc.movie_id = at.movie_id)",
                                    "Rows Removed by Index Recheck": 0
                                  }
                                ]
                              },
                              {
                                "Node Type": "Hash",
                                "Parent Relationship": "Inner",
                                "Parallel Aware": false,
                                "Async Capable": false,
                                "Startup Cost": 6519.95,
                                "Total Cost": 6519.95,
                                "Plan Rows": 427,
                                "Plan Width": 14,
                                "Actual Startup Time": 663.306,
                                "Actual Total Time": 663.307,
                                "Actual Rows": 81184,
                                "Actual Loops": 1,
                                "Output": [
                                  "cn.id",
                                  "cn.name_pcode_nf",
                                  "cn.name_pcode_sf"
                                ],
                                "Hash Buckets": 131072,
                                "Original Hash Buckets": 1024,
                                "Hash Batches": 1,
                                "Original Hash Batches": 1,
                                "Peak Memory Usage": 4824,
                                "Plans": [
                                  {
                                    "Node Type": "Seq Scan",
                                    "Parent Relationship": "Outer",
                                    "Parallel Aware": false,
                                    "Async Capable": false,
                                    "Relation Name": "company_name",
                                    "Schema": "public",
                                    "Alias": "cn",
                                    "Startup Cost": 0.0,
                                    "Total Cost": 6519.95,
                                    "Plan Rows": 427,
                                    "Plan Width": 14,
                                    "Actual Startup Time": 616.361,
                                    "Actual Total Time": 648.772,
                                    "Actual Rows": 81184,
                                    "Actual Loops": 1,
                                    "Output": [
                                      "cn.id",
                                      "cn.name_pcode_nf",
                                      "cn.name_pcode_sf"
                                    ],
                                    "Filter": "(((cn.country_code)::text = '[us]'::text) AND ((cn.name_pcode_nf)::text = (cn.name_pcode_sf)::text))",
                                    "Rows Removed by Filter": 153813
                                  }
                                ]
                              }
                            ]
                          },
                          {
                            "Node Type": "Index Scan",
                            "Parent Relationship": "Inner",
                            "Parallel Aware": false,
                            "Async Capable": false,
                            "Scan Direction": "Forward",
                            "Index Name": "idx_title_id",
                            "Relation Name": "title",
                            "Schema": "public",
                            "Alias": "t",
                            "Startup Cost": 0.43,
                            "Total Cost": 0.52,
                            "Plan Rows": 1,
                            "Plan Width": 21,
                            "Actual Startup Time": 0.004,
                            "Actual Total Time": 0.004,
                            "Actual Rows": 1,
                            "Actual Loops": 1345,
                            "Output": [
                              "t.id",
                              "t.title",
                              "t.imdb_index",
                              "t.kind_id",
                              "t.production_year",
                              "t.imdb_id",
                              "t.phonetic_code",
                              "t.episode_of_id",
                              "t.season_nr",
                              "t.episode_nr",
                              "t.series_years",
                              "t.md5sum"
                            ],
                            "Index Cond": "(t.id = mc.movie_id)",
                            "Rows Removed by Index Recheck": 0,
                            "Filter": "(t.production_year > 1990)",
                            "Rows Removed by Filter": 0
                          }
                        ]
                      },
                      {
                        "Node Type": "Index Scan",
                        "Parent Relationship": "Inner",
                        "Parallel Aware": false,
                        "Async Capable": false,
                        "Scan Direction": "Forward",
                        "Index Name": "idx_movie_keyword_movie_id",
                        "Relation Name": "movie_keyword",
                        "Schema": "public",
                        "Alias": "mk",
                        "Startup Cost": 0.43,
                        "Total Cost": 1.31,
                        "Plan Rows": 46,
                        "Plan Width": 8,
                        "Actual Startup Time": 0.003,
                        "Actual Total Time": 0.008,
                        "Actual Rows": 24,
                        "Actual Loops": 994,
                        "Output": [
                          "mk.id",
                          "mk.movie_id",
                          "mk.keyword_id"
                        ],
                        "Index Cond": "(mk.movie_id = t.id)",
                        "Rows Removed by Index Recheck": 0
                      }
                    ]
                  },
                  {
                    "Node Type": "Index Scan",
                    "Parent Relationship": "Inner",
                    "Parallel Aware": false,
                    "Async Capable": false,
                    "Scan Direction": "Forward",
                    "Index Name": "keyword_pkey",
                    "Relation Name": "keyword",
                    "Schema": "public",
                    "Alias": "k",
                    "Startup Cost": 0.42,
                    "Total Cost": 0.44,
                    "Plan Rows": 1,
                    "Plan Width": 9,
                    "Actual Startup Time": 0.002,
                    "Actual Total Time": 0.002,
                    "Actual Rows": 1,
                    "Actual Loops": 24102,
                    "Output": [
                      "k.id",
                      "k.keyword",
                      "k.phonetic_code"
                    ],
                    "Index Cond": "(k.id = mk.keyword_id)",
                    "Rows Removed by Index Recheck": 0
                  }
                ]
              },
              {
                "Node Type": "Index Scan",
                "Parent Relationship": "Inner",
                "Parallel Aware": false,
                "Async Capable": false,
                "Scan Direction": "Forward",
                "Index Name": "info_type_pkey",
                "Relation Name": "info_type",
                "Schema": "public",
                "Alias": "it1",
                "Startup Cost": 0.14,
                "Total Cost": 0.16,
                "Plan Rows": 1,
                "Plan Width": 4,
                "Actual Startup Time": 0.006,
                "Actual Total Time": 0.006,
                "Actual Rows": 1,
                "Actual Loops": 4,
                "Output": [
                  "it1.id",
                  "it1.info"
                ],
                "Index Cond": "(it1.id = mi.info_type_id)",
                "Rows Removed by Index Recheck": 0,
                "Filter": "((it1.info)::text = 'release dates'::text)",
                "Rows Removed by Filter": 0
              }
            ]
          },
          {
            "Node Type": "Seq Scan",
            "Parent Relationship": "Inner",
            "Parallel Aware": false,
            "Async Capable": false,
            "Relation Name": "company_type",
            "Schema": "public",
            "Alias": "ct",
            "Startup Cost": 0.0,
            "Total Cost": 1.04,
            "Plan Rows": 4,
            "Plan Width": 4,
            "Actual Startup Time": 0.002,
            "Actual Total Time": 0.003,
            "Actual Rows": 2,
            "Actual Loops": 4,
            "Output": [
              "ct.id",
              "ct.kind"
            ]
          }
        ]
      }
    ]
  },
  "Planning Time": 11.392,
  "Triggers": [],
  "JIT": {
    "Functions": 59,
    "Options": {
      "Inlining": true,
      "Optimization": true,
      "Expressions": true,
      "Deforming": true
    },
    "Timing": {
      "Generation": 3.291,
      "Inlining": 81.487,
      "Optimization": 330.377,
      "Emission": 204.668,
      "Total": 619.823
    }
  },
  "Execution Time": 2007.623
}