{
  "Plan": {
    "Node Type": "Aggregate",
    "Strategy": "Plain",
    "Partial Mode": "Simple",
    "Parallel Aware": false,
    "Async Capable": false,
    "Startup Cost": 44356.38,
    "Total Cost": 44356.39,
    "Plan Rows": 1,
    "Plan Width": 96,
    "Actual Startup Time": 975.51,
    "Actual Total Time": 975.524,
    "Actual Rows": 1,
    "Actual Loops": 1,
    "Output": [
      "min((k.keyword)::text)",
      "min((n.name)::text)",
      "min((t.title)::text)"
    ],
    "Plans": [
      {
        "Node Type": "Hash Join",
        "Parent Relationship": "Outer",
        "Parallel Aware": false,
        "Async Capable": false,
        "Join Type": "Inner",
        "Startup Cost": 38400.05,
        "Total Cost": 44337.03,
        "Plan Rows": 2580,
        "Plan Width": 48,
        "Actual Startup Time": 843.585,
        "Actual Total Time": 973.863,
        "Actual Rows": 2580,
        "Actual Loops": 1,
        "Output": [
          "k.keyword",
          "n.name",
          "t.title"
        ],
        "Inner Unique": false,
        "Hash Cond": "((cn.name_pcode_nf)::text = (ak.name_pcode_nf)::text)",
        "Plans": [
          {
            "Node Type": "Seq Scan",
            "Parent Relationship": "Outer",
            "Parallel Aware": false,
            "Async Capable": false,
            "Relation Name": "company_name",
            "Schema": "public",
            "Alias": "cn",
            "Startup Cost": 0.0,
            "Total Cost": 5932.46,
            "Plan Rows": 1175,
            "Plan Width": 10,
            "Actual Startup Time": 0.04,
            "Actual Total Time": 91.94,
            "Actual Rows": 192649,
            "Actual Loops": 1,
            "Output": [
              "cn.id",
              "cn.name",
              "cn.country_code",
              "cn.imdb_id",
              "cn.name_pcode_nf",
              "cn.name_pcode_sf",
              "cn.md5sum"
            ],
            "Filter": "((cn.name_pcode_nf)::text = (cn.name_pcode_sf)::text)",
            "Rows Removed by Filter": 42348
          },
          {
            "Node Type": "Hash",
            "Parent Relationship": "Inner",
            "Parallel Aware": false,
            "Async Capable": false,
            "Startup Cost": 38398.78,
            "Total Cost": 38398.78,
            "Plan Rows": 102,
            "Plan Width": 53,
            "Actual Startup Time": 842.352,
            "Actual Total Time": 842.364,
            "Actual Rows": 102,
            "Actual Loops": 1,
            "Output": [
              "k.keyword",
              "n.name",
              "t.title",
              "ak.name_pcode_nf"
            ],
            "Hash Buckets": 1024,
            "Original Hash Buckets": 1024,
            "Hash Batches": 1,
            "Original Hash Batches": 1,
            "Peak Memory Usage": 18,
            "Plans": [
              {
                "Node Type": "Hash Join",
                "Parent Relationship": "Outer",
                "Parallel Aware": false,
                "Async Capable": false,
                "Join Type": "Inner",
                "Startup Cost": 33931.31,
                "Total Cost": 38398.78,
                "Plan Rows": 102,
                "Plan Width": 53,
                "Actual Startup Time": 782.878,
                "Actual Total Time": 842.274,
                "Actual Rows": 102,
                "Actual Loops": 1,
                "Output": [
                  "k.keyword",
                  "n.name",
                  "t.title",
                  "ak.name_pcode_nf"
                ],
                "Inner Unique": false,
                "Hash Cond": "(((n.name_pcode_cf)::text = (ak.name_pcode_cf)::text) AND ((n.surname_pcode)::text = (ak.surname_pcode)::text))",
                "Plans": [
                  {
                    "Node Type": "Nested Loop",
                    "Parent Relationship": "Outer",
                    "Parallel Aware": false,
                    "Async Capable": false,
                    "Join Type": "Inner",
                    "Startup Cost": 1.73,
                    "Total Cost": 4429.5,
                    "Plan Rows": 6,
                    "Plan Width": 57,
                    "Actual Startup Time": 13.702,
                    "Actual Total Time": 73.021,
                    "Actual Rows": 6,
                    "Actual Loops": 1,
                    "Output": [
                      "k.keyword",
                      "n.name",
                      "n.name_pcode_cf",
                      "n.surname_pcode",
                      "t.title"
                    ],
                    "Inner Unique": true,
                    "Plans": [
                      {
                        "Node Type": "Nested Loop",
                        "Parent Relationship": "Outer",
                        "Parallel Aware": false,
                        "Async Capable": false,
                        "Join Type": "Inner",
                        "Startup Cost": 1.3,
                        "Total Cost": 3869.65,
                        "Plan Rows": 1224,
                        "Plan Width": 37,
                        "Actual Startup Time": 1.315,
                        "Actual Total Time": 44.687,
                        "Actual Rows": 1224,
                        "Actual Loops": 1,
                        "Output": [
                          "ci.person_id",
                          "k.keyword",
                          "t.title"
                        ],
                        "Inner Unique": false,
                        "Join Filter": "(ci.movie_id = t.id)",
                        "Rows Removed by Join Filter": 0,
                        "Plans": [
                          {
                            "Node Type": "Nested Loop",
                            "Parent Relationship": "Outer",
                            "Parallel Aware": false,
                            "Async Capable": false,
                            "Join Type": "Inner",
                            "Startup Cost": 0.86,
                            "Total Cost": 3849.45,
                            "Plan Rows": 11,
                            "Plan Width": 41,
                            "Actual Startup Time": 1.213,
                            "Actual Total Time": 30.788,
                            "Actual Rows": 11,
                            "Actual Loops": 1,
                            "Output": [
                              "k.keyword",
                              "mk.movie_id",
                              "t.title",
                              "t.id"
                            ],
                            "Inner Unique": true,
                            "Plans": [
                              {
                                "Node Type": "Nested Loop",
                                "Parent Relationship": "Outer",
                                "Parallel Aware": false,
                                "Async Capable": false,
                                "Join Type": "Inner",
                                "Startup Cost": 0.43,
                                "Total Cost": 3842.62,
                                "Plan Rows": 14,
                                "Plan Width": 20,
                                "Actual Startup Time": 1.141,
                                "Actual Total Time": 30.115,
                                "Actual Rows": 14,
                                "Actual Loops": 1,
                                "Output": [
                                  "k.keyword",
                                  "mk.movie_id"
                                ],
                                "Inner Unique": false,
                                "Plans": [
                                  {
                                    "Node Type": "Seq Scan",
                                    "Parent Relationship": "Outer",
                                    "Parallel Aware": false,
                                    "Async Capable": false,
                                    "Relation Name": "keyword",
                                    "Schema": "public",
                                    "Alias": "k",
                                    "Startup Cost": 0.0,
                                    "Total Cost": 2626.12,
                                    "Plan Rows": 1,
                                    "Plan Width": 20,
                                    "Actual Startup Time": 1.028,
                                    "Actual Total Time": 29.764,
                                    "Actual Rows": 1,
                                    "Actual Loops": 1,
                                    "Output": [
                                      "k.id",
                                      "k.keyword",
                                      "k.phonetic_code"
                                    ],
                                    "Filter": "((k.keyword)::text = 'marvel-cinematic-universe'::text)",
                                    "Rows Removed by Filter": 134169
                                  },
                                  {
                                    "Node Type": "Index Scan",
                                    "Parent Relationship": "Inner",
                                    "Parallel Aware": false,
                                    "Async Capable": false,
                                    "Scan Direction": "Forward",
                                    "Index Name": "idx_movie_keyword_keyword_id",
                                    "Relation Name": "movie_keyword",
                                    "Schema": "public",
                                    "Alias": "mk",
                                    "Startup Cost": 0.43,
                                    "Total Cost": 1213.48,
                                    "Plan Rows": 302,
                                    "Plan Width": 8,
                                    "Actual Startup Time": 0.108,
                                    "Actual Total Time": 0.335,
                                    "Actual Rows": 14,
                                    "Actual Loops": 1,
                                    "Output": [
                                      "mk.id",
                                      "mk.movie_id",
                                      "mk.keyword_id"
                                    ],
                                    "Index Cond": "(mk.keyword_id = k.id)",
                                    "Rows Removed by Index Recheck": 0
                                  }
                                ]
                              },
                              {
                                "Node Type": "Index Scan",
                                "Parent Relationship": "Inner",
                                "Parallel Aware": false,
                                "Async Capable": false,
                                "Scan Direction": "Forward",
                                "Index Name": "idx_title_id",
                                "Relation Name": "title",
                                "Schema": "public",
                                "Alias": "t",
                                "Startup Cost": 0.43,
                                "Total Cost": 0.49,
                                "Plan Rows": 1,
                                "Plan Width": 21,
                                "Actual Startup Time": 0.045,
                                "Actual Total Time": 0.045,
                                "Actual Rows": 1,
                                "Actual Loops": 14,
                                "Output": [
                                  "t.id",
                                  "t.title",
                                  "t.imdb_index",
                                  "t.kind_id",
                                  "t.production_year",
                                  "t.imdb_id",
                                  "t.phonetic_code",
                                  "t.episode_of_id",
                                  "t.season_nr",
                                  "t.episode_nr",
                                  "t.series_years",
                                  "t.md5sum"
                                ],
                                "Index Cond": "(t.id = mk.movie_id)",
                                "Rows Removed by Index Recheck": 0,
                                "Filter": "(t.production_year > 2000)",
                                "Rows Removed by Filter": 0
                              }
                            ]
                          },
                          {
                            "Node Type": "Index Scan",
                            "Parent Relationship": "Inner",
                            "Parallel Aware": false,
                            "Async Capable": false,
                            "Scan Direction": "Forward",
                            "Index Name": "idx_cast_info_movie_id",
                            "Relation Name": "cast_info",
                            "Schema": "public",
                            "Alias": "ci",
                            "Startup Cost": 0.44,
                            "Total Cost": 1.36,
                            "Plan Rows": 38,
                            "Plan Width": 8,
                            "Actual Startup Time": 0.049,
                            "Actual Total Time": 1.187,
                            "Actual Rows": 111,
                            "Actual Loops": 11,
                            "Output": [
                              "ci.id",
                              "ci.person_id",
                              "ci.movie_id",
                              "ci.person_role_id",
                              "ci.note",
                              "ci.nr_order",
                              "ci.role_id"
                            ],
                            "Index Cond": "(ci.movie_id = mk.movie_id)",
                            "Rows Removed by Index Recheck": 0
                          }
                        ]
                      },
                      {
                        "Node Type": "Index Scan",
                        "Parent Relationship": "Inner",
                        "Parallel Aware": false,
                        "Async Capable": false,
                        "Scan Direction": "Forward",
                        "Index Name": "idx_name_id",
                        "Relation Name": "name",
                        "Schema": "public",
                        "Alias": "n",
                        "Startup Cost": 0.43,
                        "Total Cost": 0.46,
                        "Plan Rows": 1,
                        "Plan Width": 28,
                        "Actual Startup Time": 0.022,
                        "Actual Total Time": 0.022,
                        "Actual Rows": 0,
                        "Actual Loops": 1224,
                        "Output": [
                          "n.id",
                          "n.name",
                          "n.imdb_index",
                          "n.imdb_id",
                          "n.gender",
                          "n.name_pcode_cf",
                          "n.name_pcode_nf",
                          "n.surname_pcode",
                          "n.md5sum"
                        ],
                        "Index Cond": "(n.id = ci.person_id)",
                        "Rows Removed by Index Recheck": 0,
                        "Filter": "((n.name)::text ~~ '%Downey%'::text)",
                        "Rows Removed by Filter": 1
                      }
                    ]
                  },
                  {
                    "Node Type": "Hash",
                    "Parent Relationship": "Inner",
                    "Parallel Aware": false,
                    "Async Capable": false,
                    "Startup Cost": 20409.43,
                    "Total Cost": 20409.43,
                    "Plan Rows": 901343,
                    "Plan Width": 14,
                    "Actual Startup Time": 761.213,
                    "Actual Total Time": 761.215,
                    "Actual Rows": 621097,
                    "Actual Loops": 1,
                    "Output": [
                      "ak.name_pcode_cf",
                      "ak.name_pcode_nf",
                      "ak.surname_pcode"
                    ],
                    "Hash Buckets": 1048576,
                    "Original Hash Buckets": 1048576,
                    "Hash Batches": 1,
                    "Original Hash Batches": 1,
                    "Peak Memory Usage": 37058,
                    "Plans": [
                      {
                        "Node Type": "Seq Scan",
                        "Parent Relationship": "Outer",
                        "Parallel Aware": false,
                        "Async Capable": false,
                        "Relation Name": "aka_name",
                        "Schema": "public",
                        "Alias": "ak",
                        "Startup Cost": 0.0,
                        "Total Cost": 20409.43,
                        "Plan Rows": 901343,
                        "Plan Width": 14,
                        "Actual Startup Time": 0.041,
                        "Actual Total Time": 370.13,
                        "Actual Rows": 901343,
                        "Actual Loops": 1,
                        "Output": [
                          "ak.name_pcode_cf",
                          "ak.name_pcode_nf",
                          "ak.surname_pcode"
                        ]
                      }
                    ]
                  }
                ]
              }
            ]
          }
        ]
      }
    ]
  },
  "Planning Time": 12.395,
  "Triggers": [],
  "Execution Time": 977.33
}