{
  "Plan": {
    "Node Type": "Aggregate",
    "Strategy": "Plain",
    "Partial Mode": "Simple",
    "Parallel Aware": false,
    "Async Capable": false,
    "Startup Cost": 5682.23,
    "Total Cost": 5682.24,
    "Plan Rows": 1,
    "Plan Width": 96,
    "Actual Startup Time": 176.438,
    "Actual Total Time": 176.45,
    "Actual Rows": 1,
    "Actual Loops": 1,
    "Output": [
      "min((cn.name)::text)",
      "min((lt.link)::text)",
      "min((t.title)::text)"
    ],
    "Plans": [
      {
        "Node Type": "Nested Loop",
        "Parent Relationship": "Outer",
        "Parallel Aware": false,
        "Async Capable": false,
        "Join Type": "Inner",
        "Startup Cost": 693.03,
        "Total Cost": 5671.65,
        "Plan Rows": 1410,
        "Plan Width": 48,
        "Actual Startup Time": 67.708,
        "Actual Total Time": 174.977,
        "Actual Rows": 1410,
        "Actual Loops": 1,
        "Output": [
          "cn.name",
          "lt.link",
          "t.title"
        ],
        "Inner Unique": false,
        "Join Filter": "(mi.movie_id = ml.movie_id)",
        "Rows Removed by Join Filter": 0,
        "Plans": [
          {
            "Node Type": "Nested Loop",
            "Parent Relationship": "Outer",
            "Parallel Aware": false,
            "Async Capable": false,
            "Join Type": "Inner",
            "Startup Cost": 692.59,
            "Total Cost": 5133.98,
            "Plan Rows": 310,
            "Plan Width": 64,
            "Actual Startup Time": 67.567,
            "Actual Total Time": 165.521,
            "Actual Rows": 310,
            "Actual Loops": 1,
            "Output": [
              "cn.name",
              "mc.movie_id",
              "mk.movie_id",
              "ml.movie_id",
              "lt.link",
              "t.title",
              "t.id"
            ],
            "Inner Unique": true,
            "Plans": [
              {
                "Node Type": "Nested Loop",
                "Parent Relationship": "Outer",
                "Parallel Aware": false,
                "Async Capable": false,
                "Join Type": "Inner",
                "Startup Cost": 692.17,
                "Total Cost": 4828.73,
                "Plan Rows": 664,
                "Plan Width": 49,
                "Actual Startup Time": 54.022,
                "Actual Total Time": 159.924,
                "Actual Rows": 664,
                "Actual Loops": 1,
                "Output": [
                  "mc.movie_id",
                  "mc.company_id",
                  "mk.movie_id",
                  "ml.movie_id",
                  "lt.link",
                  "t.title",
                  "t.id"
                ],
                "Inner Unique": true,
                "Join Filter": "(ct.id = mc.company_type_id)",
                "Rows Removed by Join Filter": 41,
                "Plans": [
                  {
                    "Node Type": "Nested Loop",
                    "Parent Relationship": "Outer",
                    "Parallel Aware": false,
                    "Async Capable": false,
                    "Join Type": "Inner",
                    "Startup Cost": 692.17,
                    "Total Cost": 4817.11,
                    "Plan Rows": 705,
                    "Plan Width": 53,
                    "Actual Startup Time": 53.991,
                    "Actual Total Time": 159.146,
                    "Actual Rows": 705,
                    "Actual Loops": 1,
                    "Output": [
                      "mk.movie_id",
                      "mc.movie_id",
                      "mc.company_type_id",
                      "mc.company_id",
                      "ml.movie_id",
                      "lt.link",
                      "t.title",
                      "t.id"
                    ],
                    "Inner Unique": false,
                    "Join Filter": "(mc.movie_id = ml.movie_id)",
                    "Rows Removed by Join Filter": 0,
                    "Plans": [
                      {
                        "Node Type": "Nested Loop",
                        "Parent Relationship": "Outer",
                        "Parallel Aware": false,
                        "Async Capable": false,
                        "Join Type": "Inner",
                        "Startup Cost": 691.74,
                        "Total Cost": 4729.53,
                        "Plan Rows": 152,
                        "Plan Width": 41,
                        "Actual Startup Time": 53.921,
                        "Actual Total Time": 156.655,
                        "Actual Rows": 152,
                        "Actual Loops": 1,
                        "Output": [
                          "mk.movie_id",
                          "ml.movie_id",
                          "lt.link",
                          "t.title",
                          "t.id"
                        ],
                        "Inner Unique": true,
                        "Join Filter": "(t.id = ml.movie_id)",
                        "Rows Removed by Join Filter": 0,
                        "Plans": [
                          {
                            "Node Type": "Merge Join",
                            "Parent Relationship": "Outer",
                            "Parallel Aware": false,
                            "Async Capable": false,
                            "Join Type": "Inner",
                            "Startup Cost": 691.31,
                            "Total Cost": 4629.44,
                            "Plan Rows": 199,
                            "Plan Width": 20,
                            "Actual Startup Time": 52.443,
                            "Actual Total Time": 154.323,
                            "Actual Rows": 199,
                            "Actual Loops": 1,
                            "Output": [
                              "mk.movie_id",
                              "ml.movie_id",
                              "lt.link"
                            ],
                            "Inner Unique": false,
                            "Merge Cond": "(mk.movie_id = ml.movie_id)",
                            "Plans": [
                              {
                                "Node Type": "Nested Loop",
                                "Parent Relationship": "Outer",
                                "Parallel Aware": false,
                                "Async Capable": false,
                                "Join Type": "Inner",
                                "Startup Cost": 0.43,
                                "Total Cost": 183055.62,
                                "Plan Rows": 10544,
                                "Plan Width": 4,
                                "Actual Startup Time": 37.738,
                                "Actual Total Time": 138.693,
                                "Actual Rows": 47,
                                "Actual Loops": 1,
                                "Output": [
                                  "mk.movie_id"
                                ],
                                "Inner Unique": true,
                                "Join Filter": "(k.id = mk.keyword_id)",
                                "Rows Removed by Join Filter": 102627,
                                "Plans": [
                                  {
                                    "Node Type": "Index Scan",
                                    "Parent Relationship": "Outer",
                                    "Parallel Aware": false,
                                    "Async Capable": false,
                                    "Scan Direction": "Forward",
                                    "Index Name": "idx_movie_keyword_movie_id",
                                    "Relation Name": "movie_keyword",
                                    "Schema": "public",
                                    "Alias": "mk",
                                    "Startup Cost": 0.43,
                                    "Total Cost": 112570.55,
                                    "Plan Rows": 4523930,
                                    "Plan Width": 8,
                                    "Actual Startup Time": 0.086,
                                    "Actual Total Time": 43.12,
                                    "Actual Rows": 102674,
                                    "Actual Loops": 1,
                                    "Output": [
                                      "mk.id",
                                      "mk.movie_id",
                                      "mk.keyword_id"
                                    ]
                                  },
                                  {
                                    "Node Type": "Materialize",
                                    "Parent Relationship": "Inner",
                                    "Parallel Aware": false,
                                    "Async Capable": false,
                                    "Startup Cost": 0.0,
                                    "Total Cost": 2626.13,
                                    "Plan Rows": 1,
                                    "Plan Width": 4,
                                    "Actual Startup Time": 0.0,
                                    "Actual Total Time": 0.001,
                                    "Actual Rows": 1,
                                    "Actual Loops": 102674,
                                    "Output": [
                                      "k.id"
                                    ],
                                    "Plans": [
                                      {
                                        "Node Type": "Seq Scan",
                                        "Parent Relationship": "Outer",
                                        "Parallel Aware": false,
                                        "Async Capable": false,
                                        "Relation Name": "keyword",
                                        "Schema": "public",
                                        "Alias": "k",
                                        "Startup Cost": 0.0,
                                        "Total Cost": 2626.12,
                                        "Plan Rows": 1,
                                        "Plan Width": 4,
                                        "Actual Startup Time": 2.2,
                                        "Actual Total Time": 37.021,
                                        "Actual Rows": 1,
                                        "Actual Loops": 1,
                                        "Output": [
                                          "k.id"
                                        ],
                                        "Filter": "((k.keyword)::text = 'sequel'::text)",
                                        "Rows Removed by Filter": 134169
                                      }
                                    ]
                                  }
                                ]
                              },
                              {
                                "Node Type": "Sort",
                                "Parent Relationship": "Inner",
                                "Parallel Aware": false,
                                "Async Capable": false,
                                "Startup Cost": 690.86,
                                "Total Cost": 696.64,
                                "Plan Rows": 2315,
                                "Plan Width": 16,
                                "Actual Startup Time": 14.689,
                                "Actual Total Time": 15.032,
                                "Actual Rows": 2316,
                                "Actual Loops": 1,
                                "Output": [
                                  "lt.link",
                                  "ml.movie_id"
                                ],
                                "Sort Key": [
                                  "ml.movie_id"
                                ],
                                "Sort Method": "quicksort",
                                "Sort Space Used": 187,
                                "Sort Space Type": "Memory",
                                "Plans": [
                                  {
                                    "Node Type": "Hash Join",
                                    "Parent Relationship": "Outer",
                                    "Parallel Aware": false,
                                    "Async Capable": false,
                                    "Join Type": "Inner",
                                    "Startup Cost": 1.24,
                                    "Total Cost": 561.48,
                                    "Plan Rows": 2315,
                                    "Plan Width": 16,
                                    "Actual Startup Time": 0.148,
                                    "Actual Total Time": 13.534,
                                    "Actual Rows": 2315,
                                    "Actual Loops": 1,
                                    "Output": [
                                      "lt.link",
                                      "ml.movie_id"
                                    ],
                                    "Inner Unique": true,
                                    "Hash Cond": "(ml.link_type_id = lt.id)",
                                    "Plans": [
                                      {
                                        "Node Type": "Seq Scan",
                                        "Parent Relationship": "Outer",
                                        "Parallel Aware": false,
                                        "Async Capable": false,
                                        "Relation Name": "movie_link",
                                        "Schema": "public",
                                        "Alias": "ml",
                                        "Startup Cost": 0.0,
                                        "Total Cost": 462.97,
                                        "Plan Rows": 29997,
                                        "Plan Width": 8,
                                        "Actual Startup Time": 0.032,
                                        "Actual Total Time": 5.254,
                                        "Actual Rows": 29997,
                                        "Actual Loops": 1,
                                        "Output": [
                                          "ml.id",
                                          "ml.movie_id",
                                          "ml.linked_movie_id",
                                          "ml.link_type_id"
                                        ]
                                      },
                                      {
                                        "Node Type": "Hash",
                                        "Parent Relationship": "Inner",
                                        "Parallel Aware": false,
                                        "Async Capable": false,
                                        "Startup Cost": 1.23,
                                        "Total Cost": 1.23,
                                        "Plan Rows": 1,
                                        "Plan Width": 16,
                                        "Actual Startup Time": 0.048,
                                        "Actual Total Time": 0.05,
                                        "Actual Rows": 2,
                                        "Actual Loops": 1,
                                        "Output": [
                                          "lt.link",
                                          "lt.id"
                                        ],
                                        "Hash Buckets": 1024,
                                        "Original Hash Buckets": 1024,
                                        "Hash Batches": 1,
                                        "Original Hash Batches": 1,
                                        "Peak Memory Usage": 9,
                                        "Plans": [
                                          {
                                            "Node Type": "Seq Scan",
                                            "Parent Relationship": "Outer",
                                            "Parallel Aware": false,
                                            "Async Capable": false,
                                            "Relation Name": "link_type",
                                            "Schema": "public",
                                            "Alias": "lt",
                                            "Startup Cost": 0.0,
                                            "Total Cost": 1.23,
                                            "Plan Rows": 1,
                                            "Plan Width": 16,
                                            "Actual Startup Time": 0.019,
                                            "Actual Total Time": 0.027,
                                            "Actual Rows": 2,
                                            "Actual Loops": 1,
                                            "Output": [
                                              "lt.link",
                                              "lt.id"
                                            ],
                                            "Filter": "((lt.link)::text ~~ '%follow%'::text)",
                                            "Rows Removed by Filter": 16
                                          }
                                        ]
                                      }
                                    ]
                                  }
                                ]
                              }
                            ]
                          },
                          {
                            "Node Type": "Index Scan",
                            "Parent Relationship": "Inner",
                            "Parallel Aware": false,
                            "Async Capable": false,
                            "Scan Direction": "Forward",
                            "Index Name": "idx_title_id",
                            "Relation Name": "title",
                            "Schema": "public",
                            "Alias": "t",
                            "Startup Cost": 0.43,
                            "Total Cost": 0.49,
                            "Plan Rows": 1,
                            "Plan Width": 21,
                            "Actual Startup Time": 0.01,
                            "Actual Total Time": 0.01,
                            "Actual Rows": 1,
                            "Actual Loops": 199,
                            "Output": [
                              "t.id",
                              "t.title",
                              "t.imdb_index",
                              "t.kind_id",
                              "t.production_year",
                              "t.imdb_id",
                              "t.phonetic_code",
                              "t.episode_of_id",
                              "t.season_nr",
                              "t.episode_nr",
                              "t.series_years",
                              "t.md5sum"
                            ],
                            "Index Cond": "(t.id = mk.movie_id)",
                            "Rows Removed by Index Recheck": 0,
                            "Filter": "((t.production_year >= 1950) AND (t.production_year <= 2000))",
                            "Rows Removed by Filter": 0
                          }
                        ]
                      },
                      {
                        "Node Type": "Index Scan",
                        "Parent Relationship": "Inner",
                        "Parallel Aware": false,
                        "Async Capable": false,
                        "Scan Direction": "Forward",
                        "Index Name": "idx_movie_companies_movie_id",
                        "Relation Name": "movie_companies",
                        "Schema": "public",
                        "Alias": "mc",
                        "Startup Cost": 0.43,
                        "Total Cost": 0.54,
                        "Plan Rows": 3,
                        "Plan Width": 12,
                        "Actual Startup Time": 0.01,
                        "Actual Total Time": 0.013,
                        "Actual Rows": 5,
                        "Actual Loops": 152,
                        "Output": [
                          "mc.id",
                          "mc.movie_id",
                          "mc.company_id",
                          "mc.company_type_id",
                          "mc.note"
                        ],
                        "Index Cond": "(mc.movie_id = mk.movie_id)",
                        "Rows Removed by Index Recheck": 0,
                        "Filter": "(mc.note IS NULL)",
                        "Rows Removed by Filter": 1
                      }
                    ]
                  },
                  {
                    "Node Type": "Materialize",
                    "Parent Relationship": "Inner",
                    "Parallel Aware": false,
                    "Async Capable": false,
                    "Startup Cost": 0.0,
                    "Total Cost": 1.05,
                    "Plan Rows": 1,
                    "Plan Width": 4,
                    "Actual Startup Time": 0.0,
                    "Actual Total Time": 0.0,
                    "Actual Rows": 1,
                    "Actual Loops": 705,
                    "Output": [
                      "ct.id"
                    ],
                    "Plans": [
                      {
                        "Node Type": "Seq Scan",
                        "Parent Relationship": "Outer",
                        "Parallel Aware": false,
                        "Async Capable": false,
                        "Relation Name": "company_type",
                        "Schema": "public",
                        "Alias": "ct",
                        "Startup Cost": 0.0,
                        "Total Cost": 1.05,
                        "Plan Rows": 1,
                        "Plan Width": 4,
                        "Actual Startup Time": 0.023,
                        "Actual Total Time": 0.027,
                        "Actual Rows": 1,
                        "Actual Loops": 1,
                        "Output": [
                          "ct.id"
                        ],
                        "Filter": "((ct.kind)::text = 'production companies'::text)",
                        "Rows Removed by Filter": 3
                      }
                    ]
                  }
                ]
              },
              {
                "Node Type": "Index Scan",
                "Parent Relationship": "Inner",
                "Parallel Aware": false,
                "Async Capable": false,
                "Scan Direction": "Forward",
                "Index Name": "company_name_pkey",
                "Relation Name": "company_name",
                "Schema": "public",
                "Alias": "cn",
                "Startup Cost": 0.42,
                "Total Cost": 0.46,
                "Plan Rows": 1,
                "Plan Width": 23,
                "Actual Startup Time": 0.007,
                "Actual Total Time": 0.007,
                "Actual Rows": 0,
                "Actual Loops": 664,
                "Output": [
                  "cn.id",
                  "cn.name",
                  "cn.country_code",
                  "cn.imdb_id",
                  "cn.name_pcode_nf",
                  "cn.name_pcode_sf",
                  "cn.md5sum"
                ],
                "Index Cond": "(cn.id = mc.company_id)",
                "Rows Removed by Index Recheck": 0,
                "Filter": "(((cn.name_pcode_sf)::text IS NOT NULL) AND ((cn.country_code)::text <> '[pl]'::text) AND ((cn.name_pcode_sf)::text = (cn.name_pcode_nf)::text) AND (((cn.name)::text ~~ '%Film%'::text) OR ((cn.name)::text ~~ '%Warner%'::text)))",
                "Rows Removed by Filter": 1
              }
            ]
          },
          {
            "Node Type": "Index Scan",
            "Parent Relationship": "Inner",
            "Parallel Aware": false,
            "Async Capable": false,
            "Scan Direction": "Forward",
            "Index Name": "idx_movie_info_movie_id",
            "Relation Name": "movie_info",
            "Schema": "public",
            "Alias": "mi",
            "Startup Cost": 0.43,
            "Total Cost": 1.72,
            "Plan Rows": 1,
            "Plan Width": 4,
            "Actual Startup Time": 0.021,
            "Actual Total Time": 0.028,
            "Actual Rows": 5,
            "Actual Loops": 310,
            "Output": [
              "mi.id",
              "mi.movie_id",
              "mi.info_type_id",
              "mi.info",
              "mi.note"
            ],
            "Index Cond": "(mi.movie_id = mk.movie_id)",
            "Rows Removed by Index Recheck": 0,
            "Filter": "((mi.info)::text = ANY ('{Sweden,Norway,Germany,Denmark,Swedish,Denish,Norwegian,German}'::text[]))",
            "Rows Removed by Filter": 13
          }
        ]
      }
    ]
  },
  "Planning Time": 43.514,
  "Triggers": [],
  "Execution Time": 176.91
}