{
  "Plan": {
    "Node Type": "Aggregate",
    "Strategy": "Plain",
    "Partial Mode": "Simple",
    "Parallel Aware": false,
    "Async Capable": false,
    "Startup Cost": 19549.9,
    "Total Cost": 19549.91,
    "Plan Rows": 1,
    "Plan Width": 96,
    "Actual Startup Time": 379.013,
    "Actual Total Time": 379.024,
    "Actual Rows": 1,
    "Actual Loops": 1,
    "Output": [
      "min((cn.name)::text)",
      "min((mi_idx.info)::text)",
      "min((t.title)::text)"
    ],
    "Plans": [
      {
        "Node Type": "Hash Join",
        "Parent Relationship": "Outer",
        "Parallel Aware": false,
        "Async Capable": false,
        "Join Type": "Inner",
        "Startup Cost": 3545.15,
        "Total Cost": 19487.1,
        "Plan Rows": 8373,
        "Plan Width": 41,
        "Actual Startup Time": 60.21,
        "Actual Total Time": 372.897,
        "Actual Rows": 8373,
        "Actual Loops": 1,
        "Output": [
          "cn.name",
          "mi_idx.info",
          "t.title"
        ],
        "Inner Unique": true,
        "Hash Cond": "(mc.company_type_id = ct.id)",
        "Plans": [
          {
            "Node Type": "Nested Loop",
            "Parent Relationship": "Outer",
            "Parallel Aware": false,
            "Async Capable": false,
            "Join Type": "Inner",
            "Startup Cost": 3544.06,
            "Total Cost": 19440.74,
            "Plan Rows": 8373,
            "Plan Width": 45,
            "Actual Startup Time": 60.147,
            "Actual Total Time": 369.065,
            "Actual Rows": 8373,
            "Actual Loops": 1,
            "Output": [
              "mc.company_type_id",
              "cn.name",
              "mi_idx.info",
              "t.title"
            ],
            "Inner Unique": true,
            "Plans": [
              {
                "Node Type": "Nested Loop",
                "Parent Relationship": "Outer",
                "Parallel Aware": false,
                "Async Capable": false,
                "Join Type": "Inner",
                "Startup Cost": 3543.64,
                "Total Cost": 14674.91,
                "Plan Rows": 8771,
                "Plan Width": 30,
                "Actual Startup Time": 60.106,
                "Actual Total Time": 335.12,
                "Actual Rows": 8771,
                "Actual Loops": 1,
                "Output": [
                  "mc.company_type_id",
                  "mc.company_id",
                  "mi_idx.info",
                  "t.title"
                ],
                "Inner Unique": false,
                "Join Filter": "(mc.movie_id = t.id)",
                "Rows Removed by Join Filter": 0,
                "Plans": [
                  {
                    "Node Type": "Hash Join",
                    "Parent Relationship": "Outer",
                    "Parallel Aware": false,
                    "Async Capable": false,
                    "Join Type": "Inner",
                    "Startup Cost": 3543.21,
                    "Total Cost": 14226.66,
                    "Plan Rows": 778,
                    "Plan Width": 42,
                    "Actual Startup Time": 56.384,
                    "Actual Total Time": 309.007,
                    "Actual Rows": 778,
                    "Actual Loops": 1,
                    "Output": [
                      "cc.movie_id",
                      "mi.movie_id",
                      "mi_idx.info",
                      "mi_idx.movie_id",
                      "mk.movie_id",
                      "t.title",
                      "t.id"
                    ],
                    "Inner Unique": true,
                    "Hash Cond": "(mi.info_type_id = it1.id)",
                    "Plans": [
                      {
                        "Node Type": "Nested Loop",
                        "Parent Relationship": "Outer",
                        "Parallel Aware": false,
                        "Async Capable": false,
                        "Join Type": "Inner",
                        "Startup Cost": 3540.78,
                        "Total Cost": 14221.84,
                        "Plan Rows": 879,
                        "Plan Width": 46,
                        "Actual Startup Time": 56.33,
                        "Actual Total Time": 308.356,
                        "Actual Rows": 879,
                        "Actual Loops": 1,
                        "Output": [
                          "cc.movie_id",
                          "mi.movie_id",
                          "mi.info_type_id",
                          "mi_idx.info",
                          "mi_idx.movie_id",
                          "mk.movie_id",
                          "t.title",
                          "t.id"
                        ],
                        "Inner Unique": false,
                        "Join Filter": "(mi.movie_id = t.id)",
                        "Rows Removed by Join Filter": 0,
                        "Plans": [
                          {
                            "Node Type": "Hash Join",
                            "Parent Relationship": "Outer",
                            "Parallel Aware": false,
                            "Async Capable": false,
                            "Join Type": "Inner",
                            "Startup Cost": 3540.35,
                            "Total Cost": 12647.98,
                            "Plan Rows": 851,
                            "Plan Width": 38,
                            "Actual Startup Time": 55.291,
                            "Actual Total Time": 191.882,
                            "Actual Rows": 851,
                            "Actual Loops": 1,
                            "Output": [
                              "cc.movie_id",
                              "mi_idx.info",
                              "mi_idx.movie_id",
                              "mk.movie_id",
                              "t.title",
                              "t.id"
                            ],
                            "Inner Unique": true,
                            "Hash Cond": "(mi_idx.info_type_id = it2.id)",
                            "Plans": [
                              {
                                "Node Type": "Nested Loop",
                                "Parent Relationship": "Outer",
                                "Parallel Aware": false,
                                "Async Capable": false,
                                "Join Type": "Inner",
                                "Startup Cost": 3537.92,
                                "Total Cost": 12638.45,
                                "Plan Rows": 2607,
                                "Plan Width": 42,
                                "Actual Startup Time": 55.245,
                                "Actual Total Time": 191.014,
                                "Actual Rows": 2607,
                                "Actual Loops": 1,
                                "Output": [
                                  "cc.movie_id",
                                  "mi_idx.info",
                                  "mi_idx.movie_id",
                                  "mi_idx.info_type_id",
                                  "mk.movie_id",
                                  "t.title",
                                  "t.id"
                                ],
                                "Inner Unique": false,
                                "Join Filter": "(mi_idx.movie_id = t.id)",
                                "Rows Removed by Join Filter": 0,
                                "Plans": [
                                  {
                                    "Node Type": "Hash Join",
                                    "Parent Relationship": "Outer",
                                    "Parallel Aware": false,
                                    "Async Capable": false,
                                    "Join Type": "Inner",
                                    "Startup Cost": 3537.5,
                                    "Total Cost": 12145.68,
                                    "Plan Rows": 922,
                                    "Plan Width": 29,
                                    "Actual Startup Time": 55.202,
                                    "Actual Total Time": 180.995,
                                    "Actual Rows": 922,
                                    "Actual Loops": 1,
                                    "Output": [
                                      "cc.movie_id",
                                      "mk.movie_id",
                                      "t.title",
                                      "t.id"
                                    ],
                                    "Inner Unique": true,
                                    "Hash Cond": "(t.kind_id = kt.id)",
                                    "Plans": [
                                      {
                                        "Node Type": "Nested Loop",
                                        "Parent Relationship": "Outer",
                                        "Parallel Aware": false,
                                        "Async Capable": false,
                                        "Join Type": "Inner",
                                        "Startup Cost": 3536.38,
                                        "Total Cost": 12140.18,
                                        "Plan Rows": 1041,
                                        "Plan Width": 33,
                                        "Actual Startup Time": 55.161,
                                        "Actual Total Time": 180.363,
                                        "Actual Rows": 1041,
                                        "Actual Loops": 1,
                                        "Output": [
                                          "cc.movie_id",
                                          "mk.movie_id",
                                          "t.title",
                                          "t.kind_id",
                                          "t.id"
                                        ],
                                        "Inner Unique": true,
                                        "Plans": [
                                          {
                                            "Node Type": "Hash Join",
                                            "Parent Relationship": "Outer",
                                            "Parallel Aware": false,
                                            "Async Capable": false,
                                            "Join Type": "Inner",
                                            "Startup Cost": 3535.95,
                                            "Total Cost": 8868.89,
                                            "Plan Rows": 6704,
                                            "Plan Width": 8,
                                            "Actual Startup Time": 54.881,
                                            "Actual Total Time": 131.0,
                                            "Actual Rows": 6704,
                                            "Actual Loops": 1,
                                            "Output": [
                                              "cc.movie_id",
                                              "mk.movie_id"
                                            ],
                                            "Inner Unique": true,
                                            "Hash Cond": "(cc.status_id = cct2.id)",
                                            "Plans": [
                                              {
                                                "Node Type": "Hash Join",
                                                "Parent Relationship": "Outer",
                                                "Parallel Aware": false,
                                                "Async Capable": false,
                                                "Join Type": "Inner",
                                                "Startup Cost": 3534.89,
                                                "Total Cost": 8793.18,
                                                "Plan Rows": 13808,
                                                "Plan Width": 12,
                                                "Actual Startup Time": 54.848,
                                                "Actual Total Time": 127.744,
                                                "Actual Rows": 13808,
                                                "Actual Loops": 1,
                                                "Output": [
                                                  "cc.movie_id",
                                                  "cc.status_id",
                                                  "mk.movie_id"
                                                ],
                                                "Inner Unique": false,
                                                "Hash Cond": "(mk.movie_id = cc.movie_id)",
                                                "Plans": [
                                                  {
                                                    "Node Type": "Nested Loop",
                                                    "Parent Relationship": "Outer",
                                                    "Parallel Aware": false,
                                                    "Async Capable": false,
                                                    "Join Type": "Inner",
                                                    "Startup Cost": 0.85,
                                                    "Total Cost": 4799.31,
                                                    "Plan Rows": 37091,
                                                    "Plan Width": 4,
                                                    "Actual Startup Time": 0.167,
                                                    "Actual Total Time": 59.721,
                                                    "Actual Rows": 37091,
                                                    "Actual Loops": 1,
                                                    "Output": [
                                                      "mk.movie_id"
                                                    ],
                                                    "Inner Unique": false,
                                                    "Plans": [
                                                      {
                                                        "Node Type": "Index Scan",
                                                        "Parent Relationship": "Outer",
                                                        "Parallel Aware": false,
                                                        "Async Capable": false,
                                                        "Scan Direction": "Forward",
                                                        "Index Name": "idx_keyword_keyword",
                                                        "Relation Name": "keyword",
                                                        "Schema": "public",
                                                        "Alias": "k",
                                                        "Startup Cost": 0.42,
                                                        "Total Cost": 33.74,
                                                        "Plan Rows": 4,
                                                        "Plan Width": 4,
                                                        "Actual Startup Time": 0.122,
                                                        "Actual Total Time": 0.168,
                                                        "Actual Rows": 3,
                                                        "Actual Loops": 1,
                                                        "Output": [
                                                          "k.id",
                                                          "k.keyword",
                                                          "k.phonetic_code"
                                                        ],
                                                        "Index Cond": "((k.keyword)::text = ANY ('{murder,murder-in-title,blood,violence}'::text[]))",
                                                        "Rows Removed by Index Recheck": 0
                                                      },
                                                      {
                                                        "Node Type": "Index Scan",
                                                        "Parent Relationship": "Inner",
                                                        "Parallel Aware": false,
                                                        "Async Capable": false,
                                                        "Scan Direction": "Forward",
                                                        "Index Name": "idx_movie_keyword_keyword_id",
                                                        "Relation Name": "movie_keyword",
                                                        "Schema": "public",
                                                        "Alias": "mk",
                                                        "Startup Cost": 0.43,
                                                        "Total Cost": 1188.37,
                                                        "Plan Rows": 302,
                                                        "Plan Width": 8,
                                                        "Actual Startup Time": 0.023,
                                                        "Actual Total Time": 17.774,
                                                        "Actual Rows": 12364,
                                                        "Actual Loops": 3,
                                                        "Output": [
                                                          "mk.id",
                                                          "mk.movie_id",
                                                          "mk.keyword_id"
                                                        ],
                                                        "Index Cond": "(mk.keyword_id = k.id)",
                                                        "Rows Removed by Index Recheck": 0
                                                      }
                                                    ]
                                                  },
                                                  {
                                                    "Node Type": "Hash",
                                                    "Parent Relationship": "Inner",
                                                    "Parallel Aware": false,
                                                    "Async Capable": false,
                                                    "Startup Cost": 2459.78,
                                                    "Total Cost": 2459.78,
                                                    "Plan Rows": 85941,
                                                    "Plan Width": 8,
                                                    "Actual Startup Time": 53.776,
                                                    "Actual Total Time": 53.779,
                                                    "Actual Rows": 85941,
                                                    "Actual Loops": 1,
                                                    "Output": [
                                                      "cc.movie_id",
                                                      "cc.status_id"
                                                    ],
                                                    "Hash Buckets": 131072,
                                                    "Original Hash Buckets": 131072,
                                                    "Hash Batches": 1,
                                                    "Original Hash Batches": 1,
                                                    "Peak Memory Usage": 4382,
                                                    "Plans": [
                                                      {
                                                        "Node Type": "Nested Loop",
                                                        "Parent Relationship": "Outer",
                                                        "Parallel Aware": false,
                                                        "Async Capable": false,
                                                        "Join Type": "Inner",
                                                        "Startup Cost": 0.29,
                                                        "Total Cost": 2459.78,
                                                        "Plan Rows": 85941,
                                                        "Plan Width": 8,
                                                        "Actual Startup Time": 0.072,
                                                        "Actual Total Time": 35.505,
                                                        "Actual Rows": 85941,
                                                        "Actual Loops": 1,
                                                        "Output": [
                                                          "cc.movie_id",
                                                          "cc.status_id"
                                                        ],
                                                        "Inner Unique": false,
                                                        "Plans": [
                                                          {
                                                            "Node Type": "Seq Scan",
                                                            "Parent Relationship": "Outer",
                                                            "Parallel Aware": false,
                                                            "Async Capable": false,
                                                            "Relation Name": "comp_cast_type",
                                                            "Schema": "public",
                                                            "Alias": "cct1",
                                                            "Startup Cost": 0.0,
                                                            "Total Cost": 1.05,
                                                            "Plan Rows": 1,
                                                            "Plan Width": 4,
                                                            "Actual Startup Time": 0.005,
                                                            "Actual Total Time": 0.007,
                                                            "Actual Rows": 1,
                                                            "Actual Loops": 1,
                                                            "Output": [
                                                              "cct1.id",
                                                              "cct1.kind"
                                                            ],
                                                            "Filter": "((cct1.kind)::text = 'cast'::text)",
                                                            "Rows Removed by Filter": 3
                                                          },
                                                          {
                                                            "Node Type": "Index Scan",
                                                            "Parent Relationship": "Inner",
                                                            "Parallel Aware": false,
                                                            "Async Capable": false,
                                                            "Scan Direction": "Forward",
                                                            "Index Name": "idx_complete_cast_subject_id",
                                                            "Relation Name": "complete_cast",
                                                            "Schema": "public",
                                                            "Alias": "cc",
                                                            "Startup Cost": 0.29,
                                                            "Total Cost": 1783.3,
                                                            "Plan Rows": 67543,
                                                            "Plan Width": 12,
                                                            "Actual Startup Time": 0.065,
                                                            "Actual Total Time": 20.918,
                                                            "Actual Rows": 85941,
                                                            "Actual Loops": 1,
                                                            "Output": [
                                                              "cc.id",
                                                              "cc.movie_id",
                                                              "cc.subject_id",
                                                              "cc.status_id"
                                                            ],
                                                            "Index Cond": "(cc.subject_id = cct1.id)",
                                                            "Rows Removed by Index Recheck": 0
                                                          }
                                                        ]
                                                      }
                                                    ]
                                                  }
                                                ]
                                              },
                                              {
                                                "Node Type": "Hash",
                                                "Parent Relationship": "Inner",
                                                "Parallel Aware": false,
                                                "Async Capable": false,
                                                "Startup Cost": 1.05,
                                                "Total Cost": 1.05,
                                                "Plan Rows": 1,
                                                "Plan Width": 4,
                                                "Actual Startup Time": 0.014,
                                                "Actual Total Time": 0.014,
                                                "Actual Rows": 1,
                                                "Actual Loops": 1,
                                                "Output": [
                                                  "cct2.id"
                                                ],
                                                "Hash Buckets": 1024,
                                                "Original Hash Buckets": 1024,
                                                "Hash Batches": 1,
                                                "Original Hash Batches": 1,
                                                "Peak Memory Usage": 9,
                                                "Plans": [
                                                  {
                                                    "Node Type": "Seq Scan",
                                                    "Parent Relationship": "Outer",
                                                    "Parallel Aware": false,
                                                    "Async Capable": false,
                                                    "Relation Name": "comp_cast_type",
                                                    "Schema": "public",
                                                    "Alias": "cct2",
                                                    "Startup Cost": 0.0,
                                                    "Total Cost": 1.05,
                                                    "Plan Rows": 1,
                                                    "Plan Width": 4,
                                                    "Actual Startup Time": 0.01,
                                                    "Actual Total Time": 0.01,
                                                    "Actual Rows": 1,
                                                    "Actual Loops": 1,
                                                    "Output": [
                                                      "cct2.id"
                                                    ],
                                                    "Filter": "((cct2.kind)::text = 'complete'::text)",
                                                    "Rows Removed by Filter": 3
                                                  }
                                                ]
                                              }
                                            ]
                                          },
                                          {
                                            "Node Type": "Index Scan",
                                            "Parent Relationship": "Inner",
                                            "Parallel Aware": false,
                                            "Async Capable": false,
                                            "Scan Direction": "Forward",
                                            "Index Name": "idx_title_id",
                                            "Relation Name": "title",
                                            "Schema": "public",
                                            "Alias": "t",
                                            "Startup Cost": 0.43,
                                            "Total Cost": 0.49,
                                            "Plan Rows": 1,
                                            "Plan Width": 25,
                                            "Actual Startup Time": 0.007,
                                            "Actual Total Time": 0.007,
                                            "Actual Rows": 0,
                                            "Actual Loops": 6704,
                                            "Output": [
                                              "t.id",
                                              "t.title",
                                              "t.imdb_index",
                                              "t.kind_id",
                                              "t.production_year",
                                              "t.imdb_id",
                                              "t.phonetic_code",
                                              "t.episode_of_id",
                                              "t.season_nr",
                                              "t.episode_nr",
                                              "t.series_years",
                                              "t.md5sum"
                                            ],
                                            "Index Cond": "(t.id = mk.movie_id)",
                                            "Rows Removed by Index Recheck": 0,
                                            "Filter": "(t.production_year > 2005)",
                                            "Rows Removed by Filter": 1
                                          }
                                        ]
                                      },
                                      {
                                        "Node Type": "Hash",
                                        "Parent Relationship": "Inner",
                                        "Parallel Aware": false,
                                        "Async Capable": false,
                                        "Startup Cost": 1.09,
                                        "Total Cost": 1.09,
                                        "Plan Rows": 2,
                                        "Plan Width": 4,
                                        "Actual Startup Time": 0.018,
                                        "Actual Total Time": 0.019,
                                        "Actual Rows": 2,
                                        "Actual Loops": 1,
                                        "Output": [
                                          "kt.id"
                                        ],
                                        "Hash Buckets": 1024,
                                        "Original Hash Buckets": 1024,
                                        "Hash Batches": 1,
                                        "Original Hash Batches": 1,
                                        "Peak Memory Usage": 9,
                                        "Plans": [
                                          {
                                            "Node Type": "Seq Scan",
                                            "Parent Relationship": "Outer",
                                            "Parallel Aware": false,
                                            "Async Capable": false,
                                            "Relation Name": "kind_type",
                                            "Schema": "public",
                                            "Alias": "kt",
                                            "Startup Cost": 0.0,
                                            "Total Cost": 1.09,
                                            "Plan Rows": 2,
                                            "Plan Width": 4,
                                            "Actual Startup Time": 0.01,
                                            "Actual Total Time": 0.013,
                                            "Actual Rows": 2,
                                            "Actual Loops": 1,
                                            "Output": [
                                              "kt.id"
                                            ],
                                            "Filter": "((kt.kind)::text = ANY ('{movie,episode}'::text[]))",
                                            "Rows Removed by Filter": 5
                                          }
                                        ]
                                      }
                                    ]
                                  },
                                  {
                                    "Node Type": "Index Scan",
                                    "Parent Relationship": "Inner",
                                    "Parallel Aware": false,
                                    "Async Capable": false,
                                    "Scan Direction": "Forward",
                                    "Index Name": "idx_movie_info_idx_movie_id",
                                    "Relation Name": "movie_info_idx",
                                    "Schema": "public",
                                    "Alias": "mi_idx",
                                    "Startup Cost": 0.43,
                                    "Total Cost": 0.5,
                                    "Plan Rows": 3,
                                    "Plan Width": 13,
                                    "Actual Startup Time": 0.008,
                                    "Actual Total Time": 0.01,
                                    "Actual Rows": 3,
                                    "Actual Loops": 922,
                                    "Output": [
                                      "mi_idx.id",
                                      "mi_idx.movie_id",
                                      "mi_idx.info_type_id",
                                      "mi_idx.info",
                                      "mi_idx.note"
                                    ],
                                    "Index Cond": "(mi_idx.movie_id = mk.movie_id)",
                                    "Rows Removed by Index Recheck": 0,
                                    "Filter": "((mi_idx.info)::text < '8.5'::text)",
                                    "Rows Removed by Filter": 0
                                  }
                                ]
                              },
                              {
                                "Node Type": "Hash",
                                "Parent Relationship": "Inner",
                                "Parallel Aware": false,
                                "Async Capable": false,
                                "Startup Cost": 2.41,
                                "Total Cost": 2.41,
                                "Plan Rows": 1,
                                "Plan Width": 4,
                                "Actual Startup Time": 0.021,
                                "Actual Total Time": 0.022,
                                "Actual Rows": 1,
                                "Actual Loops": 1,
                                "Output": [
                                  "it2.id"
                                ],
                                "Hash Buckets": 1024,
                                "Original Hash Buckets": 1024,
                                "Hash Batches": 1,
                                "Original Hash Batches": 1,
                                "Peak Memory Usage": 9,
                                "Plans": [
                                  {
                                    "Node Type": "Seq Scan",
                                    "Parent Relationship": "Outer",
                                    "Parallel Aware": false,
                                    "Async Capable": false,
                                    "Relation Name": "info_type",
                                    "Schema": "public",
                                    "Alias": "it2",
                                    "Startup Cost": 0.0,
                                    "Total Cost": 2.41,
                                    "Plan Rows": 1,
                                    "Plan Width": 4,
                                    "Actual Startup Time": 0.016,
                                    "Actual Total Time": 0.018,
                                    "Actual Rows": 1,
                                    "Actual Loops": 1,
                                    "Output": [
                                      "it2.id"
                                    ],
                                    "Filter": "((it2.info)::text = 'rating'::text)",
                                    "Rows Removed by Filter": 112
                                  }
                                ]
                              }
                            ]
                          },
                          {
                            "Node Type": "Index Scan",
                            "Parent Relationship": "Inner",
                            "Parallel Aware": false,
                            "Async Capable": false,
                            "Scan Direction": "Forward",
                            "Index Name": "idx_movie_info_movie_id",
                            "Relation Name": "movie_info",
                            "Schema": "public",
                            "Alias": "mi",
                            "Startup Cost": 0.43,
                            "Total Cost": 1.82,
                            "Plan Rows": 2,
                            "Plan Width": 8,
                            "Actual Startup Time": 0.115,
                            "Actual Total Time": 0.136,
                            "Actual Rows": 1,
                            "Actual Loops": 851,
                            "Output": [
                              "mi.id",
                              "mi.movie_id",
                              "mi.info_type_id",
                              "mi.info",
                              "mi.note"
                            ],
                            "Index Cond": "(mi.movie_id = mk.movie_id)",
                            "Rows Removed by Index Recheck": 0,
                            "Filter": "((mi.info)::text = ANY ('{Sweden,Norway,Germany,Denmark,Swedish,Danish,Norwegian,German,USA,American}'::text[]))",
                            "Rows Removed by Filter": 135
                          }
                        ]
                      },
                      {
                        "Node Type": "Hash",
                        "Parent Relationship": "Inner",
                        "Parallel Aware": false,
                        "Async Capable": false,
                        "Startup Cost": 2.41,
                        "Total Cost": 2.41,
                        "Plan Rows": 1,
                        "Plan Width": 4,
                        "Actual Startup Time": 0.032,
                        "Actual Total Time": 0.033,
                        "Actual Rows": 1,
                        "Actual Loops": 1,
                        "Output": [
                          "it1.id"
                        ],
                        "Hash Buckets": 1024,
                        "Original Hash Buckets": 1024,
                        "Hash Batches": 1,
                        "Original Hash Batches": 1,
                        "Peak Memory Usage": 9,
                        "Plans": [
                          {
                            "Node Type": "Seq Scan",
                            "Parent Relationship": "Outer",
                            "Parallel Aware": false,
                            "Async Capable": false,
                            "Relation Name": "info_type",
                            "Schema": "public",
                            "Alias": "it1",
                            "Startup Cost": 0.0,
                            "Total Cost": 2.41,
                            "Plan Rows": 1,
                            "Plan Width": 4,
                            "Actual Startup Time": 0.014,
                            "Actual Total Time": 0.028,
                            "Actual Rows": 1,
                            "Actual Loops": 1,
                            "Output": [
                              "it1.id"
                            ],
                            "Filter": "((it1.info)::text = 'countries'::text)",
                            "Rows Removed by Filter": 112
                          }
                        ]
                      }
                    ]
                  },
                  {
                    "Node Type": "Index Scan",
                    "Parent Relationship": "Inner",
                    "Parallel Aware": false,
                    "Async Capable": false,
                    "Scan Direction": "Forward",
                    "Index Name": "idx_movie_companies_movie_id",
                    "Relation Name": "movie_companies",
                    "Schema": "public",
                    "Alias": "mc",
                    "Startup Cost": 0.43,
                    "Total Cost": 0.56,
                    "Plan Rows": 1,
                    "Plan Width": 12,
                    "Actual Startup Time": 0.015,
                    "Actual Total Time": 0.03,
                    "Actual Rows": 11,
                    "Actual Loops": 778,
                    "Output": [
                      "mc.id",
                      "mc.movie_id",
                      "mc.company_id",
                      "mc.company_type_id",
                      "mc.note"
                    ],
                    "Index Cond": "(mc.movie_id = mk.movie_id)",
                    "Rows Removed by Index Recheck": 0,
                    "Filter": "(((mc.note)::text !~~ '%(USA)%'::text) AND ((mc.note)::text ~~ '%(200%)%'::text))",
                    "Rows Removed by Filter": 13
                  }
                ]
              },
              {
                "Node Type": "Index Scan",
                "Parent Relationship": "Inner",
                "Parallel Aware": false,
                "Async Capable": false,
                "Scan Direction": "Forward",
                "Index Name": "idx_company_name_id",
                "Relation Name": "company_name",
                "Schema": "public",
                "Alias": "cn",
                "Startup Cost": 0.42,
                "Total Cost": 0.54,
                "Plan Rows": 1,
                "Plan Width": 23,
                "Actual Startup Time": 0.003,
                "Actual Total Time": 0.003,
                "Actual Rows": 1,
                "Actual Loops": 8771,
                "Output": [
                  "cn.id",
                  "cn.name",
                  "cn.country_code",
                  "cn.imdb_id",
                  "cn.name_pcode_nf",
                  "cn.name_pcode_sf",
                  "cn.md5sum"
                ],
                "Index Cond": "(cn.id = mc.company_id)",
                "Rows Removed by Index Recheck": 0,
                "Filter": "((cn.country_code)::text <> '[us]'::text)",
                "Rows Removed by Filter": 0
              }
            ]
          },
          {
            "Node Type": "Hash",
            "Parent Relationship": "Inner",
            "Parallel Aware": false,
            "Async Capable": false,
            "Startup Cost": 1.04,
            "Total Cost": 1.04,
            "Plan Rows": 4,
            "Plan Width": 4,
            "Actual Startup Time": 0.033,
            "Actual Total Time": 0.034,
            "Actual Rows": 4,
            "Actual Loops": 1,
            "Output": [
              "ct.id"
            ],
            "Hash Buckets": 1024,
            "Original Hash Buckets": 1024,
            "Hash Batches": 1,
            "Original Hash Batches": 1,
            "Peak Memory Usage": 9,
            "Plans": [
              {
                "Node Type": "Seq Scan",
                "Parent Relationship": "Outer",
                "Parallel Aware": false,
                "Async Capable": false,
                "Relation Name": "company_type",
                "Schema": "public",
                "Alias": "ct",
                "Startup Cost": 0.0,
                "Total Cost": 1.04,
                "Plan Rows": 4,
                "Plan Width": 4,
                "Actual Startup Time": 0.022,
                "Actual Total Time": 0.024,
                "Actual Rows": 4,
                "Actual Loops": 1,
                "Output": [
                  "ct.id"
                ]
              }
            ]
          }
        ]
      }
    ]
  },
  "Planning Time": 2566.334,
  "Triggers": [],
  "Execution Time": 379.407
}