[
    {
        "Bao": {
            "Bao prediction": 70.986,
            "Bao recommended hint": "(no hint)"
        }
    },
    {
        "Plan": {
            "Node Type": "Aggregate",
            "Strategy": "Plain",
            "Partial Mode": "Simple",
            "Parallel Aware": false,
            "Startup Cost": 3825.91,
            "Total Cost": 3825.92,
            "Plan Rows": 1,
            "Plan Width": 96,
            "Actual Startup Time": 31.657,
            "Actual Total Time": 31.661,
            "Actual Rows": 1,
            "Actual Loops": 1,
            "Output": [
                "min((lt.link)::text)",
                "min(t1.title)",
                "min(t2.title)"
            ],
            "Plans": [
                {
                    "Node Type": "Nested Loop",
                    "Parent Relationship": "Outer",
                    "Parallel Aware": false,
                    "Join Type": "Inner",
                    "Startup Cost": 11.94,
                    "Total Cost": 3825.83,
                    "Plan Rows": 10,
                    "Plan Width": 46,
                    "Actual Startup Time": 31.652,
                    "Actual Total Time": 31.655,
                    "Actual Rows": 0,
                    "Actual Loops": 1,
                    "Output": [
                        "lt.link",
                        "t1.title",
                        "t2.title"
                    ],
                    "Inner Unique": true,
                    "Plans": [
                        {
                            "Node Type": "Nested Loop",
                            "Parent Relationship": "Outer",
                            "Parallel Aware": false,
                            "Join Type": "Inner",
                            "Startup Cost": 11.51,
                            "Total Cost": 3781.11,
                            "Plan Rows": 10,
                            "Plan Width": 33,
                            "Actual Startup Time": 31.651,
                            "Actual Total Time": 31.654,
                            "Actual Rows": 0,
                            "Actual Loops": 1,
                            "Output": [
                                "ml.linked_movie_id",
                                "lt.link",
                                "t1.title"
                            ],
                            "Inner Unique": true,
                            "Plans": [
                                {
                                    "Node Type": "Nested Loop",
                                    "Parent Relationship": "Outer",
                                    "Parallel Aware": false,
                                    "Join Type": "Inner",
                                    "Startup Cost": 11.08,
                                    "Total Cost": 3776.24,
                                    "Plan Rows": 10,
                                    "Plan Width": 24,
                                    "Actual Startup Time": 31.651,
                                    "Actual Total Time": 31.653,
                                    "Actual Rows": 0,
                                    "Actual Loops": 1,
                                    "Output": [
                                        "mk.movie_id",
                                        "ml.movie_id",
                                        "ml.linked_movie_id",
                                        "lt.link"
                                    ],
                                    "Inner Unique": true,
                                    "Join Filter": "(ml.link_type_id = lt.id)",
                                    "Rows Removed by Join Filter": 0,
                                    "Plans": [
                                        {
                                            "Node Type": "Nested Loop",
                                            "Parent Relationship": "Outer",
                                            "Parallel Aware": false,
                                            "Join Type": "Inner",
                                            "Startup Cost": 11.08,
                                            "Total Cost": 3772.56,
                                            "Plan Rows": 10,
                                            "Plan Width": 16,
                                            "Actual Startup Time": 31.65,
                                            "Actual Total Time": 31.652,
                                            "Actual Rows": 0,
                                            "Actual Loops": 1,
                                            "Output": [
                                                "mk.movie_id",
                                                "ml.movie_id",
                                                "ml.linked_movie_id",
                                                "ml.link_type_id"
                                            ],
                                            "Inner Unique": false,
                                            "Plans": [
                                                {
                                                    "Node Type": "Nested Loop",
                                                    "Parent Relationship": "Outer",
                                                    "Parallel Aware": false,
                                                    "Join Type": "Inner",
                                                    "Startup Cost": 10.8,
                                                    "Total Cost": 3758.1,
                                                    "Plan Rows": 34,
                                                    "Plan Width": 4,
                                                    "Actual Startup Time": 31.649,
                                                    "Actual Total Time": 31.651,
                                                    "Actual Rows": 0,
                                                    "Actual Loops": 1,
                                                    "Output": [
                                                        "mk.movie_id"
                                                    ],
                                                    "Inner Unique": false,
                                                    "Plans": [
                                                        {
                                                            "Node Type": "Seq Scan",
                                                            "Parent Relationship": "Outer",
                                                            "Parallel Aware": false,
                                                            "Relation Name": "keyword",
                                                            "Schema": "public",
                                                            "Alias": "k",
                                                            "Startup Cost": 0.0,
                                                            "Total Cost": 2626.12,
                                                            "Plan Rows": 1,
                                                            "Plan Width": 4,
                                                            "Actual Startup Time": 31.648,
                                                            "Actual Total Time": 31.649,
                                                            "Actual Rows": 0,
                                                            "Actual Loops": 1,
                                                            "Output": [
                                                                "k.id",
                                                                "k.keyword",
                                                                "k.phonetic_code"
                                                            ],
                                                            "Filter": "(k.keyword = 'murder-in-title'::text)",
                                                            "Rows Removed by Filter": 134170
                                                        },
                                                        {
                                                            "Node Type": "Bitmap Heap Scan",
                                                            "Parent Relationship": "Inner",
                                                            "Parallel Aware": false,
                                                            "Relation Name": "movie_keyword",
                                                            "Schema": "public",
                                                            "Alias": "mk",
                                                            "Startup Cost": 10.8,
                                                            "Total Cost": 1128.92,
                                                            "Plan Rows": 305,
                                                            "Plan Width": 8,
                                                            "Actual Startup Time": 0.0,
                                                            "Actual Total Time": 0.0,
                                                            "Actual Rows": 0,
                                                            "Actual Loops": 0,
                                                            "Output": [
                                                                "mk.id",
                                                                "mk.movie_id",
                                                                "mk.keyword_id"
                                                            ],
                                                            "Recheck Cond": "(mk.keyword_id = k.id)",
                                                            "Rows Removed by Index Recheck": 0,
                                                            "Exact Heap Blocks": 0,
                                                            "Lossy Heap Blocks": 0,
                                                            "Plans": [
                                                                {
                                                                    "Node Type": "Bitmap Index Scan",
                                                                    "Parent Relationship": "Outer",
                                                                    "Parallel Aware": false,
                                                                    "Index Name": "keyword_id_movie_keyword",
                                                                    "Startup Cost": 0.0,
                                                                    "Total Cost": 10.72,
                                                                    "Plan Rows": 305,
                                                                    "Plan Width": 0,
                                                                    "Actual Startup Time": 0.0,
                                                                    "Actual Total Time": 0.0,
                                                                    "Actual Rows": 0,
                                                                    "Actual Loops": 0,
                                                                    "Index Cond": "(mk.keyword_id = k.id)"
                                                                }
                                                            ]
                                                        }
                                                    ]
                                                },
                                                {
                                                    "Node Type": "Index Scan",
                                                    "Parent Relationship": "Inner",
                                                    "Parallel Aware": false,
                                                    "Scan Direction": "Forward",
                                                    "Index Name": "movie_id_movie_link",
                                                    "Relation Name": "movie_link",
                                                    "Schema": "public",
                                                    "Alias": "ml",
                                                    "Startup Cost": 0.29,
                                                    "Total Cost": 0.38,
                                                    "Plan Rows": 5,
                                                    "Plan Width": 12,
                                                    "Actual Startup Time": 0.0,
                                                    "Actual Total Time": 0.0,
                                                    "Actual Rows": 0,
                                                    "Actual Loops": 0,
                                                    "Output": [
                                                        "ml.id",
                                                        "ml.movie_id",
                                                        "ml.linked_movie_id",
                                                        "ml.link_type_id"
                                                    ],
                                                    "Index Cond": "(ml.movie_id = mk.movie_id)",
                                                    "Rows Removed by Index Recheck": 0
                                                }
                                            ]
                                        },
                                        {
                                            "Node Type": "Materialize",
                                            "Parent Relationship": "Inner",
                                            "Parallel Aware": false,
                                            "Startup Cost": 0.0,
                                            "Total Cost": 1.27,
                                            "Plan Rows": 18,
                                            "Plan Width": 16,
                                            "Actual Startup Time": 0.0,
                                            "Actual Total Time": 0.0,
                                            "Actual Rows": 0,
                                            "Actual Loops": 0,
                                            "Output": [
                                                "lt.link",
                                                "lt.id"
                                            ],
                                            "Plans": [
                                                {
                                                    "Node Type": "Seq Scan",
                                                    "Parent Relationship": "Outer",
                                                    "Parallel Aware": false,
                                                    "Relation Name": "link_type",
                                                    "Schema": "public",
                                                    "Alias": "lt",
                                                    "Startup Cost": 0.0,
                                                    "Total Cost": 1.18,
                                                    "Plan Rows": 18,
                                                    "Plan Width": 16,
                                                    "Actual Startup Time": 0.0,
                                                    "Actual Total Time": 0.0,
                                                    "Actual Rows": 0,
                                                    "Actual Loops": 0,
                                                    "Output": [
                                                        "lt.link",
                                                        "lt.id"
                                                    ]
                                                }
                                            ]
                                        }
                                    ]
                                },
                                {
                                    "Node Type": "Index Scan",
                                    "Parent Relationship": "Inner",
                                    "Parallel Aware": false,
                                    "Scan Direction": "Forward",
                                    "Index Name": "title_pkey",
                                    "Relation Name": "title",
                                    "Schema": "public",
                                    "Alias": "t1",
                                    "Startup Cost": 0.43,
                                    "Total Cost": 0.49,
                                    "Plan Rows": 1,
                                    "Plan Width": 21,
                                    "Actual Startup Time": 0.0,
                                    "Actual Total Time": 0.0,
                                    "Actual Rows": 0,
                                    "Actual Loops": 0,
                                    "Output": [
                                        "t1.id",
                                        "t1.title",
                                        "t1.imdb_index",
                                        "t1.kind_id",
                                        "t1.production_year",
                                        "t1.imdb_id",
                                        "t1.phonetic_code",
                                        "t1.episode_of_id",
                                        "t1.season_nr",
                                        "t1.episode_nr",
                                        "t1.series_years",
                                        "t1.md5sum"
                                    ],
                                    "Index Cond": "(t1.id = mk.movie_id)",
                                    "Rows Removed by Index Recheck": 0
                                }
                            ]
                        },
                        {
                            "Node Type": "Index Scan",
                            "Parent Relationship": "Inner",
                            "Parallel Aware": false,
                            "Scan Direction": "Forward",
                            "Index Name": "title_pkey",
                            "Relation Name": "title",
                            "Schema": "public",
                            "Alias": "t2",
                            "Startup Cost": 0.43,
                            "Total Cost": 4.47,
                            "Plan Rows": 1,
                            "Plan Width": 21,
                            "Actual Startup Time": 0.0,
                            "Actual Total Time": 0.0,
                            "Actual Rows": 0,
                            "Actual Loops": 0,
                            "Output": [
                                "t2.id",
                                "t2.title",
                                "t2.imdb_index",
                                "t2.kind_id",
                                "t2.production_year",
                                "t2.imdb_id",
                                "t2.phonetic_code",
                                "t2.episode_of_id",
                                "t2.season_nr",
                                "t2.episode_nr",
                                "t2.series_years",
                                "t2.md5sum"
                            ],
                            "Index Cond": "(t2.id = ml.linked_movie_id)",
                            "Rows Removed by Index Recheck": 0
                        }
                    ]
                }
            ]
        },
        "Planning Time": 2152.618,
        "Triggers": [],
        "Execution Time": 32.38
    }
]