{
  "Plan": {
    "Node Type": "Aggregate",
    "Strategy": "Plain",
    "Partial Mode": "Simple",
    "Parallel Aware": false,
    "Async Capable": false,
    "Startup Cost": 183229.02,
    "Total Cost": 183229.03,
    "Plan Rows": 1,
    "Plan Width": 96,
    "Actual Startup Time": 1616.147,
    "Actual Total Time": 1616.159,
    "Actual Rows": 1,
    "Actual Loops": 1,
    "Output": [
      "min((chn.name)::text)",
      "min((mi_idx.info)::text)",
      "min((t.title)::text)"
    ],
    "Plans": [
      {
        "Node Type": "Hash Join",
        "Parent Relationship": "Outer",
        "Parallel Aware": false,
        "Async Capable": false,
        "Join Type": "Inner",
        "Startup Cost": 37708.27,
        "Total Cost": 183228.44,
        "Plan Rows": 77,
        "Plan Width": 38,
        "Actual Startup Time": 683.554,
        "Actual Total Time": 1616.025,
        "Actual Rows": 77,
        "Actual Loops": 1,
        "Output": [
          "chn.name",
          "mi_idx.info",
          "t.title"
        ],
        "Inner Unique": true,
        "Hash Cond": "(mi_idx.info_type_id = it2.id)",
        "Plans": [
          {
            "Node Type": "Nested Loop",
            "Parent Relationship": "Outer",
            "Parallel Aware": false,
            "Async Capable": false,
            "Join Type": "Inner",
            "Startup Cost": 37705.85,
            "Total Cost": 183225.34,
            "Plan Rows": 251,
            "Plan Width": 42,
            "Actual Startup Time": 615.261,
            "Actual Total Time": 1547.672,
            "Actual Rows": 251,
            "Actual Loops": 1,
            "Output": [
              "chn.name",
              "mi_idx.info",
              "mi_idx.info_type_id",
              "t.title"
            ],
            "Inner Unique": false,
            "Join Filter": "(mi_idx.movie_id = t.id)",
            "Rows Removed by Join Filter": 0,
            "Plans": [
              {
                "Node Type": "Hash Join",
                "Parent Relationship": "Outer",
                "Parallel Aware": false,
                "Async Capable": false,
                "Join Type": "Inner",
                "Startup Cost": 37705.42,
                "Total Cost": 183185.4,
                "Plan Rows": 77,
                "Plan Width": 49,
                "Actual Startup Time": 615.207,
                "Actual Total Time": 1547.114,
                "Actual Rows": 77,
                "Actual Loops": 1,
                "Output": [
                  "cc.movie_id",
                  "ci.movie_id",
                  "chn.name",
                  "mk.movie_id",
                  "t.title",
                  "t.id"
                ],
                "Inner Unique": true,
                "Hash Cond": "(cc.status_id = cct2.id)",
                "Plans": [
                  {
                    "Node Type": "Hash Join",
                    "Parent Relationship": "Outer",
                    "Parallel Aware": false,
                    "Async Capable": false,
                    "Join Type": "Inner",
                    "Startup Cost": 37704.36,
                    "Total Cost": 183183.92,
                    "Plan Rows": 77,
                    "Plan Width": 53,
                    "Actual Startup Time": 615.153,
                    "Actual Total Time": 1547.02,
                    "Actual Rows": 77,
                    "Actual Loops": 1,
                    "Output": [
                      "cc.movie_id",
                      "cc.status_id",
                      "ci.movie_id",
                      "chn.name",
                      "mk.movie_id",
                      "t.title",
                      "t.id"
                    ],
                    "Inner Unique": false,
                    "Hash Cond": "(((chn.surname_pcode)::text = (ak.name_pcode_nf)::text) AND ((n.name_pcode_nf)::text = (ak.name_pcode_cf)::text))",
                    "Plans": [
                      {
                        "Node Type": "Nested Loop",
                        "Parent Relationship": "Outer",
                        "Parallel Aware": false,
                        "Async Capable": false,
                        "Join Type": "Inner",
                        "Startup Cost": 3774.78,
                        "Total Cost": 113493.18,
                        "Plan Rows": 5406,
                        "Plan Width": 62,
                        "Actual Startup Time": 65.998,
                        "Actual Total Time": 1093.634,
                        "Actual Rows": 5406,
                        "Actual Loops": 1,
                        "Output": [
                          "cc.movie_id",
                          "cc.status_id",
                          "ci.movie_id",
                          "chn.name",
                          "chn.surname_pcode",
                          "mk.movie_id",
                          "n.name_pcode_nf",
                          "t.title",
                          "t.id"
                        ],
                        "Inner Unique": true,
                        "Plans": [
                          {
                            "Node Type": "Nested Loop",
                            "Parent Relationship": "Outer",
                            "Parallel Aware": false,
                            "Async Capable": false,
                            "Join Type": "Inner",
                            "Startup Cost": 3774.35,
                            "Total Cost": 111033.99,
                            "Plan Rows": 5406,
                            "Plan Width": 61,
                            "Actual Startup Time": 65.922,
                            "Actual Total Time": 1035.816,
                            "Actual Rows": 5406,
                            "Actual Loops": 1,
                            "Output": [
                              "cc.movie_id",
                              "cc.status_id",
                              "ci.movie_id",
                              "ci.person_id",
                              "chn.name",
                              "chn.surname_pcode",
                              "mk.movie_id",
                              "t.title",
                              "t.id"
                            ],
                            "Inner Unique": true,
                            "Plans": [
                              {
                                "Node Type": "Nested Loop",
                                "Parent Relationship": "Outer",
                                "Parallel Aware": false,
                                "Async Capable": false,
                                "Join Type": "Inner",
                                "Startup Cost": 3773.92,
                                "Total Cost": 24185.48,
                                "Plan Rows": 189844,
                                "Plan Width": 45,
                                "Actual Startup Time": 62.162,
                                "Actual Total Time": 605.016,
                                "Actual Rows": 189844,
                                "Actual Loops": 1,
                                "Output": [
                                  "cc.movie_id",
                                  "cc.status_id",
                                  "ci.movie_id",
                                  "ci.person_role_id",
                                  "ci.person_id",
                                  "mk.movie_id",
                                  "t.title",
                                  "t.id"
                                ],
                                "Inner Unique": false,
                                "Join Filter": "(ci.movie_id = t.id)",
                                "Rows Removed by Join Filter": 0,
                                "Plans": [
                                  {
                                    "Node Type": "Hash Join",
                                    "Parent Relationship": "Outer",
                                    "Parallel Aware": false,
                                    "Async Capable": false,
                                    "Join Type": "Inner",
                                    "Startup Cost": 3773.48,
                                    "Total Cost": 21859.58,
                                    "Plan Rows": 1267,
                                    "Plan Width": 33,
                                    "Actual Startup Time": 62.085,
                                    "Actual Total Time": 194.224,
                                    "Actual Rows": 1267,
                                    "Actual Loops": 1,
                                    "Output": [
                                      "cc.movie_id",
                                      "cc.status_id",
                                      "mk.movie_id",
                                      "t.title",
                                      "t.id"
                                    ],
                                    "Inner Unique": true,
                                    "Hash Cond": "(t.kind_id = kt.id)",
                                    "Plans": [
                                      {
                                        "Node Type": "Nested Loop",
                                        "Parent Relationship": "Outer",
                                        "Parallel Aware": false,
                                        "Async Capable": false,
                                        "Join Type": "Inner",
                                        "Startup Cost": 3772.38,
                                        "Total Cost": 21851.76,
                                        "Plan Rows": 1595,
                                        "Plan Width": 37,
                                        "Actual Startup Time": 60.359,
                                        "Actual Total Time": 193.102,
                                        "Actual Rows": 1595,
                                        "Actual Loops": 1,
                                        "Output": [
                                          "cc.movie_id",
                                          "cc.status_id",
                                          "mk.movie_id",
                                          "t.title",
                                          "t.kind_id",
                                          "t.id"
                                        ],
                                        "Inner Unique": true,
                                        "Plans": [
                                          {
                                            "Node Type": "Hash Join",
                                            "Parent Relationship": "Outer",
                                            "Parallel Aware": false,
                                            "Async Capable": false,
                                            "Join Type": "Inner",
                                            "Startup Cost": 3771.95,
                                            "Total Cost": 18730.76,
                                            "Plan Rows": 6396,
                                            "Plan Width": 12,
                                            "Actual Startup Time": 58.771,
                                            "Actual Total Time": 141.523,
                                            "Actual Rows": 6396,
                                            "Actual Loops": 1,
                                            "Output": [
                                              "cc.movie_id",
                                              "cc.status_id",
                                              "mk.movie_id"
                                            ],
                                            "Inner Unique": true,
                                            "Hash Cond": "(cc.subject_id = cct1.id)",
                                            "Plans": [
                                              {
                                                "Node Type": "Hash Join",
                                                "Parent Relationship": "Outer",
                                                "Parallel Aware": false,
                                                "Async Capable": false,
                                                "Join Type": "Inner",
                                                "Startup Cost": 3770.89,
                                                "Total Cost": 18678.92,
                                                "Plan Rows": 9392,
                                                "Plan Width": 16,
                                                "Actual Startup Time": 58.74,
                                                "Actual Total Time": 138.651,
                                                "Actual Rows": 9392,
                                                "Actual Loops": 1,
                                                "Output": [
                                                  "cc.movie_id",
                                                  "cc.subject_id",
                                                  "cc.status_id",
                                                  "mk.movie_id"
                                                ],
                                                "Inner Unique": false,
                                                "Hash Cond": "(mk.movie_id = cc.movie_id)",
                                                "Plans": [
                                                  {
                                                    "Node Type": "Nested Loop",
                                                    "Parent Relationship": "Outer",
                                                    "Parallel Aware": false,
                                                    "Async Capable": false,
                                                    "Join Type": "Inner",
                                                    "Startup Cost": 0.46,
                                                    "Total Cost": 14466.67,
                                                    "Plan Rows": 24091,
                                                    "Plan Width": 4,
                                                    "Actual Startup Time": 0.208,
                                                    "Actual Total Time": 69.551,
                                                    "Actual Rows": 24091,
                                                    "Actual Loops": 1,
                                                    "Output": [
                                                      "mk.movie_id"
                                                    ],
                                                    "Inner Unique": false,
                                                    "Plans": [
                                                      {
                                                        "Node Type": "Seq Scan",
                                                        "Parent Relationship": "Outer",
                                                        "Parallel Aware": false,
                                                        "Async Capable": false,
                                                        "Relation Name": "keyword",
                                                        "Schema": "public",
                                                        "Alias": "k",
                                                        "Startup Cost": 0.03,
                                                        "Total Cost": 2961.57,
                                                        "Plan Rows": 10,
                                                        "Plan Width": 4,
                                                        "Actual Startup Time": 0.108,
                                                        "Actual Total Time": 20.558,
                                                        "Actual Rows": 10,
                                                        "Actual Loops": 1,
                                                        "Output": [
                                                          "k.id",
                                                          "k.keyword",
                                                          "k.phonetic_code"
                                                        ],
                                                        "Filter": "((k.keyword)::text = ANY ('{superhero,marvel-comics,based-on-comic,tv-special,fight,violence,magnet,web,claw,laser}'::text[]))",
                                                        "Rows Removed by Filter": 134160
                                                      },
                                                      {
                                                        "Node Type": "Index Scan",
                                                        "Parent Relationship": "Inner",
                                                        "Parallel Aware": false,
                                                        "Async Capable": false,
                                                        "Scan Direction": "Forward",
                                                        "Index Name": "idx_movie_keyword_keyword_id",
                                                        "Relation Name": "movie_keyword",
                                                        "Schema": "public",
                                                        "Alias": "mk",
                                                        "Startup Cost": 0.43,
                                                        "Total Cost": 1147.49,
                                                        "Plan Rows": 302,
                                                        "Plan Width": 8,
                                                        "Actual Startup Time": 0.029,
                                                        "Actual Total Time": 4.435,
                                                        "Actual Rows": 2409,
                                                        "Actual Loops": 10,
                                                        "Output": [
                                                          "mk.id",
                                                          "mk.movie_id",
                                                          "mk.keyword_id"
                                                        ],
                                                        "Index Cond": "(mk.keyword_id = k.id)",
                                                        "Rows Removed by Index Recheck": 0
                                                      }
                                                    ]
                                                  },
                                                  {
                                                    "Node Type": "Hash",
                                                    "Parent Relationship": "Inner",
                                                    "Parallel Aware": false,
                                                    "Async Capable": false,
                                                    "Startup Cost": 2081.86,
                                                    "Total Cost": 2081.86,
                                                    "Plan Rows": 135086,
                                                    "Plan Width": 12,
                                                    "Actual Startup Time": 56.74,
                                                    "Actual Total Time": 56.741,
                                                    "Actual Rows": 135086,
                                                    "Actual Loops": 1,
                                                    "Output": [
                                                      "cc.movie_id",
                                                      "cc.subject_id",
                                                      "cc.status_id"
                                                    ],
                                                    "Hash Buckets": 262144,
                                                    "Original Hash Buckets": 262144,
                                                    "Hash Batches": 1,
                                                    "Original Hash Batches": 1,
                                                    "Peak Memory Usage": 7853,
                                                    "Plans": [
                                                      {
                                                        "Node Type": "Seq Scan",
                                                        "Parent Relationship": "Outer",
                                                        "Parallel Aware": false,
                                                        "Async Capable": false,
                                                        "Relation Name": "complete_cast",
                                                        "Schema": "public",
                                                        "Alias": "cc",
                                                        "Startup Cost": 0.0,
                                                        "Total Cost": 2081.86,
                                                        "Plan Rows": 135086,
                                                        "Plan Width": 12,
                                                        "Actual Startup Time": 0.035,
                                                        "Actual Total Time": 25.136,
                                                        "Actual Rows": 135086,
                                                        "Actual Loops": 1,
                                                        "Output": [
                                                          "cc.movie_id",
                                                          "cc.subject_id",
                                                          "cc.status_id"
                                                        ]
                                                      }
                                                    ]
                                                  }
                                                ]
                                              },
                                              {
                                                "Node Type": "Hash",
                                                "Parent Relationship": "Inner",
                                                "Parallel Aware": false,
                                                "Async Capable": false,
                                                "Startup Cost": 1.05,
                                                "Total Cost": 1.05,
                                                "Plan Rows": 1,
                                                "Plan Width": 4,
                                                "Actual Startup Time": 0.016,
                                                "Actual Total Time": 0.017,
                                                "Actual Rows": 1,
                                                "Actual Loops": 1,
                                                "Output": [
                                                  "cct1.id"
                                                ],
                                                "Hash Buckets": 1024,
                                                "Original Hash Buckets": 1024,
                                                "Hash Batches": 1,
                                                "Original Hash Batches": 1,
                                                "Peak Memory Usage": 9,
                                                "Plans": [
                                                  {
                                                    "Node Type": "Seq Scan",
                                                    "Parent Relationship": "Outer",
                                                    "Parallel Aware": false,
                                                    "Async Capable": false,
                                                    "Relation Name": "comp_cast_type",
                                                    "Schema": "public",
                                                    "Alias": "cct1",
                                                    "Startup Cost": 0.0,
                                                    "Total Cost": 1.05,
                                                    "Plan Rows": 1,
                                                    "Plan Width": 4,
                                                    "Actual Startup Time": 0.011,
                                                    "Actual Total Time": 0.012,
                                                    "Actual Rows": 1,
                                                    "Actual Loops": 1,
                                                    "Output": [
                                                      "cct1.id"
                                                    ],
                                                    "Filter": "((cct1.kind)::text = 'cast'::text)",
                                                    "Rows Removed by Filter": 3
                                                  }
                                                ]
                                              }
                                            ]
                                          },
                                          {
                                            "Node Type": "Index Scan",
                                            "Parent Relationship": "Inner",
                                            "Parallel Aware": false,
                                            "Async Capable": false,
                                            "Scan Direction": "Forward",
                                            "Index Name": "idx_title_id",
                                            "Relation Name": "title",
                                            "Schema": "public",
                                            "Alias": "t",
                                            "Startup Cost": 0.43,
                                            "Total Cost": 0.49,
                                            "Plan Rows": 1,
                                            "Plan Width": 25,
                                            "Actual Startup Time": 0.007,
                                            "Actual Total Time": 0.007,
                                            "Actual Rows": 0,
                                            "Actual Loops": 6396,
                                            "Output": [
                                              "t.id",
                                              "t.title",
                                              "t.imdb_index",
                                              "t.kind_id",
                                              "t.production_year",
                                              "t.imdb_id",
                                              "t.phonetic_code",
                                              "t.episode_of_id",
                                              "t.season_nr",
                                              "t.episode_nr",
                                              "t.series_years",
                                              "t.md5sum"
                                            ],
                                            "Index Cond": "(t.id = mk.movie_id)",
                                            "Rows Removed by Index Recheck": 0,
                                            "Filter": "(t.production_year > 2000)",
                                            "Rows Removed by Filter": 1
                                          }
                                        ]
                                      },
                                      {
                                        "Node Type": "Hash",
                                        "Parent Relationship": "Inner",
                                        "Parallel Aware": false,
                                        "Async Capable": false,
                                        "Startup Cost": 1.09,
                                        "Total Cost": 1.09,
                                        "Plan Rows": 1,
                                        "Plan Width": 4,
                                        "Actual Startup Time": 0.03,
                                        "Actual Total Time": 0.031,
                                        "Actual Rows": 1,
                                        "Actual Loops": 1,
                                        "Output": [
                                          "kt.id"
                                        ],
                                        "Hash Buckets": 1024,
                                        "Original Hash Buckets": 1024,
                                        "Hash Batches": 1,
                                        "Original Hash Batches": 1,
                                        "Peak Memory Usage": 9,
                                        "Plans": [
                                          {
                                            "Node Type": "Seq Scan",
                                            "Parent Relationship": "Outer",
                                            "Parallel Aware": false,
                                            "Async Capable": false,
                                            "Relation Name": "kind_type",
                                            "Schema": "public",
                                            "Alias": "kt",
                                            "Startup Cost": 0.0,
                                            "Total Cost": 1.09,
                                            "Plan Rows": 1,
                                            "Plan Width": 4,
                                            "Actual Startup Time": 0.024,
                                            "Actual Total Time": 0.025,
                                            "Actual Rows": 1,
                                            "Actual Loops": 1,
                                            "Output": [
                                              "kt.id"
                                            ],
                                            "Filter": "((kt.kind)::text = 'movie'::text)",
                                            "Rows Removed by Filter": 6
                                          }
                                        ]
                                      }
                                    ]
                                  },
                                  {
                                    "Node Type": "Index Scan",
                                    "Parent Relationship": "Inner",
                                    "Parallel Aware": false,
                                    "Async Capable": false,
                                    "Scan Direction": "Forward",
                                    "Index Name": "idx_cast_info_movie_id",
                                    "Relation Name": "cast_info",
                                    "Schema": "public",
                                    "Alias": "ci",
                                    "Startup Cost": 0.44,
                                    "Total Cost": 1.36,
                                    "Plan Rows": 38,
                                    "Plan Width": 12,
                                    "Actual Startup Time": 0.01,
                                    "Actual Total Time": 0.285,
                                    "Actual Rows": 150,
                                    "Actual Loops": 1267,
                                    "Output": [
                                      "ci.id",
                                      "ci.person_id",
                                      "ci.movie_id",
                                      "ci.person_role_id",
                                      "ci.note",
                                      "ci.nr_order",
                                      "ci.role_id"
                                    ],
                                    "Index Cond": "(ci.movie_id = mk.movie_id)",
                                    "Rows Removed by Index Recheck": 0
                                  }
                                ]
                              },
                              {
                                "Node Type": "Index Scan",
                                "Parent Relationship": "Inner",
                                "Parallel Aware": false,
                                "Async Capable": false,
                                "Scan Direction": "Forward",
                                "Index Name": "idx_char_name_id",
                                "Relation Name": "char_name",
                                "Schema": "public",
                                "Alias": "chn",
                                "Startup Cost": 0.43,
                                "Total Cost": 0.46,
                                "Plan Rows": 1,
                                "Plan Width": 24,
                                "Actual Startup Time": 0.002,
                                "Actual Total Time": 0.002,
                                "Actual Rows": 0,
                                "Actual Loops": 189844,
                                "Output": [
                                  "chn.id",
                                  "chn.name",
                                  "chn.imdb_index",
                                  "chn.imdb_id",
                                  "chn.name_pcode_nf",
                                  "chn.surname_pcode",
                                  "chn.md5sum"
                                ],
                                "Index Cond": "(chn.id = ci.person_role_id)",
                                "Rows Removed by Index Recheck": 0,
                                "Filter": "((chn.name IS NOT NULL) AND (((chn.name)::text ~~ '%man%'::text) OR ((chn.name)::text ~~ '%Man%'::text)))",
                                "Rows Removed by Filter": 0
                              }
                            ]
                          },
                          {
                            "Node Type": "Index Scan",
                            "Parent Relationship": "Inner",
                            "Parallel Aware": false,
                            "Async Capable": false,
                            "Scan Direction": "Forward",
                            "Index Name": "idx_name_id",
                            "Relation Name": "name",
                            "Schema": "public",
                            "Alias": "n",
                            "Startup Cost": 0.43,
                            "Total Cost": 0.45,
                            "Plan Rows": 1,
                            "Plan Width": 9,
                            "Actual Startup Time": 0.01,
                            "Actual Total Time": 0.01,
                            "Actual Rows": 1,
                            "Actual Loops": 5406,
                            "Output": [
                              "n.id",
                              "n.name",
                              "n.imdb_index",
                              "n.imdb_id",
                              "n.gender",
                              "n.name_pcode_cf",
                              "n.name_pcode_nf",
                              "n.surname_pcode",
                              "n.md5sum"
                            ],
                            "Index Cond": "(n.id = ci.person_id)",
                            "Rows Removed by Index Recheck": 0
                          }
                        ]
                      },
                      {
                        "Node Type": "Hash",
                        "Parent Relationship": "Inner",
                        "Parallel Aware": false,
                        "Async Capable": false,
                        "Startup Cost": 20409.43,
                        "Total Cost": 20409.43,
                        "Plan Rows": 901343,
                        "Plan Width": 10,
                        "Actual Startup Time": 443.953,
                        "Actual Total Time": 443.954,
                        "Actual Rows": 792075,
                        "Actual Loops": 1,
                        "Output": [
                          "ak.name_pcode_nf",
                          "ak.name_pcode_cf"
                        ],
                        "Hash Buckets": 1048576,
                        "Original Hash Buckets": 1048576,
                        "Hash Batches": 1,
                        "Original Hash Batches": 1,
                        "Peak Memory Usage": 41924,
                        "Plans": [
                          {
                            "Node Type": "Seq Scan",
                            "Parent Relationship": "Outer",
                            "Parallel Aware": false,
                            "Async Capable": false,
                            "Relation Name": "aka_name",
                            "Schema": "public",
                            "Alias": "ak",
                            "Startup Cost": 0.0,
                            "Total Cost": 20409.43,
                            "Plan Rows": 901343,
                            "Plan Width": 10,
                            "Actual Startup Time": 0.025,
                            "Actual Total Time": 185.649,
                            "Actual Rows": 901343,
                            "Actual Loops": 1,
                            "Output": [
                              "ak.name_pcode_nf",
                              "ak.name_pcode_cf"
                            ]
                          }
                        ]
                      }
                    ]
                  },
                  {
                    "Node Type": "Hash",
                    "Parent Relationship": "Inner",
                    "Parallel Aware": false,
                    "Async Capable": false,
                    "Startup Cost": 1.05,
                    "Total Cost": 1.05,
                    "Plan Rows": 1,
                    "Plan Width": 4,
                    "Actual Startup Time": 0.035,
                    "Actual Total Time": 0.036,
                    "Actual Rows": 2,
                    "Actual Loops": 1,
                    "Output": [
                      "cct2.id"
                    ],
                    "Hash Buckets": 1024,
                    "Original Hash Buckets": 1024,
                    "Hash Batches": 1,
                    "Original Hash Batches": 1,
                    "Peak Memory Usage": 9,
                    "Plans": [
                      {
                        "Node Type": "Seq Scan",
                        "Parent Relationship": "Outer",
                        "Parallel Aware": false,
                        "Async Capable": false,
                        "Relation Name": "comp_cast_type",
                        "Schema": "public",
                        "Alias": "cct2",
                        "Startup Cost": 0.0,
                        "Total Cost": 1.05,
                        "Plan Rows": 1,
                        "Plan Width": 4,
                        "Actual Startup Time": 0.029,
                        "Actual Total Time": 0.03,
                        "Actual Rows": 2,
                        "Actual Loops": 1,
                        "Output": [
                          "cct2.id"
                        ],
                        "Filter": "((cct2.kind)::text ~~ '%complete%'::text)",
                        "Rows Removed by Filter": 2
                      }
                    ]
                  }
                ]
              },
              {
                "Node Type": "Index Scan",
                "Parent Relationship": "Inner",
                "Parallel Aware": false,
                "Async Capable": false,
                "Scan Direction": "Forward",
                "Index Name": "idx_movie_info_idx_movie_id",
                "Relation Name": "movie_info_idx",
                "Schema": "public",
                "Alias": "mi_idx",
                "Startup Cost": 0.43,
                "Total Cost": 0.48,
                "Plan Rows": 3,
                "Plan Width": 13,
                "Actual Startup Time": 0.004,
                "Actual Total Time": 0.005,
                "Actual Rows": 3,
                "Actual Loops": 77,
                "Output": [
                  "mi_idx.id",
                  "mi_idx.movie_id",
                  "mi_idx.info_type_id",
                  "mi_idx.info",
                  "mi_idx.note"
                ],
                "Index Cond": "(mi_idx.movie_id = ci.movie_id)",
                "Rows Removed by Index Recheck": 0
              }
            ]
          },
          {
            "Node Type": "Hash",
            "Parent Relationship": "Inner",
            "Parallel Aware": false,
            "Async Capable": false,
            "Startup Cost": 2.41,
            "Total Cost": 2.41,
            "Plan Rows": 1,
            "Plan Width": 4,
            "Actual Startup Time": 68.243,
            "Actual Total Time": 68.244,
            "Actual Rows": 1,
            "Actual Loops": 1,
            "Output": [
              "it2.id"
            ],
            "Hash Buckets": 1024,
            "Original Hash Buckets": 1024,
            "Hash Batches": 1,
            "Original Hash Batches": 1,
            "Peak Memory Usage": 9,
            "Plans": [
              {
                "Node Type": "Seq Scan",
                "Parent Relationship": "Outer",
                "Parallel Aware": false,
                "Async Capable": false,
                "Relation Name": "info_type",
                "Schema": "public",
                "Alias": "it2",
                "Startup Cost": 0.0,
                "Total Cost": 2.41,
                "Plan Rows": 1,
                "Plan Width": 4,
                "Actual Startup Time": 68.219,
                "Actual Total Time": 68.222,
                "Actual Rows": 1,
                "Actual Loops": 1,
                "Output": [
                  "it2.id"
                ],
                "Filter": "((it2.info)::text = 'rating'::text)",
                "Rows Removed by Filter": 112
              }
            ]
          }
        ]
      }
    ]
  },
  "Planning Time": 557.296,
  "Triggers": [],
  "JIT": {
    "Functions": 95,
    "Options": {
      "Inlining": false,
      "Optimization": false,
      "Expressions": true,
      "Deforming": true
    },
    "Timing": {
      "Generation": 6.251,
      "Inlining": 0.0,
      "Optimization": 1.943,
      "Emission": 66.533,
      "Total": 74.727
    }
  },
  "Execution Time": 1652.079
}