{
  "Plan": {
    "Node Type": "Aggregate",
    "Strategy": "Plain",
    "Partial Mode": "Simple",
    "Parallel Aware": false,
    "Async Capable": false,
    "Startup Cost": 92249.73,
    "Total Cost": 92249.74,
    "Plan Rows": 1,
    "Plan Width": 96,
    "Actual Startup Time": 680.504,
    "Actual Total Time": 680.51,
    "Actual Rows": 1,
    "Actual Loops": 1,
    "Output": [
      "min((mi.info)::text)",
      "min((mi_idx.info)::text)",
      "min((t.title)::text)"
    ],
    "Plans": [
      {
        "Node Type": "Nested Loop",
        "Parent Relationship": "Outer",
        "Parallel Aware": false,
        "Async Capable": false,
        "Join Type": "Inner",
        "Startup Cost": 4.16,
        "Total Cost": 92249.65,
        "Plan Rows": 11,
        "Plan Width": 64,
        "Actual Startup Time": 319.568,
        "Actual Total Time": 680.468,
        "Actual Rows": 11,
        "Actual Loops": 1,
        "Output": [
          "mi.info",
          "mi_idx.info",
          "t.title"
        ],
        "Inner Unique": false,
        "Join Filter": "(it1.id = mi.info_type_id)",
        "Rows Removed by Join Filter": 0,
        "Plans": [
          {
            "Node Type": "Seq Scan",
            "Parent Relationship": "Outer",
            "Parallel Aware": false,
            "Async Capable": false,
            "Relation Name": "info_type",
            "Schema": "public",
            "Alias": "it1",
            "Startup Cost": 0.0,
            "Total Cost": 2.41,
            "Plan Rows": 1,
            "Plan Width": 4,
            "Actual Startup Time": 0.015,
            "Actual Total Time": 0.03,
            "Actual Rows": 1,
            "Actual Loops": 1,
            "Output": [
              "it1.id",
              "it1.info"
            ],
            "Filter": "((it1.info)::text = 'genres'::text)",
            "Rows Removed by Filter": 112
          },
          {
            "Node Type": "Nested Loop",
            "Parent Relationship": "Inner",
            "Parallel Aware": false,
            "Async Capable": false,
            "Join Type": "Inner",
            "Startup Cost": 4.16,
            "Total Cost": 92247.1,
            "Plan Rows": 11,
            "Plan Width": 68,
            "Actual Startup Time": 319.549,
            "Actual Total Time": 680.427,
            "Actual Rows": 11,
            "Actual Loops": 1,
            "Output": [
              "mi.info",
              "mi.info_type_id",
              "mi_idx.info",
              "t.title"
            ],
            "Inner Unique": true,
            "Plans": [
              {
                "Node Type": "Nested Loop",
                "Parent Relationship": "Outer",
                "Parallel Aware": false,
                "Async Capable": false,
                "Join Type": "Inner",
                "Startup Cost": 3.73,
                "Total Cost": 92067.78,
                "Plan Rows": 268,
                "Plan Width": 72,
                "Actual Startup Time": 89.519,
                "Actual Total Time": 675.715,
                "Actual Rows": 268,
                "Actual Loops": 1,
                "Output": [
                  "ci.person_id",
                  "mi.info",
                  "mi.info_type_id",
                  "mi_idx.info",
                  "t.title"
                ],
                "Inner Unique": false,
                "Plans": [
                  {
                    "Node Type": "Nested Loop",
                    "Parent Relationship": "Outer",
                    "Parallel Aware": false,
                    "Async Capable": false,
                    "Join Type": "Inner",
                    "Startup Cost": 3.29,
                    "Total Cost": 91047.81,
                    "Plan Rows": 358,
                    "Plan Width": 80,
                    "Actual Startup Time": 14.094,
                    "Actual Total Time": 612.737,
                    "Actual Rows": 358,
                    "Actual Loops": 1,
                    "Output": [
                      "mi_idx.info",
                      "mi_idx.movie_id",
                      "mi.info",
                      "mi.movie_id",
                      "mi.info_type_id",
                      "t.title",
                      "t.id"
                    ],
                    "Inner Unique": false,
                    "Plans": [
                      {
                        "Node Type": "Nested Loop",
                        "Parent Relationship": "Outer",
                        "Parallel Aware": false,
                        "Async Capable": false,
                        "Join Type": "Inner",
                        "Startup Cost": 2.86,
                        "Total Cost": 77526.32,
                        "Plan Rows": 6152,
                        "Plan Width": 30,
                        "Actual Startup Time": 3.421,
                        "Actual Total Time": 463.872,
                        "Actual Rows": 6152,
                        "Actual Loops": 1,
                        "Output": [
                          "mi_idx.info",
                          "mi_idx.movie_id",
                          "t.title",
                          "t.id"
                        ],
                        "Inner Unique": true,
                        "Plans": [
                          {
                            "Node Type": "Hash Join",
                            "Parent Relationship": "Outer",
                            "Parallel Aware": false,
                            "Async Capable": false,
                            "Join Type": "Inner",
                            "Startup Cost": 2.43,
                            "Total Cost": 25330.92,
                            "Plan Rows": 15849,
                            "Plan Width": 9,
                            "Actual Startup Time": 0.109,
                            "Actual Total Time": 358.063,
                            "Actual Rows": 15849,
                            "Actual Loops": 1,
                            "Output": [
                              "mi_idx.info",
                              "mi_idx.movie_id"
                            ],
                            "Inner Unique": true,
                            "Hash Cond": "(mi_idx.info_type_id = it2.id)",
                            "Plans": [
                              {
                                "Node Type": "Seq Scan",
                                "Parent Relationship": "Outer",
                                "Parallel Aware": false,
                                "Async Capable": false,
                                "Relation Name": "movie_info_idx",
                                "Schema": "public",
                                "Alias": "mi_idx",
                                "Startup Cost": 0.0,
                                "Total Cost": 25185.44,
                                "Plan Rows": 52529,
                                "Plan Width": 13,
                                "Actual Startup Time": 0.053,
                                "Actual Total Time": 346.168,
                                "Actual Rows": 53649,
                                "Actual Loops": 1,
                                "Output": [
                                  "mi_idx.id",
                                  "mi_idx.movie_id",
                                  "mi_idx.info_type_id",
                                  "mi_idx.info",
                                  "mi_idx.note"
                                ],
                                "Filter": "((mi_idx.info)::text > '8.0'::text)",
                                "Rows Removed by Filter": 1326386
                              },
                              {
                                "Node Type": "Hash",
                                "Parent Relationship": "Inner",
                                "Parallel Aware": false,
                                "Async Capable": false,
                                "Startup Cost": 2.41,
                                "Total Cost": 2.41,
                                "Plan Rows": 1,
                                "Plan Width": 4,
                                "Actual Startup Time": 0.026,
                                "Actual Total Time": 0.027,
                                "Actual Rows": 1,
                                "Actual Loops": 1,
                                "Output": [
                                  "it2.id"
                                ],
                                "Hash Buckets": 1024,
                                "Original Hash Buckets": 1024,
                                "Hash Batches": 1,
                                "Original Hash Batches": 1,
                                "Peak Memory Usage": 9,
                                "Plans": [
                                  {
                                    "Node Type": "Seq Scan",
                                    "Parent Relationship": "Outer",
                                    "Parallel Aware": false,
                                    "Async Capable": false,
                                    "Relation Name": "info_type",
                                    "Schema": "public",
                                    "Alias": "it2",
                                    "Startup Cost": 0.0,
                                    "Total Cost": 2.41,
                                    "Plan Rows": 1,
                                    "Plan Width": 4,
                                    "Actual Startup Time": 0.016,
                                    "Actual Total Time": 0.019,
                                    "Actual Rows": 1,
                                    "Actual Loops": 1,
                                    "Output": [
                                      "it2.id"
                                    ],
                                    "Filter": "((it2.info)::text = 'rating'::text)",
                                    "Rows Removed by Filter": 112
                                  }
                                ]
                              }
                            ]
                          },
                          {
                            "Node Type": "Index Scan",
                            "Parent Relationship": "Inner",
                            "Parallel Aware": false,
                            "Async Capable": false,
                            "Scan Direction": "Forward",
                            "Index Name": "idx_title_id",
                            "Relation Name": "title",
                            "Schema": "public",
                            "Alias": "t",
                            "Startup Cost": 0.43,
                            "Total Cost": 3.29,
                            "Plan Rows": 1,
                            "Plan Width": 21,
                            "Actual Startup Time": 0.006,
                            "Actual Total Time": 0.006,
                            "Actual Rows": 0,
                            "Actual Loops": 15849,
                            "Output": [
                              "t.id",
                              "t.title",
                              "t.imdb_index",
                              "t.kind_id",
                              "t.production_year",
                              "t.imdb_id",
                              "t.phonetic_code",
                              "t.episode_of_id",
                              "t.season_nr",
                              "t.episode_nr",
                              "t.series_years",
                              "t.md5sum"
                            ],
                            "Index Cond": "(t.id = mi_idx.movie_id)",
                            "Rows Removed by Index Recheck": 0,
                            "Filter": "((t.production_year >= 2008) AND (t.production_year <= 2014))",
                            "Rows Removed by Filter": 1
                          }
                        ]
                      },
                      {
                        "Node Type": "Index Scan",
                        "Parent Relationship": "Inner",
                        "Parallel Aware": false,
                        "Async Capable": false,
                        "Scan Direction": "Forward",
                        "Index Name": "idx_movie_info_movie_id",
                        "Relation Name": "movie_info",
                        "Schema": "public",
                        "Alias": "mi",
                        "Startup Cost": 0.43,
                        "Total Cost": 2.19,
                        "Plan Rows": 1,
                        "Plan Width": 50,
                        "Actual Startup Time": 0.024,
                        "Actual Total Time": 0.024,
                        "Actual Rows": 0,
                        "Actual Loops": 6152,
                        "Output": [
                          "mi.id",
                          "mi.movie_id",
                          "mi.info_type_id",
                          "mi.info",
                          "mi.note"
                        ],
                        "Index Cond": "(mi.movie_id = t.id)",
                        "Rows Removed by Index Recheck": 0,
                        "Filter": "((mi.note IS NULL) AND ((mi.info)::text = ANY ('{Horror,Thriller}'::text[])))",
                        "Rows Removed by Filter": 18
                      }
                    ]
                  },
                  {
                    "Node Type": "Index Scan",
                    "Parent Relationship": "Inner",
                    "Parallel Aware": false,
                    "Async Capable": false,
                    "Scan Direction": "Forward",
                    "Index Name": "idx_cast_info_movie_id",
                    "Relation Name": "cast_info",
                    "Schema": "public",
                    "Alias": "ci",
                    "Startup Cost": 0.44,
                    "Total Cost": 2.84,
                    "Plan Rows": 1,
                    "Plan Width": 8,
                    "Actual Startup Time": 0.137,
                    "Actual Total Time": 0.175,
                    "Actual Rows": 1,
                    "Actual Loops": 358,
                    "Output": [
                      "ci.id",
                      "ci.person_id",
                      "ci.movie_id",
                      "ci.person_role_id",
                      "ci.note",
                      "ci.nr_order",
                      "ci.role_id"
                    ],
                    "Index Cond": "(ci.movie_id = t.id)",
                    "Rows Removed by Index Recheck": 0,
                    "Filter": "((ci.note)::text = ANY ('{(writer),\"(head writer)\",\"(written by)\",(story),\"(story editor)\"}'::text[]))",
                    "Rows Removed by Filter": 34
                  }
                ]
              },
              {
                "Node Type": "Index Scan",
                "Parent Relationship": "Inner",
                "Parallel Aware": false,
                "Async Capable": false,
                "Scan Direction": "Forward",
                "Index Name": "idx_name_id",
                "Relation Name": "name",
                "Schema": "public",
                "Alias": "n",
                "Startup Cost": 0.43,
                "Total Cost": 0.67,
                "Plan Rows": 1,
                "Plan Width": 4,
                "Actual Startup Time": 0.017,
                "Actual Total Time": 0.017,
                "Actual Rows": 0,
                "Actual Loops": 268,
                "Output": [
                  "n.id",
                  "n.name",
                  "n.imdb_index",
                  "n.imdb_id",
                  "n.gender",
                  "n.name_pcode_cf",
                  "n.name_pcode_nf",
                  "n.surname_pcode",
                  "n.md5sum"
                ],
                "Index Cond": "(n.id = ci.person_id)",
                "Rows Removed by Index Recheck": 0,
                "Filter": "((n.gender IS NOT NULL) AND ((n.gender)::text = 'f'::text))",
                "Rows Removed by Filter": 1
              }
            ]
          }
        ]
      }
    ]
  },
  "Planning Time": 9.58,
  "Triggers": [],
  "Execution Time": 680.709
}