{
  "Plan": {
    "Node Type": "Aggregate",
    "Strategy": "Plain",
    "Partial Mode": "Simple",
    "Parallel Aware": false,
    "Async Capable": false,
    "Startup Cost": 102912.68,
    "Total Cost": 102912.69,
    "Plan Rows": 1,
    "Plan Width": 96,
    "Actual Startup Time": 3120.993,
    "Actual Total Time": 3121.088,
    "Actual Rows": 1,
    "Actual Loops": 1,
    "Output": [
      "min((mi.info)::text)",
      "min((miidx.info)::text)",
      "min((t.title)::text)"
    ],
    "Plans": [
      {
        "Node Type": "Hash Join",
        "Parent Relationship": "Outer",
        "Parallel Aware": false,
        "Async Capable": false,
        "Join Type": "Inner",
        "Startup Cost": 22450.83,
        "Total Cost": 102105.29,
        "Plan Rows": 107652,
        "Plan Width": 63,
        "Actual Startup Time": 976.568,
        "Actual Total Time": 3023.155,
        "Actual Rows": 107652,
        "Actual Loops": 1,
        "Output": [
          "mi.info",
          "miidx.info",
          "t.title"
        ],
        "Inner Unique": true,
        "Hash Cond": "(mi.info_type_id = it2.id)",
        "Plans": [
          {
            "Node Type": "Nested Loop",
            "Parent Relationship": "Outer",
            "Parallel Aware": false,
            "Async Capable": false,
            "Join Type": "Inner",
            "Startup Cost": 22448.4,
            "Total Cost": 100740.17,
            "Plan Rows": 500357,
            "Plan Width": 67,
            "Actual Startup Time": 900.302,
            "Actual Total Time": 2793.465,
            "Actual Rows": 500357,
            "Actual Loops": 1,
            "Output": [
              "mi.info",
              "mi.info_type_id",
              "miidx.info",
              "t.title"
            ],
            "Inner Unique": false,
            "Join Filter": "(mi.movie_id = t.id)",
            "Rows Removed by Join Filter": 0,
            "Plans": [
              {
                "Node Type": "Hash Join",
                "Parent Relationship": "Outer",
                "Parallel Aware": false,
                "Async Capable": false,
                "Join Type": "Inner",
                "Startup Cost": 22447.97,
                "Total Cost": 65766.94,
                "Plan Rows": 15896,
                "Plan Width": 34,
                "Actual Startup Time": 899.973,
                "Actual Total Time": 1683.295,
                "Actual Rows": 15896,
                "Actual Loops": 1,
                "Output": [
                  "mc.movie_id",
                  "miidx.info",
                  "miidx.movie_id",
                  "t.title",
                  "t.id"
                ],
                "Inner Unique": true,
                "Hash Cond": "(t.kind_id = kt.id)",
                "Plans": [
                  {
                    "Node Type": "Nested Loop",
                    "Parent Relationship": "Outer",
                    "Parallel Aware": false,
                    "Async Capable": false,
                    "Join Type": "Inner",
                    "Startup Cost": 22446.87,
                    "Total Cost": 65639.87,
                    "Plan Rows": 29892,
                    "Plan Width": 38,
                    "Actual Startup Time": 499.927,
                    "Actual Total Time": 1656.698,
                    "Actual Rows": 29892,
                    "Actual Loops": 1,
                    "Output": [
                      "mc.movie_id",
                      "miidx.info",
                      "miidx.movie_id",
                      "t.title",
                      "t.id",
                      "t.kind_id"
                    ],
                    "Inner Unique": true,
                    "Plans": [
                      {
                        "Node Type": "Hash Join",
                        "Parent Relationship": "Outer",
                        "Parallel Aware": false,
                        "Async Capable": false,
                        "Join Type": "Inner",
                        "Startup Cost": 22446.44,
                        "Total Cost": 50295.72,
                        "Plan Rows": 29892,
                        "Plan Width": 13,
                        "Actual Startup Time": 499.835,
                        "Actual Total Time": 1341.975,
                        "Actual Rows": 29892,
                        "Actual Loops": 1,
                        "Output": [
                          "mc.movie_id",
                          "miidx.info",
                          "miidx.movie_id"
                        ],
                        "Inner Unique": false,
                        "Hash Cond": "(miidx.movie_id = mc.movie_id)",
                        "Plans": [
                          {
                            "Node Type": "Hash Join",
                            "Parent Relationship": "Outer",
                            "Parallel Aware": false,
                            "Async Capable": false,
                            "Join Type": "Inner",
                            "Startup Cost": 2.43,
                            "Total Cost": 25496.24,
                            "Plan Rows": 459925,
                            "Plan Width": 9,
                            "Actual Startup Time": 0.116,
                            "Actual Total Time": 655.231,
                            "Actual Rows": 459925,
                            "Actual Loops": 1,
                            "Output": [
                              "miidx.info",
                              "miidx.movie_id"
                            ],
                            "Inner Unique": true,
                            "Hash Cond": "(miidx.info_type_id = it.id)",
                            "Plans": [
                              {
                                "Node Type": "Seq Scan",
                                "Parent Relationship": "Outer",
                                "Parallel Aware": false,
                                "Async Capable": false,
                                "Relation Name": "movie_info_idx",
                                "Schema": "public",
                                "Alias": "miidx",
                                "Startup Cost": 0.0,
                                "Total Cost": 21735.35,
                                "Plan Rows": 1380035,
                                "Plan Width": 13,
                                "Actual Startup Time": 0.031,
                                "Actual Total Time": 235.673,
                                "Actual Rows": 1380035,
                                "Actual Loops": 1,
                                "Output": [
                                  "miidx.id",
                                  "miidx.movie_id",
                                  "miidx.info_type_id",
                                  "miidx.info",
                                  "miidx.note"
                                ]
                              },
                              {
                                "Node Type": "Hash",
                                "Parent Relationship": "Inner",
                                "Parallel Aware": false,
                                "Async Capable": false,
                                "Startup Cost": 2.41,
                                "Total Cost": 2.41,
                                "Plan Rows": 1,
                                "Plan Width": 4,
                                "Actual Startup Time": 0.054,
                                "Actual Total Time": 0.057,
                                "Actual Rows": 1,
                                "Actual Loops": 1,
                                "Output": [
                                  "it.id"
                                ],
                                "Hash Buckets": 1024,
                                "Original Hash Buckets": 1024,
                                "Hash Batches": 1,
                                "Original Hash Batches": 1,
                                "Peak Memory Usage": 9,
                                "Plans": [
                                  {
                                    "Node Type": "Seq Scan",
                                    "Parent Relationship": "Outer",
                                    "Parallel Aware": false,
                                    "Async Capable": false,
                                    "Relation Name": "info_type",
                                    "Schema": "public",
                                    "Alias": "it",
                                    "Startup Cost": 0.0,
                                    "Total Cost": 2.41,
                                    "Plan Rows": 1,
                                    "Plan Width": 4,
                                    "Actual Startup Time": 0.042,
                                    "Actual Total Time": 0.046,
                                    "Actual Rows": 1,
                                    "Actual Loops": 1,
                                    "Output": [
                                      "it.id"
                                    ],
                                    "Filter": "((it.info)::text = 'rating'::text)",
                                    "Rows Removed by Filter": 112
                                  }
                                ]
                              }
                            ]
                          },
                          {
                            "Node Type": "Hash",
                            "Parent Relationship": "Inner",
                            "Parallel Aware": false,
                            "Async Capable": false,
                            "Startup Cost": 21598.71,
                            "Total Cost": 21598.71,
                            "Plan Rows": 67624,
                            "Plan Width": 4,
                            "Actual Startup Time": 498.048,
                            "Actual Total Time": 498.111,
                            "Actual Rows": 67624,
                            "Actual Loops": 1,
                            "Output": [
                              "mc.movie_id"
                            ],
                            "Hash Buckets": 131072,
                            "Original Hash Buckets": 131072,
                            "Hash Batches": 1,
                            "Original Hash Batches": 1,
                            "Peak Memory Usage": 3402,
                            "Plans": [
                              {
                                "Node Type": "Hash Join",
                                "Parent Relationship": "Outer",
                                "Parallel Aware": false,
                                "Async Capable": false,
                                "Join Type": "Inner",
                                "Startup Cost": 1.49,
                                "Total Cost": 21598.71,
                                "Plan Rows": 67624,
                                "Plan Width": 4,
                                "Actual Startup Time": 0.327,
                                "Actual Total Time": 455.437,
                                "Actual Rows": 67624,
                                "Actual Loops": 1,
                                "Output": [
                                  "mc.movie_id"
                                ],
                                "Inner Unique": true,
                                "Hash Cond": "(mc.company_type_id = ct.id)",
                                "Plans": [
                                  {
                                    "Node Type": "Nested Loop",
                                    "Parent Relationship": "Outer",
                                    "Parallel Aware": false,
                                    "Async Capable": false,
                                    "Join Type": "Inner",
                                    "Startup Cost": 0.43,
                                    "Total Cost": 20887.72,
                                    "Plan Rows": 131317,
                                    "Plan Width": 8,
                                    "Actual Startup Time": 0.202,
                                    "Actual Total Time": 408.574,
                                    "Actual Rows": 131317,
                                    "Actual Loops": 1,
                                    "Output": [
                                      "mc.movie_id",
                                      "mc.company_type_id"
                                    ],
                                    "Inner Unique": false,
                                    "Plans": [
                                      {
                                        "Node Type": "Seq Scan",
                                        "Parent Relationship": "Outer",
                                        "Parallel Aware": false,
                                        "Async Capable": false,
                                        "Relation Name": "company_name",
                                        "Schema": "public",
                                        "Alias": "cn",
                                        "Startup Cost": 0.0,
                                        "Total Cost": 6519.95,
                                        "Plan Rows": 48,
                                        "Plan Width": 4,
                                        "Actual Startup Time": 0.048,
                                        "Actual Total Time": 81.07,
                                        "Actual Rows": 8941,
                                        "Actual Loops": 1,
                                        "Output": [
                                          "cn.id",
                                          "cn.name",
                                          "cn.country_code",
                                          "cn.imdb_id",
                                          "cn.name_pcode_nf",
                                          "cn.name_pcode_sf",
                                          "cn.md5sum"
                                        ],
                                        "Filter": "(((cn.country_code)::text = '[de]'::text) AND ((cn.name_pcode_nf)::text = (cn.name_pcode_sf)::text))",
                                        "Rows Removed by Filter": 226056
                                      },
                                      {
                                        "Node Type": "Index Scan",
                                        "Parent Relationship": "Inner",
                                        "Parallel Aware": false,
                                        "Async Capable": false,
                                        "Scan Direction": "Forward",
                                        "Index Name": "idx_movie_companies_company_id",
                                        "Relation Name": "movie_companies",
                                        "Schema": "public",
                                        "Alias": "mc",
                                        "Startup Cost": 0.43,
                                        "Total Cost": 298.02,
                                        "Plan Rows": 131,
                                        "Plan Width": 12,
                                        "Actual Startup Time": 0.009,
                                        "Actual Total Time": 0.032,
                                        "Actual Rows": 15,
                                        "Actual Loops": 8941,
                                        "Output": [
                                          "mc.id",
                                          "mc.movie_id",
                                          "mc.company_id",
                                          "mc.company_type_id",
                                          "mc.note"
                                        ],
                                        "Index Cond": "(mc.company_id = cn.id)",
                                        "Rows Removed by Index Recheck": 0
                                      }
                                    ]
                                  },
                                  {
                                    "Node Type": "Hash",
                                    "Parent Relationship": "Inner",
                                    "Parallel Aware": false,
                                    "Async Capable": false,
                                    "Startup Cost": 1.05,
                                    "Total Cost": 1.05,
                                    "Plan Rows": 1,
                                    "Plan Width": 4,
                                    "Actual Startup Time": 0.055,
                                    "Actual Total Time": 0.065,
                                    "Actual Rows": 1,
                                    "Actual Loops": 1,
                                    "Output": [
                                      "ct.id"
                                    ],
                                    "Hash Buckets": 1024,
                                    "Original Hash Buckets": 1024,
                                    "Hash Batches": 1,
                                    "Original Hash Batches": 1,
                                    "Peak Memory Usage": 9,
                                    "Plans": [
                                      {
                                        "Node Type": "Seq Scan",
                                        "Parent Relationship": "Outer",
                                        "Parallel Aware": false,
                                        "Async Capable": false,
                                        "Relation Name": "company_type",
                                        "Schema": "public",
                                        "Alias": "ct",
                                        "Startup Cost": 0.0,
                                        "Total Cost": 1.05,
                                        "Plan Rows": 1,
                                        "Plan Width": 4,
                                        "Actual Startup Time": 0.044,
                                        "Actual Total Time": 0.046,
                                        "Actual Rows": 1,
                                        "Actual Loops": 1,
                                        "Output": [
                                          "ct.id"
                                        ],
                                        "Filter": "((ct.kind)::text = 'production companies'::text)",
                                        "Rows Removed by Filter": 3
                                      }
                                    ]
                                  }
                                ]
                              }
                            ]
                          }
                        ]
                      },
                      {
                        "Node Type": "Index Scan",
                        "Parent Relationship": "Inner",
                        "Parallel Aware": false,
                        "Async Capable": false,
                        "Scan Direction": "Forward",
                        "Index Name": "idx_title_id",
                        "Relation Name": "title",
                        "Schema": "public",
                        "Alias": "t",
                        "Startup Cost": 0.43,
                        "Total Cost": 0.51,
                        "Plan Rows": 1,
                        "Plan Width": 25,
                        "Actual Startup Time": 0.008,
                        "Actual Total Time": 0.008,
                        "Actual Rows": 1,
                        "Actual Loops": 29892,
                        "Output": [
                          "t.id",
                          "t.title",
                          "t.imdb_index",
                          "t.kind_id",
                          "t.production_year",
                          "t.imdb_id",
                          "t.phonetic_code",
                          "t.episode_of_id",
                          "t.season_nr",
                          "t.episode_nr",
                          "t.series_years",
                          "t.md5sum"
                        ],
                        "Index Cond": "(t.id = mc.movie_id)",
                        "Rows Removed by Index Recheck": 0
                      }
                    ]
                  },
                  {
                    "Node Type": "Hash",
                    "Parent Relationship": "Inner",
                    "Parallel Aware": false,
                    "Async Capable": false,
                    "Startup Cost": 1.09,
                    "Total Cost": 1.09,
                    "Plan Rows": 1,
                    "Plan Width": 4,
                    "Actual Startup Time": 0.068,
                    "Actual Total Time": 0.068,
                    "Actual Rows": 1,
                    "Actual Loops": 1,
                    "Output": [
                      "kt.id"
                    ],
                    "Hash Buckets": 1024,
                    "Original Hash Buckets": 1024,
                    "Hash Batches": 1,
                    "Original Hash Batches": 1,
                    "Peak Memory Usage": 9,
                    "Plans": [
                      {
                        "Node Type": "Seq Scan",
                        "Parent Relationship": "Outer",
                        "Parallel Aware": false,
                        "Async Capable": false,
                        "Relation Name": "kind_type",
                        "Schema": "public",
                        "Alias": "kt",
                        "Startup Cost": 0.0,
                        "Total Cost": 1.09,
                        "Plan Rows": 1,
                        "Plan Width": 4,
                        "Actual Startup Time": 0.056,
                        "Actual Total Time": 0.059,
                        "Actual Rows": 1,
                        "Actual Loops": 1,
                        "Output": [
                          "kt.id"
                        ],
                        "Filter": "((kt.kind)::text = 'movie'::text)",
                        "Rows Removed by Filter": 6
                      }
                    ]
                  }
                ]
              },
              {
                "Node Type": "Index Scan",
                "Parent Relationship": "Inner",
                "Parallel Aware": false,
                "Async Capable": false,
                "Scan Direction": "Forward",
                "Index Name": "idx_movie_info_movie_id",
                "Relation Name": "movie_info",
                "Schema": "public",
                "Alias": "mi",
                "Startup Cost": 0.43,
                "Total Cost": 2.19,
                "Plan Rows": 1,
                "Plan Width": 49,
                "Actual Startup Time": 0.009,
                "Actual Total Time": 0.059,
                "Actual Rows": 31,
                "Actual Loops": 15896,
                "Output": [
                  "mi.id",
                  "mi.movie_id",
                  "mi.info_type_id",
                  "mi.info",
                  "mi.note"
                ],
                "Index Cond": "(mi.movie_id = miidx.movie_id)",
                "Rows Removed by Index Recheck": 0,
                "Filter": "((miidx.movie_id)::text = (mi.movie_id)::text)",
                "Rows Removed by Filter": 0
              }
            ]
          },
          {
            "Node Type": "Hash",
            "Parent Relationship": "Inner",
            "Parallel Aware": false,
            "Async Capable": false,
            "Startup Cost": 2.41,
            "Total Cost": 2.41,
            "Plan Rows": 1,
            "Plan Width": 4,
            "Actual Startup Time": 76.01,
            "Actual Total Time": 76.011,
            "Actual Rows": 1,
            "Actual Loops": 1,
            "Output": [
              "it2.id"
            ],
            "Hash Buckets": 1024,
            "Original Hash Buckets": 1024,
            "Hash Batches": 1,
            "Original Hash Batches": 1,
            "Peak Memory Usage": 9,
            "Plans": [
              {
                "Node Type": "Seq Scan",
                "Parent Relationship": "Outer",
                "Parallel Aware": false,
                "Async Capable": false,
                "Relation Name": "info_type",
                "Schema": "public",
                "Alias": "it2",
                "Startup Cost": 0.0,
                "Total Cost": 2.41,
                "Plan Rows": 1,
                "Plan Width": 4,
                "Actual Startup Time": 75.955,
                "Actual Total Time": 75.976,
                "Actual Rows": 1,
                "Actual Loops": 1,
                "Output": [
                  "it2.id"
                ],
                "Filter": "((it2.info)::text = 'release dates'::text)",
                "Rows Removed by Filter": 112
              }
            ]
          }
        ]
      }
    ]
  },
  "Planning Time": 28.697,
  "Triggers": [],
  "JIT": {
    "Functions": 68,
    "Options": {
      "Inlining": false,
      "Optimization": false,
      "Expressions": true,
      "Deforming": true
    },
    "Timing": {
      "Generation": 8.04,
      "Inlining": 0.0,
      "Optimization": 2.491,
      "Emission": 74.208,
      "Total": 84.74
    }
  },
  "Execution Time": 3177.959
}