{
  "Plan": {
    "Node Type": "Aggregate",
    "Strategy": "Plain",
    "Partial Mode": "Simple",
    "Parallel Aware": false,
    "Async Capable": false,
    "Startup Cost": 49298.56,
    "Total Cost": 49298.57,
    "Plan Rows": 1,
    "Plan Width": 96,
    "Actual Startup Time": 972.218,
    "Actual Total Time": 972.226,
    "Actual Rows": 1,
    "Actual Loops": 1,
    "Output": [
      "min((cn.name)::text)",
      "min((mi_idx.info)::text)",
      "min((t.title)::text)"
    ],
    "Plans": [
      {
        "Node Type": "Hash Join",
        "Parent Relationship": "Outer",
        "Parallel Aware": false,
        "Async Capable": false,
        "Join Type": "Inner",
        "Startup Cost": 7516.23,
        "Total Cost": 48951.45,
        "Plan Rows": 46281,
        "Plan Width": 41,
        "Actual Startup Time": 93.903,
        "Actual Total Time": 949.468,
        "Actual Rows": 46281,
        "Actual Loops": 1,
        "Output": [
          "cn.name",
          "mi_idx.info",
          "t.title"
        ],
        "Inner Unique": true,
        "Hash Cond": "(mc.company_type_id = ct.id)",
        "Plans": [
          {
            "Node Type": "Hash Join",
            "Parent Relationship": "Outer",
            "Parallel Aware": false,
            "Async Capable": false,
            "Join Type": "Inner",
            "Startup Cost": 7515.14,
            "Total Cost": 48700.16,
            "Plan Rows": 46281,
            "Plan Width": 45,
            "Actual Startup Time": 93.845,
            "Actual Total Time": 937.247,
            "Actual Rows": 46281,
            "Actual Loops": 1,
            "Output": [
              "cn.name",
              "mc.company_type_id",
              "mi_idx.info",
              "t.title"
            ],
            "Inner Unique": true,
            "Hash Cond": "(mc.company_id = cn.id)",
            "Plans": [
              {
                "Node Type": "Nested Loop",
                "Parent Relationship": "Outer",
                "Parallel Aware": false,
                "Async Capable": false,
                "Join Type": "Inner",
                "Startup Cost": 3.69,
                "Total Cost": 41018.48,
                "Plan Rows": 64848,
                "Plan Width": 30,
                "Actual Startup Time": 0.625,
                "Actual Total Time": 820.695,
                "Actual Rows": 64848,
                "Actual Loops": 1,
                "Output": [
                  "mc.company_type_id",
                  "mc.company_id",
                  "mi_idx.info",
                  "t.title"
                ],
                "Inner Unique": false,
                "Join Filter": "(mc.movie_id = t.id)",
                "Rows Removed by Join Filter": 0,
                "Plans": [
                  {
                    "Node Type": "Nested Loop",
                    "Parent Relationship": "Outer",
                    "Parallel Aware": false,
                    "Async Capable": false,
                    "Join Type": "Inner",
                    "Startup Cost": 3.26,
                    "Total Cost": 38544.71,
                    "Plan Rows": 4115,
                    "Plan Width": 38,
                    "Actual Startup Time": 0.587,
                    "Actual Total Time": 743.954,
                    "Actual Rows": 4115,
                    "Actual Loops": 1,
                    "Output": [
                      "mi.movie_id",
                      "mi_idx.info",
                      "mi_idx.movie_id",
                      "mk.movie_id",
                      "t.title",
                      "t.id"
                    ],
                    "Inner Unique": false,
                    "Join Filter": "(it1.id = mi.info_type_id)",
                    "Rows Removed by Join Filter": 594,
                    "Plans": [
                      {
                        "Node Type": "Seq Scan",
                        "Parent Relationship": "Outer",
                        "Parallel Aware": false,
                        "Async Capable": false,
                        "Relation Name": "info_type",
                        "Schema": "public",
                        "Alias": "it1",
                        "Startup Cost": 0.0,
                        "Total Cost": 2.41,
                        "Plan Rows": 1,
                        "Plan Width": 4,
                        "Actual Startup Time": 0.011,
                        "Actual Total Time": 0.024,
                        "Actual Rows": 1,
                        "Actual Loops": 1,
                        "Output": [
                          "it1.id",
                          "it1.info"
                        ],
                        "Filter": "((it1.info)::text = 'countries'::text)",
                        "Rows Removed by Filter": 112
                      },
                      {
                        "Node Type": "Nested Loop",
                        "Parent Relationship": "Inner",
                        "Parallel Aware": false,
                        "Async Capable": false,
                        "Join Type": "Inner",
                        "Startup Cost": 3.26,
                        "Total Cost": 38483.44,
                        "Plan Rows": 4709,
                        "Plan Width": 42,
                        "Actual Startup Time": 0.573,
                        "Actual Total Time": 742.392,
                        "Actual Rows": 4709,
                        "Actual Loops": 1,
                        "Output": [
                          "mi_idx.info",
                          "mi_idx.movie_id",
                          "mi.movie_id",
                          "mi.info_type_id",
                          "mk.movie_id",
                          "t.title",
                          "t.id"
                        ],
                        "Inner Unique": false,
                        "Join Filter": "(mi.movie_id = t.id)",
                        "Rows Removed by Join Filter": 0,
                        "Plans": [
                          {
                            "Node Type": "Nested Loop",
                            "Parent Relationship": "Outer",
                            "Parallel Aware": false,
                            "Async Capable": false,
                            "Join Type": "Inner",
                            "Startup Cost": 2.82,
                            "Total Cost": 27481.19,
                            "Plan Rows": 5949,
                            "Plan Width": 34,
                            "Actual Startup Time": 0.422,
                            "Actual Total Time": 315.584,
                            "Actual Rows": 5949,
                            "Actual Loops": 1,
                            "Output": [
                              "mi_idx.info",
                              "mi_idx.movie_id",
                              "mk.movie_id",
                              "t.title",
                              "t.id"
                            ],
                            "Inner Unique": false,
                            "Join Filter": "(it2.id = mi_idx.info_type_id)",
                            "Rows Removed by Join Filter": 11942,
                            "Plans": [
                              {
                                "Node Type": "Seq Scan",
                                "Parent Relationship": "Outer",
                                "Parallel Aware": false,
                                "Async Capable": false,
                                "Relation Name": "info_type",
                                "Schema": "public",
                                "Alias": "it2",
                                "Startup Cost": 0.0,
                                "Total Cost": 2.41,
                                "Plan Rows": 1,
                                "Plan Width": 4,
                                "Actual Startup Time": 0.018,
                                "Actual Total Time": 0.023,
                                "Actual Rows": 1,
                                "Actual Loops": 1,
                                "Output": [
                                  "it2.id",
                                  "it2.info"
                                ],
                                "Filter": "((it2.info)::text = 'rating'::text)",
                                "Rows Removed by Filter": 112
                              },
                              {
                                "Node Type": "Nested Loop",
                                "Parent Relationship": "Inner",
                                "Parallel Aware": false,
                                "Async Capable": false,
                                "Join Type": "Inner",
                                "Startup Cost": 2.82,
                                "Total Cost": 27255.14,
                                "Plan Rows": 17891,
                                "Plan Width": 38,
                                "Actual Startup Time": 0.399,
                                "Actual Total Time": 312.406,
                                "Actual Rows": 17891,
                                "Actual Loops": 1,
                                "Output": [
                                  "mk.movie_id",
                                  "mi_idx.info",
                                  "mi_idx.movie_id",
                                  "mi_idx.info_type_id",
                                  "t.title",
                                  "t.id"
                                ],
                                "Inner Unique": false,
                                "Join Filter": "(mi_idx.movie_id = t.id)",
                                "Rows Removed by Join Filter": 0,
                                "Plans": [
                                  {
                                    "Node Type": "Hash Join",
                                    "Parent Relationship": "Outer",
                                    "Parallel Aware": false,
                                    "Async Capable": false,
                                    "Join Type": "Inner",
                                    "Startup Cost": 2.4,
                                    "Total Cost": 22940.42,
                                    "Plan Rows": 8073,
                                    "Plan Width": 25,
                                    "Actual Startup Time": 0.36,
                                    "Actual Total Time": 255.073,
                                    "Actual Rows": 8073,
                                    "Actual Loops": 1,
                                    "Output": [
                                      "mk.movie_id",
                                      "t.title",
                                      "t.id"
                                    ],
                                    "Inner Unique": true,
                                    "Hash Cond": "(t.kind_id = kt.id)",
                                    "Plans": [
                                      {
                                        "Node Type": "Nested Loop",
                                        "Parent Relationship": "Outer",
                                        "Parallel Aware": false,
                                        "Async Capable": false,
                                        "Join Type": "Inner",
                                        "Startup Cost": 1.28,
                                        "Total Cost": 22898.27,
                                        "Plan Rows": 9739,
                                        "Plan Width": 29,
                                        "Actual Startup Time": 0.181,
                                        "Actual Total Time": 249.482,
                                        "Actual Rows": 9739,
                                        "Actual Loops": 1,
                                        "Output": [
                                          "mk.movie_id",
                                          "t.title",
                                          "t.kind_id",
                                          "t.id"
                                        ],
                                        "Inner Unique": true,
                                        "Plans": [
                                          {
                                            "Node Type": "Nested Loop",
                                            "Parent Relationship": "Outer",
                                            "Parallel Aware": false,
                                            "Async Capable": false,
                                            "Join Type": "Inner",
                                            "Startup Cost": 0.85,
                                            "Total Cost": 4799.31,
                                            "Plan Rows": 37091,
                                            "Plan Width": 4,
                                            "Actual Startup Time": 0.133,
                                            "Actual Total Time": 64.43,
                                            "Actual Rows": 37091,
                                            "Actual Loops": 1,
                                            "Output": [
                                              "mk.movie_id"
                                            ],
                                            "Inner Unique": false,
                                            "Plans": [
                                              {
                                                "Node Type": "Index Scan",
                                                "Parent Relationship": "Outer",
                                                "Parallel Aware": false,
                                                "Async Capable": false,
                                                "Scan Direction": "Forward",
                                                "Index Name": "idx_keyword_keyword",
                                                "Relation Name": "keyword",
                                                "Schema": "public",
                                                "Alias": "k",
                                                "Startup Cost": 0.42,
                                                "Total Cost": 33.74,
                                                "Plan Rows": 4,
                                                "Plan Width": 4,
                                                "Actual Startup Time": 0.088,
                                                "Actual Total Time": 0.142,
                                                "Actual Rows": 3,
                                                "Actual Loops": 1,
                                                "Output": [
                                                  "k.id",
                                                  "k.keyword",
                                                  "k.phonetic_code"
                                                ],
                                                "Index Cond": "((k.keyword)::text = ANY ('{murder,murder-in-title,blood,violence}'::text[]))",
                                                "Rows Removed by Index Recheck": 0
                                              },
                                              {
                                                "Node Type": "Index Scan",
                                                "Parent Relationship": "Inner",
                                                "Parallel Aware": false,
                                                "Async Capable": false,
                                                "Scan Direction": "Forward",
                                                "Index Name": "idx_movie_keyword_keyword_id",
                                                "Relation Name": "movie_keyword",
                                                "Schema": "public",
                                                "Alias": "mk",
                                                "Startup Cost": 0.43,
                                                "Total Cost": 1188.37,
                                                "Plan Rows": 302,
                                                "Plan Width": 8,
                                                "Actual Startup Time": 0.024,
                                                "Actual Total Time": 19.109,
                                                "Actual Rows": 12364,
                                                "Actual Loops": 3,
                                                "Output": [
                                                  "mk.id",
                                                  "mk.movie_id",
                                                  "mk.keyword_id"
                                                ],
                                                "Index Cond": "(mk.keyword_id = k.id)",
                                                "Rows Removed by Index Recheck": 0
                                              }
                                            ]
                                          },
                                          {
                                            "Node Type": "Index Scan",
                                            "Parent Relationship": "Inner",
                                            "Parallel Aware": false,
                                            "Async Capable": false,
                                            "Scan Direction": "Forward",
                                            "Index Name": "idx_title_id",
                                            "Relation Name": "title",
                                            "Schema": "public",
                                            "Alias": "t",
                                            "Startup Cost": 0.43,
                                            "Total Cost": 0.49,
                                            "Plan Rows": 1,
                                            "Plan Width": 25,
                                            "Actual Startup Time": 0.005,
                                            "Actual Total Time": 0.005,
                                            "Actual Rows": 0,
                                            "Actual Loops": 37091,
                                            "Output": [
                                              "t.id",
                                              "t.title",
                                              "t.imdb_index",
                                              "t.kind_id",
                                              "t.production_year",
                                              "t.imdb_id",
                                              "t.phonetic_code",
                                              "t.episode_of_id",
                                              "t.season_nr",
                                              "t.episode_nr",
                                              "t.series_years",
                                              "t.md5sum"
                                            ],
                                            "Index Cond": "(t.id = mk.movie_id)",
                                            "Rows Removed by Index Recheck": 0,
                                            "Filter": "(t.production_year > 2005)",
                                            "Rows Removed by Filter": 1
                                          }
                                        ]
                                      },
                                      {
                                        "Node Type": "Hash",
                                        "Parent Relationship": "Inner",
                                        "Parallel Aware": false,
                                        "Async Capable": false,
                                        "Startup Cost": 1.09,
                                        "Total Cost": 1.09,
                                        "Plan Rows": 2,
                                        "Plan Width": 4,
                                        "Actual Startup Time": 0.017,
                                        "Actual Total Time": 0.018,
                                        "Actual Rows": 2,
                                        "Actual Loops": 1,
                                        "Output": [
                                          "kt.id"
                                        ],
                                        "Hash Buckets": 1024,
                                        "Original Hash Buckets": 1024,
                                        "Hash Batches": 1,
                                        "Original Hash Batches": 1,
                                        "Peak Memory Usage": 9,
                                        "Plans": [
                                          {
                                            "Node Type": "Seq Scan",
                                            "Parent Relationship": "Outer",
                                            "Parallel Aware": false,
                                            "Async Capable": false,
                                            "Relation Name": "kind_type",
                                            "Schema": "public",
                                            "Alias": "kt",
                                            "Startup Cost": 0.0,
                                            "Total Cost": 1.09,
                                            "Plan Rows": 2,
                                            "Plan Width": 4,
                                            "Actual Startup Time": 0.009,
                                            "Actual Total Time": 0.011,
                                            "Actual Rows": 2,
                                            "Actual Loops": 1,
                                            "Output": [
                                              "kt.id"
                                            ],
                                            "Filter": "((kt.kind)::text = ANY ('{movie,episode}'::text[]))",
                                            "Rows Removed by Filter": 5
                                          }
                                        ]
                                      }
                                    ]
                                  },
                                  {
                                    "Node Type": "Index Scan",
                                    "Parent Relationship": "Inner",
                                    "Parallel Aware": false,
                                    "Async Capable": false,
                                    "Scan Direction": "Forward",
                                    "Index Name": "idx_movie_info_idx_movie_id",
                                    "Relation Name": "movie_info_idx",
                                    "Schema": "public",
                                    "Alias": "mi_idx",
                                    "Startup Cost": 0.43,
                                    "Total Cost": 0.5,
                                    "Plan Rows": 3,
                                    "Plan Width": 13,
                                    "Actual Startup Time": 0.005,
                                    "Actual Total Time": 0.006,
                                    "Actual Rows": 2,
                                    "Actual Loops": 8073,
                                    "Output": [
                                      "mi_idx.id",
                                      "mi_idx.movie_id",
                                      "mi_idx.info_type_id",
                                      "mi_idx.info",
                                      "mi_idx.note"
                                    ],
                                    "Index Cond": "(mi_idx.movie_id = mk.movie_id)",
                                    "Rows Removed by Index Recheck": 0,
                                    "Filter": "((mi_idx.info)::text < '8.5'::text)",
                                    "Rows Removed by Filter": 0
                                  }
                                ]
                              }
                            ]
                          },
                          {
                            "Node Type": "Index Scan",
                            "Parent Relationship": "Inner",
                            "Parallel Aware": false,
                            "Async Capable": false,
                            "Scan Direction": "Forward",
                            "Index Name": "idx_movie_info_movie_id",
                            "Relation Name": "movie_info",
                            "Schema": "public",
                            "Alias": "mi",
                            "Startup Cost": 0.43,
                            "Total Cost": 1.82,
                            "Plan Rows": 2,
                            "Plan Width": 8,
                            "Actual Startup Time": 0.061,
                            "Actual Total Time": 0.071,
                            "Actual Rows": 1,
                            "Actual Loops": 5949,
                            "Output": [
                              "mi.id",
                              "mi.movie_id",
                              "mi.info_type_id",
                              "mi.info",
                              "mi.note"
                            ],
                            "Index Cond": "(mi.movie_id = mk.movie_id)",
                            "Rows Removed by Index Recheck": 0,
                            "Filter": "((mi.info)::text = ANY ('{Sweden,Norway,Germany,Denmark,Swedish,Danish,Norwegian,German,USA,American}'::text[]))",
                            "Rows Removed by Filter": 71
                          }
                        ]
                      }
                    ]
                  },
                  {
                    "Node Type": "Index Scan",
                    "Parent Relationship": "Inner",
                    "Parallel Aware": false,
                    "Async Capable": false,
                    "Scan Direction": "Forward",
                    "Index Name": "idx_movie_companies_movie_id",
                    "Relation Name": "movie_companies",
                    "Schema": "public",
                    "Alias": "mc",
                    "Startup Cost": 0.43,
                    "Total Cost": 0.54,
                    "Plan Rows": 5,
                    "Plan Width": 12,
                    "Actual Startup Time": 0.007,
                    "Actual Total Time": 0.014,
                    "Actual Rows": 16,
                    "Actual Loops": 4115,
                    "Output": [
                      "mc.id",
                      "mc.movie_id",
                      "mc.company_id",
                      "mc.company_type_id",
                      "mc.note"
                    ],
                    "Index Cond": "(mc.movie_id = mk.movie_id)",
                    "Rows Removed by Index Recheck": 0
                  }
                ]
              },
              {
                "Node Type": "Hash",
                "Parent Relationship": "Inner",
                "Parallel Aware": false,
                "Async Capable": false,
                "Startup Cost": 5932.46,
                "Total Cost": 5932.46,
                "Plan Rows": 126319,
                "Plan Width": 23,
                "Actual Startup Time": 91.675,
                "Actual Total Time": 91.676,
                "Actual Rows": 126230,
                "Actual Loops": 1,
                "Output": [
                  "cn.name",
                  "cn.id"
                ],
                "Hash Buckets": 131072,
                "Original Hash Buckets": 131072,
                "Hash Batches": 1,
                "Original Hash Batches": 1,
                "Peak Memory Usage": 7968,
                "Plans": [
                  {
                    "Node Type": "Seq Scan",
                    "Parent Relationship": "Outer",
                    "Parallel Aware": false,
                    "Async Capable": false,
                    "Relation Name": "company_name",
                    "Schema": "public",
                    "Alias": "cn",
                    "Startup Cost": 0.0,
                    "Total Cost": 5932.46,
                    "Plan Rows": 126319,
                    "Plan Width": 23,
                    "Actual Startup Time": 0.015,
                    "Actual Total Time": 59.495,
                    "Actual Rows": 126230,
                    "Actual Loops": 1,
                    "Output": [
                      "cn.name",
                      "cn.id"
                    ],
                    "Filter": "((cn.country_code)::text <> '[us]'::text)",
                    "Rows Removed by Filter": 108767
                  }
                ]
              }
            ]
          },
          {
            "Node Type": "Hash",
            "Parent Relationship": "Inner",
            "Parallel Aware": false,
            "Async Capable": false,
            "Startup Cost": 1.04,
            "Total Cost": 1.04,
            "Plan Rows": 4,
            "Plan Width": 4,
            "Actual Startup Time": 0.028,
            "Actual Total Time": 0.029,
            "Actual Rows": 4,
            "Actual Loops": 1,
            "Output": [
              "ct.id"
            ],
            "Hash Buckets": 1024,
            "Original Hash Buckets": 1024,
            "Hash Batches": 1,
            "Original Hash Batches": 1,
            "Peak Memory Usage": 9,
            "Plans": [
              {
                "Node Type": "Seq Scan",
                "Parent Relationship": "Outer",
                "Parallel Aware": false,
                "Async Capable": false,
                "Relation Name": "company_type",
                "Schema": "public",
                "Alias": "ct",
                "Startup Cost": 0.0,
                "Total Cost": 1.04,
                "Plan Rows": 4,
                "Plan Width": 4,
                "Actual Startup Time": 0.016,
                "Actual Total Time": 0.018,
                "Actual Rows": 4,
                "Actual Loops": 1,
                "Output": [
                  "ct.id"
                ]
              }
            ]
          }
        ]
      }
    ]
  },
  "Planning Time": 88.74,
  "Triggers": [],
  "Execution Time": 972.6
}