{
  "Plan": {
    "Node Type": "Aggregate",
    "Strategy": "Plain",
    "Partial Mode": "Simple",
    "Parallel Aware": false,
    "Async Capable": false,
    "Startup Cost": 283893.53,
    "Total Cost": 283893.54,
    "Plan Rows": 1,
    "Plan Width": 96,
    "Actual Startup Time": 1316.575,
    "Actual Total Time": 1316.58,
    "Actual Rows": 1,
    "Actual Loops": 1,
    "Output": [
      "min((mi.info)::text)",
      "min((mi_idx.info)::text)",
      "min((t.title)::text)"
    ],
    "Plans": [
      {
        "Node Type": "Nested Loop",
        "Parent Relationship": "Outer",
        "Parallel Aware": false,
        "Async Capable": false,
        "Join Type": "Inner",
        "Startup Cost": 1.73,
        "Total Cost": 283890.47,
        "Plan Rows": 409,
        "Plan Width": 63,
        "Actual Startup Time": 37.423,
        "Actual Total Time": 1315.938,
        "Actual Rows": 409,
        "Actual Loops": 1,
        "Output": [
          "mi.info",
          "mi_idx.info",
          "t.title"
        ],
        "Inner Unique": true,
        "Plans": [
          {
            "Node Type": "Nested Loop",
            "Parent Relationship": "Outer",
            "Parallel Aware": false,
            "Async Capable": false,
            "Join Type": "Inner",
            "Startup Cost": 1.3,
            "Total Cost": 283702.7,
            "Plan Rows": 409,
            "Plan Width": 58,
            "Actual Startup Time": 37.332,
            "Actual Total Time": 1308.864,
            "Actual Rows": 409,
            "Actual Loops": 1,
            "Output": [
              "ci.movie_id",
              "mi.info",
              "mi.movie_id",
              "mi_idx.info",
              "mi_idx.movie_id"
            ],
            "Inner Unique": false,
            "Join Filter": "(it1.id = mi.info_type_id)",
            "Rows Removed by Join Filter": 81963,
            "Plans": [
              {
                "Node Type": "Seq Scan",
                "Parent Relationship": "Outer",
                "Parallel Aware": false,
                "Async Capable": false,
                "Relation Name": "info_type",
                "Schema": "public",
                "Alias": "it1",
                "Startup Cost": 0.0,
                "Total Cost": 2.41,
                "Plan Rows": 1,
                "Plan Width": 4,
                "Actual Startup Time": 36.081,
                "Actual Total Time": 36.084,
                "Actual Rows": 1,
                "Actual Loops": 1,
                "Output": [
                  "it1.id",
                  "it1.info"
                ],
                "Filter": "((it1.info)::text = 'budget'::text)",
                "Rows Removed by Filter": 112
              },
              {
                "Node Type": "Nested Loop",
                "Parent Relationship": "Inner",
                "Parallel Aware": false,
                "Async Capable": false,
                "Join Type": "Inner",
                "Startup Cost": 1.3,
                "Total Cost": 282670.64,
                "Plan Rows": 82372,
                "Plan Width": 62,
                "Actual Startup Time": 1.053,
                "Actual Total Time": 1265.917,
                "Actual Rows": 82372,
                "Actual Loops": 1,
                "Output": [
                  "ci.movie_id",
                  "mi.info",
                  "mi.movie_id",
                  "mi.info_type_id",
                  "mi_idx.info",
                  "mi_idx.movie_id"
                ],
                "Inner Unique": false,
                "Join Filter": "(mi.movie_id = mi_idx.movie_id)",
                "Rows Removed by Join Filter": 0,
                "Plans": [
                  {
                    "Node Type": "Nested Loop",
                    "Parent Relationship": "Outer",
                    "Parallel Aware": false,
                    "Async Capable": false,
                    "Join Type": "Inner",
                    "Startup Cost": 0.87,
                    "Total Cost": 275905.31,
                    "Plan Rows": 3433,
                    "Plan Width": 13,
                    "Actual Startup Time": 0.976,
                    "Actual Total Time": 1137.396,
                    "Actual Rows": 3433,
                    "Actual Loops": 1,
                    "Output": [
                      "ci.movie_id",
                      "mi_idx.info",
                      "mi_idx.movie_id"
                    ],
                    "Inner Unique": false,
                    "Join Filter": "(it2.id = mi_idx.info_type_id)",
                    "Rows Removed by Join Filter": 6871,
                    "Plans": [
                      {
                        "Node Type": "Seq Scan",
                        "Parent Relationship": "Outer",
                        "Parallel Aware": false,
                        "Async Capable": false,
                        "Relation Name": "info_type",
                        "Schema": "public",
                        "Alias": "it2",
                        "Startup Cost": 0.0,
                        "Total Cost": 2.41,
                        "Plan Rows": 1,
                        "Plan Width": 4,
                        "Actual Startup Time": 0.041,
                        "Actual Total Time": 0.045,
                        "Actual Rows": 1,
                        "Actual Loops": 1,
                        "Output": [
                          "it2.id",
                          "it2.info"
                        ],
                        "Filter": "((it2.info)::text = 'votes'::text)",
                        "Rows Removed by Filter": 112
                      },
                      {
                        "Node Type": "Nested Loop",
                        "Parent Relationship": "Inner",
                        "Parallel Aware": false,
                        "Async Capable": false,
                        "Join Type": "Inner",
                        "Startup Cost": 0.87,
                        "Total Cost": 275774.1,
                        "Plan Rows": 10304,
                        "Plan Width": 17,
                        "Actual Startup Time": 0.925,
                        "Actual Total Time": 1136.05,
                        "Actual Rows": 10304,
                        "Actual Loops": 1,
                        "Output": [
                          "ci.movie_id",
                          "mi_idx.info",
                          "mi_idx.movie_id",
                          "mi_idx.info_type_id"
                        ],
                        "Inner Unique": false,
                        "Plans": [
                          {
                            "Node Type": "Nested Loop",
                            "Parent Relationship": "Outer",
                            "Parallel Aware": false,
                            "Async Capable": false,
                            "Join Type": "Inner",
                            "Startup Cost": 0.44,
                            "Total Cost": 272260.37,
                            "Plan Rows": 6653,
                            "Plan Width": 4,
                            "Actual Startup Time": 0.858,
                            "Actual Total Time": 1100.258,
                            "Actual Rows": 6653,
                            "Actual Loops": 1,
                            "Output": [
                              "ci.movie_id"
                            ],
                            "Inner Unique": false,
                            "Plans": [
                              {
                                "Node Type": "Seq Scan",
                                "Parent Relationship": "Outer",
                                "Parallel Aware": false,
                                "Async Capable": false,
                                "Relation Name": "name",
                                "Schema": "public",
                                "Alias": "n",
                                "Startup Cost": 0.0,
                                "Total Cost": 118126.36,
                                "Plan Rows": 170,
                                "Plan Width": 4,
                                "Actual Startup Time": 0.221,
                                "Actual Total Time": 966.141,
                                "Actual Rows": 8967,
                                "Actual Loops": 1,
                                "Output": [
                                  "n.id",
                                  "n.name",
                                  "n.imdb_index",
                                  "n.imdb_id",
                                  "n.gender",
                                  "n.name_pcode_cf",
                                  "n.name_pcode_nf",
                                  "n.surname_pcode",
                                  "n.md5sum"
                                ],
                                "Filter": "(((n.name_pcode_nf)::text IS NOT NULL) AND ((n.name)::text ~~ '%Tim%'::text) AND ((n.gender)::text = 'm'::text))",
                                "Rows Removed by Filter": 4158524
                              },
                              {
                                "Node Type": "Index Scan",
                                "Parent Relationship": "Inner",
                                "Parallel Aware": false,
                                "Async Capable": false,
                                "Scan Direction": "Forward",
                                "Index Name": "idx_cast_info_person_id",
                                "Relation Name": "cast_info",
                                "Schema": "public",
                                "Alias": "ci",
                                "Startup Cost": 0.44,
                                "Total Cost": 906.33,
                                "Plan Rows": 34,
                                "Plan Width": 8,
                                "Actual Startup Time": 0.012,
                                "Actual Total Time": 0.014,
                                "Actual Rows": 1,
                                "Actual Loops": 8967,
                                "Output": [
                                  "ci.id",
                                  "ci.person_id",
                                  "ci.movie_id",
                                  "ci.person_role_id",
                                  "ci.note",
                                  "ci.nr_order",
                                  "ci.role_id"
                                ],
                                "Index Cond": "(ci.person_id = n.id)",
                                "Rows Removed by Index Recheck": 0,
                                "Filter": "((ci.note)::text = ANY ('{(producer),\"(executive producer)\"}'::text[]))",
                                "Rows Removed by Filter": 10
                              }
                            ]
                          },
                          {
                            "Node Type": "Index Scan",
                            "Parent Relationship": "Inner",
                            "Parallel Aware": false,
                            "Async Capable": false,
                            "Scan Direction": "Forward",
                            "Index Name": "idx_movie_info_idx_movie_id",
                            "Relation Name": "movie_info_idx",
                            "Schema": "public",
                            "Alias": "mi_idx",
                            "Startup Cost": 0.43,
                            "Total Cost": 0.5,
                            "Plan Rows": 3,
                            "Plan Width": 13,
                            "Actual Startup Time": 0.004,
                            "Actual Total Time": 0.005,
                            "Actual Rows": 2,
                            "Actual Loops": 6653,
                            "Output": [
                              "mi_idx.id",
                              "mi_idx.movie_id",
                              "mi_idx.info_type_id",
                              "mi_idx.info",
                              "mi_idx.note"
                            ],
                            "Index Cond": "(mi_idx.movie_id = ci.movie_id)",
                            "Rows Removed by Index Recheck": 0
                          }
                        ]
                      }
                    ]
                  },
                  {
                    "Node Type": "Index Scan",
                    "Parent Relationship": "Inner",
                    "Parallel Aware": false,
                    "Async Capable": false,
                    "Scan Direction": "Forward",
                    "Index Name": "idx_movie_info_movie_id",
                    "Relation Name": "movie_info",
                    "Schema": "public",
                    "Alias": "mi",
                    "Startup Cost": 0.43,
                    "Total Cost": 1.46,
                    "Plan Rows": 41,
                    "Plan Width": 49,
                    "Actual Startup Time": 0.007,
                    "Actual Total Time": 0.031,
                    "Actual Rows": 24,
                    "Actual Loops": 3433,
                    "Output": [
                      "mi.id",
                      "mi.movie_id",
                      "mi.info_type_id",
                      "mi.info",
                      "mi.note"
                    ],
                    "Index Cond": "(mi.movie_id = ci.movie_id)",
                    "Rows Removed by Index Recheck": 0
                  }
                ]
              }
            ]
          },
          {
            "Node Type": "Index Scan",
            "Parent Relationship": "Inner",
            "Parallel Aware": false,
            "Async Capable": false,
            "Scan Direction": "Forward",
            "Index Name": "idx_title_id",
            "Relation Name": "title",
            "Schema": "public",
            "Alias": "t",
            "Startup Cost": 0.43,
            "Total Cost": 0.46,
            "Plan Rows": 1,
            "Plan Width": 21,
            "Actual Startup Time": 0.016,
            "Actual Total Time": 0.016,
            "Actual Rows": 1,
            "Actual Loops": 409,
            "Output": [
              "t.id",
              "t.title",
              "t.imdb_index",
              "t.kind_id",
              "t.production_year",
              "t.imdb_id",
              "t.phonetic_code",
              "t.episode_of_id",
              "t.season_nr",
              "t.episode_nr",
              "t.series_years",
              "t.md5sum"
            ],
            "Index Cond": "(t.id = mi.movie_id)",
            "Rows Removed by Index Recheck": 0,
            "Filter": "(t.production_year IS NOT NULL)",
            "Rows Removed by Filter": 0
          }
        ]
      }
    ]
  },
  "Planning Time": 8.858,
  "Triggers": [],
  "JIT": {
    "Functions": 40,
    "Options": {
      "Inlining": false,
      "Optimization": false,
      "Expressions": true,
      "Deforming": true
    },
    "Timing": {
      "Generation": 3.169,
      "Inlining": 0.0,
      "Optimization": 1.066,
      "Emission": 35.1,
      "Total": 39.335
    }
  },
  "Execution Time": 1347.574
}