{
  "Plan": {
    "Node Type": "Aggregate",
    "Strategy": "Plain",
    "Partial Mode": "Simple",
    "Parallel Aware": false,
    "Async Capable": false,
    "Startup Cost": 34821.53,
    "Total Cost": 34821.54,
    "Plan Rows": 1,
    "Plan Width": 32,
    "Actual Startup Time": 383.024,
    "Actual Total Time": 383.029,
    "Actual Rows": 1,
    "Actual Loops": 1,
    "Output": [
      "min((t.title)::text)"
    ],
    "Plans": [
      {
        "Node Type": "Nested Loop",
        "Parent Relationship": "Outer",
        "Parallel Aware": false,
        "Async Capable": false,
        "Join Type": "Inner",
        "Startup Cost": 5962.57,
        "Total Cost": 34808.46,
        "Plan Rows": 5228,
        "Plan Width": 17,
        "Actual Startup Time": 48.567,
        "Actual Total Time": 380.037,
        "Actual Rows": 5228,
        "Actual Loops": 1,
        "Output": [
          "t.title"
        ],
        "Inner Unique": true,
        "Join Filter": "(mc.movie_id = t.id)",
        "Rows Removed by Join Filter": 0,
        "Plans": [
          {
            "Node Type": "Hash Join",
            "Parent Relationship": "Outer",
            "Parallel Aware": false,
            "Async Capable": false,
            "Join Type": "Inner",
            "Startup Cost": 5962.14,
            "Total Cost": 32205.12,
            "Plan Rows": 5228,
            "Plan Width": 8,
            "Actual Startup Time": 48.511,
            "Actual Total Time": 345.363,
            "Actual Rows": 5228,
            "Actual Loops": 1,
            "Output": [
              "mc.movie_id",
              "mk.movie_id"
            ],
            "Inner Unique": true,
            "Hash Cond": "(mc.company_id = cn.id)",
            "Plans": [
              {
                "Node Type": "Nested Loop",
                "Parent Relationship": "Outer",
                "Parallel Aware": false,
                "Async Capable": false,
                "Join Type": "Inner",
                "Startup Cost": 1.28,
                "Total Cost": 25854.3,
                "Plan Rows": 148552,
                "Plan Width": 12,
                "Actual Startup Time": 0.179,
                "Actual Total Time": 274.987,
                "Actual Rows": 148552,
                "Actual Loops": 1,
                "Output": [
                  "mk.movie_id",
                  "mc.company_id",
                  "mc.movie_id"
                ],
                "Inner Unique": false,
                "Plans": [
                  {
                    "Node Type": "Nested Loop",
                    "Parent Relationship": "Outer",
                    "Parallel Aware": false,
                    "Async Capable": false,
                    "Join Type": "Inner",
                    "Startup Cost": 0.85,
                    "Total Cost": 1224.82,
                    "Plan Rows": 41840,
                    "Plan Width": 4,
                    "Actual Startup Time": 0.117,
                    "Actual Total Time": 49.716,
                    "Actual Rows": 41840,
                    "Actual Loops": 1,
                    "Output": [
                      "mk.movie_id"
                    ],
                    "Inner Unique": false,
                    "Plans": [
                      {
                        "Node Type": "Index Scan",
                        "Parent Relationship": "Outer",
                        "Parallel Aware": false,
                        "Async Capable": false,
                        "Scan Direction": "Forward",
                        "Index Name": "idx_keyword_keyword",
                        "Relation Name": "keyword",
                        "Schema": "public",
                        "Alias": "k",
                        "Startup Cost": 0.42,
                        "Total Cost": 8.44,
                        "Plan Rows": 1,
                        "Plan Width": 4,
                        "Actual Startup Time": 0.062,
                        "Actual Total Time": 0.064,
                        "Actual Rows": 1,
                        "Actual Loops": 1,
                        "Output": [
                          "k.id",
                          "k.keyword",
                          "k.phonetic_code"
                        ],
                        "Index Cond": "((k.keyword)::text = 'character-name-in-title'::text)",
                        "Rows Removed by Index Recheck": 0
                      },
                      {
                        "Node Type": "Index Scan",
                        "Parent Relationship": "Inner",
                        "Parallel Aware": false,
                        "Async Capable": false,
                        "Scan Direction": "Forward",
                        "Index Name": "idx_movie_keyword_keyword_id",
                        "Relation Name": "movie_keyword",
                        "Schema": "public",
                        "Alias": "mk",
                        "Startup Cost": 0.43,
                        "Total Cost": 1213.36,
                        "Plan Rows": 302,
                        "Plan Width": 8,
                        "Actual Startup Time": 0.05,
                        "Actual Total Time": 41.719,
                        "Actual Rows": 41840,
                        "Actual Loops": 1,
                        "Output": [
                          "mk.id",
                          "mk.movie_id",
                          "mk.keyword_id"
                        ],
                        "Index Cond": "(mk.keyword_id = k.id)",
                        "Rows Removed by Index Recheck": 0
                      }
                    ]
                  },
                  {
                    "Node Type": "Index Scan",
                    "Parent Relationship": "Inner",
                    "Parallel Aware": false,
                    "Async Capable": false,
                    "Scan Direction": "Forward",
                    "Index Name": "idx_movie_companies_movie_id",
                    "Relation Name": "movie_companies",
                    "Schema": "public",
                    "Alias": "mc",
                    "Startup Cost": 0.43,
                    "Total Cost": 0.54,
                    "Plan Rows": 5,
                    "Plan Width": 8,
                    "Actual Startup Time": 0.003,
                    "Actual Total Time": 0.004,
                    "Actual Rows": 4,
                    "Actual Loops": 41840,
                    "Output": [
                      "mc.id",
                      "mc.movie_id",
                      "mc.company_id",
                      "mc.company_type_id",
                      "mc.note"
                    ],
                    "Index Cond": "(mc.movie_id = mk.movie_id)",
                    "Rows Removed by Index Recheck": 0
                  }
                ]
              },
              {
                "Node Type": "Hash",
                "Parent Relationship": "Inner",
                "Parallel Aware": false,
                "Async Capable": false,
                "Startup Cost": 5932.46,
                "Total Cost": 5932.46,
                "Plan Rows": 2272,
                "Plan Width": 4,
                "Actual Startup Time": 46.926,
                "Actual Total Time": 46.928,
                "Actual Rows": 2340,
                "Actual Loops": 1,
                "Output": [
                  "cn.id"
                ],
                "Hash Buckets": 4096,
                "Original Hash Buckets": 4096,
                "Hash Batches": 1,
                "Original Hash Batches": 1,
                "Peak Memory Usage": 115,
                "Plans": [
                  {
                    "Node Type": "Seq Scan",
                    "Parent Relationship": "Outer",
                    "Parallel Aware": false,
                    "Async Capable": false,
                    "Relation Name": "company_name",
                    "Schema": "public",
                    "Alias": "cn",
                    "Startup Cost": 0.0,
                    "Total Cost": 5932.46,
                    "Plan Rows": 2272,
                    "Plan Width": 4,
                    "Actual Startup Time": 0.023,
                    "Actual Total Time": 46.328,
                    "Actual Rows": 2340,
                    "Actual Loops": 1,
                    "Output": [
                      "cn.id"
                    ],
                    "Filter": "((cn.country_code)::text = '[nl]'::text)",
                    "Rows Removed by Filter": 232657
                  }
                ]
              }
            ]
          },
          {
            "Node Type": "Index Scan",
            "Parent Relationship": "Inner",
            "Parallel Aware": false,
            "Async Capable": false,
            "Scan Direction": "Forward",
            "Index Name": "idx_title_id",
            "Relation Name": "title",
            "Schema": "public",
            "Alias": "t",
            "Startup Cost": 0.43,
            "Total Cost": 0.49,
            "Plan Rows": 1,
            "Plan Width": 21,
            "Actual Startup Time": 0.006,
            "Actual Total Time": 0.006,
            "Actual Rows": 1,
            "Actual Loops": 5228,
            "Output": [
              "t.id",
              "t.title",
              "t.imdb_index",
              "t.kind_id",
              "t.production_year",
              "t.imdb_id",
              "t.phonetic_code",
              "t.episode_of_id",
              "t.season_nr",
              "t.episode_nr",
              "t.series_years",
              "t.md5sum"
            ],
            "Index Cond": "(t.id = mk.movie_id)",
            "Rows Removed by Index Recheck": 0
          }
        ]
      }
    ]
  },
  "Planning Time": 5.228,
  "Triggers": [],
  "Execution Time": 383.196
}