{
  "Plan": {
    "Node Type": "Aggregate",
    "Strategy": "Plain",
    "Partial Mode": "Simple",
    "Parallel Aware": false,
    "Async Capable": false,
    "Startup Cost": 1601.41,
    "Total Cost": 1601.42,
    "Plan Rows": 1,
    "Plan Width": 96,
    "Actual Startup Time": 25.804,
    "Actual Total Time": 25.806,
    "Actual Rows": 1,
    "Actual Loops": 1,
    "Output": [
      "min((k.keyword)::text)",
      "min((n.name)::text)",
      "min((t.title)::text)"
    ],
    "Plans": [
      {
        "Node Type": "Nested Loop",
        "Parent Relationship": "Outer",
        "Parallel Aware": false,
        "Async Capable": false,
        "Join Type": "Inner",
        "Startup Cost": 2.15,
        "Total Cost": 1601.4,
        "Plan Rows": 1,
        "Plan Width": 48,
        "Actual Startup Time": 7.343,
        "Actual Total Time": 25.789,
        "Actual Rows": 6,
        "Actual Loops": 1,
        "Output": [
          "k.keyword",
          "n.name",
          "t.title"
        ],
        "Inner Unique": true,
        "Plans": [
          {
            "Node Type": "Nested Loop",
            "Parent Relationship": "Outer",
            "Parallel Aware": false,
            "Async Capable": false,
            "Join Type": "Inner",
            "Startup Cost": 1.72,
            "Total Cost": 1295.4,
            "Plan Rows": 669,
            "Plan Width": 37,
            "Actual Startup Time": 0.275,
            "Actual Total Time": 9.178,
            "Actual Rows": 1224,
            "Actual Loops": 1,
            "Output": [
              "ci.person_id",
              "k.keyword",
              "t.title"
            ],
            "Inner Unique": false,
            "Join Filter": "(ci.movie_id = t.id)",
            "Rows Removed by Join Filter": 0,
            "Plans": [
              {
                "Node Type": "Nested Loop",
                "Parent Relationship": "Outer",
                "Parallel Aware": false,
                "Async Capable": false,
                "Join Type": "Inner",
                "Startup Cost": 1.28,
                "Total Cost": 1261.67,
                "Plan Rows": 19,
                "Plan Width": 41,
                "Actual Startup Time": 0.224,
                "Actual Total Time": 0.713,
                "Actual Rows": 11,
                "Actual Loops": 1,
                "Output": [
                  "k.keyword",
                  "mk.movie_id",
                  "t.title",
                  "t.id"
                ],
                "Inner Unique": true,
                "Plans": [
                  {
                    "Node Type": "Nested Loop",
                    "Parent Relationship": "Outer",
                    "Parallel Aware": false,
                    "Async Capable": false,
                    "Join Type": "Inner",
                    "Startup Cost": 0.85,
                    "Total Cost": 1245.07,
                    "Plan Rows": 34,
                    "Plan Width": 20,
                    "Actual Startup Time": 0.175,
                    "Actual Total Time": 0.328,
                    "Actual Rows": 14,
                    "Actual Loops": 1,
                    "Output": [
                      "k.keyword",
                      "mk.movie_id"
                    ],
                    "Inner Unique": false,
                    "Plans": [
                      {
                        "Node Type": "Index Scan",
                        "Parent Relationship": "Outer",
                        "Parallel Aware": false,
                        "Async Capable": false,
                        "Scan Direction": "Forward",
                        "Index Name": "idx_keyword_keyword",
                        "Relation Name": "keyword",
                        "Schema": "public",
                        "Alias": "k",
                        "Startup Cost": 0.42,
                        "Total Cost": 8.44,
                        "Plan Rows": 1,
                        "Plan Width": 20,
                        "Actual Startup Time": 0.083,
                        "Actual Total Time": 0.083,
                        "Actual Rows": 1,
                        "Actual Loops": 1,
                        "Output": [
                          "k.id",
                          "k.keyword",
                          "k.phonetic_code"
                        ],
                        "Index Cond": "((k.keyword)::text = 'marvel-cinematic-universe'::text)",
                        "Rows Removed by Index Recheck": 0
                      },
                      {
                        "Node Type": "Index Scan",
                        "Parent Relationship": "Inner",
                        "Parallel Aware": false,
                        "Async Capable": false,
                        "Scan Direction": "Forward",
                        "Index Name": "idx_movie_keyword_keyword_id",
                        "Relation Name": "movie_keyword",
                        "Schema": "public",
                        "Alias": "mk",
                        "Startup Cost": 0.43,
                        "Total Cost": 1233.57,
                        "Plan Rows": 307,
                        "Plan Width": 8,
                        "Actual Startup Time": 0.087,
                        "Actual Total Time": 0.234,
                        "Actual Rows": 14,
                        "Actual Loops": 1,
                        "Output": [
                          "mk.id",
                          "mk.movie_id",
                          "mk.keyword_id"
                        ],
                        "Index Cond": "(mk.keyword_id = k.id)",
                        "Rows Removed by Index Recheck": 0
                      }
                    ]
                  },
                  {
                    "Node Type": "Index Scan",
                    "Parent Relationship": "Inner",
                    "Parallel Aware": false,
                    "Async Capable": false,
                    "Scan Direction": "Forward",
                    "Index Name": "idx_title_id",
                    "Relation Name": "title",
                    "Schema": "public",
                    "Alias": "t",
                    "Startup Cost": 0.43,
                    "Total Cost": 0.49,
                    "Plan Rows": 1,
                    "Plan Width": 21,
                    "Actual Startup Time": 0.026,
                    "Actual Total Time": 0.026,
                    "Actual Rows": 1,
                    "Actual Loops": 14,
                    "Output": [
                      "t.id",
                      "t.title",
                      "t.imdb_index",
                      "t.kind_id",
                      "t.production_year",
                      "t.imdb_id",
                      "t.phonetic_code",
                      "t.episode_of_id",
                      "t.season_nr",
                      "t.episode_nr",
                      "t.series_years",
                      "t.md5sum"
                    ],
                    "Index Cond": "(t.id = mk.movie_id)",
                    "Rows Removed by Index Recheck": 0,
                    "Filter": "(t.production_year > 2000)",
                    "Rows Removed by Filter": 0
                  }
                ]
              },
              {
                "Node Type": "Index Scan",
                "Parent Relationship": "Inner",
                "Parallel Aware": false,
                "Async Capable": false,
                "Scan Direction": "Forward",
                "Index Name": "idx_cast_info_movie_id",
                "Relation Name": "cast_info",
                "Schema": "public",
                "Alias": "ci",
                "Startup Cost": 0.44,
                "Total Cost": 1.33,
                "Plan Rows": 36,
                "Plan Width": 8,
                "Actual Startup Time": 0.022,
                "Actual Total Time": 0.733,
                "Actual Rows": 111,
                "Actual Loops": 11,
                "Output": [
                  "ci.id",
                  "ci.person_id",
                  "ci.movie_id",
                  "ci.person_role_id",
                  "ci.note",
                  "ci.nr_order",
                  "ci.role_id"
                ],
                "Index Cond": "(ci.movie_id = mk.movie_id)",
                "Rows Removed by Index Recheck": 0
              }
            ]
          },
          {
            "Node Type": "Index Scan",
            "Parent Relationship": "Inner",
            "Parallel Aware": false,
            "Async Capable": false,
            "Scan Direction": "Forward",
            "Index Name": "idx_name_id",
            "Relation Name": "name",
            "Schema": "public",
            "Alias": "n",
            "Startup Cost": 0.43,
            "Total Cost": 0.46,
            "Plan Rows": 1,
            "Plan Width": 19,
            "Actual Startup Time": 0.013,
            "Actual Total Time": 0.013,
            "Actual Rows": 0,
            "Actual Loops": 1224,
            "Output": [
              "n.id",
              "n.name",
              "n.imdb_index",
              "n.imdb_id",
              "n.gender",
              "n.name_pcode_cf",
              "n.name_pcode_nf",
              "n.surname_pcode",
              "n.md5sum"
            ],
            "Index Cond": "(n.id = ci.person_id)",
            "Rows Removed by Index Recheck": 0,
            "Filter": "((n.name)::text ~~ '%Downey%Robert%'::text)",
            "Rows Removed by Filter": 1
          }
        ]
      }
    ]
  },
  "Planning Time": 5.144,
  "Triggers": [],
  "Execution Time": 25.945
}