{
  "Plan": {
    "Node Type": "Aggregate",
    "Strategy": "Plain",
    "Partial Mode": "Simple",
    "Parallel Aware": false,
    "Async Capable": false,
    "Startup Cost": 2223.12,
    "Total Cost": 2223.13,
    "Plan Rows": 1,
    "Plan Width": 96,
    "Actual Startup Time": 39.636,
    "Actual Total Time": 39.641,
    "Actual Rows": 1,
    "Actual Loops": 1,
    "Output": [
      "min((cn.name)::text)",
      "min((lt.link)::text)",
      "min((t.title)::text)"
    ],
    "Plans": [
      {
        "Node Type": "Hash Join",
        "Parent Relationship": "Outer",
        "Parallel Aware": false,
        "Async Capable": false,
        "Join Type": "Inner",
        "Startup Cost": 1360.64,
        "Total Cost": 2222.83,
        "Plan Rows": 38,
        "Plan Width": 48,
        "Actual Startup Time": 36.347,
        "Actual Total Time": 39.598,
        "Actual Rows": 38,
        "Actual Loops": 1,
        "Output": [
          "cn.name",
          "lt.link",
          "t.title"
        ],
        "Inner Unique": true,
        "Hash Cond": "(mc.company_type_id = ct.id)",
        "Plans": [
          {
            "Node Type": "Nested Loop",
            "Parent Relationship": "Outer",
            "Parallel Aware": false,
            "Async Capable": false,
            "Join Type": "Inner",
            "Startup Cost": 1359.57,
            "Total Cost": 2221.56,
            "Plan Rows": 38,
            "Plan Width": 52,
            "Actual Startup Time": 36.295,
            "Actual Total Time": 39.527,
            "Actual Rows": 38,
            "Actual Loops": 1,
            "Output": [
              "cn.name",
              "mc.company_type_id",
              "lt.link",
              "t.title"
            ],
            "Inner Unique": true,
            "Plans": [
              {
                "Node Type": "Nested Loop",
                "Parent Relationship": "Outer",
                "Parallel Aware": false,
                "Async Capable": false,
                "Join Type": "Inner",
                "Startup Cost": 1359.15,
                "Total Cost": 2160.85,
                "Plan Rows": 133,
                "Plan Width": 37,
                "Actual Startup Time": 36.224,
                "Actual Total Time": 38.985,
                "Actual Rows": 133,
                "Actual Loops": 1,
                "Output": [
                  "mc.company_type_id",
                  "mc.company_id",
                  "lt.link",
                  "t.title"
                ],
                "Inner Unique": false,
                "Join Filter": "(mc.movie_id = ml.movie_id)",
                "Rows Removed by Join Filter": 0,
                "Plans": [
                  {
                    "Node Type": "Nested Loop",
                    "Parent Relationship": "Outer",
                    "Parallel Aware": false,
                    "Async Capable": false,
                    "Join Type": "Inner",
                    "Startup Cost": 1358.72,
                    "Total Cost": 2149.91,
                    "Plan Rows": 19,
                    "Plan Width": 45,
                    "Actual Startup Time": 36.163,
                    "Actual Total Time": 38.769,
                    "Actual Rows": 19,
                    "Actual Loops": 1,
                    "Output": [
                      "mk.movie_id",
                      "mi.movie_id",
                      "ml.movie_id",
                      "lt.link",
                      "t.title",
                      "t.id"
                    ],
                    "Inner Unique": false,
                    "Join Filter": "(mi.movie_id = ml.movie_id)",
                    "Rows Removed by Join Filter": 0,
                    "Plans": [
                      {
                        "Node Type": "Nested Loop",
                        "Parent Relationship": "Outer",
                        "Parallel Aware": false,
                        "Async Capable": false,
                        "Join Type": "Inner",
                        "Startup Cost": 1358.29,
                        "Total Cost": 2081.41,
                        "Plan Rows": 48,
                        "Plan Width": 41,
                        "Actual Startup Time": 29.084,
                        "Actual Total Time": 37.499,
                        "Actual Rows": 48,
                        "Actual Loops": 1,
                        "Output": [
                          "mk.movie_id",
                          "ml.movie_id",
                          "lt.link",
                          "t.title",
                          "t.id"
                        ],
                        "Inner Unique": true,
                        "Join Filter": "(ml.movie_id = t.id)",
                        "Rows Removed by Join Filter": 0,
                        "Plans": [
                          {
                            "Node Type": "Hash Join",
                            "Parent Relationship": "Outer",
                            "Parallel Aware": false,
                            "Async Capable": false,
                            "Join Type": "Inner",
                            "Startup Cost": 1357.86,
                            "Total Cost": 1981.32,
                            "Plan Rows": 199,
                            "Plan Width": 20,
                            "Actual Startup Time": 29.037,
                            "Actual Total Time": 36.339,
                            "Actual Rows": 199,
                            "Actual Loops": 1,
                            "Output": [
                              "mk.movie_id",
                              "ml.movie_id",
                              "lt.link"
                            ],
                            "Inner Unique": false,
                            "Hash Cond": "(ml.movie_id = mk.movie_id)",
                            "Plans": [
                              {
                                "Node Type": "Hash Join",
                                "Parent Relationship": "Outer",
                                "Parallel Aware": false,
                                "Async Capable": false,
                                "Join Type": "Inner",
                                "Startup Cost": 1.24,
                                "Total Cost": 561.48,
                                "Plan Rows": 2315,
                                "Plan Width": 16,
                                "Actual Startup Time": 0.065,
                                "Actual Total Time": 7.076,
                                "Actual Rows": 2315,
                                "Actual Loops": 1,
                                "Output": [
                                  "lt.link",
                                  "ml.movie_id"
                                ],
                                "Inner Unique": true,
                                "Hash Cond": "(ml.link_type_id = lt.id)",
                                "Plans": [
                                  {
                                    "Node Type": "Seq Scan",
                                    "Parent Relationship": "Outer",
                                    "Parallel Aware": false,
                                    "Async Capable": false,
                                    "Relation Name": "movie_link",
                                    "Schema": "public",
                                    "Alias": "ml",
                                    "Startup Cost": 0.0,
                                    "Total Cost": 462.97,
                                    "Plan Rows": 29997,
                                    "Plan Width": 8,
                                    "Actual Startup Time": 0.011,
                                    "Actual Total Time": 2.643,
                                    "Actual Rows": 29997,
                                    "Actual Loops": 1,
                                    "Output": [
                                      "ml.id",
                                      "ml.movie_id",
                                      "ml.linked_movie_id",
                                      "ml.link_type_id"
                                    ]
                                  },
                                  {
                                    "Node Type": "Hash",
                                    "Parent Relationship": "Inner",
                                    "Parallel Aware": false,
                                    "Async Capable": false,
                                    "Startup Cost": 1.23,
                                    "Total Cost": 1.23,
                                    "Plan Rows": 1,
                                    "Plan Width": 16,
                                    "Actual Startup Time": 0.018,
                                    "Actual Total Time": 0.019,
                                    "Actual Rows": 2,
                                    "Actual Loops": 1,
                                    "Output": [
                                      "lt.link",
                                      "lt.id"
                                    ],
                                    "Hash Buckets": 1024,
                                    "Original Hash Buckets": 1024,
                                    "Hash Batches": 1,
                                    "Original Hash Batches": 1,
                                    "Peak Memory Usage": 9,
                                    "Plans": [
                                      {
                                        "Node Type": "Seq Scan",
                                        "Parent Relationship": "Outer",
                                        "Parallel Aware": false,
                                        "Async Capable": false,
                                        "Relation Name": "link_type",
                                        "Schema": "public",
                                        "Alias": "lt",
                                        "Startup Cost": 0.0,
                                        "Total Cost": 1.23,
                                        "Plan Rows": 1,
                                        "Plan Width": 16,
                                        "Actual Startup Time": 0.009,
                                        "Actual Total Time": 0.013,
                                        "Actual Rows": 2,
                                        "Actual Loops": 1,
                                        "Output": [
                                          "lt.link",
                                          "lt.id"
                                        ],
                                        "Filter": "((lt.link)::text ~~ '%follow%'::text)",
                                        "Rows Removed by Filter": 16
                                      }
                                    ]
                                  }
                                ]
                              },
                              {
                                "Node Type": "Hash",
                                "Parent Relationship": "Inner",
                                "Parallel Aware": false,
                                "Async Capable": false,
                                "Startup Cost": 1224.82,
                                "Total Cost": 1224.82,
                                "Plan Rows": 10544,
                                "Plan Width": 4,
                                "Actual Startup Time": 28.817,
                                "Actual Total Time": 28.817,
                                "Actual Rows": 10544,
                                "Actual Loops": 1,
                                "Output": [
                                  "mk.movie_id"
                                ],
                                "Hash Buckets": 16384,
                                "Original Hash Buckets": 16384,
                                "Hash Batches": 1,
                                "Original Hash Batches": 1,
                                "Peak Memory Usage": 499,
                                "Plans": [
                                  {
                                    "Node Type": "Nested Loop",
                                    "Parent Relationship": "Outer",
                                    "Parallel Aware": false,
                                    "Async Capable": false,
                                    "Join Type": "Inner",
                                    "Startup Cost": 0.85,
                                    "Total Cost": 1224.82,
                                    "Plan Rows": 10544,
                                    "Plan Width": 4,
                                    "Actual Startup Time": 0.116,
                                    "Actual Total Time": 26.407,
                                    "Actual Rows": 10544,
                                    "Actual Loops": 1,
                                    "Output": [
                                      "mk.movie_id"
                                    ],
                                    "Inner Unique": false,
                                    "Plans": [
                                      {
                                        "Node Type": "Index Scan",
                                        "Parent Relationship": "Outer",
                                        "Parallel Aware": false,
                                        "Async Capable": false,
                                        "Scan Direction": "Forward",
                                        "Index Name": "idx_keyword_keyword",
                                        "Relation Name": "keyword",
                                        "Schema": "public",
                                        "Alias": "k",
                                        "Startup Cost": 0.42,
                                        "Total Cost": 8.44,
                                        "Plan Rows": 1,
                                        "Plan Width": 4,
                                        "Actual Startup Time": 0.066,
                                        "Actual Total Time": 0.066,
                                        "Actual Rows": 1,
                                        "Actual Loops": 1,
                                        "Output": [
                                          "k.id",
                                          "k.keyword",
                                          "k.phonetic_code"
                                        ],
                                        "Index Cond": "((k.keyword)::text = 'sequel'::text)",
                                        "Rows Removed by Index Recheck": 0
                                      },
                                      {
                                        "Node Type": "Index Scan",
                                        "Parent Relationship": "Inner",
                                        "Parallel Aware": false,
                                        "Async Capable": false,
                                        "Scan Direction": "Forward",
                                        "Index Name": "idx_movie_keyword_keyword_id",
                                        "Relation Name": "movie_keyword",
                                        "Schema": "public",
                                        "Alias": "mk",
                                        "Startup Cost": 0.43,
                                        "Total Cost": 1213.36,
                                        "Plan Rows": 302,
                                        "Plan Width": 8,
                                        "Actual Startup Time": 0.047,
                                        "Actual Total Time": 24.502,
                                        "Actual Rows": 10544,
                                        "Actual Loops": 1,
                                        "Output": [
                                          "mk.id",
                                          "mk.movie_id",
                                          "mk.keyword_id"
                                        ],
                                        "Index Cond": "(mk.keyword_id = k.id)",
                                        "Rows Removed by Index Recheck": 0
                                      }
                                    ]
                                  }
                                ]
                              }
                            ]
                          },
                          {
                            "Node Type": "Index Scan",
                            "Parent Relationship": "Inner",
                            "Parallel Aware": false,
                            "Async Capable": false,
                            "Scan Direction": "Forward",
                            "Index Name": "idx_title_id",
                            "Relation Name": "title",
                            "Schema": "public",
                            "Alias": "t",
                            "Startup Cost": 0.43,
                            "Total Cost": 0.49,
                            "Plan Rows": 1,
                            "Plan Width": 21,
                            "Actual Startup Time": 0.005,
                            "Actual Total Time": 0.005,
                            "Actual Rows": 0,
                            "Actual Loops": 199,
                            "Output": [
                              "t.id",
                              "t.title",
                              "t.imdb_index",
                              "t.kind_id",
                              "t.production_year",
                              "t.imdb_id",
                              "t.phonetic_code",
                              "t.episode_of_id",
                              "t.season_nr",
                              "t.episode_nr",
                              "t.series_years",
                              "t.md5sum"
                            ],
                            "Index Cond": "(t.id = mk.movie_id)",
                            "Rows Removed by Index Recheck": 0,
                            "Filter": "((t.production_year >= 2000) AND (t.production_year <= 2010))",
                            "Rows Removed by Filter": 1
                          }
                        ]
                      },
                      {
                        "Node Type": "Index Scan",
                        "Parent Relationship": "Inner",
                        "Parallel Aware": false,
                        "Async Capable": false,
                        "Scan Direction": "Forward",
                        "Index Name": "idx_movie_info_movie_id",
                        "Relation Name": "movie_info",
                        "Schema": "public",
                        "Alias": "mi",
                        "Startup Cost": 0.43,
                        "Total Cost": 1.41,
                        "Plan Rows": 1,
                        "Plan Width": 4,
                        "Actual Startup Time": 0.025,
                        "Actual Total Time": 0.026,
                        "Actual Rows": 0,
                        "Actual Loops": 48,
                        "Output": [
                          "mi.id",
                          "mi.movie_id",
                          "mi.info_type_id",
                          "mi.info",
                          "mi.note"
                        ],
                        "Index Cond": "(mi.movie_id = mk.movie_id)",
                        "Rows Removed by Index Recheck": 0,
                        "Filter": "((mi.info)::text = ANY ('{Germany,German}'::text[]))",
                        "Rows Removed by Filter": 29
                      }
                    ]
                  },
                  {
                    "Node Type": "Index Scan",
                    "Parent Relationship": "Inner",
                    "Parallel Aware": false,
                    "Async Capable": false,
                    "Scan Direction": "Forward",
                    "Index Name": "idx_movie_companies_movie_id",
                    "Relation Name": "movie_companies",
                    "Schema": "public",
                    "Alias": "mc",
                    "Startup Cost": 0.43,
                    "Total Cost": 0.54,
                    "Plan Rows": 3,
                    "Plan Width": 12,
                    "Actual Startup Time": 0.007,
                    "Actual Total Time": 0.009,
                    "Actual Rows": 7,
                    "Actual Loops": 19,
                    "Output": [
                      "mc.id",
                      "mc.movie_id",
                      "mc.company_id",
                      "mc.company_type_id",
                      "mc.note"
                    ],
                    "Index Cond": "(mc.movie_id = mk.movie_id)",
                    "Rows Removed by Index Recheck": 0,
                    "Filter": "(mc.note IS NULL)",
                    "Rows Removed by Filter": 6
                  }
                ]
              },
              {
                "Node Type": "Index Scan",
                "Parent Relationship": "Inner",
                "Parallel Aware": false,
                "Async Capable": false,
                "Scan Direction": "Forward",
                "Index Name": "idx_company_name_id",
                "Relation Name": "company_name",
                "Schema": "public",
                "Alias": "cn",
                "Startup Cost": 0.42,
                "Total Cost": 0.46,
                "Plan Rows": 1,
                "Plan Width": 23,
                "Actual Startup Time": 0.004,
                "Actual Total Time": 0.004,
                "Actual Rows": 0,
                "Actual Loops": 133,
                "Output": [
                  "cn.id",
                  "cn.name",
                  "cn.country_code",
                  "cn.imdb_id",
                  "cn.name_pcode_nf",
                  "cn.name_pcode_sf",
                  "cn.md5sum"
                ],
                "Index Cond": "(cn.id = mc.company_id)",
                "Rows Removed by Index Recheck": 0,
                "Filter": "(((cn.country_code)::text <> '[pl]'::text) AND (((cn.name)::text ~~ '%Film%'::text) OR ((cn.name)::text ~~ '%Warner%'::text)))",
                "Rows Removed by Filter": 1
              }
            ]
          },
          {
            "Node Type": "Hash",
            "Parent Relationship": "Inner",
            "Parallel Aware": false,
            "Async Capable": false,
            "Startup Cost": 1.05,
            "Total Cost": 1.05,
            "Plan Rows": 1,
            "Plan Width": 4,
            "Actual Startup Time": 0.027,
            "Actual Total Time": 0.028,
            "Actual Rows": 1,
            "Actual Loops": 1,
            "Output": [
              "ct.id"
            ],
            "Hash Buckets": 1024,
            "Original Hash Buckets": 1024,
            "Hash Batches": 1,
            "Original Hash Batches": 1,
            "Peak Memory Usage": 9,
            "Plans": [
              {
                "Node Type": "Seq Scan",
                "Parent Relationship": "Outer",
                "Parallel Aware": false,
                "Async Capable": false,
                "Relation Name": "company_type",
                "Schema": "public",
                "Alias": "ct",
                "Startup Cost": 0.0,
                "Total Cost": 1.05,
                "Plan Rows": 1,
                "Plan Width": 4,
                "Actual Startup Time": 0.019,
                "Actual Total Time": 0.021,
                "Actual Rows": 1,
                "Actual Loops": 1,
                "Output": [
                  "ct.id"
                ],
                "Filter": "((ct.kind)::text = 'production companies'::text)",
                "Rows Removed by Filter": 3
              }
            ]
          }
        ]
      }
    ]
  },
  "Planning Time": 26.525,
  "Triggers": [],
  "Execution Time": 39.914
}