{
  "Plan": {
    "Node Type": "Aggregate",
    "Strategy": "Plain",
    "Partial Mode": "Simple",
    "Parallel Aware": false,
    "Async Capable": false,
    "Startup Cost": 68947.89,
    "Total Cost": 68947.9,
    "Plan Rows": 1,
    "Plan Width": 64,
    "Actual Startup Time": 1101.368,
    "Actual Total Time": 1101.375,
    "Actual Rows": 1,
    "Actual Loops": 1,
    "Output": [
      "min((chn.name)::text)",
      "min((t.title)::text)"
    ],
    "Plans": [
      {
        "Node Type": "Hash Join",
        "Parent Relationship": "Outer",
        "Parallel Aware": false,
        "Async Capable": false,
        "Join Type": "Inner",
        "Startup Cost": 4176.18,
        "Total Cost": 68947.37,
        "Plan Rows": 104,
        "Plan Width": 33,
        "Actual Startup Time": 116.186,
        "Actual Total Time": 1101.211,
        "Actual Rows": 104,
        "Actual Loops": 1,
        "Output": [
          "chn.name",
          "t.title"
        ],
        "Inner Unique": true,
        "Hash Cond": "(mc.company_type_id = ct.id)",
        "Plans": [
          {
            "Node Type": "Nested Loop",
            "Parent Relationship": "Outer",
            "Parallel Aware": false,
            "Async Capable": false,
            "Join Type": "Inner",
            "Startup Cost": 4175.09,
            "Total Cost": 68945.72,
            "Plan Rows": 104,
            "Plan Width": 37,
            "Actual Startup Time": 116.127,
            "Actual Total Time": 1101.09,
            "Actual Rows": 104,
            "Actual Loops": 1,
            "Output": [
              "chn.name",
              "mc.company_type_id",
              "t.title"
            ],
            "Inner Unique": true,
            "Plans": [
              {
                "Node Type": "Hash Join",
                "Parent Relationship": "Outer",
                "Parallel Aware": false,
                "Async Capable": false,
                "Join Type": "Inner",
                "Startup Cost": 4174.66,
                "Total Cost": 68386.33,
                "Plan Rows": 112,
                "Plan Width": 25,
                "Actual Startup Time": 116.079,
                "Actual Total Time": 1099.383,
                "Actual Rows": 112,
                "Actual Loops": 1,
                "Output": [
                  "ci.person_role_id",
                  "mc.company_type_id",
                  "t.title"
                ],
                "Inner Unique": true,
                "Hash Cond": "(ci.role_id = rt.id)",
                "Plans": [
                  {
                    "Node Type": "Nested Loop",
                    "Parent Relationship": "Outer",
                    "Parallel Aware": false,
                    "Async Capable": false,
                    "Join Type": "Inner",
                    "Startup Cost": 4173.5,
                    "Total Cost": 68384.62,
                    "Plan Rows": 151,
                    "Plan Width": 29,
                    "Actual Startup Time": 116.03,
                    "Actual Total Time": 1099.237,
                    "Actual Rows": 151,
                    "Actual Loops": 1,
                    "Output": [
                      "ci.person_role_id",
                      "ci.role_id",
                      "mc.company_type_id",
                      "t.title"
                    ],
                    "Inner Unique": false,
                    "Join Filter": "(ci.movie_id = t.id)",
                    "Rows Removed by Join Filter": 0,
                    "Plans": [
                      {
                        "Node Type": "Nested Loop",
                        "Parent Relationship": "Outer",
                        "Parallel Aware": false,
                        "Async Capable": false,
                        "Join Type": "Inner",
                        "Startup Cost": 4173.06,
                        "Total Cost": 60437.06,
                        "Plan Rows": 4539,
                        "Plan Width": 29,
                        "Actual Startup Time": 5.669,
                        "Actual Total Time": 692.68,
                        "Actual Rows": 4539,
                        "Actual Loops": 1,
                        "Output": [
                          "mc.movie_id",
                          "mc.company_type_id",
                          "t.title",
                          "t.id"
                        ],
                        "Inner Unique": true,
                        "Plans": [
                          {
                            "Node Type": "Hash Join",
                            "Parent Relationship": "Outer",
                            "Parallel Aware": false,
                            "Async Capable": false,
                            "Join Type": "Inner",
                            "Startup Cost": 4172.63,
                            "Total Cost": 55903.0,
                            "Plan Rows": 8790,
                            "Plan Width": 8,
                            "Actual Startup Time": 5.616,
                            "Actual Total Time": 628.84,
                            "Actual Rows": 8790,
                            "Actual Loops": 1,
                            "Output": [
                              "mc.movie_id",
                              "mc.company_type_id"
                            ],
                            "Inner Unique": true,
                            "Hash Cond": "(mc.company_id = cn.id)",
                            "Plans": [
                              {
                                "Node Type": "Seq Scan",
                                "Parent Relationship": "Outer",
                                "Parallel Aware": false,
                                "Async Capable": false,
                                "Relation Name": "movie_companies",
                                "Schema": "public",
                                "Alias": "mc",
                                "Startup Cost": 0.0,
                                "Total Cost": 44881.29,
                                "Plan Rows": 2609129,
                                "Plan Width": 12,
                                "Actual Startup Time": 0.021,
                                "Actual Total Time": 231.195,
                                "Actual Rows": 2609129,
                                "Actual Loops": 1,
                                "Output": [
                                  "mc.id",
                                  "mc.movie_id",
                                  "mc.company_id",
                                  "mc.company_type_id",
                                  "mc.note"
                                ]
                              },
                              {
                                "Node Type": "Hash",
                                "Parent Relationship": "Inner",
                                "Parallel Aware": false,
                                "Async Capable": false,
                                "Startup Cost": 4156.28,
                                "Total Cost": 4156.28,
                                "Plan Rows": 1308,
                                "Plan Width": 4,
                                "Actual Startup Time": 5.23,
                                "Actual Total Time": 5.232,
                                "Actual Rows": 1361,
                                "Actual Loops": 1,
                                "Output": [
                                  "cn.id"
                                ],
                                "Hash Buckets": 2048,
                                "Original Hash Buckets": 2048,
                                "Hash Batches": 1,
                                "Original Hash Batches": 1,
                                "Peak Memory Usage": 64,
                                "Plans": [
                                  {
                                    "Node Type": "Index Scan",
                                    "Parent Relationship": "Outer",
                                    "Parallel Aware": false,
                                    "Async Capable": false,
                                    "Scan Direction": "Forward",
                                    "Index Name": "idx_company_name_country_code",
                                    "Relation Name": "company_name",
                                    "Schema": "public",
                                    "Alias": "cn",
                                    "Startup Cost": 0.29,
                                    "Total Cost": 4156.28,
                                    "Plan Rows": 1308,
                                    "Plan Width": 4,
                                    "Actual Startup Time": 0.043,
                                    "Actual Total Time": 4.898,
                                    "Actual Rows": 1361,
                                    "Actual Loops": 1,
                                    "Output": [
                                      "cn.id"
                                    ],
                                    "Index Cond": "((cn.country_code)::text = '[ru]'::text)",
                                    "Rows Removed by Index Recheck": 0
                                  }
                                ]
                              }
                            ]
                          },
                          {
                            "Node Type": "Index Scan",
                            "Parent Relationship": "Inner",
                            "Parallel Aware": false,
                            "Async Capable": false,
                            "Scan Direction": "Forward",
                            "Index Name": "idx_title_id",
                            "Relation Name": "title",
                            "Schema": "public",
                            "Alias": "t",
                            "Startup Cost": 0.43,
                            "Total Cost": 0.52,
                            "Plan Rows": 1,
                            "Plan Width": 21,
                            "Actual Startup Time": 0.007,
                            "Actual Total Time": 0.007,
                            "Actual Rows": 1,
                            "Actual Loops": 8790,
                            "Output": [
                              "t.id",
                              "t.title",
                              "t.imdb_index",
                              "t.kind_id",
                              "t.production_year",
                              "t.imdb_id",
                              "t.phonetic_code",
                              "t.episode_of_id",
                              "t.season_nr",
                              "t.episode_nr",
                              "t.series_years",
                              "t.md5sum"
                            ],
                            "Index Cond": "(t.id = mc.movie_id)",
                            "Rows Removed by Index Recheck": 0,
                            "Filter": "(t.production_year > 2005)",
                            "Rows Removed by Filter": 0
                          }
                        ]
                      },
                      {
                        "Node Type": "Index Scan",
                        "Parent Relationship": "Inner",
                        "Parallel Aware": false,
                        "Async Capable": false,
                        "Scan Direction": "Forward",
                        "Index Name": "idx_cast_info_movie_id",
                        "Relation Name": "cast_info",
                        "Schema": "public",
                        "Alias": "ci",
                        "Startup Cost": 0.44,
                        "Total Cost": 1.74,
                        "Plan Rows": 1,
                        "Plan Width": 12,
                        "Actual Startup Time": 0.084,
                        "Actual Total Time": 0.089,
                        "Actual Rows": 0,
                        "Actual Loops": 4539,
                        "Output": [
                          "ci.id",
                          "ci.person_id",
                          "ci.movie_id",
                          "ci.person_role_id",
                          "ci.note",
                          "ci.nr_order",
                          "ci.role_id"
                        ],
                        "Index Cond": "(ci.movie_id = mc.movie_id)",
                        "Rows Removed by Index Recheck": 0,
                        "Filter": "(((ci.note)::text ~~ '%(voice)%'::text) AND ((ci.note)::text ~~ '%(uncredited)%'::text))",
                        "Rows Removed by Filter": 50
                      }
                    ]
                  },
                  {
                    "Node Type": "Hash",
                    "Parent Relationship": "Inner",
                    "Parallel Aware": false,
                    "Async Capable": false,
                    "Startup Cost": 1.15,
                    "Total Cost": 1.15,
                    "Plan Rows": 1,
                    "Plan Width": 4,
                    "Actual Startup Time": 0.025,
                    "Actual Total Time": 0.026,
                    "Actual Rows": 1,
                    "Actual Loops": 1,
                    "Output": [
                      "rt.id"
                    ],
                    "Hash Buckets": 1024,
                    "Original Hash Buckets": 1024,
                    "Hash Batches": 1,
                    "Original Hash Batches": 1,
                    "Peak Memory Usage": 9,
                    "Plans": [
                      {
                        "Node Type": "Seq Scan",
                        "Parent Relationship": "Outer",
                        "Parallel Aware": false,
                        "Async Capable": false,
                        "Relation Name": "role_type",
                        "Schema": "public",
                        "Alias": "rt",
                        "Startup Cost": 0.0,
                        "Total Cost": 1.15,
                        "Plan Rows": 1,
                        "Plan Width": 4,
                        "Actual Startup Time": 0.019,
                        "Actual Total Time": 0.022,
                        "Actual Rows": 1,
                        "Actual Loops": 1,
                        "Output": [
                          "rt.id"
                        ],
                        "Filter": "((rt.role)::text = 'actor'::text)",
                        "Rows Removed by Filter": 11
                      }
                    ]
                  }
                ]
              },
              {
                "Node Type": "Index Scan",
                "Parent Relationship": "Inner",
                "Parallel Aware": false,
                "Async Capable": false,
                "Scan Direction": "Forward",
                "Index Name": "idx_char_name_id",
                "Relation Name": "char_name",
                "Schema": "public",
                "Alias": "chn",
                "Startup Cost": 0.43,
                "Total Cost": 4.99,
                "Plan Rows": 1,
                "Plan Width": 20,
                "Actual Startup Time": 0.014,
                "Actual Total Time": 0.014,
                "Actual Rows": 1,
                "Actual Loops": 112,
                "Output": [
                  "chn.id",
                  "chn.name",
                  "chn.imdb_index",
                  "chn.imdb_id",
                  "chn.name_pcode_nf",
                  "chn.surname_pcode",
                  "chn.md5sum"
                ],
                "Index Cond": "(chn.id = ci.person_role_id)",
                "Rows Removed by Index Recheck": 0
              }
            ]
          },
          {
            "Node Type": "Hash",
            "Parent Relationship": "Inner",
            "Parallel Aware": false,
            "Async Capable": false,
            "Startup Cost": 1.04,
            "Total Cost": 1.04,
            "Plan Rows": 4,
            "Plan Width": 4,
            "Actual Startup Time": 0.024,
            "Actual Total Time": 0.025,
            "Actual Rows": 4,
            "Actual Loops": 1,
            "Output": [
              "ct.id"
            ],
            "Hash Buckets": 1024,
            "Original Hash Buckets": 1024,
            "Hash Batches": 1,
            "Original Hash Batches": 1,
            "Peak Memory Usage": 9,
            "Plans": [
              {
                "Node Type": "Seq Scan",
                "Parent Relationship": "Outer",
                "Parallel Aware": false,
                "Async Capable": false,
                "Relation Name": "company_type",
                "Schema": "public",
                "Alias": "ct",
                "Startup Cost": 0.0,
                "Total Cost": 1.04,
                "Plan Rows": 4,
                "Plan Width": 4,
                "Actual Startup Time": 0.015,
                "Actual Total Time": 0.017,
                "Actual Rows": 4,
                "Actual Loops": 1,
                "Output": [
                  "ct.id"
                ]
              }
            ]
          }
        ]
      }
    ]
  },
  "Planning Time": 9.093,
  "Triggers": [],
  "Execution Time": 1101.596
}