{
  "Plan": {
    "Node Type": "Aggregate",
    "Strategy": "Plain",
    "Partial Mode": "Simple",
    "Parallel Aware": false,
    "Async Capable": false,
    "Startup Cost": 25693.72,
    "Total Cost": 25693.73,
    "Plan Rows": 1,
    "Plan Width": 128,
    "Actual Startup Time": 799.785,
    "Actual Total Time": 799.796,
    "Actual Rows": 1,
    "Actual Loops": 1,
    "Output": [
      "min((mi.info)::text)",
      "min((mi_idx.info)::text)",
      "min((n.name)::text)",
      "min((t.title)::text)"
    ],
    "Plans": [
      {
        "Node Type": "Hash Join",
        "Parent Relationship": "Outer",
        "Parallel Aware": false,
        "Async Capable": false,
        "Join Type": "Inner",
        "Startup Cost": 3129.58,
        "Total Cost": 25686.15,
        "Plan Rows": 757,
        "Plan Width": 79,
        "Actual Startup Time": 49.705,
        "Actual Total Time": 798.581,
        "Actual Rows": 757,
        "Actual Loops": 1,
        "Output": [
          "mi.info",
          "mi_idx.info",
          "n.name",
          "t.title"
        ],
        "Inner Unique": true,
        "Hash Cond": "(mi_idx.info_type_id = it2.id)",
        "Plans": [
          {
            "Node Type": "Nested Loop",
            "Parent Relationship": "Outer",
            "Parallel Aware": false,
            "Async Capable": false,
            "Join Type": "Inner",
            "Startup Cost": 3127.15,
            "Total Cost": 25677.52,
            "Plan Rows": 2281,
            "Plan Width": 83,
            "Actual Startup Time": 49.635,
            "Actual Total Time": 797.844,
            "Actual Rows": 2281,
            "Actual Loops": 1,
            "Output": [
              "mi.info",
              "mi_idx.info",
              "mi_idx.info_type_id",
              "n.name",
              "t.title"
            ],
            "Inner Unique": false,
            "Join Filter": "(mi_idx.movie_id = t.id)",
            "Rows Removed by Join Filter": 0,
            "Plans": [
              {
                "Node Type": "Hash Join",
                "Parent Relationship": "Outer",
                "Parallel Aware": false,
                "Async Capable": false,
                "Join Type": "Inner",
                "Startup Cost": 3126.72,
                "Total Cost": 25278.61,
                "Plan Rows": 757,
                "Plan Width": 94,
                "Actual Startup Time": 49.573,
                "Actual Total Time": 791.046,
                "Actual Rows": 757,
                "Actual Loops": 1,
                "Output": [
                  "cc.movie_id",
                  "ci.movie_id",
                  "mi.info",
                  "mi.movie_id",
                  "mk.movie_id",
                  "n.name",
                  "t.title",
                  "t.id"
                ],
                "Inner Unique": true,
                "Hash Cond": "(mi.info_type_id = it1.id)",
                "Plans": [
                  {
                    "Node Type": "Hash Join",
                    "Parent Relationship": "Outer",
                    "Parallel Aware": false,
                    "Async Capable": false,
                    "Join Type": "Inner",
                    "Startup Cost": 3124.3,
                    "Total Cost": 25274.12,
                    "Plan Rows": 757,
                    "Plan Width": 98,
                    "Actual Startup Time": 49.529,
                    "Actual Total Time": 790.565,
                    "Actual Rows": 757,
                    "Actual Loops": 1,
                    "Output": [
                      "cc.movie_id",
                      "ci.movie_id",
                      "mi.info",
                      "mi.movie_id",
                      "mi.info_type_id",
                      "mk.movie_id",
                      "n.name",
                      "t.title",
                      "t.id"
                    ],
                    "Inner Unique": true,
                    "Hash Cond": "(cc.subject_id = cct1.id)",
                    "Plans": [
                      {
                        "Node Type": "Nested Loop",
                        "Parent Relationship": "Outer",
                        "Parallel Aware": false,
                        "Async Capable": false,
                        "Join Type": "Inner",
                        "Startup Cost": 3123.22,
                        "Total Cost": 25268.95,
                        "Plan Rows": 757,
                        "Plan Width": 102,
                        "Actual Startup Time": 49.484,
                        "Actual Total Time": 789.928,
                        "Actual Rows": 757,
                        "Actual Loops": 1,
                        "Output": [
                          "cc.movie_id",
                          "cc.subject_id",
                          "ci.movie_id",
                          "mi.info",
                          "mi.movie_id",
                          "mi.info_type_id",
                          "mk.movie_id",
                          "n.name",
                          "t.title",
                          "t.id"
                        ],
                        "Inner Unique": true,
                        "Plans": [
                          {
                            "Node Type": "Nested Loop",
                            "Parent Relationship": "Outer",
                            "Parallel Aware": false,
                            "Async Capable": false,
                            "Join Type": "Inner",
                            "Startup Cost": 3122.79,
                            "Total Cost": 24585.77,
                            "Plan Rows": 1021,
                            "Plan Width": 91,
                            "Actual Startup Time": 49.425,
                            "Actual Total Time": 779.613,
                            "Actual Rows": 1021,
                            "Actual Loops": 1,
                            "Output": [
                              "cc.movie_id",
                              "cc.subject_id",
                              "ci.movie_id",
                              "ci.person_id",
                              "mi.info",
                              "mi.movie_id",
                              "mi.info_type_id",
                              "mk.movie_id",
                              "t.title",
                              "t.id"
                            ],
                            "Inner Unique": false,
                            "Join Filter": "(ci.movie_id = t.id)",
                            "Rows Removed by Join Filter": 0,
                            "Plans": [
                              {
                                "Node Type": "Nested Loop",
                                "Parent Relationship": "Outer",
                                "Parallel Aware": false,
                                "Async Capable": false,
                                "Join Type": "Inner",
                                "Startup Cost": 3122.35,
                                "Total Cost": 22715.69,
                                "Plan Rows": 1161,
                                "Plan Width": 83,
                                "Actual Startup Time": 47.826,
                                "Actual Total Time": 512.746,
                                "Actual Rows": 1161,
                                "Actual Loops": 1,
                                "Output": [
                                  "cc.movie_id",
                                  "cc.subject_id",
                                  "mi.info",
                                  "mi.movie_id",
                                  "mi.info_type_id",
                                  "mk.movie_id",
                                  "t.title",
                                  "t.id"
                                ],
                                "Inner Unique": false,
                                "Join Filter": "(mi.movie_id = t.id)",
                                "Rows Removed by Join Filter": 0,
                                "Plans": [
                                  {
                                    "Node Type": "Nested Loop",
                                    "Parent Relationship": "Outer",
                                    "Parallel Aware": false,
                                    "Async Capable": false,
                                    "Join Type": "Inner",
                                    "Startup Cost": 3121.92,
                                    "Total Cost": 19823.3,
                                    "Plan Rows": 2027,
                                    "Plan Width": 33,
                                    "Actual Startup Time": 42.653,
                                    "Actual Total Time": 260.835,
                                    "Actual Rows": 2027,
                                    "Actual Loops": 1,
                                    "Output": [
                                      "cc.movie_id",
                                      "cc.subject_id",
                                      "mk.movie_id",
                                      "t.title",
                                      "t.id"
                                    ],
                                    "Inner Unique": true,
                                    "Plans": [
                                      {
                                        "Node Type": "Hash Join",
                                        "Parent Relationship": "Outer",
                                        "Parallel Aware": false,
                                        "Async Capable": false,
                                        "Join Type": "Inner",
                                        "Startup Cost": 3121.49,
                                        "Total Cost": 11851.98,
                                        "Plan Rows": 16336,
                                        "Plan Width": 12,
                                        "Actual Startup Time": 42.585,
                                        "Actual Total Time": 170.587,
                                        "Actual Rows": 16336,
                                        "Actual Loops": 1,
                                        "Output": [
                                          "cc.movie_id",
                                          "cc.subject_id",
                                          "mk.movie_id"
                                        ],
                                        "Inner Unique": false,
                                        "Hash Cond": "(mk.movie_id = cc.movie_id)",
                                        "Plans": [
                                          {
                                            "Node Type": "Nested Loop",
                                            "Parent Relationship": "Outer",
                                            "Parallel Aware": false,
                                            "Async Capable": false,
                                            "Join Type": "Inner",
                                            "Startup Cost": 0.85,
                                            "Total Cost": 8253.84,
                                            "Plan Rows": 76714,
                                            "Plan Width": 4,
                                            "Actual Startup Time": 0.174,
                                            "Actual Total Time": 105.705,
                                            "Actual Rows": 76714,
                                            "Actual Loops": 1,
                                            "Output": [
                                              "mk.movie_id"
                                            ],
                                            "Inner Unique": false,
                                            "Plans": [
                                              {
                                                "Node Type": "Index Scan",
                                                "Parent Relationship": "Outer",
                                                "Parallel Aware": false,
                                                "Async Capable": false,
                                                "Scan Direction": "Forward",
                                                "Index Name": "idx_keyword_keyword",
                                                "Relation Name": "keyword",
                                                "Schema": "public",
                                                "Alias": "k",
                                                "Startup Cost": 0.42,
                                                "Total Cost": 59.05,
                                                "Plan Rows": 7,
                                                "Plan Width": 4,
                                                "Actual Startup Time": 0.12,
                                                "Actual Total Time": 0.242,
                                                "Actual Rows": 7,
                                                "Actual Loops": 1,
                                                "Output": [
                                                  "k.id",
                                                  "k.keyword",
                                                  "k.phonetic_code"
                                                ],
                                                "Index Cond": "((k.keyword)::text = ANY ('{murder,violence,blood,gore,death,female-nudity,hospital}'::text[]))",
                                                "Rows Removed by Index Recheck": 0
                                              },
                                              {
                                                "Node Type": "Index Scan",
                                                "Parent Relationship": "Inner",
                                                "Parallel Aware": false,
                                                "Async Capable": false,
                                                "Scan Direction": "Forward",
                                                "Index Name": "idx_movie_keyword_keyword_id",
                                                "Relation Name": "movie_keyword",
                                                "Schema": "public",
                                                "Alias": "mk",
                                                "Startup Cost": 0.43,
                                                "Total Cost": 1167.66,
                                                "Plan Rows": 302,
                                                "Plan Width": 8,
                                                "Actual Startup Time": 0.02,
                                                "Actual Total Time": 13.266,
                                                "Actual Rows": 10959,
                                                "Actual Loops": 7,
                                                "Output": [
                                                  "mk.id",
                                                  "mk.movie_id",
                                                  "mk.keyword_id"
                                                ],
                                                "Index Cond": "(mk.keyword_id = k.id)",
                                                "Rows Removed by Index Recheck": 0
                                              }
                                            ]
                                          },
                                          {
                                            "Node Type": "Hash",
                                            "Parent Relationship": "Inner",
                                            "Parallel Aware": false,
                                            "Async Capable": false,
                                            "Startup Cost": 2813.24,
                                            "Total Cost": 2813.24,
                                            "Plan Rows": 24592,
                                            "Plan Width": 8,
                                            "Actual Startup Time": 41.925,
                                            "Actual Total Time": 41.927,
                                            "Actual Rows": 24592,
                                            "Actual Loops": 1,
                                            "Output": [
                                              "cc.movie_id",
                                              "cc.subject_id"
                                            ],
                                            "Hash Buckets": 32768,
                                            "Original Hash Buckets": 32768,
                                            "Hash Batches": 1,
                                            "Original Hash Batches": 1,
                                            "Peak Memory Usage": 1217,
                                            "Plans": [
                                              {
                                                "Node Type": "Hash Join",
                                                "Parent Relationship": "Outer",
                                                "Parallel Aware": false,
                                                "Async Capable": false,
                                                "Join Type": "Inner",
                                                "Startup Cost": 1.06,
                                                "Total Cost": 2813.24,
                                                "Plan Rows": 24592,
                                                "Plan Width": 8,
                                                "Actual Startup Time": 0.054,
                                                "Actual Total Time": 36.323,
                                                "Actual Rows": 24592,
                                                "Actual Loops": 1,
                                                "Output": [
                                                  "cc.movie_id",
                                                  "cc.subject_id"
                                                ],
                                                "Inner Unique": true,
                                                "Hash Cond": "(cc.status_id = cct2.id)",
                                                "Plans": [
                                                  {
                                                    "Node Type": "Seq Scan",
                                                    "Parent Relationship": "Outer",
                                                    "Parallel Aware": false,
                                                    "Async Capable": false,
                                                    "Relation Name": "complete_cast",
                                                    "Schema": "public",
                                                    "Alias": "cc",
                                                    "Startup Cost": 0.0,
                                                    "Total Cost": 2081.86,
                                                    "Plan Rows": 135086,
                                                    "Plan Width": 12,
                                                    "Actual Startup Time": 0.015,
                                                    "Actual Total Time": 14.252,
                                                    "Actual Rows": 135086,
                                                    "Actual Loops": 1,
                                                    "Output": [
                                                      "cc.id",
                                                      "cc.movie_id",
                                                      "cc.subject_id",
                                                      "cc.status_id"
                                                    ]
                                                  },
                                                  {
                                                    "Node Type": "Hash",
                                                    "Parent Relationship": "Inner",
                                                    "Parallel Aware": false,
                                                    "Async Capable": false,
                                                    "Startup Cost": 1.05,
                                                    "Total Cost": 1.05,
                                                    "Plan Rows": 1,
                                                    "Plan Width": 4,
                                                    "Actual Startup Time": 0.008,
                                                    "Actual Total Time": 0.009,
                                                    "Actual Rows": 1,
                                                    "Actual Loops": 1,
                                                    "Output": [
                                                      "cct2.id"
                                                    ],
                                                    "Hash Buckets": 1024,
                                                    "Original Hash Buckets": 1024,
                                                    "Hash Batches": 1,
                                                    "Original Hash Batches": 1,
                                                    "Peak Memory Usage": 9,
                                                    "Plans": [
                                                      {
                                                        "Node Type": "Seq Scan",
                                                        "Parent Relationship": "Outer",
                                                        "Parallel Aware": false,
                                                        "Async Capable": false,
                                                        "Relation Name": "comp_cast_type",
                                                        "Schema": "public",
                                                        "Alias": "cct2",
                                                        "Startup Cost": 0.0,
                                                        "Total Cost": 1.05,
                                                        "Plan Rows": 1,
                                                        "Plan Width": 4,
                                                        "Actual Startup Time": 0.004,
                                                        "Actual Total Time": 0.004,
                                                        "Actual Rows": 1,
                                                        "Actual Loops": 1,
                                                        "Output": [
                                                          "cct2.id"
                                                        ],
                                                        "Filter": "((cct2.kind)::text = 'complete+verified'::text)",
                                                        "Rows Removed by Filter": 3
                                                      }
                                                    ]
                                                  }
                                                ]
                                              }
                                            ]
                                          }
                                        ]
                                      },
                                      {
                                        "Node Type": "Index Scan",
                                        "Parent Relationship": "Inner",
                                        "Parallel Aware": false,
                                        "Async Capable": false,
                                        "Scan Direction": "Forward",
                                        "Index Name": "idx_title_id",
                                        "Relation Name": "title",
                                        "Schema": "public",
                                        "Alias": "t",
                                        "Startup Cost": 0.43,
                                        "Total Cost": 0.49,
                                        "Plan Rows": 1,
                                        "Plan Width": 21,
                                        "Actual Startup Time": 0.005,
                                        "Actual Total Time": 0.005,
                                        "Actual Rows": 0,
                                        "Actual Loops": 16336,
                                        "Output": [
                                          "t.id",
                                          "t.title",
                                          "t.imdb_index",
                                          "t.kind_id",
                                          "t.production_year",
                                          "t.imdb_id",
                                          "t.phonetic_code",
                                          "t.episode_of_id",
                                          "t.season_nr",
                                          "t.episode_nr",
                                          "t.series_years",
                                          "t.md5sum"
                                        ],
                                        "Index Cond": "(t.id = mk.movie_id)",
                                        "Rows Removed by Index Recheck": 0,
                                        "Filter": "(t.production_year > 2000)",
                                        "Rows Removed by Filter": 1
                                      }
                                    ]
                                  },
                                  {
                                    "Node Type": "Index Scan",
                                    "Parent Relationship": "Inner",
                                    "Parallel Aware": false,
                                    "Async Capable": false,
                                    "Scan Direction": "Forward",
                                    "Index Name": "idx_movie_info_movie_id",
                                    "Relation Name": "movie_info",
                                    "Schema": "public",
                                    "Alias": "mi",
                                    "Startup Cost": 0.43,
                                    "Total Cost": 1.41,
                                    "Plan Rows": 1,
                                    "Plan Width": 50,
                                    "Actual Startup Time": 0.123,
                                    "Actual Total Time": 0.124,
                                    "Actual Rows": 1,
                                    "Actual Loops": 2027,
                                    "Output": [
                                      "mi.id",
                                      "mi.movie_id",
                                      "mi.info_type_id",
                                      "mi.info",
                                      "mi.note"
                                    ],
                                    "Index Cond": "(mi.movie_id = mk.movie_id)",
                                    "Rows Removed by Index Recheck": 0,
                                    "Filter": "((mi.info)::text = ANY ('{Horror,Thriller}'::text[]))",
                                    "Rows Removed by Filter": 224
                                  }
                                ]
                              },
                              {
                                "Node Type": "Index Scan",
                                "Parent Relationship": "Inner",
                                "Parallel Aware": false,
                                "Async Capable": false,
                                "Scan Direction": "Forward",
                                "Index Name": "idx_cast_info_movie_id",
                                "Relation Name": "cast_info",
                                "Schema": "public",
                                "Alias": "ci",
                                "Startup Cost": 0.44,
                                "Total Cost": 1.6,
                                "Plan Rows": 1,
                                "Plan Width": 8,
                                "Actual Startup Time": 0.156,
                                "Actual Total Time": 0.229,
                                "Actual Rows": 1,
                                "Actual Loops": 1161,
                                "Output": [
                                  "ci.id",
                                  "ci.person_id",
                                  "ci.movie_id",
                                  "ci.person_role_id",
                                  "ci.note",
                                  "ci.nr_order",
                                  "ci.role_id"
                                ],
                                "Index Cond": "(ci.movie_id = mk.movie_id)",
                                "Rows Removed by Index Recheck": 0,
                                "Filter": "((ci.note)::text = ANY ('{(writer),\"(head writer)\",\"(written by)\",(story),\"(story editor)\"}'::text[]))",
                                "Rows Removed by Filter": 126
                              }
                            ]
                          },
                          {
                            "Node Type": "Index Scan",
                            "Parent Relationship": "Inner",
                            "Parallel Aware": false,
                            "Async Capable": false,
                            "Scan Direction": "Forward",
                            "Index Name": "idx_name_id",
                            "Relation Name": "name",
                            "Schema": "public",
                            "Alias": "n",
                            "Startup Cost": 0.43,
                            "Total Cost": 0.67,
                            "Plan Rows": 1,
                            "Plan Width": 19,
                            "Actual Startup Time": 0.009,
                            "Actual Total Time": 0.009,
                            "Actual Rows": 1,
                            "Actual Loops": 1021,
                            "Output": [
                              "n.id",
                              "n.name",
                              "n.imdb_index",
                              "n.imdb_id",
                              "n.gender",
                              "n.name_pcode_cf",
                              "n.name_pcode_nf",
                              "n.surname_pcode",
                              "n.md5sum"
                            ],
                            "Index Cond": "(n.id = ci.person_id)",
                            "Rows Removed by Index Recheck": 0,
                            "Filter": "((n.gender)::text = 'm'::text)",
                            "Rows Removed by Filter": 0
                          }
                        ]
                      },
                      {
                        "Node Type": "Hash",
                        "Parent Relationship": "Inner",
                        "Parallel Aware": false,
                        "Async Capable": false,
                        "Startup Cost": 1.05,
                        "Total Cost": 1.05,
                        "Plan Rows": 2,
                        "Plan Width": 4,
                        "Actual Startup Time": 0.02,
                        "Actual Total Time": 0.02,
                        "Actual Rows": 2,
                        "Actual Loops": 1,
                        "Output": [
                          "cct1.id"
                        ],
                        "Hash Buckets": 1024,
                        "Original Hash Buckets": 1024,
                        "Hash Batches": 1,
                        "Original Hash Batches": 1,
                        "Peak Memory Usage": 9,
                        "Plans": [
                          {
                            "Node Type": "Seq Scan",
                            "Parent Relationship": "Outer",
                            "Parallel Aware": false,
                            "Async Capable": false,
                            "Relation Name": "comp_cast_type",
                            "Schema": "public",
                            "Alias": "cct1",
                            "Startup Cost": 0.0,
                            "Total Cost": 1.05,
                            "Plan Rows": 2,
                            "Plan Width": 4,
                            "Actual Startup Time": 0.014,
                            "Actual Total Time": 0.016,
                            "Actual Rows": 2,
                            "Actual Loops": 1,
                            "Output": [
                              "cct1.id"
                            ],
                            "Filter": "((cct1.kind)::text = ANY ('{cast,crew}'::text[]))",
                            "Rows Removed by Filter": 2
                          }
                        ]
                      }
                    ]
                  },
                  {
                    "Node Type": "Hash",
                    "Parent Relationship": "Inner",
                    "Parallel Aware": false,
                    "Async Capable": false,
                    "Startup Cost": 2.41,
                    "Total Cost": 2.41,
                    "Plan Rows": 1,
                    "Plan Width": 4,
                    "Actual Startup Time": 0.022,
                    "Actual Total Time": 0.023,
                    "Actual Rows": 1,
                    "Actual Loops": 1,
                    "Output": [
                      "it1.id"
                    ],
                    "Hash Buckets": 1024,
                    "Original Hash Buckets": 1024,
                    "Hash Batches": 1,
                    "Original Hash Batches": 1,
                    "Peak Memory Usage": 9,
                    "Plans": [
                      {
                        "Node Type": "Seq Scan",
                        "Parent Relationship": "Outer",
                        "Parallel Aware": false,
                        "Async Capable": false,
                        "Relation Name": "info_type",
                        "Schema": "public",
                        "Alias": "it1",
                        "Startup Cost": 0.0,
                        "Total Cost": 2.41,
                        "Plan Rows": 1,
                        "Plan Width": 4,
                        "Actual Startup Time": 0.004,
                        "Actual Total Time": 0.016,
                        "Actual Rows": 1,
                        "Actual Loops": 1,
                        "Output": [
                          "it1.id"
                        ],
                        "Filter": "((it1.info)::text = 'genres'::text)",
                        "Rows Removed by Filter": 112
                      }
                    ]
                  }
                ]
              },
              {
                "Node Type": "Index Scan",
                "Parent Relationship": "Inner",
                "Parallel Aware": false,
                "Async Capable": false,
                "Scan Direction": "Forward",
                "Index Name": "idx_movie_info_idx_movie_id",
                "Relation Name": "movie_info_idx",
                "Schema": "public",
                "Alias": "mi_idx",
                "Startup Cost": 0.43,
                "Total Cost": 0.49,
                "Plan Rows": 3,
                "Plan Width": 13,
                "Actual Startup Time": 0.006,
                "Actual Total Time": 0.007,
                "Actual Rows": 3,
                "Actual Loops": 757,
                "Output": [
                  "mi_idx.id",
                  "mi_idx.movie_id",
                  "mi_idx.info_type_id",
                  "mi_idx.info",
                  "mi_idx.note"
                ],
                "Index Cond": "(mi_idx.movie_id = mk.movie_id)",
                "Rows Removed by Index Recheck": 0
              }
            ]
          },
          {
            "Node Type": "Hash",
            "Parent Relationship": "Inner",
            "Parallel Aware": false,
            "Async Capable": false,
            "Startup Cost": 2.41,
            "Total Cost": 2.41,
            "Plan Rows": 1,
            "Plan Width": 4,
            "Actual Startup Time": 0.044,
            "Actual Total Time": 0.045,
            "Actual Rows": 1,
            "Actual Loops": 1,
            "Output": [
              "it2.id"
            ],
            "Hash Buckets": 1024,
            "Original Hash Buckets": 1024,
            "Hash Batches": 1,
            "Original Hash Batches": 1,
            "Peak Memory Usage": 9,
            "Plans": [
              {
                "Node Type": "Seq Scan",
                "Parent Relationship": "Outer",
                "Parallel Aware": false,
                "Async Capable": false,
                "Relation Name": "info_type",
                "Schema": "public",
                "Alias": "it2",
                "Startup Cost": 0.0,
                "Total Cost": 2.41,
                "Plan Rows": 1,
                "Plan Width": 4,
                "Actual Startup Time": 0.033,
                "Actual Total Time": 0.036,
                "Actual Rows": 1,
                "Actual Loops": 1,
                "Output": [
                  "it2.id"
                ],
                "Filter": "((it2.info)::text = 'votes'::text)",
                "Rows Removed by Filter": 112
              }
            ]
          }
        ]
      }
    ]
  },
  "Planning Time": 378.927,
  "Triggers": [],
  "Execution Time": 800.169
}