{
  "Plan": {
    "Node Type": "Aggregate",
    "Strategy": "Plain",
    "Partial Mode": "Simple",
    "Parallel Aware": false,
    "Async Capable": false,
    "Startup Cost": 287188.67,
    "Total Cost": 287188.68,
    "Plan Rows": 1,
    "Plan Width": 96,
    "Actual Startup Time": 1205.335,
    "Actual Total Time": 1205.34,
    "Actual Rows": 1,
    "Actual Loops": 1,
    "Output": [
      "min((mi.info)::text)",
      "min((mi_idx.info)::text)",
      "min((t.title)::text)"
    ],
    "Plans": [
      {
        "Node Type": "Nested Loop",
        "Parent Relationship": "Outer",
        "Parallel Aware": false,
        "Async Capable": false,
        "Join Type": "Inner",
        "Startup Cost": 1.73,
        "Total Cost": 287185.6,
        "Plan Rows": 410,
        "Plan Width": 64,
        "Actual Startup Time": 34.637,
        "Actual Total Time": 1204.657,
        "Actual Rows": 410,
        "Actual Loops": 1,
        "Output": [
          "mi.info",
          "mi_idx.info",
          "t.title"
        ],
        "Inner Unique": true,
        "Plans": [
          {
            "Node Type": "Nested Loop",
            "Parent Relationship": "Outer",
            "Parallel Aware": false,
            "Async Capable": false,
            "Join Type": "Inner",
            "Startup Cost": 1.3,
            "Total Cost": 286997.38,
            "Plan Rows": 410,
            "Plan Width": 59,
            "Actual Startup Time": 34.572,
            "Actual Total Time": 1199.459,
            "Actual Rows": 410,
            "Actual Loops": 1,
            "Output": [
              "ci.movie_id",
              "mi.info",
              "mi.movie_id",
              "mi_idx.info",
              "mi_idx.movie_id"
            ],
            "Inner Unique": false,
            "Join Filter": "(it1.id = mi.info_type_id)",
            "Rows Removed by Join Filter": 81998,
            "Plans": [
              {
                "Node Type": "Seq Scan",
                "Parent Relationship": "Outer",
                "Parallel Aware": false,
                "Async Capable": false,
                "Relation Name": "info_type",
                "Schema": "public",
                "Alias": "it1",
                "Startup Cost": 0.0,
                "Total Cost": 2.41,
                "Plan Rows": 1,
                "Plan Width": 4,
                "Actual Startup Time": 33.434,
                "Actual Total Time": 33.436,
                "Actual Rows": 1,
                "Actual Loops": 1,
                "Output": [
                  "it1.id",
                  "it1.info"
                ],
                "Filter": "((it1.info)::text = 'budget'::text)",
                "Rows Removed by Filter": 112
              },
              {
                "Node Type": "Nested Loop",
                "Parent Relationship": "Inner",
                "Parallel Aware": false,
                "Async Capable": false,
                "Join Type": "Inner",
                "Startup Cost": 1.3,
                "Total Cost": 285964.86,
                "Plan Rows": 82408,
                "Plan Width": 63,
                "Actual Startup Time": 0.962,
                "Actual Total Time": 1159.178,
                "Actual Rows": 82408,
                "Actual Loops": 1,
                "Output": [
                  "ci.movie_id",
                  "mi.info",
                  "mi.movie_id",
                  "mi.info_type_id",
                  "mi_idx.info",
                  "mi_idx.movie_id"
                ],
                "Inner Unique": false,
                "Join Filter": "(mi.movie_id = mi_idx.movie_id)",
                "Rows Removed by Join Filter": 0,
                "Plans": [
                  {
                    "Node Type": "Nested Loop",
                    "Parent Relationship": "Outer",
                    "Parallel Aware": false,
                    "Async Capable": false,
                    "Join Type": "Inner",
                    "Startup Cost": 0.87,
                    "Total Cost": 279217.7,
                    "Plan Rows": 3435,
                    "Plan Width": 13,
                    "Actual Startup Time": 0.882,
                    "Actual Total Time": 1038.331,
                    "Actual Rows": 3435,
                    "Actual Loops": 1,
                    "Output": [
                      "ci.movie_id",
                      "mi_idx.info",
                      "mi_idx.movie_id"
                    ],
                    "Inner Unique": false,
                    "Join Filter": "(it2.id = mi_idx.info_type_id)",
                    "Rows Removed by Join Filter": 6875,
                    "Plans": [
                      {
                        "Node Type": "Seq Scan",
                        "Parent Relationship": "Outer",
                        "Parallel Aware": false,
                        "Async Capable": false,
                        "Relation Name": "info_type",
                        "Schema": "public",
                        "Alias": "it2",
                        "Startup Cost": 0.0,
                        "Total Cost": 2.41,
                        "Plan Rows": 1,
                        "Plan Width": 4,
                        "Actual Startup Time": 0.033,
                        "Actual Total Time": 0.038,
                        "Actual Rows": 1,
                        "Actual Loops": 1,
                        "Output": [
                          "it2.id",
                          "it2.info"
                        ],
                        "Filter": "((it2.info)::text = 'votes'::text)",
                        "Rows Removed by Filter": 112
                      },
                      {
                        "Node Type": "Nested Loop",
                        "Parent Relationship": "Inner",
                        "Parallel Aware": false,
                        "Async Capable": false,
                        "Join Type": "Inner",
                        "Startup Cost": 0.87,
                        "Total Cost": 279086.41,
                        "Plan Rows": 10310,
                        "Plan Width": 17,
                        "Actual Startup Time": 0.839,
                        "Actual Total Time": 1036.912,
                        "Actual Rows": 10310,
                        "Actual Loops": 1,
                        "Output": [
                          "ci.movie_id",
                          "mi_idx.info",
                          "mi_idx.movie_id",
                          "mi_idx.info_type_id"
                        ],
                        "Inner Unique": false,
                        "Plans": [
                          {
                            "Node Type": "Nested Loop",
                            "Parent Relationship": "Outer",
                            "Parallel Aware": false,
                            "Async Capable": false,
                            "Join Type": "Inner",
                            "Startup Cost": 0.44,
                            "Total Cost": 275540.39,
                            "Plan Rows": 6719,
                            "Plan Width": 4,
                            "Actual Startup Time": 0.769,
                            "Actual Total Time": 1000.676,
                            "Actual Rows": 6719,
                            "Actual Loops": 1,
                            "Output": [
                              "ci.movie_id"
                            ],
                            "Inner Unique": false,
                            "Plans": [
                              {
                                "Node Type": "Seq Scan",
                                "Parent Relationship": "Outer",
                                "Parallel Aware": false,
                                "Async Capable": false,
                                "Relation Name": "name",
                                "Schema": "public",
                                "Alias": "n",
                                "Startup Cost": 0.0,
                                "Total Cost": 118126.36,
                                "Plan Rows": 173,
                                "Plan Width": 4,
                                "Actual Startup Time": 0.197,
                                "Actual Total Time": 881.03,
                                "Actual Rows": 9062,
                                "Actual Loops": 1,
                                "Output": [
                                  "n.id",
                                  "n.name",
                                  "n.imdb_index",
                                  "n.imdb_id",
                                  "n.gender",
                                  "n.name_pcode_cf",
                                  "n.name_pcode_nf",
                                  "n.surname_pcode",
                                  "n.md5sum"
                                ],
                                "Filter": "(((n.name)::text ~~ '%Tim%'::text) AND ((n.gender)::text = 'm'::text))",
                                "Rows Removed by Filter": 4158429
                              },
                              {
                                "Node Type": "Index Scan",
                                "Parent Relationship": "Inner",
                                "Parallel Aware": false,
                                "Async Capable": false,
                                "Scan Direction": "Forward",
                                "Index Name": "idx_cast_info_person_id",
                                "Relation Name": "cast_info",
                                "Schema": "public",
                                "Alias": "ci",
                                "Startup Cost": 0.44,
                                "Total Cost": 909.57,
                                "Plan Rows": 34,
                                "Plan Width": 8,
                                "Actual Startup Time": 0.011,
                                "Actual Total Time": 0.013,
                                "Actual Rows": 1,
                                "Actual Loops": 9062,
                                "Output": [
                                  "ci.id",
                                  "ci.person_id",
                                  "ci.movie_id",
                                  "ci.person_role_id",
                                  "ci.note",
                                  "ci.nr_order",
                                  "ci.role_id"
                                ],
                                "Index Cond": "(ci.person_id = n.id)",
                                "Rows Removed by Index Recheck": 0,
                                "Filter": "((ci.note)::text = ANY ('{(producer),\"(executive producer)\"}'::text[]))",
                                "Rows Removed by Filter": 10
                              }
                            ]
                          },
                          {
                            "Node Type": "Index Scan",
                            "Parent Relationship": "Inner",
                            "Parallel Aware": false,
                            "Async Capable": false,
                            "Scan Direction": "Forward",
                            "Index Name": "idx_movie_info_idx_movie_id",
                            "Relation Name": "movie_info_idx",
                            "Schema": "public",
                            "Alias": "mi_idx",
                            "Startup Cost": 0.43,
                            "Total Cost": 0.5,
                            "Plan Rows": 3,
                            "Plan Width": 13,
                            "Actual Startup Time": 0.004,
                            "Actual Total Time": 0.005,
                            "Actual Rows": 2,
                            "Actual Loops": 6719,
                            "Output": [
                              "mi_idx.id",
                              "mi_idx.movie_id",
                              "mi_idx.info_type_id",
                              "mi_idx.info",
                              "mi_idx.note"
                            ],
                            "Index Cond": "(mi_idx.movie_id = ci.movie_id)",
                            "Rows Removed by Index Recheck": 0
                          }
                        ]
                      }
                    ]
                  },
                  {
                    "Node Type": "Index Scan",
                    "Parent Relationship": "Inner",
                    "Parallel Aware": false,
                    "Async Capable": false,
                    "Scan Direction": "Forward",
                    "Index Name": "idx_movie_info_movie_id",
                    "Relation Name": "movie_info",
                    "Schema": "public",
                    "Alias": "mi",
                    "Startup Cost": 0.43,
                    "Total Cost": 1.45,
                    "Plan Rows": 41,
                    "Plan Width": 50,
                    "Actual Startup Time": 0.006,
                    "Actual Total Time": 0.029,
                    "Actual Rows": 24,
                    "Actual Loops": 3435,
                    "Output": [
                      "mi.id",
                      "mi.movie_id",
                      "mi.info_type_id",
                      "mi.info",
                      "mi.note"
                    ],
                    "Index Cond": "(mi.movie_id = ci.movie_id)",
                    "Rows Removed by Index Recheck": 0
                  }
                ]
              }
            ]
          },
          {
            "Node Type": "Index Scan",
            "Parent Relationship": "Inner",
            "Parallel Aware": false,
            "Async Capable": false,
            "Scan Direction": "Forward",
            "Index Name": "idx_title_id",
            "Relation Name": "title",
            "Schema": "public",
            "Alias": "t",
            "Startup Cost": 0.43,
            "Total Cost": 0.46,
            "Plan Rows": 1,
            "Plan Width": 21,
            "Actual Startup Time": 0.012,
            "Actual Total Time": 0.012,
            "Actual Rows": 1,
            "Actual Loops": 410,
            "Output": [
              "t.id",
              "t.title",
              "t.imdb_index",
              "t.kind_id",
              "t.production_year",
              "t.imdb_id",
              "t.phonetic_code",
              "t.episode_of_id",
              "t.season_nr",
              "t.episode_nr",
              "t.series_years",
              "t.md5sum"
            ],
            "Index Cond": "(t.id = mi.movie_id)",
            "Rows Removed by Index Recheck": 0
          }
        ]
      }
    ]
  },
  "Planning Time": 9.861,
  "Triggers": [],
  "JIT": {
    "Functions": 38,
    "Options": {
      "Inlining": false,
      "Optimization": false,
      "Expressions": true,
      "Deforming": true
    },
    "Timing": {
      "Generation": 2.868,
      "Inlining": 0.0,
      "Optimization": 0.987,
      "Emission": 32.532,
      "Total": 36.387
    }
  },
  "Execution Time": 1235.912
}