{
  "Plan": {
    "Node Type": "Aggregate",
    "Strategy": "Plain",
    "Partial Mode": "Simple",
    "Parallel Aware": false,
    "Async Capable": false,
    "Startup Cost": 299754.65,
    "Total Cost": 299754.66,
    "Plan Rows": 1,
    "Plan Width": 96,
    "Actual Startup Time": 6301.34,
    "Actual Total Time": 6301.36,
    "Actual Rows": 1,
    "Actual Loops": 1,
    "Output": [
      "min((cn.name)::text)",
      "min((mi_idx.info)::text)",
      "min((t.title)::text)"
    ],
    "Plans": [
      {
        "Node Type": "Hash Join",
        "Parent Relationship": "Outer",
        "Parallel Aware": false,
        "Async Capable": false,
        "Join Type": "Inner",
        "Startup Cost": 197185.21,
        "Total Cost": 299367.93,
        "Plan Rows": 51562,
        "Plan Width": 41,
        "Actual Startup Time": 4303.42,
        "Actual Total Time": 6274.038,
        "Actual Rows": 51562,
        "Actual Loops": 1,
        "Output": [
          "cn.name",
          "mi_idx.info",
          "t.title"
        ],
        "Inner Unique": false,
        "Hash Cond": "((ch.name)::text = (n.name)::text)",
        "Plans": [
          {
            "Node Type": "Seq Scan",
            "Parent Relationship": "Outer",
            "Parallel Aware": false,
            "Async Capable": false,
            "Relation Name": "char_name",
            "Schema": "public",
            "Alias": "ch",
            "Startup Cost": 0.0,
            "Total Cost": 67850.39,
            "Plan Rows": 3140339,
            "Plan Width": 16,
            "Actual Startup Time": 0.056,
            "Actual Total Time": 522.777,
            "Actual Rows": 3140339,
            "Actual Loops": 1,
            "Output": [
              "ch.id",
              "ch.name",
              "ch.imdb_index",
              "ch.imdb_id",
              "ch.name_pcode_nf",
              "ch.surname_pcode",
              "ch.md5sum"
            ]
          },
          {
            "Node Type": "Hash",
            "Parent Relationship": "Inner",
            "Parallel Aware": false,
            "Async Capable": false,
            "Startup Cost": 173896.91,
            "Total Cost": 173896.91,
            "Plan Rows": 1863064,
            "Plan Width": 56,
            "Actual Startup Time": 4288.08,
            "Actual Total Time": 4288.097,
            "Actual Rows": 1863064,
            "Actual Loops": 1,
            "Output": [
              "cn.name",
              "mi_idx.info",
              "t.title",
              "n.name"
            ],
            "Hash Buckets": 2097152,
            "Original Hash Buckets": 2097152,
            "Hash Batches": 1,
            "Original Hash Batches": 1,
            "Peak Memory Usage": 177419,
            "Plans": [
              {
                "Node Type": "Hash Join",
                "Parent Relationship": "Outer",
                "Parallel Aware": false,
                "Async Capable": false,
                "Join Type": "Inner",
                "Startup Cost": 60979.88,
                "Total Cost": 173896.91,
                "Plan Rows": 1863064,
                "Plan Width": 56,
                "Actual Startup Time": 971.678,
                "Actual Total Time": 3218.9,
                "Actual Rows": 1863064,
                "Actual Loops": 1,
                "Output": [
                  "cn.name",
                  "mi_idx.info",
                  "t.title",
                  "n.name"
                ],
                "Inner Unique": false,
                "Hash Cond": "((n.imdb_index)::text = (ak.imdb_index)::text)",
                "Plans": [
                  {
                    "Node Type": "Seq Scan",
                    "Parent Relationship": "Outer",
                    "Parallel Aware": false,
                    "Async Capable": false,
                    "Relation Name": "name",
                    "Schema": "public",
                    "Alias": "n",
                    "Startup Cost": 0.0,
                    "Total Cost": 97288.91,
                    "Plan Rows": 4167491,
                    "Plan Width": 17,
                    "Actual Startup Time": 0.044,
                    "Actual Total Time": 723.808,
                    "Actual Rows": 4167491,
                    "Actual Loops": 1,
                    "Output": [
                      "n.id",
                      "n.name",
                      "n.imdb_index",
                      "n.imdb_id",
                      "n.gender",
                      "n.name_pcode_cf",
                      "n.name_pcode_nf",
                      "n.surname_pcode",
                      "n.md5sum"
                    ]
                  },
                  {
                    "Node Type": "Hash",
                    "Parent Relationship": "Inner",
                    "Parallel Aware": false,
                    "Async Capable": false,
                    "Startup Cost": 60979.79,
                    "Total Cost": 60979.79,
                    "Plan Rows": 7,
                    "Plan Width": 45,
                    "Actual Startup Time": 971.514,
                    "Actual Total Time": 971.53,
                    "Actual Rows": 7,
                    "Actual Loops": 1,
                    "Output": [
                      "cn.name",
                      "mi_idx.info",
                      "t.title",
                      "t.imdb_index",
                      "ak.imdb_index"
                    ],
                    "Hash Buckets": 1024,
                    "Original Hash Buckets": 1024,
                    "Hash Batches": 1,
                    "Original Hash Batches": 1,
                    "Peak Memory Usage": 9,
                    "Plans": [
                      {
                        "Node Type": "Nested Loop",
                        "Parent Relationship": "Outer",
                        "Parallel Aware": false,
                        "Async Capable": false,
                        "Join Type": "Inner",
                        "Startup Cost": 31678.92,
                        "Total Cost": 60979.79,
                        "Plan Rows": 7,
                        "Plan Width": 45,
                        "Actual Startup Time": 516.605,
                        "Actual Total Time": 971.512,
                        "Actual Rows": 7,
                        "Actual Loops": 1,
                        "Output": [
                          "cn.name",
                          "mi_idx.info",
                          "t.title",
                          "t.imdb_index",
                          "ak.imdb_index"
                        ],
                        "Inner Unique": true,
                        "Plans": [
                          {
                            "Node Type": "Hash Join",
                            "Parent Relationship": "Outer",
                            "Parallel Aware": false,
                            "Async Capable": false,
                            "Join Type": "Inner",
                            "Startup Cost": 31678.79,
                            "Total Cost": 60978.77,
                            "Plan Rows": 7,
                            "Plan Width": 49,
                            "Actual Startup Time": 516.558,
                            "Actual Total Time": 971.442,
                            "Actual Rows": 7,
                            "Actual Loops": 1,
                            "Output": [
                              "cn.name",
                              "mc.company_type_id",
                              "mi_idx.info",
                              "t.title",
                              "t.imdb_index",
                              "ak.imdb_index"
                            ],
                            "Inner Unique": false,
                            "Hash Cond": "((t.imdb_index)::text = (ak.imdb_index)::text)",
                            "Plans": [
                              {
                                "Node Type": "Nested Loop",
                                "Parent Relationship": "Outer",
                                "Parallel Aware": false,
                                "Async Capable": false,
                                "Join Type": "Inner",
                                "Startup Cost": 2.57,
                                "Total Cost": 28138.22,
                                "Plan Rows": 31,
                                "Plan Width": 47,
                                "Actual Startup Time": 139.084,
                                "Actual Total Time": 627.142,
                                "Actual Rows": 31,
                                "Actual Loops": 1,
                                "Output": [
                                  "cn.name",
                                  "mc.company_type_id",
                                  "mi_idx.info",
                                  "t.title",
                                  "t.imdb_index"
                                ],
                                "Inner Unique": false,
                                "Join Filter": "(it1.id = mi.info_type_id)",
                                "Rows Removed by Join Filter": 3,
                                "Plans": [
                                  {
                                    "Node Type": "Seq Scan",
                                    "Parent Relationship": "Outer",
                                    "Parallel Aware": false,
                                    "Async Capable": false,
                                    "Relation Name": "info_type",
                                    "Schema": "public",
                                    "Alias": "it1",
                                    "Startup Cost": 0.0,
                                    "Total Cost": 2.41,
                                    "Plan Rows": 1,
                                    "Plan Width": 4,
                                    "Actual Startup Time": 112.926,
                                    "Actual Total Time": 112.944,
                                    "Actual Rows": 1,
                                    "Actual Loops": 1,
                                    "Output": [
                                      "it1.id",
                                      "it1.info"
                                    ],
                                    "Filter": "((it1.info)::text = 'countries'::text)",
                                    "Rows Removed by Filter": 112
                                  },
                                  {
                                    "Node Type": "Nested Loop",
                                    "Parent Relationship": "Inner",
                                    "Parallel Aware": false,
                                    "Async Capable": false,
                                    "Join Type": "Inner",
                                    "Startup Cost": 2.57,
                                    "Total Cost": 28135.38,
                                    "Plan Rows": 34,
                                    "Plan Width": 51,
                                    "Actual Startup Time": 26.141,
                                    "Actual Total Time": 514.161,
                                    "Actual Rows": 34,
                                    "Actual Loops": 1,
                                    "Output": [
                                      "cn.name",
                                      "mc.company_type_id",
                                      "mi.info_type_id",
                                      "mi_idx.info",
                                      "t.title",
                                      "t.imdb_index"
                                    ],
                                    "Inner Unique": false,
                                    "Join Filter": "(mi.movie_id = t.id)",
                                    "Rows Removed by Join Filter": 0,
                                    "Plans": [
                                      {
                                        "Node Type": "Nested Loop",
                                        "Parent Relationship": "Outer",
                                        "Parallel Aware": false,
                                        "Async Capable": false,
                                        "Join Type": "Inner",
                                        "Startup Cost": 2.14,
                                        "Total Cost": 28058.29,
                                        "Plan Rows": 50,
                                        "Plan Width": 63,
                                        "Actual Startup Time": 25.861,
                                        "Actual Total Time": 506.878,
                                        "Actual Rows": 50,
                                        "Actual Loops": 1,
                                        "Output": [
                                          "cn.name",
                                          "mc.movie_id",
                                          "mc.company_type_id",
                                          "mi_idx.info",
                                          "mi_idx.movie_id",
                                          "mk.movie_id",
                                          "t.title",
                                          "t.id",
                                          "t.imdb_index"
                                        ],
                                        "Inner Unique": false,
                                        "Join Filter": "(it2.id = mi_idx.info_type_id)",
                                        "Rows Removed by Join Filter": 103,
                                        "Plans": [
                                          {
                                            "Node Type": "Seq Scan",
                                            "Parent Relationship": "Outer",
                                            "Parallel Aware": false,
                                            "Async Capable": false,
                                            "Relation Name": "info_type",
                                            "Schema": "public",
                                            "Alias": "it2",
                                            "Startup Cost": 0.0,
                                            "Total Cost": 2.41,
                                            "Plan Rows": 1,
                                            "Plan Width": 4,
                                            "Actual Startup Time": 0.076,
                                            "Actual Total Time": 0.081,
                                            "Actual Rows": 1,
                                            "Actual Loops": 1,
                                            "Output": [
                                              "it2.id",
                                              "it2.info"
                                            ],
                                            "Filter": "((it2.info)::text = 'rating'::text)",
                                            "Rows Removed by Filter": 112
                                          },
                                          {
                                            "Node Type": "Nested Loop",
                                            "Parent Relationship": "Inner",
                                            "Parallel Aware": false,
                                            "Async Capable": false,
                                            "Join Type": "Inner",
                                            "Startup Cost": 2.14,
                                            "Total Cost": 28053.96,
                                            "Plan Rows": 153,
                                            "Plan Width": 67,
                                            "Actual Startup Time": 25.765,
                                            "Actual Total Time": 506.734,
                                            "Actual Rows": 153,
                                            "Actual Loops": 1,
                                            "Output": [
                                              "cn.name",
                                              "mc.movie_id",
                                              "mc.company_type_id",
                                              "mi_idx.info",
                                              "mi_idx.movie_id",
                                              "mi_idx.info_type_id",
                                              "mk.movie_id",
                                              "t.title",
                                              "t.id",
                                              "t.imdb_index"
                                            ],
                                            "Inner Unique": false,
                                            "Join Filter": "(mi_idx.movie_id = t.id)",
                                            "Rows Removed by Join Filter": 0,
                                            "Plans": [
                                              {
                                                "Node Type": "Nested Loop",
                                                "Parent Relationship": "Outer",
                                                "Parallel Aware": false,
                                                "Async Capable": false,
                                                "Join Type": "Inner",
                                                "Startup Cost": 1.71,
                                                "Total Cost": 28020.83,
                                                "Plan Rows": 62,
                                                "Plan Width": 54,
                                                "Actual Startup Time": 25.666,
                                                "Actual Total Time": 505.035,
                                                "Actual Rows": 62,
                                                "Actual Loops": 1,
                                                "Output": [
                                                  "cn.name",
                                                  "mc.movie_id",
                                                  "mc.company_type_id",
                                                  "mk.movie_id",
                                                  "t.title",
                                                  "t.id",
                                                  "t.imdb_index"
                                                ],
                                                "Inner Unique": true,
                                                "Plans": [
                                                  {
                                                    "Node Type": "Nested Loop",
                                                    "Parent Relationship": "Outer",
                                                    "Parallel Aware": false,
                                                    "Async Capable": false,
                                                    "Join Type": "Inner",
                                                    "Startup Cost": 1.29,
                                                    "Total Cost": 27969.38,
                                                    "Plan Rows": 95,
                                                    "Plan Width": 39,
                                                    "Actual Startup Time": 25.607,
                                                    "Actual Total Time": 503.56,
                                                    "Actual Rows": 95,
                                                    "Actual Loops": 1,
                                                    "Output": [
                                                      "mk.movie_id",
                                                      "mc.movie_id",
                                                      "mc.company_type_id",
                                                      "mc.company_id",
                                                      "t.title",
                                                      "t.id",
                                                      "t.imdb_index"
                                                    ],
                                                    "Inner Unique": false,
                                                    "Join Filter": "(mc.movie_id = t.id)",
                                                    "Rows Removed by Join Filter": 0,
                                                    "Plans": [
                                                      {
                                                        "Node Type": "Nested Loop",
                                                        "Parent Relationship": "Outer",
                                                        "Parallel Aware": false,
                                                        "Async Capable": false,
                                                        "Join Type": "Inner",
                                                        "Startup Cost": 0.86,
                                                        "Total Cost": 25943.03,
                                                        "Plan Rows": 3517,
                                                        "Plan Width": 27,
                                                        "Actual Startup Time": 2.707,
                                                        "Actual Total Time": 436.852,
                                                        "Actual Rows": 3517,
                                                        "Actual Loops": 1,
                                                        "Output": [
                                                          "mk.movie_id",
                                                          "t.title",
                                                          "t.id",
                                                          "t.imdb_index"
                                                        ],
                                                        "Inner Unique": true,
                                                        "Join Filter": "(kt.id = t.kind_id)",
                                                        "Rows Removed by Join Filter": 1618,
                                                        "Plans": [
                                                          {
                                                            "Node Type": "Nested Loop",
                                                            "Parent Relationship": "Outer",
                                                            "Parallel Aware": false,
                                                            "Async Capable": false,
                                                            "Join Type": "Inner",
                                                            "Startup Cost": 0.86,
                                                            "Total Cost": 25826.51,
                                                            "Plan Rows": 4040,
                                                            "Plan Width": 31,
                                                            "Actual Startup Time": 2.643,
                                                            "Actual Total Time": 431.858,
                                                            "Actual Rows": 4040,
                                                            "Actual Loops": 1,
                                                            "Output": [
                                                              "mk.movie_id",
                                                              "t.title",
                                                              "t.kind_id",
                                                              "t.id",
                                                              "t.imdb_index"
                                                            ],
                                                            "Inner Unique": true,
                                                            "Plans": [
                                                              {
                                                                "Node Type": "Nested Loop",
                                                                "Parent Relationship": "Outer",
                                                                "Parallel Aware": false,
                                                                "Async Capable": false,
                                                                "Join Type": "Inner",
                                                                "Startup Cost": 0.43,
                                                                "Total Cost": 7727.56,
                                                                "Plan Rows": 37091,
                                                                "Plan Width": 4,
                                                                "Actual Startup Time": 2.421,
                                                                "Actual Total Time": 132.362,
                                                                "Actual Rows": 37091,
                                                                "Actual Loops": 1,
                                                                "Output": [
                                                                  "mk.movie_id"
                                                                ],
                                                                "Inner Unique": false,
                                                                "Plans": [
                                                                  {
                                                                    "Node Type": "Seq Scan",
                                                                    "Parent Relationship": "Outer",
                                                                    "Parallel Aware": false,
                                                                    "Async Capable": false,
                                                                    "Relation Name": "keyword",
                                                                    "Schema": "public",
                                                                    "Alias": "k",
                                                                    "Startup Cost": 0.0,
                                                                    "Total Cost": 2961.55,
                                                                    "Plan Rows": 4,
                                                                    "Plan Width": 4,
                                                                    "Actual Startup Time": 2.278,
                                                                    "Actual Total Time": 44.756,
                                                                    "Actual Rows": 3,
                                                                    "Actual Loops": 1,
                                                                    "Output": [
                                                                      "k.id",
                                                                      "k.keyword",
                                                                      "k.phonetic_code"
                                                                    ],
                                                                    "Filter": "((k.keyword)::text = ANY ('{murder,murder-in-title,blood,violence}'::text[]))",
                                                                    "Rows Removed by Filter": 134167
                                                                  },
                                                                  {
                                                                    "Node Type": "Index Scan",
                                                                    "Parent Relationship": "Inner",
                                                                    "Parallel Aware": false,
                                                                    "Async Capable": false,
                                                                    "Scan Direction": "Forward",
                                                                    "Index Name": "idx_movie_keyword_keyword_id",
                                                                    "Relation Name": "movie_keyword",
                                                                    "Schema": "public",
                                                                    "Alias": "mk",
                                                                    "Startup Cost": 0.43,
                                                                    "Total Cost": 1188.48,
                                                                    "Plan Rows": 302,
                                                                    "Plan Width": 8,
                                                                    "Actual Startup Time": 0.058,
                                                                    "Actual Total Time": 25.102,
                                                                    "Actual Rows": 12364,
                                                                    "Actual Loops": 3,
                                                                    "Output": [
                                                                      "mk.id",
                                                                      "mk.movie_id",
                                                                      "mk.keyword_id"
                                                                    ],
                                                                    "Index Cond": "(mk.keyword_id = k.id)",
                                                                    "Rows Removed by Index Recheck": 0
                                                                  }
                                                                ]
                                                              },
                                                              {
                                                                "Node Type": "Index Scan",
                                                                "Parent Relationship": "Inner",
                                                                "Parallel Aware": false,
                                                                "Async Capable": false,
                                                                "Scan Direction": "Forward",
                                                                "Index Name": "idx_title_id",
                                                                "Relation Name": "title",
                                                                "Schema": "public",
                                                                "Alias": "t",
                                                                "Startup Cost": 0.43,
                                                                "Total Cost": 0.49,
                                                                "Plan Rows": 1,
                                                                "Plan Width": 27,
                                                                "Actual Startup Time": 0.007,
                                                                "Actual Total Time": 0.007,
                                                                "Actual Rows": 0,
                                                                "Actual Loops": 37091,
                                                                "Output": [
                                                                  "t.id",
                                                                  "t.title",
                                                                  "t.imdb_index",
                                                                  "t.kind_id",
                                                                  "t.production_year",
                                                                  "t.imdb_id",
                                                                  "t.phonetic_code",
                                                                  "t.episode_of_id",
                                                                  "t.season_nr",
                                                                  "t.episode_nr",
                                                                  "t.series_years",
                                                                  "t.md5sum"
                                                                ],
                                                                "Index Cond": "(t.id = mk.movie_id)",
                                                                "Rows Removed by Index Recheck": 0,
                                                                "Filter": "(t.production_year > 2009)",
                                                                "Rows Removed by Filter": 1
                                                              }
                                                            ]
                                                          },
                                                          {
                                                            "Node Type": "Materialize",
                                                            "Parent Relationship": "Inner",
                                                            "Parallel Aware": false,
                                                            "Async Capable": false,
                                                            "Startup Cost": 0.0,
                                                            "Total Cost": 1.1,
                                                            "Plan Rows": 2,
                                                            "Plan Width": 4,
                                                            "Actual Startup Time": 0.0,
                                                            "Actual Total Time": 0.0,
                                                            "Actual Rows": 1,
                                                            "Actual Loops": 4040,
                                                            "Output": [
                                                              "kt.id"
                                                            ],
                                                            "Plans": [
                                                              {
                                                                "Node Type": "Seq Scan",
                                                                "Parent Relationship": "Outer",
                                                                "Parallel Aware": false,
                                                                "Async Capable": false,
                                                                "Relation Name": "kind_type",
                                                                "Schema": "public",
                                                                "Alias": "kt",
                                                                "Startup Cost": 0.0,
                                                                "Total Cost": 1.09,
                                                                "Plan Rows": 2,
                                                                "Plan Width": 4,
                                                                "Actual Startup Time": 0.031,
                                                                "Actual Total Time": 0.036,
                                                                "Actual Rows": 2,
                                                                "Actual Loops": 1,
                                                                "Output": [
                                                                  "kt.id"
                                                                ],
                                                                "Filter": "((kt.kind)::text = ANY ('{movie,episode}'::text[]))",
                                                                "Rows Removed by Filter": 5
                                                              }
                                                            ]
                                                          }
                                                        ]
                                                      },
                                                      {
                                                        "Node Type": "Index Scan",
                                                        "Parent Relationship": "Inner",
                                                        "Parallel Aware": false,
                                                        "Async Capable": false,
                                                        "Scan Direction": "Forward",
                                                        "Index Name": "idx_movie_companies_movie_id",
                                                        "Relation Name": "movie_companies",
                                                        "Schema": "public",
                                                        "Alias": "mc",
                                                        "Startup Cost": 0.43,
                                                        "Total Cost": 0.56,
                                                        "Plan Rows": 1,
                                                        "Plan Width": 12,
                                                        "Actual Startup Time": 0.018,
                                                        "Actual Total Time": 0.018,
                                                        "Actual Rows": 0,
                                                        "Actual Loops": 3517,
                                                        "Output": [
                                                          "mc.id",
                                                          "mc.movie_id",
                                                          "mc.company_id",
                                                          "mc.company_type_id",
                                                          "mc.note"
                                                        ],
                                                        "Index Cond": "(mc.movie_id = mk.movie_id)",
                                                        "Rows Removed by Index Recheck": 0,
                                                        "Filter": "(((mc.note)::text !~~ '%(USA)%'::text) AND ((mc.note)::text ~~ '%(200%)%'::text))",
                                                        "Rows Removed by Filter": 8
                                                      }
                                                    ]
                                                  },
                                                  {
                                                    "Node Type": "Index Scan",
                                                    "Parent Relationship": "Inner",
                                                    "Parallel Aware": false,
                                                    "Async Capable": false,
                                                    "Scan Direction": "Forward",
                                                    "Index Name": "company_name_pkey",
                                                    "Relation Name": "company_name",
                                                    "Schema": "public",
                                                    "Alias": "cn",
                                                    "Startup Cost": 0.42,
                                                    "Total Cost": 0.54,
                                                    "Plan Rows": 1,
                                                    "Plan Width": 23,
                                                    "Actual Startup Time": 0.013,
                                                    "Actual Total Time": 0.013,
                                                    "Actual Rows": 1,
                                                    "Actual Loops": 95,
                                                    "Output": [
                                                      "cn.id",
                                                      "cn.name",
                                                      "cn.country_code",
                                                      "cn.imdb_id",
                                                      "cn.name_pcode_nf",
                                                      "cn.name_pcode_sf",
                                                      "cn.md5sum"
                                                    ],
                                                    "Index Cond": "(cn.id = mc.company_id)",
                                                    "Rows Removed by Index Recheck": 0,
                                                    "Filter": "((cn.country_code)::text <> '[us]'::text)",
                                                    "Rows Removed by Filter": 0
                                                  }
                                                ]
                                              },
                                              {
                                                "Node Type": "Index Scan",
                                                "Parent Relationship": "Inner",
                                                "Parallel Aware": false,
                                                "Async Capable": false,
                                                "Scan Direction": "Forward",
                                                "Index Name": "idx_movie_info_idx_movie_id",
                                                "Relation Name": "movie_info_idx",
                                                "Schema": "public",
                                                "Alias": "mi_idx",
                                                "Startup Cost": 0.43,
                                                "Total Cost": 0.5,
                                                "Plan Rows": 3,
                                                "Plan Width": 13,
                                                "Actual Startup Time": 0.022,
                                                "Actual Total Time": 0.024,
                                                "Actual Rows": 2,
                                                "Actual Loops": 62,
                                                "Output": [
                                                  "mi_idx.id",
                                                  "mi_idx.movie_id",
                                                  "mi_idx.info_type_id",
                                                  "mi_idx.info",
                                                  "mi_idx.note"
                                                ],
                                                "Index Cond": "(mi_idx.movie_id = mk.movie_id)",
                                                "Rows Removed by Index Recheck": 0,
                                                "Filter": "((mi_idx.info)::text < '7.0'::text)",
                                                "Rows Removed by Filter": 0
                                              }
                                            ]
                                          }
                                        ]
                                      },
                                      {
                                        "Node Type": "Index Scan",
                                        "Parent Relationship": "Inner",
                                        "Parallel Aware": false,
                                        "Async Capable": false,
                                        "Scan Direction": "Forward",
                                        "Index Name": "idx_movie_info_movie_id",
                                        "Relation Name": "movie_info",
                                        "Schema": "public",
                                        "Alias": "mi",
                                        "Startup Cost": 0.43,
                                        "Total Cost": 1.52,
                                        "Plan Rows": 2,
                                        "Plan Width": 8,
                                        "Actual Startup Time": 0.131,
                                        "Actual Total Time": 0.143,
                                        "Actual Rows": 1,
                                        "Actual Loops": 50,
                                        "Output": [
                                          "mi.id",
                                          "mi.movie_id",
                                          "mi.info_type_id",
                                          "mi.info",
                                          "mi.note"
                                        ],
                                        "Index Cond": "(mi.movie_id = mk.movie_id)",
                                        "Rows Removed by Index Recheck": 0,
                                        "Filter": "((mi.info)::text = ANY ('{Germany,German,USA,American}'::text[]))",
                                        "Rows Removed by Filter": 53
                                      }
                                    ]
                                  }
                                ]
                              },
                              {
                                "Node Type": "Hash",
                                "Parent Relationship": "Inner",
                                "Parallel Aware": false,
                                "Async Capable": false,
                                "Startup Cost": 20409.43,
                                "Total Cost": 20409.43,
                                "Plan Rows": 901343,
                                "Plan Width": 2,
                                "Actual Startup Time": 336.446,
                                "Actual Total Time": 336.448,
                                "Actual Rows": 17,
                                "Actual Loops": 1,
                                "Output": [
                                  "ak.imdb_index"
                                ],
                                "Hash Buckets": 1048576,
                                "Original Hash Buckets": 1048576,
                                "Hash Batches": 1,
                                "Original Hash Batches": 1,
                                "Peak Memory Usage": 8193,
                                "Plans": [
                                  {
                                    "Node Type": "Seq Scan",
                                    "Parent Relationship": "Outer",
                                    "Parallel Aware": false,
                                    "Async Capable": false,
                                    "Relation Name": "aka_name",
                                    "Schema": "public",
                                    "Alias": "ak",
                                    "Startup Cost": 0.0,
                                    "Total Cost": 20409.43,
                                    "Plan Rows": 901343,
                                    "Plan Width": 2,
                                    "Actual Startup Time": 0.046,
                                    "Actual Total Time": 246.741,
                                    "Actual Rows": 901343,
                                    "Actual Loops": 1,
                                    "Output": [
                                      "ak.imdb_index"
                                    ]
                                  }
                                ]
                              }
                            ]
                          },
                          {
                            "Node Type": "Index Only Scan",
                            "Parent Relationship": "Inner",
                            "Parallel Aware": false,
                            "Async Capable": false,
                            "Scan Direction": "Forward",
                            "Index Name": "company_type_pkey",
                            "Relation Name": "company_type",
                            "Schema": "public",
                            "Alias": "ct",
                            "Startup Cost": 0.13,
                            "Total Cost": 0.15,
                            "Plan Rows": 1,
                            "Plan Width": 4,
                            "Actual Startup Time": 0.006,
                            "Actual Total Time": 0.006,
                            "Actual Rows": 1,
                            "Actual Loops": 7,
                            "Output": [
                              "ct.id"
                            ],
                            "Index Cond": "(ct.id = mc.company_type_id)",
                            "Rows Removed by Index Recheck": 0,
                            "Heap Fetches": 0
                          }
                        ]
                      }
                    ]
                  }
                ]
              }
            ]
          }
        ]
      }
    ]
  },
  "Planning Time": 2674.78,
  "Triggers": [],
  "JIT": {
    "Functions": 95,
    "Options": {
      "Inlining": false,
      "Optimization": false,
      "Expressions": true,
      "Deforming": true
    },
    "Timing": {
      "Generation": 11.219,
      "Inlining": 0.0,
      "Optimization": 3.703,
      "Emission": 109.666,
      "Total": 124.588
    }
  },
  "Execution Time": 6358.794
}