{
  "Plan": {
    "Node Type": "Aggregate",
    "Strategy": "Plain",
    "Partial Mode": "Simple",
    "Parallel Aware": false,
    "Async Capable": false,
    "Startup Cost": 7391.75,
    "Total Cost": 7391.76,
    "Plan Rows": 1,
    "Plan Width": 32,
    "Actual Startup Time": 0.339,
    "Actual Total Time": 0.341,
    "Actual Rows": 1,
    "Actual Loops": 1,
    "Output": [
      "min((t.title)::text)"
    ],
    "Plans": [
      {
        "Node Type": "Nested Loop",
        "Parent Relationship": "Outer",
        "Parallel Aware": false,
        "Async Capable": false,
        "Join Type": "Inner",
        "Startup Cost": 2.01,
        "Total Cost": 7391.75,
        "Plan Rows": 1,
        "Plan Width": 17,
        "Actual Startup Time": 0.336,
        "Actual Total Time": 0.337,
        "Actual Rows": 0,
        "Actual Loops": 1,
        "Output": [
          "t.title"
        ],
        "Inner Unique": true,
        "Join Filter": "(mc.movie_id = t.id)",
        "Rows Removed by Join Filter": 0,
        "Plans": [
          {
            "Node Type": "Nested Loop",
            "Parent Relationship": "Outer",
            "Parallel Aware": false,
            "Async Capable": false,
            "Join Type": "Inner",
            "Startup Cost": 1.58,
            "Total Cost": 7391.25,
            "Plan Rows": 1,
            "Plan Width": 8,
            "Actual Startup Time": 0.335,
            "Actual Total Time": 0.336,
            "Actual Rows": 0,
            "Actual Loops": 1,
            "Output": [
              "mc.movie_id",
              "mk.movie_id"
            ],
            "Inner Unique": true,
            "Plans": [
              {
                "Node Type": "Nested Loop",
                "Parent Relationship": "Outer",
                "Parallel Aware": false,
                "Async Capable": false,
                "Join Type": "Inner",
                "Startup Cost": 1.16,
                "Total Cost": 7390.35,
                "Plan Rows": 2,
                "Plan Width": 12,
                "Actual Startup Time": 0.267,
                "Actual Total Time": 0.271,
                "Actual Rows": 2,
                "Actual Loops": 1,
                "Output": [
                  "mc.movie_id",
                  "mk.movie_id",
                  "mk.keyword_id"
                ],
                "Inner Unique": false,
                "Plans": [
                  {
                    "Node Type": "Nested Loop",
                    "Parent Relationship": "Outer",
                    "Parallel Aware": false,
                    "Async Capable": false,
                    "Join Type": "Inner",
                    "Startup Cost": 0.72,
                    "Total Cost": 7386.86,
                    "Plan Rows": 2,
                    "Plan Width": 4,
                    "Actual Startup Time": 0.155,
                    "Actual Total Time": 0.176,
                    "Actual Rows": 2,
                    "Actual Loops": 1,
                    "Output": [
                      "mc.movie_id"
                    ],
                    "Inner Unique": false,
                    "Plans": [
                      {
                        "Node Type": "Index Scan",
                        "Parent Relationship": "Outer",
                        "Parallel Aware": false,
                        "Async Capable": false,
                        "Scan Direction": "Forward",
                        "Index Name": "idx_company_name_country_code",
                        "Relation Name": "company_name",
                        "Schema": "public",
                        "Alias": "cn",
                        "Startup Cost": 0.29,
                        "Total Cost": 89.32,
                        "Plan Rows": 22,
                        "Plan Width": 4,
                        "Actual Startup Time": 0.09,
                        "Actual Total Time": 0.09,
                        "Actual Rows": 1,
                        "Actual Loops": 1,
                        "Output": [
                          "cn.id",
                          "cn.name",
                          "cn.country_code",
                          "cn.imdb_id",
                          "cn.name_pcode_nf",
                          "cn.name_pcode_sf",
                          "cn.md5sum"
                        ],
                        "Index Cond": "((cn.country_code)::text = '[sm]'::text)",
                        "Rows Removed by Index Recheck": 0
                      },
                      {
                        "Node Type": "Index Scan",
                        "Parent Relationship": "Inner",
                        "Parallel Aware": false,
                        "Async Capable": false,
                        "Scan Direction": "Forward",
                        "Index Name": "idx_movie_companies_company_id",
                        "Relation Name": "movie_companies",
                        "Schema": "public",
                        "Alias": "mc",
                        "Startup Cost": 0.43,
                        "Total Cost": 330.38,
                        "Plan Rows": 133,
                        "Plan Width": 8,
                        "Actual Startup Time": 0.061,
                        "Actual Total Time": 0.08,
                        "Actual Rows": 2,
                        "Actual Loops": 1,
                        "Output": [
                          "mc.id",
                          "mc.movie_id",
                          "mc.company_id",
                          "mc.company_type_id",
                          "mc.note"
                        ],
                        "Index Cond": "(mc.company_id = cn.id)",
                        "Rows Removed by Index Recheck": 0
                      }
                    ]
                  },
                  {
                    "Node Type": "Index Scan",
                    "Parent Relationship": "Inner",
                    "Parallel Aware": false,
                    "Async Capable": false,
                    "Scan Direction": "Forward",
                    "Index Name": "idx_movie_keyword_movie_id",
                    "Relation Name": "movie_keyword",
                    "Schema": "public",
                    "Alias": "mk",
                    "Startup Cost": 0.43,
                    "Total Cost": 1.28,
                    "Plan Rows": 46,
                    "Plan Width": 8,
                    "Actual Startup Time": 0.045,
                    "Actual Total Time": 0.046,
                    "Actual Rows": 1,
                    "Actual Loops": 2,
                    "Output": [
                      "mk.id",
                      "mk.movie_id",
                      "mk.keyword_id"
                    ],
                    "Index Cond": "(mk.movie_id = mc.movie_id)",
                    "Rows Removed by Index Recheck": 0
                  }
                ]
              },
              {
                "Node Type": "Index Scan",
                "Parent Relationship": "Inner",
                "Parallel Aware": false,
                "Async Capable": false,
                "Scan Direction": "Forward",
                "Index Name": "idx_keyword_id",
                "Relation Name": "keyword",
                "Schema": "public",
                "Alias": "k",
                "Startup Cost": 0.42,
                "Total Cost": 0.44,
                "Plan Rows": 1,
                "Plan Width": 4,
                "Actual Startup Time": 0.032,
                "Actual Total Time": 0.032,
                "Actual Rows": 0,
                "Actual Loops": 2,
                "Output": [
                  "k.id",
                  "k.keyword",
                  "k.phonetic_code"
                ],
                "Index Cond": "(k.id = mk.keyword_id)",
                "Rows Removed by Index Recheck": 0,
                "Filter": "((k.keyword)::text = 'character-name-in-title'::text)",
                "Rows Removed by Filter": 1
              }
            ]
          },
          {
            "Node Type": "Index Scan",
            "Parent Relationship": "Inner",
            "Parallel Aware": false,
            "Async Capable": false,
            "Scan Direction": "Forward",
            "Index Name": "idx_title_id",
            "Relation Name": "title",
            "Schema": "public",
            "Alias": "t",
            "Startup Cost": 0.43,
            "Total Cost": 0.49,
            "Plan Rows": 1,
            "Plan Width": 21,
            "Actual Startup Time": 0.0,
            "Actual Total Time": 0.0,
            "Actual Rows": 0,
            "Actual Loops": 0,
            "Output": [
              "t.id",
              "t.title",
              "t.imdb_index",
              "t.kind_id",
              "t.production_year",
              "t.imdb_id",
              "t.phonetic_code",
              "t.episode_of_id",
              "t.season_nr",
              "t.episode_nr",
              "t.series_years",
              "t.md5sum"
            ],
            "Index Cond": "(t.id = mk.movie_id)",
            "Rows Removed by Index Recheck": 0
          }
        ]
      }
    ]
  },
  "Planning Time": 5.359,
  "Triggers": [],
  "Execution Time": 0.505
}