{
  "Plan": {
    "Node Type": "Aggregate",
    "Strategy": "Plain",
    "Partial Mode": "Simple",
    "Parallel Aware": false,
    "Async Capable": false,
    "Startup Cost": 112352.8,
    "Total Cost": 112352.81,
    "Plan Rows": 1,
    "Plan Width": 32,
    "Actual Startup Time": 1832.935,
    "Actual Total Time": 1832.944,
    "Actual Rows": 1,
    "Actual Loops": 1,
    "Output": [
      "min((t.title)::text)"
    ],
    "Plans": [
      {
        "Node Type": "Hash Join",
        "Parent Relationship": "Outer",
        "Parallel Aware": false,
        "Async Capable": false,
        "Join Type": "Inner",
        "Startup Cost": 94949.14,
        "Total Cost": 112352.76,
        "Plan Rows": 17,
        "Plan Width": 17,
        "Actual Startup Time": 1292.142,
        "Actual Total Time": 1832.856,
        "Actual Rows": 17,
        "Actual Loops": 1,
        "Output": [
          "t.title"
        ],
        "Inner Unique": true,
        "Hash Cond": "(cc.status_id = cct2.id)",
        "Plans": [
          {
            "Node Type": "Nested Loop",
            "Parent Relationship": "Outer",
            "Parallel Aware": false,
            "Async Capable": false,
            "Join Type": "Inner",
            "Startup Cost": 94948.07,
            "Total Cost": 112351.61,
            "Plan Rows": 17,
            "Plan Width": 21,
            "Actual Startup Time": 1245.521,
            "Actual Total Time": 1786.218,
            "Actual Rows": 17,
            "Actual Loops": 1,
            "Output": [
              "cc.status_id",
              "t.title"
            ],
            "Inner Unique": true,
            "Plans": [
              {
                "Node Type": "Hash Join",
                "Parent Relationship": "Outer",
                "Parallel Aware": false,
                "Async Capable": false,
                "Join Type": "Inner",
                "Startup Cost": 94947.65,
                "Total Cost": 112336.51,
                "Plan Rows": 33,
                "Plan Width": 25,
                "Actual Startup Time": 1245.438,
                "Actual Total Time": 1785.788,
                "Actual Rows": 33,
                "Actual Loops": 1,
                "Output": [
                  "cc.status_id",
                  "ci.person_id",
                  "t.title"
                ],
                "Inner Unique": true,
                "Hash Cond": "(ci.person_role_id = chn.id)",
                "Plans": [
                  {
                    "Node Type": "Nested Loop",
                    "Parent Relationship": "Outer",
                    "Parallel Aware": false,
                    "Async Capable": false,
                    "Join Type": "Inner",
                    "Startup Cost": 3536.86,
                    "Total Cost": 20341.62,
                    "Plan Rows": 222518,
                    "Plan Width": 29,
                    "Actual Startup Time": 58.075,
                    "Actual Total Time": 608.849,
                    "Actual Rows": 222518,
                    "Actual Loops": 1,
                    "Output": [
                      "cc.status_id",
                      "ci.person_role_id",
                      "ci.person_id",
                      "t.title"
                    ],
                    "Inner Unique": false,
                    "Join Filter": "(ci.movie_id = t.id)",
                    "Rows Removed by Join Filter": 0,
                    "Plans": [
                      {
                        "Node Type": "Hash Join",
                        "Parent Relationship": "Outer",
                        "Parallel Aware": false,
                        "Async Capable": false,
                        "Join Type": "Inner",
                        "Startup Cost": 3536.42,
                        "Total Cost": 17639.39,
                        "Plan Rows": 1472,
                        "Plan Width": 33,
                        "Actual Startup Time": 58.001,
                        "Actual Total Time": 189.029,
                        "Actual Rows": 1472,
                        "Actual Loops": 1,
                        "Output": [
                          "cc.movie_id",
                          "cc.status_id",
                          "mk.movie_id",
                          "t.title",
                          "t.id"
                        ],
                        "Inner Unique": true,
                        "Hash Cond": "(t.kind_id = kt.id)",
                        "Plans": [
                          {
                            "Node Type": "Nested Loop",
                            "Parent Relationship": "Outer",
                            "Parallel Aware": false,
                            "Async Capable": false,
                            "Join Type": "Inner",
                            "Startup Cost": 3535.32,
                            "Total Cost": 17630.4,
                            "Plan Rows": 1872,
                            "Plan Width": 37,
                            "Actual Startup Time": 56.384,
                            "Actual Total Time": 187.877,
                            "Actual Rows": 1872,
                            "Actual Loops": 1,
                            "Output": [
                              "cc.movie_id",
                              "cc.status_id",
                              "mk.movie_id",
                              "t.title",
                              "t.kind_id",
                              "t.id"
                            ],
                            "Inner Unique": true,
                            "Plans": [
                              {
                                "Node Type": "Hash Join",
                                "Parent Relationship": "Outer",
                                "Parallel Aware": false,
                                "Async Capable": false,
                                "Join Type": "Inner",
                                "Startup Cost": 3534.89,
                                "Total Cost": 13353.43,
                                "Plan Rows": 8765,
                                "Plan Width": 12,
                                "Actual Startup Time": 54.796,
                                "Actual Total Time": 125.255,
                                "Actual Rows": 8765,
                                "Actual Loops": 1,
                                "Output": [
                                  "cc.movie_id",
                                  "cc.status_id",
                                  "mk.movie_id"
                                ],
                                "Inner Unique": false,
                                "Hash Cond": "(mk.movie_id = cc.movie_id)",
                                "Plans": [
                                  {
                                    "Node Type": "Nested Loop",
                                    "Parent Relationship": "Outer",
                                    "Parallel Aware": false,
                                    "Async Capable": false,
                                    "Join Type": "Inner",
                                    "Startup Cost": 0.85,
                                    "Total Cost": 9378.69,
                                    "Plan Rows": 35548,
                                    "Plan Width": 4,
                                    "Actual Startup Time": 0.207,
                                    "Actual Total Time": 57.694,
                                    "Actual Rows": 35548,
                                    "Actual Loops": 1,
                                    "Output": [
                                      "mk.movie_id"
                                    ],
                                    "Inner Unique": false,
                                    "Plans": [
                                      {
                                        "Node Type": "Index Scan",
                                        "Parent Relationship": "Outer",
                                        "Parallel Aware": false,
                                        "Async Capable": false,
                                        "Scan Direction": "Forward",
                                        "Index Name": "idx_keyword_keyword",
                                        "Relation Name": "keyword",
                                        "Schema": "public",
                                        "Alias": "k",
                                        "Startup Cost": 0.42,
                                        "Total Cost": 67.49,
                                        "Plan Rows": 8,
                                        "Plan Width": 4,
                                        "Actual Startup Time": 0.12,
                                        "Actual Total Time": 0.301,
                                        "Actual Rows": 8,
                                        "Actual Loops": 1,
                                        "Output": [
                                          "k.id",
                                          "k.keyword",
                                          "k.phonetic_code"
                                        ],
                                        "Index Cond": "((k.keyword)::text = ANY ('{superhero,sequel,second-part,marvel-comics,based-on-comic,tv-special,fight,violence}'::text[]))",
                                        "Rows Removed by Index Recheck": 0
                                      },
                                      {
                                        "Node Type": "Index Scan",
                                        "Parent Relationship": "Inner",
                                        "Parallel Aware": false,
                                        "Async Capable": false,
                                        "Scan Direction": "Forward",
                                        "Index Name": "idx_movie_keyword_keyword_id",
                                        "Relation Name": "movie_keyword",
                                        "Schema": "public",
                                        "Alias": "mk",
                                        "Startup Cost": 0.43,
                                        "Total Cost": 1160.88,
                                        "Plan Rows": 302,
                                        "Plan Width": 8,
                                        "Actual Startup Time": 0.021,
                                        "Actual Total Time": 6.344,
                                        "Actual Rows": 4444,
                                        "Actual Loops": 8,
                                        "Output": [
                                          "mk.id",
                                          "mk.movie_id",
                                          "mk.keyword_id"
                                        ],
                                        "Index Cond": "(mk.keyword_id = k.id)",
                                        "Rows Removed by Index Recheck": 0
                                      }
                                    ]
                                  },
                                  {
                                    "Node Type": "Hash",
                                    "Parent Relationship": "Inner",
                                    "Parallel Aware": false,
                                    "Async Capable": false,
                                    "Startup Cost": 2459.78,
                                    "Total Cost": 2459.78,
                                    "Plan Rows": 85941,
                                    "Plan Width": 8,
                                    "Actual Startup Time": 53.591,
                                    "Actual Total Time": 53.594,
                                    "Actual Rows": 85941,
                                    "Actual Loops": 1,
                                    "Output": [
                                      "cc.movie_id",
                                      "cc.status_id"
                                    ],
                                    "Hash Buckets": 131072,
                                    "Original Hash Buckets": 131072,
                                    "Hash Batches": 1,
                                    "Original Hash Batches": 1,
                                    "Peak Memory Usage": 4382,
                                    "Plans": [
                                      {
                                        "Node Type": "Nested Loop",
                                        "Parent Relationship": "Outer",
                                        "Parallel Aware": false,
                                        "Async Capable": false,
                                        "Join Type": "Inner",
                                        "Startup Cost": 0.29,
                                        "Total Cost": 2459.78,
                                        "Plan Rows": 85941,
                                        "Plan Width": 8,
                                        "Actual Startup Time": 0.089,
                                        "Actual Total Time": 35.186,
                                        "Actual Rows": 85941,
                                        "Actual Loops": 1,
                                        "Output": [
                                          "cc.movie_id",
                                          "cc.status_id"
                                        ],
                                        "Inner Unique": false,
                                        "Plans": [
                                          {
                                            "Node Type": "Seq Scan",
                                            "Parent Relationship": "Outer",
                                            "Parallel Aware": false,
                                            "Async Capable": false,
                                            "Relation Name": "comp_cast_type",
                                            "Schema": "public",
                                            "Alias": "cct1",
                                            "Startup Cost": 0.0,
                                            "Total Cost": 1.05,
                                            "Plan Rows": 1,
                                            "Plan Width": 4,
                                            "Actual Startup Time": 0.013,
                                            "Actual Total Time": 0.015,
                                            "Actual Rows": 1,
                                            "Actual Loops": 1,
                                            "Output": [
                                              "cct1.id",
                                              "cct1.kind"
                                            ],
                                            "Filter": "((cct1.kind)::text = 'cast'::text)",
                                            "Rows Removed by Filter": 3
                                          },
                                          {
                                            "Node Type": "Index Scan",
                                            "Parent Relationship": "Inner",
                                            "Parallel Aware": false,
                                            "Async Capable": false,
                                            "Scan Direction": "Forward",
                                            "Index Name": "idx_complete_cast_subject_id",
                                            "Relation Name": "complete_cast",
                                            "Schema": "public",
                                            "Alias": "cc",
                                            "Startup Cost": 0.29,
                                            "Total Cost": 1783.3,
                                            "Plan Rows": 67543,
                                            "Plan Width": 12,
                                            "Actual Startup Time": 0.065,
                                            "Actual Total Time": 20.809,
                                            "Actual Rows": 85941,
                                            "Actual Loops": 1,
                                            "Output": [
                                              "cc.id",
                                              "cc.movie_id",
                                              "cc.subject_id",
                                              "cc.status_id"
                                            ],
                                            "Index Cond": "(cc.subject_id = cct1.id)",
                                            "Rows Removed by Index Recheck": 0
                                          }
                                        ]
                                      }
                                    ]
                                  }
                                ]
                              },
                              {
                                "Node Type": "Index Scan",
                                "Parent Relationship": "Inner",
                                "Parallel Aware": false,
                                "Async Capable": false,
                                "Scan Direction": "Forward",
                                "Index Name": "idx_title_id",
                                "Relation Name": "title",
                                "Schema": "public",
                                "Alias": "t",
                                "Startup Cost": 0.43,
                                "Total Cost": 0.49,
                                "Plan Rows": 1,
                                "Plan Width": 25,
                                "Actual Startup Time": 0.007,
                                "Actual Total Time": 0.007,
                                "Actual Rows": 0,
                                "Actual Loops": 8765,
                                "Output": [
                                  "t.id",
                                  "t.title",
                                  "t.imdb_index",
                                  "t.kind_id",
                                  "t.production_year",
                                  "t.imdb_id",
                                  "t.phonetic_code",
                                  "t.episode_of_id",
                                  "t.season_nr",
                                  "t.episode_nr",
                                  "t.series_years",
                                  "t.md5sum"
                                ],
                                "Index Cond": "(t.id = mk.movie_id)",
                                "Rows Removed by Index Recheck": 0,
                                "Filter": "(t.production_year > 2000)",
                                "Rows Removed by Filter": 1
                              }
                            ]
                          },
                          {
                            "Node Type": "Hash",
                            "Parent Relationship": "Inner",
                            "Parallel Aware": false,
                            "Async Capable": false,
                            "Startup Cost": 1.09,
                            "Total Cost": 1.09,
                            "Plan Rows": 1,
                            "Plan Width": 4,
                            "Actual Startup Time": 0.033,
                            "Actual Total Time": 0.033,
                            "Actual Rows": 1,
                            "Actual Loops": 1,
                            "Output": [
                              "kt.id"
                            ],
                            "Hash Buckets": 1024,
                            "Original Hash Buckets": 1024,
                            "Hash Batches": 1,
                            "Original Hash Batches": 1,
                            "Peak Memory Usage": 9,
                            "Plans": [
                              {
                                "Node Type": "Seq Scan",
                                "Parent Relationship": "Outer",
                                "Parallel Aware": false,
                                "Async Capable": false,
                                "Relation Name": "kind_type",
                                "Schema": "public",
                                "Alias": "kt",
                                "Startup Cost": 0.0,
                                "Total Cost": 1.09,
                                "Plan Rows": 1,
                                "Plan Width": 4,
                                "Actual Startup Time": 0.026,
                                "Actual Total Time": 0.028,
                                "Actual Rows": 1,
                                "Actual Loops": 1,
                                "Output": [
                                  "kt.id"
                                ],
                                "Filter": "((kt.kind)::text = 'movie'::text)",
                                "Rows Removed by Filter": 6
                              }
                            ]
                          }
                        ]
                      },
                      {
                        "Node Type": "Index Scan",
                        "Parent Relationship": "Inner",
                        "Parallel Aware": false,
                        "Async Capable": false,
                        "Scan Direction": "Forward",
                        "Index Name": "idx_cast_info_movie_id",
                        "Relation Name": "cast_info",
                        "Schema": "public",
                        "Alias": "ci",
                        "Startup Cost": 0.44,
                        "Total Cost": 1.36,
                        "Plan Rows": 38,
                        "Plan Width": 12,
                        "Actual Startup Time": 0.01,
                        "Actual Total Time": 0.252,
                        "Actual Rows": 151,
                        "Actual Loops": 1472,
                        "Output": [
                          "ci.id",
                          "ci.person_id",
                          "ci.movie_id",
                          "ci.person_role_id",
                          "ci.note",
                          "ci.nr_order",
                          "ci.role_id"
                        ],
                        "Index Cond": "(ci.movie_id = mk.movie_id)",
                        "Rows Removed by Index Recheck": 0
                      }
                    ]
                  },
                  {
                    "Node Type": "Hash",
                    "Parent Relationship": "Inner",
                    "Parallel Aware": false,
                    "Async Capable": false,
                    "Startup Cost": 91402.93,
                    "Total Cost": 91402.93,
                    "Plan Rows": 628,
                    "Plan Width": 4,
                    "Actual Startup Time": 1158.242,
                    "Actual Total Time": 1158.242,
                    "Actual Rows": 30,
                    "Actual Loops": 1,
                    "Output": [
                      "chn.id"
                    ],
                    "Hash Buckets": 1024,
                    "Original Hash Buckets": 1024,
                    "Hash Batches": 1,
                    "Original Hash Batches": 1,
                    "Peak Memory Usage": 10,
                    "Plans": [
                      {
                        "Node Type": "Seq Scan",
                        "Parent Relationship": "Outer",
                        "Parallel Aware": false,
                        "Async Capable": false,
                        "Relation Name": "char_name",
                        "Schema": "public",
                        "Alias": "chn",
                        "Startup Cost": 0.0,
                        "Total Cost": 91402.93,
                        "Plan Rows": 628,
                        "Plan Width": 4,
                        "Actual Startup Time": 32.982,
                        "Actual Total Time": 1158.19,
                        "Actual Rows": 30,
                        "Actual Loops": 1,
                        "Output": [
                          "chn.id"
                        ],
                        "Filter": "(((chn.name)::text !~~ '%Sherlock%'::text) AND (((chn.name)::text ~~ '%Tony%Stark%'::text) OR ((chn.name)::text ~~ '%Iron%Man%'::text)))",
                        "Rows Removed by Filter": 3140309
                      }
                    ]
                  }
                ]
              },
              {
                "Node Type": "Index Scan",
                "Parent Relationship": "Inner",
                "Parallel Aware": false,
                "Async Capable": false,
                "Scan Direction": "Forward",
                "Index Name": "idx_name_id",
                "Relation Name": "name",
                "Schema": "public",
                "Alias": "n",
                "Startup Cost": 0.43,
                "Total Cost": 0.46,
                "Plan Rows": 1,
                "Plan Width": 4,
                "Actual Startup Time": 0.012,
                "Actual Total Time": 0.012,
                "Actual Rows": 1,
                "Actual Loops": 33,
                "Output": [
                  "n.id",
                  "n.name",
                  "n.imdb_index",
                  "n.imdb_id",
                  "n.gender",
                  "n.name_pcode_cf",
                  "n.name_pcode_nf",
                  "n.surname_pcode",
                  "n.md5sum"
                ],
                "Index Cond": "(n.id = ci.person_id)",
                "Rows Removed by Index Recheck": 0,
                "Filter": "((n.name)::text ~~ '%Downey%Robert%'::text)",
                "Rows Removed by Filter": 0
              }
            ]
          },
          {
            "Node Type": "Hash",
            "Parent Relationship": "Inner",
            "Parallel Aware": false,
            "Async Capable": false,
            "Startup Cost": 1.05,
            "Total Cost": 1.05,
            "Plan Rows": 1,
            "Plan Width": 4,
            "Actual Startup Time": 46.579,
            "Actual Total Time": 46.58,
            "Actual Rows": 2,
            "Actual Loops": 1,
            "Output": [
              "cct2.id"
            ],
            "Hash Buckets": 1024,
            "Original Hash Buckets": 1024,
            "Hash Batches": 1,
            "Original Hash Batches": 1,
            "Peak Memory Usage": 9,
            "Plans": [
              {
                "Node Type": "Seq Scan",
                "Parent Relationship": "Outer",
                "Parallel Aware": false,
                "Async Capable": false,
                "Relation Name": "comp_cast_type",
                "Schema": "public",
                "Alias": "cct2",
                "Startup Cost": 0.0,
                "Total Cost": 1.05,
                "Plan Rows": 1,
                "Plan Width": 4,
                "Actual Startup Time": 46.567,
                "Actual Total Time": 46.569,
                "Actual Rows": 2,
                "Actual Loops": 1,
                "Output": [
                  "cct2.id"
                ],
                "Filter": "((cct2.kind)::text ~~ '%complete%'::text)",
                "Rows Removed by Filter": 2
              }
            ]
          }
        ]
      }
    ]
  },
  "Planning Time": 33.503,
  "Triggers": [],
  "JIT": {
    "Functions": 69,
    "Options": {
      "Inlining": false,
      "Optimization": false,
      "Expressions": true,
      "Deforming": true
    },
    "Timing": {
      "Generation": 4.262,
      "Inlining": 0.0,
      "Optimization": 1.373,
      "Emission": 45.397,
      "Total": 51.032
    }
  },
  "Execution Time": 1864.589
}