{
  "Plan": {
    "Node Type": "Aggregate",
    "Strategy": "Plain",
    "Partial Mode": "Simple",
    "Parallel Aware": false,
    "Async Capable": false,
    "Startup Cost": 73277.14,
    "Total Cost": 73277.15,
    "Plan Rows": 1,
    "Plan Width": 96,
    "Actual Startup Time": 3037.36,
    "Actual Total Time": 3037.383,
    "Actual Rows": 1,
    "Actual Loops": 1,
    "Output": [
      "min((chn.name)::text)",
      "min((mi_idx.info)::text)",
      "min((t.title)::text)"
    ],
    "Plans": [
      {
        "Node Type": "Hash Join",
        "Parent Relationship": "Outer",
        "Parallel Aware": false,
        "Async Capable": false,
        "Join Type": "Inner",
        "Startup Cost": 46039.49,
        "Total Cost": 73209.02,
        "Plan Rows": 9082,
        "Plan Width": 38,
        "Actual Startup Time": 2426.481,
        "Actual Total Time": 3031.581,
        "Actual Rows": 9082,
        "Actual Loops": 1,
        "Output": [
          "chn.name",
          "mi_idx.info",
          "t.title"
        ],
        "Inner Unique": false,
        "Hash Cond": "(((ak.name_pcode_cf)::text = (n.name_pcode_cf)::text) AND ((ak.name_pcode_nf)::text = (chn.name_pcode_nf)::text))",
        "Plans": [
          {
            "Node Type": "Seq Scan",
            "Parent Relationship": "Outer",
            "Parallel Aware": false,
            "Async Capable": false,
            "Relation Name": "aka_name",
            "Schema": "public",
            "Alias": "ak",
            "Startup Cost": 0.0,
            "Total Cost": 20409.43,
            "Plan Rows": 901343,
            "Plan Width": 10,
            "Actual Startup Time": 0.125,
            "Actual Total Time": 147.131,
            "Actual Rows": 901343,
            "Actual Loops": 1,
            "Output": [
              "ak.id",
              "ak.person_id",
              "ak.name",
              "ak.imdb_index",
              "ak.name_pcode_cf",
              "ak.name_pcode_nf",
              "ak.surname_pcode",
              "ak.md5sum"
            ]
          },
          {
            "Node Type": "Hash",
            "Parent Relationship": "Inner",
            "Parallel Aware": false,
            "Async Capable": false,
            "Startup Cost": 46036.79,
            "Total Cost": 46036.79,
            "Plan Rows": 180,
            "Plan Width": 48,
            "Actual Startup Time": 2415.762,
            "Actual Total Time": 2415.782,
            "Actual Rows": 134598,
            "Actual Loops": 1,
            "Output": [
              "chn.name",
              "chn.name_pcode_nf",
              "mi_idx.info",
              "n.name_pcode_cf",
              "t.title"
            ],
            "Hash Buckets": 262144,
            "Original Hash Buckets": 1024,
            "Hash Batches": 1,
            "Original Hash Batches": 1,
            "Peak Memory Usage": 12354,
            "Plans": [
              {
                "Node Type": "Hash Join",
                "Parent Relationship": "Outer",
                "Parallel Aware": false,
                "Async Capable": false,
                "Join Type": "Inner",
                "Startup Cost": 40083.43,
                "Total Cost": 46036.79,
                "Plan Rows": 180,
                "Plan Width": 48,
                "Actual Startup Time": 2096.248,
                "Actual Total Time": 2319.985,
                "Actual Rows": 134598,
                "Actual Loops": 1,
                "Output": [
                  "chn.name",
                  "chn.name_pcode_nf",
                  "mi_idx.info",
                  "n.name_pcode_cf",
                  "t.title"
                ],
                "Inner Unique": false,
                "Hash Cond": "((cn.name_pcode_sf)::text = (n.name_pcode_nf)::text)",
                "Plans": [
                  {
                    "Node Type": "Seq Scan",
                    "Parent Relationship": "Outer",
                    "Parallel Aware": false,
                    "Async Capable": false,
                    "Relation Name": "company_name",
                    "Schema": "public",
                    "Alias": "cn",
                    "Startup Cost": 0.0,
                    "Total Cost": 5932.46,
                    "Plan Rows": 1175,
                    "Plan Width": 10,
                    "Actual Startup Time": 0.036,
                    "Actual Total Time": 109.117,
                    "Actual Rows": 192649,
                    "Actual Loops": 1,
                    "Output": [
                      "cn.id",
                      "cn.name",
                      "cn.country_code",
                      "cn.imdb_id",
                      "cn.name_pcode_nf",
                      "cn.name_pcode_sf",
                      "cn.md5sum"
                    ],
                    "Filter": "((cn.name_pcode_sf)::text = (cn.name_pcode_nf)::text)",
                    "Rows Removed by Filter": 42348
                  },
                  {
                    "Node Type": "Hash",
                    "Parent Relationship": "Inner",
                    "Parallel Aware": false,
                    "Async Capable": false,
                    "Startup Cost": 40062.47,
                    "Total Cost": 40062.47,
                    "Plan Rows": 1677,
                    "Plan Width": 53,
                    "Actual Startup Time": 2096.17,
                    "Actual Total Time": 2096.189,
                    "Actual Rows": 5705,
                    "Actual Loops": 1,
                    "Output": [
                      "chn.name",
                      "chn.name_pcode_nf",
                      "mi_idx.info",
                      "n.name_pcode_cf",
                      "n.name_pcode_nf",
                      "t.title"
                    ],
                    "Hash Buckets": 8192,
                    "Original Hash Buckets": 2048,
                    "Hash Batches": 1,
                    "Original Hash Batches": 1,
                    "Peak Memory Usage": 533,
                    "Plans": [
                      {
                        "Node Type": "Nested Loop",
                        "Parent Relationship": "Outer",
                        "Parallel Aware": false,
                        "Async Capable": false,
                        "Join Type": "Inner",
                        "Startup Cost": 3778.7,
                        "Total Cost": 40062.47,
                        "Plan Rows": 1677,
                        "Plan Width": 53,
                        "Actual Startup Time": 116.617,
                        "Actual Total Time": 2083.925,
                        "Actual Rows": 5734,
                        "Actual Loops": 1,
                        "Output": [
                          "chn.name",
                          "chn.name_pcode_nf",
                          "mi_idx.info",
                          "n.name_pcode_cf",
                          "n.name_pcode_nf",
                          "t.title"
                        ],
                        "Inner Unique": true,
                        "Plans": [
                          {
                            "Node Type": "Hash Join",
                            "Parent Relationship": "Outer",
                            "Parallel Aware": false,
                            "Async Capable": false,
                            "Join Type": "Inner",
                            "Startup Cost": 3778.27,
                            "Total Cost": 39299.61,
                            "Plan Rows": 1677,
                            "Plan Width": 47,
                            "Actual Startup Time": 116.497,
                            "Actual Total Time": 1979.131,
                            "Actual Rows": 5734,
                            "Actual Loops": 1,
                            "Output": [
                              "ci.person_id",
                              "chn.name",
                              "chn.name_pcode_nf",
                              "mi_idx.info",
                              "t.title"
                            ],
                            "Inner Unique": true,
                            "Hash Cond": "(cc.status_id = cct2.id)",
                            "Plans": [
                              {
                                "Node Type": "Nested Loop",
                                "Parent Relationship": "Outer",
                                "Parallel Aware": false,
                                "Async Capable": false,
                                "Join Type": "Inner",
                                "Startup Cost": 3777.21,
                                "Total Cost": 39267.54,
                                "Plan Rows": 5734,
                                "Plan Width": 51,
                                "Actual Startup Time": 116.38,
                                "Actual Total Time": 1970.719,
                                "Actual Rows": 5734,
                                "Actual Loops": 1,
                                "Output": [
                                  "cc.status_id",
                                  "ci.person_id",
                                  "chn.name",
                                  "chn.name_pcode_nf",
                                  "mi_idx.info",
                                  "t.title"
                                ],
                                "Inner Unique": true,
                                "Plans": [
                                  {
                                    "Node Type": "Nested Loop",
                                    "Parent Relationship": "Outer",
                                    "Parallel Aware": false,
                                    "Async Capable": false,
                                    "Join Type": "Inner",
                                    "Startup Cost": 3776.78,
                                    "Total Cost": 25107.83,
                                    "Plan Rows": 30952,
                                    "Plan Width": 34,
                                    "Actual Startup Time": 111.419,
                                    "Actual Total Time": 1062.552,
                                    "Actual Rows": 200414,
                                    "Actual Loops": 1,
                                    "Output": [
                                      "cc.status_id",
                                      "ci.person_role_id",
                                      "ci.person_id",
                                      "mi_idx.info",
                                      "t.title"
                                    ],
                                    "Inner Unique": false,
                                    "Join Filter": "(ci.movie_id = t.id)",
                                    "Rows Removed by Join Filter": 0,
                                    "Plans": [
                                      {
                                        "Node Type": "Hash Join",
                                        "Parent Relationship": "Outer",
                                        "Parallel Aware": false,
                                        "Async Capable": false,
                                        "Join Type": "Inner",
                                        "Startup Cost": 3776.34,
                                        "Total Cost": 22603.86,
                                        "Plan Rows": 1364,
                                        "Plan Width": 42,
                                        "Actual Startup Time": 111.317,
                                        "Actual Total Time": 357.635,
                                        "Actual Rows": 1364,
                                        "Actual Loops": 1,
                                        "Output": [
                                          "cc.movie_id",
                                          "cc.status_id",
                                          "mi_idx.info",
                                          "mi_idx.movie_id",
                                          "mk.movie_id",
                                          "t.title",
                                          "t.id"
                                        ],
                                        "Inner Unique": true,
                                        "Hash Cond": "(mi_idx.info_type_id = it2.id)",
                                        "Plans": [
                                          {
                                            "Node Type": "Nested Loop",
                                            "Parent Relationship": "Outer",
                                            "Parallel Aware": false,
                                            "Async Capable": false,
                                            "Join Type": "Inner",
                                            "Startup Cost": 3773.91,
                                            "Total Cost": 22590.14,
                                            "Plan Rows": 4146,
                                            "Plan Width": 46,
                                            "Actual Startup Time": 111.222,
                                            "Actual Total Time": 354.986,
                                            "Actual Rows": 4146,
                                            "Actual Loops": 1,
                                            "Output": [
                                              "cc.movie_id",
                                              "cc.status_id",
                                              "mi_idx.info",
                                              "mi_idx.movie_id",
                                              "mi_idx.info_type_id",
                                              "mk.movie_id",
                                              "t.title",
                                              "t.id"
                                            ],
                                            "Inner Unique": false,
                                            "Join Filter": "(mi_idx.movie_id = t.id)",
                                            "Rows Removed by Join Filter": 0,
                                            "Plans": [
                                              {
                                                "Node Type": "Hash Join",
                                                "Parent Relationship": "Outer",
                                                "Parallel Aware": false,
                                                "Async Capable": false,
                                                "Join Type": "Inner",
                                                "Startup Cost": 3773.48,
                                                "Total Cost": 21868.2,
                                                "Plan Rows": 1370,
                                                "Plan Width": 33,
                                                "Actual Startup Time": 111.1,
                                                "Actual Total Time": 330.05,
                                                "Actual Rows": 1370,
                                                "Actual Loops": 1,
                                                "Output": [
                                                  "cc.movie_id",
                                                  "cc.status_id",
                                                  "mk.movie_id",
                                                  "t.title",
                                                  "t.id"
                                                ],
                                                "Inner Unique": true,
                                                "Hash Cond": "(t.kind_id = kt.id)",
                                                "Plans": [
                                                  {
                                                    "Node Type": "Nested Loop",
                                                    "Parent Relationship": "Outer",
                                                    "Parallel Aware": false,
                                                    "Async Capable": false,
                                                    "Join Type": "Inner",
                                                    "Startup Cost": 3772.38,
                                                    "Total Cost": 21851.76,
                                                    "Plan Rows": 3642,
                                                    "Plan Width": 37,
                                                    "Actual Startup Time": 108.898,
                                                    "Actual Total Time": 328.197,
                                                    "Actual Rows": 1727,
                                                    "Actual Loops": 1,
                                                    "Output": [
                                                      "cc.movie_id",
                                                      "cc.status_id",
                                                      "mk.movie_id",
                                                      "t.title",
                                                      "t.kind_id",
                                                      "t.id"
                                                    ],
                                                    "Inner Unique": true,
                                                    "Plans": [
                                                      {
                                                        "Node Type": "Hash Join",
                                                        "Parent Relationship": "Outer",
                                                        "Parallel Aware": false,
                                                        "Async Capable": false,
                                                        "Join Type": "Inner",
                                                        "Startup Cost": 3771.95,
                                                        "Total Cost": 18730.76,
                                                        "Plan Rows": 6396,
                                                        "Plan Width": 12,
                                                        "Actual Startup Time": 106.857,
                                                        "Actual Total Time": 239.348,
                                                        "Actual Rows": 6396,
                                                        "Actual Loops": 1,
                                                        "Output": [
                                                          "cc.movie_id",
                                                          "cc.status_id",
                                                          "mk.movie_id"
                                                        ],
                                                        "Inner Unique": true,
                                                        "Hash Cond": "(cc.subject_id = cct1.id)",
                                                        "Plans": [
                                                          {
                                                            "Node Type": "Hash Join",
                                                            "Parent Relationship": "Outer",
                                                            "Parallel Aware": false,
                                                            "Async Capable": false,
                                                            "Join Type": "Inner",
                                                            "Startup Cost": 3770.89,
                                                            "Total Cost": 18678.92,
                                                            "Plan Rows": 9392,
                                                            "Plan Width": 16,
                                                            "Actual Startup Time": 106.807,
                                                            "Actual Total Time": 234.281,
                                                            "Actual Rows": 9392,
                                                            "Actual Loops": 1,
                                                            "Output": [
                                                              "cc.movie_id",
                                                              "cc.subject_id",
                                                              "cc.status_id",
                                                              "mk.movie_id"
                                                            ],
                                                            "Inner Unique": false,
                                                            "Hash Cond": "(mk.movie_id = cc.movie_id)",
                                                            "Plans": [
                                                              {
                                                                "Node Type": "Nested Loop",
                                                                "Parent Relationship": "Outer",
                                                                "Parallel Aware": false,
                                                                "Async Capable": false,
                                                                "Join Type": "Inner",
                                                                "Startup Cost": 0.46,
                                                                "Total Cost": 14466.67,
                                                                "Plan Rows": 24091,
                                                                "Plan Width": 4,
                                                                "Actual Startup Time": 0.337,
                                                                "Actual Total Time": 109.255,
                                                                "Actual Rows": 24091,
                                                                "Actual Loops": 1,
                                                                "Output": [
                                                                  "mk.movie_id"
                                                                ],
                                                                "Inner Unique": false,
                                                                "Plans": [
                                                                  {
                                                                    "Node Type": "Seq Scan",
                                                                    "Parent Relationship": "Outer",
                                                                    "Parallel Aware": false,
                                                                    "Async Capable": false,
                                                                    "Relation Name": "keyword",
                                                                    "Schema": "public",
                                                                    "Alias": "k",
                                                                    "Startup Cost": 0.03,
                                                                    "Total Cost": 2961.57,
                                                                    "Plan Rows": 10,
                                                                    "Plan Width": 4,
                                                                    "Actual Startup Time": 0.165,
                                                                    "Actual Total Time": 38.534,
                                                                    "Actual Rows": 10,
                                                                    "Actual Loops": 1,
                                                                    "Output": [
                                                                      "k.id",
                                                                      "k.keyword",
                                                                      "k.phonetic_code"
                                                                    ],
                                                                    "Filter": "((k.keyword)::text = ANY ('{superhero,marvel-comics,based-on-comic,tv-special,fight,violence,magnet,web,claw,laser}'::text[]))",
                                                                    "Rows Removed by Filter": 134160
                                                                  },
                                                                  {
                                                                    "Node Type": "Index Scan",
                                                                    "Parent Relationship": "Inner",
                                                                    "Parallel Aware": false,
                                                                    "Async Capable": false,
                                                                    "Scan Direction": "Forward",
                                                                    "Index Name": "idx_movie_keyword_keyword_id",
                                                                    "Relation Name": "movie_keyword",
                                                                    "Schema": "public",
                                                                    "Alias": "mk",
                                                                    "Startup Cost": 0.43,
                                                                    "Total Cost": 1147.49,
                                                                    "Plan Rows": 302,
                                                                    "Plan Width": 8,
                                                                    "Actual Startup Time": 0.049,
                                                                    "Actual Total Time": 6.409,
                                                                    "Actual Rows": 2409,
                                                                    "Actual Loops": 10,
                                                                    "Output": [
                                                                      "mk.id",
                                                                      "mk.movie_id",
                                                                      "mk.keyword_id"
                                                                    ],
                                                                    "Index Cond": "(mk.keyword_id = k.id)",
                                                                    "Rows Removed by Index Recheck": 0
                                                                  }
                                                                ]
                                                              },
                                                              {
                                                                "Node Type": "Hash",
                                                                "Parent Relationship": "Inner",
                                                                "Parallel Aware": false,
                                                                "Async Capable": false,
                                                                "Startup Cost": 2081.86,
                                                                "Total Cost": 2081.86,
                                                                "Plan Rows": 135086,
                                                                "Plan Width": 12,
                                                                "Actual Startup Time": 104.165,
                                                                "Actual Total Time": 104.167,
                                                                "Actual Rows": 135086,
                                                                "Actual Loops": 1,
                                                                "Output": [
                                                                  "cc.movie_id",
                                                                  "cc.subject_id",
                                                                  "cc.status_id"
                                                                ],
                                                                "Hash Buckets": 262144,
                                                                "Original Hash Buckets": 262144,
                                                                "Hash Batches": 1,
                                                                "Original Hash Batches": 1,
                                                                "Peak Memory Usage": 7853,
                                                                "Plans": [
                                                                  {
                                                                    "Node Type": "Seq Scan",
                                                                    "Parent Relationship": "Outer",
                                                                    "Parallel Aware": false,
                                                                    "Async Capable": false,
                                                                    "Relation Name": "complete_cast",
                                                                    "Schema": "public",
                                                                    "Alias": "cc",
                                                                    "Startup Cost": 0.0,
                                                                    "Total Cost": 2081.86,
                                                                    "Plan Rows": 135086,
                                                                    "Plan Width": 12,
                                                                    "Actual Startup Time": 0.044,
                                                                    "Actual Total Time": 44.849,
                                                                    "Actual Rows": 135086,
                                                                    "Actual Loops": 1,
                                                                    "Output": [
                                                                      "cc.movie_id",
                                                                      "cc.subject_id",
                                                                      "cc.status_id"
                                                                    ]
                                                                  }
                                                                ]
                                                              }
                                                            ]
                                                          },
                                                          {
                                                            "Node Type": "Hash",
                                                            "Parent Relationship": "Inner",
                                                            "Parallel Aware": false,
                                                            "Async Capable": false,
                                                            "Startup Cost": 1.05,
                                                            "Total Cost": 1.05,
                                                            "Plan Rows": 1,
                                                            "Plan Width": 4,
                                                            "Actual Startup Time": 0.021,
                                                            "Actual Total Time": 0.023,
                                                            "Actual Rows": 1,
                                                            "Actual Loops": 1,
                                                            "Output": [
                                                              "cct1.id"
                                                            ],
                                                            "Hash Buckets": 1024,
                                                            "Original Hash Buckets": 1024,
                                                            "Hash Batches": 1,
                                                            "Original Hash Batches": 1,
                                                            "Peak Memory Usage": 9,
                                                            "Plans": [
                                                              {
                                                                "Node Type": "Seq Scan",
                                                                "Parent Relationship": "Outer",
                                                                "Parallel Aware": false,
                                                                "Async Capable": false,
                                                                "Relation Name": "comp_cast_type",
                                                                "Schema": "public",
                                                                "Alias": "cct1",
                                                                "Startup Cost": 0.0,
                                                                "Total Cost": 1.05,
                                                                "Plan Rows": 1,
                                                                "Plan Width": 4,
                                                                "Actual Startup Time": 0.014,
                                                                "Actual Total Time": 0.016,
                                                                "Actual Rows": 1,
                                                                "Actual Loops": 1,
                                                                "Output": [
                                                                  "cct1.id"
                                                                ],
                                                                "Filter": "((cct1.kind)::text = 'cast'::text)",
                                                                "Rows Removed by Filter": 3
                                                              }
                                                            ]
                                                          }
                                                        ]
                                                      },
                                                      {
                                                        "Node Type": "Index Scan",
                                                        "Parent Relationship": "Inner",
                                                        "Parallel Aware": false,
                                                        "Async Capable": false,
                                                        "Scan Direction": "Forward",
                                                        "Index Name": "idx_title_id",
                                                        "Relation Name": "title",
                                                        "Schema": "public",
                                                        "Alias": "t",
                                                        "Startup Cost": 0.43,
                                                        "Total Cost": 0.49,
                                                        "Plan Rows": 1,
                                                        "Plan Width": 25,
                                                        "Actual Startup Time": 0.012,
                                                        "Actual Total Time": 0.012,
                                                        "Actual Rows": 0,
                                                        "Actual Loops": 6396,
                                                        "Output": [
                                                          "t.id",
                                                          "t.title",
                                                          "t.imdb_index",
                                                          "t.kind_id",
                                                          "t.production_year",
                                                          "t.imdb_id",
                                                          "t.phonetic_code",
                                                          "t.episode_of_id",
                                                          "t.season_nr",
                                                          "t.episode_nr",
                                                          "t.series_years",
                                                          "t.md5sum"
                                                        ],
                                                        "Index Cond": "(t.id = mk.movie_id)",
                                                        "Rows Removed by Index Recheck": 0,
                                                        "Filter": "(t.production_year >= 2000)",
                                                        "Rows Removed by Filter": 1
                                                      }
                                                    ]
                                                  },
                                                  {
                                                    "Node Type": "Hash",
                                                    "Parent Relationship": "Inner",
                                                    "Parallel Aware": false,
                                                    "Async Capable": false,
                                                    "Startup Cost": 1.09,
                                                    "Total Cost": 1.09,
                                                    "Plan Rows": 1,
                                                    "Plan Width": 4,
                                                    "Actual Startup Time": 0.035,
                                                    "Actual Total Time": 0.036,
                                                    "Actual Rows": 1,
                                                    "Actual Loops": 1,
                                                    "Output": [
                                                      "kt.id"
                                                    ],
                                                    "Hash Buckets": 1024,
                                                    "Original Hash Buckets": 1024,
                                                    "Hash Batches": 1,
                                                    "Original Hash Batches": 1,
                                                    "Peak Memory Usage": 9,
                                                    "Plans": [
                                                      {
                                                        "Node Type": "Seq Scan",
                                                        "Parent Relationship": "Outer",
                                                        "Parallel Aware": false,
                                                        "Async Capable": false,
                                                        "Relation Name": "kind_type",
                                                        "Schema": "public",
                                                        "Alias": "kt",
                                                        "Startup Cost": 0.0,
                                                        "Total Cost": 1.09,
                                                        "Plan Rows": 1,
                                                        "Plan Width": 4,
                                                        "Actual Startup Time": 0.026,
                                                        "Actual Total Time": 0.029,
                                                        "Actual Rows": 1,
                                                        "Actual Loops": 1,
                                                        "Output": [
                                                          "kt.id"
                                                        ],
                                                        "Filter": "((kt.kind)::text = 'movie'::text)",
                                                        "Rows Removed by Filter": 6
                                                      }
                                                    ]
                                                  }
                                                ]
                                              },
                                              {
                                                "Node Type": "Index Scan",
                                                "Parent Relationship": "Inner",
                                                "Parallel Aware": false,
                                                "Async Capable": false,
                                                "Scan Direction": "Forward",
                                                "Index Name": "idx_movie_info_idx_movie_id",
                                                "Relation Name": "movie_info_idx",
                                                "Schema": "public",
                                                "Alias": "mi_idx",
                                                "Startup Cost": 0.43,
                                                "Total Cost": 0.49,
                                                "Plan Rows": 3,
                                                "Plan Width": 13,
                                                "Actual Startup Time": 0.013,
                                                "Actual Total Time": 0.015,
                                                "Actual Rows": 3,
                                                "Actual Loops": 1370,
                                                "Output": [
                                                  "mi_idx.id",
                                                  "mi_idx.movie_id",
                                                  "mi_idx.info_type_id",
                                                  "mi_idx.info",
                                                  "mi_idx.note"
                                                ],
                                                "Index Cond": "(mi_idx.movie_id = mk.movie_id)",
                                                "Rows Removed by Index Recheck": 0
                                              }
                                            ]
                                          },
                                          {
                                            "Node Type": "Hash",
                                            "Parent Relationship": "Inner",
                                            "Parallel Aware": false,
                                            "Async Capable": false,
                                            "Startup Cost": 2.41,
                                            "Total Cost": 2.41,
                                            "Plan Rows": 1,
                                            "Plan Width": 4,
                                            "Actual Startup Time": 0.059,
                                            "Actual Total Time": 0.059,
                                            "Actual Rows": 1,
                                            "Actual Loops": 1,
                                            "Output": [
                                              "it2.id"
                                            ],
                                            "Hash Buckets": 1024,
                                            "Original Hash Buckets": 1024,
                                            "Hash Batches": 1,
                                            "Original Hash Batches": 1,
                                            "Peak Memory Usage": 9,
                                            "Plans": [
                                              {
                                                "Node Type": "Seq Scan",
                                                "Parent Relationship": "Outer",
                                                "Parallel Aware": false,
                                                "Async Capable": false,
                                                "Relation Name": "info_type",
                                                "Schema": "public",
                                                "Alias": "it2",
                                                "Startup Cost": 0.0,
                                                "Total Cost": 2.41,
                                                "Plan Rows": 1,
                                                "Plan Width": 4,
                                                "Actual Startup Time": 0.049,
                                                "Actual Total Time": 0.053,
                                                "Actual Rows": 1,
                                                "Actual Loops": 1,
                                                "Output": [
                                                  "it2.id"
                                                ],
                                                "Filter": "((it2.info)::text = 'rating'::text)",
                                                "Rows Removed by Filter": 112
                                              }
                                            ]
                                          }
                                        ]
                                      },
                                      {
                                        "Node Type": "Index Scan",
                                        "Parent Relationship": "Inner",
                                        "Parallel Aware": false,
                                        "Async Capable": false,
                                        "Scan Direction": "Forward",
                                        "Index Name": "idx_cast_info_movie_id",
                                        "Relation Name": "cast_info",
                                        "Schema": "public",
                                        "Alias": "ci",
                                        "Startup Cost": 0.44,
                                        "Total Cost": 1.36,
                                        "Plan Rows": 38,
                                        "Plan Width": 12,
                                        "Actual Startup Time": 0.015,
                                        "Actual Total Time": 0.449,
                                        "Actual Rows": 147,
                                        "Actual Loops": 1364,
                                        "Output": [
                                          "ci.id",
                                          "ci.person_id",
                                          "ci.movie_id",
                                          "ci.person_role_id",
                                          "ci.note",
                                          "ci.nr_order",
                                          "ci.role_id"
                                        ],
                                        "Index Cond": "(ci.movie_id = mk.movie_id)",
                                        "Rows Removed by Index Recheck": 0
                                      }
                                    ]
                                  },
                                  {
                                    "Node Type": "Index Scan",
                                    "Parent Relationship": "Inner",
                                    "Parallel Aware": false,
                                    "Async Capable": false,
                                    "Scan Direction": "Forward",
                                    "Index Name": "idx_char_name_id",
                                    "Relation Name": "char_name",
                                    "Schema": "public",
                                    "Alias": "chn",
                                    "Startup Cost": 0.43,
                                    "Total Cost": 0.46,
                                    "Plan Rows": 1,
                                    "Plan Width": 25,
                                    "Actual Startup Time": 0.004,
                                    "Actual Total Time": 0.004,
                                    "Actual Rows": 0,
                                    "Actual Loops": 200414,
                                    "Output": [
                                      "chn.id",
                                      "chn.name",
                                      "chn.imdb_index",
                                      "chn.imdb_id",
                                      "chn.name_pcode_nf",
                                      "chn.surname_pcode",
                                      "chn.md5sum"
                                    ],
                                    "Index Cond": "(chn.id = ci.person_role_id)",
                                    "Rows Removed by Index Recheck": 0,
                                    "Filter": "((chn.name IS NOT NULL) AND (((chn.name)::text ~~ '%man%'::text) OR ((chn.name)::text ~~ '%Man%'::text)))",
                                    "Rows Removed by Filter": 0
                                  }
                                ]
                              },
                              {
                                "Node Type": "Hash",
                                "Parent Relationship": "Inner",
                                "Parallel Aware": false,
                                "Async Capable": false,
                                "Startup Cost": 1.05,
                                "Total Cost": 1.05,
                                "Plan Rows": 1,
                                "Plan Width": 4,
                                "Actual Startup Time": 0.071,
                                "Actual Total Time": 0.072,
                                "Actual Rows": 2,
                                "Actual Loops": 1,
                                "Output": [
                                  "cct2.id"
                                ],
                                "Hash Buckets": 1024,
                                "Original Hash Buckets": 1024,
                                "Hash Batches": 1,
                                "Original Hash Batches": 1,
                                "Peak Memory Usage": 9,
                                "Plans": [
                                  {
                                    "Node Type": "Seq Scan",
                                    "Parent Relationship": "Outer",
                                    "Parallel Aware": false,
                                    "Async Capable": false,
                                    "Relation Name": "comp_cast_type",
                                    "Schema": "public",
                                    "Alias": "cct2",
                                    "Startup Cost": 0.0,
                                    "Total Cost": 1.05,
                                    "Plan Rows": 1,
                                    "Plan Width": 4,
                                    "Actual Startup Time": 0.049,
                                    "Actual Total Time": 0.052,
                                    "Actual Rows": 2,
                                    "Actual Loops": 1,
                                    "Output": [
                                      "cct2.id"
                                    ],
                                    "Filter": "((cct2.kind)::text ~~ '%complete%'::text)",
                                    "Rows Removed by Filter": 2
                                  }
                                ]
                              }
                            ]
                          },
                          {
                            "Node Type": "Index Scan",
                            "Parent Relationship": "Inner",
                            "Parallel Aware": false,
                            "Async Capable": false,
                            "Scan Direction": "Forward",
                            "Index Name": "idx_name_id",
                            "Relation Name": "name",
                            "Schema": "public",
                            "Alias": "n",
                            "Startup Cost": 0.43,
                            "Total Cost": 0.45,
                            "Plan Rows": 1,
                            "Plan Width": 14,
                            "Actual Startup Time": 0.016,
                            "Actual Total Time": 0.016,
                            "Actual Rows": 1,
                            "Actual Loops": 5734,
                            "Output": [
                              "n.id",
                              "n.name",
                              "n.imdb_index",
                              "n.imdb_id",
                              "n.gender",
                              "n.name_pcode_cf",
                              "n.name_pcode_nf",
                              "n.surname_pcode",
                              "n.md5sum"
                            ],
                            "Index Cond": "(n.id = ci.person_id)",
                            "Rows Removed by Index Recheck": 0
                          }
                        ]
                      }
                    ]
                  }
                ]
              }
            ]
          }
        ]
      }
    ]
  },
  "Planning Time": 1627.111,
  "Triggers": [],
  "Execution Time": 3038.891
}