{
  "Plan": {
    "Node Type": "Aggregate",
    "Strategy": "Plain",
    "Partial Mode": "Simple",
    "Parallel Aware": false,
    "Async Capable": false,
    "Startup Cost": 1742.45,
    "Total Cost": 1742.46,
    "Plan Rows": 1,
    "Plan Width": 96,
    "Actual Startup Time": 17.469,
    "Actual Total Time": 17.475,
    "Actual Rows": 1,
    "Actual Loops": 1,
    "Output": [
      "min((cn.name)::text)",
      "min((lt.link)::text)",
      "min((t.title)::text)"
    ],
    "Plans": [
      {
        "Node Type": "Hash Join",
        "Parent Relationship": "Outer",
        "Parallel Aware": false,
        "Async Capable": false,
        "Join Type": "Inner",
        "Startup Cost": 694.92,
        "Total Cost": 1740.59,
        "Plan Rows": 247,
        "Plan Width": 48,
        "Actual Startup Time": 13.283,
        "Actual Total Time": 17.3,
        "Actual Rows": 247,
        "Actual Loops": 1,
        "Output": [
          "cn.name",
          "lt.link",
          "t.title"
        ],
        "Inner Unique": true,
        "Hash Cond": "(mc.company_type_id = ct.id)",
        "Plans": [
          {
            "Node Type": "Nested Loop",
            "Parent Relationship": "Outer",
            "Parallel Aware": false,
            "Async Capable": false,
            "Join Type": "Inner",
            "Startup Cost": 693.86,
            "Total Cost": 1738.19,
            "Plan Rows": 247,
            "Plan Width": 52,
            "Actual Startup Time": 13.22,
            "Actual Total Time": 17.136,
            "Actual Rows": 247,
            "Actual Loops": 1,
            "Output": [
              "mc.company_type_id",
              "cn.name",
              "lt.link",
              "t.title"
            ],
            "Inner Unique": false,
            "Join Filter": "(mi.movie_id = ml.movie_id)",
            "Rows Removed by Join Filter": 0,
            "Plans": [
              {
                "Node Type": "Nested Loop",
                "Parent Relationship": "Outer",
                "Parallel Aware": false,
                "Async Capable": false,
                "Join Type": "Inner",
                "Startup Cost": 693.43,
                "Total Cost": 1592.9,
                "Plan Rows": 95,
                "Plan Width": 72,
                "Actual Startup Time": 13.071,
                "Actual Total Time": 15.873,
                "Actual Rows": 95,
                "Actual Loops": 1,
                "Output": [
                  "cc.movie_id",
                  "mc.movie_id",
                  "mc.company_type_id",
                  "cn.name",
                  "mk.movie_id",
                  "ml.movie_id",
                  "lt.link",
                  "t.title",
                  "t.id"
                ],
                "Inner Unique": true,
                "Plans": [
                  {
                    "Node Type": "Nested Loop",
                    "Parent Relationship": "Outer",
                    "Parallel Aware": false,
                    "Async Capable": false,
                    "Join Type": "Inner",
                    "Startup Cost": 693.01,
                    "Total Cost": 1506.17,
                    "Plan Rows": 190,
                    "Plan Width": 57,
                    "Actual Startup Time": 13.027,
                    "Actual Total Time": 15.069,
                    "Actual Rows": 190,
                    "Actual Loops": 1,
                    "Output": [
                      "cc.movie_id",
                      "mc.movie_id",
                      "mc.company_type_id",
                      "mc.company_id",
                      "mk.movie_id",
                      "ml.movie_id",
                      "lt.link",
                      "t.title",
                      "t.id"
                    ],
                    "Inner Unique": false,
                    "Join Filter": "(mc.movie_id = ml.movie_id)",
                    "Rows Removed by Join Filter": 0,
                    "Plans": [
                      {
                        "Node Type": "Nested Loop",
                        "Parent Relationship": "Outer",
                        "Parallel Aware": false,
                        "Async Capable": false,
                        "Join Type": "Inner",
                        "Startup Cost": 692.58,
                        "Total Cost": 1484.28,
                        "Plan Rows": 38,
                        "Plan Width": 45,
                        "Actual Startup Time": 12.951,
                        "Actual Total Time": 14.749,
                        "Actual Rows": 38,
                        "Actual Loops": 1,
                        "Output": [
                          "cc.movie_id",
                          "mk.movie_id",
                          "ml.movie_id",
                          "lt.link",
                          "t.title",
                          "t.id"
                        ],
                        "Inner Unique": true,
                        "Join Filter": "(k.id = mk.keyword_id)",
                        "Rows Removed by Join Filter": 228,
                        "Plans": [
                          {
                            "Node Type": "Nested Loop",
                            "Parent Relationship": "Outer",
                            "Parallel Aware": false,
                            "Async Capable": false,
                            "Join Type": "Inner",
                            "Startup Cost": 692.16,
                            "Total Cost": 1471.85,
                            "Plan Rows": 266,
                            "Plan Width": 49,
                            "Actual Startup Time": 12.882,
                            "Actual Total Time": 14.57,
                            "Actual Rows": 266,
                            "Actual Loops": 1,
                            "Output": [
                              "cc.movie_id",
                              "mk.movie_id",
                              "mk.keyword_id",
                              "ml.movie_id",
                              "lt.link",
                              "t.title",
                              "t.id"
                            ],
                            "Inner Unique": false,
                            "Join Filter": "(mk.movie_id = ml.movie_id)",
                            "Rows Removed by Join Filter": 0,
                            "Plans": [
                              {
                                "Node Type": "Nested Loop",
                                "Parent Relationship": "Outer",
                                "Parallel Aware": false,
                                "Async Capable": false,
                                "Join Type": "Inner",
                                "Startup Cost": 691.72,
                                "Total Cost": 1369.77,
                                "Plan Rows": 38,
                                "Plan Width": 41,
                                "Actual Startup Time": 12.816,
                                "Actual Total Time": 14.259,
                                "Actual Rows": 38,
                                "Actual Loops": 1,
                                "Output": [
                                  "cc.movie_id",
                                  "ml.movie_id",
                                  "lt.link",
                                  "t.title",
                                  "t.id"
                                ],
                                "Inner Unique": true,
                                "Join Filter": "(cc.subject_id = cct1.id)",
                                "Rows Removed by Join Filter": 19,
                                "Plans": [
                                  {
                                    "Node Type": "Nested Loop",
                                    "Parent Relationship": "Outer",
                                    "Parallel Aware": false,
                                    "Async Capable": false,
                                    "Join Type": "Inner",
                                    "Startup Cost": 691.72,
                                    "Total Cost": 1367.67,
                                    "Plan Rows": 38,
                                    "Plan Width": 45,
                                    "Actual Startup Time": 12.807,
                                    "Actual Total Time": 14.225,
                                    "Actual Rows": 38,
                                    "Actual Loops": 1,
                                    "Output": [
                                      "cc.movie_id",
                                      "cc.subject_id",
                                      "ml.movie_id",
                                      "lt.link",
                                      "t.title",
                                      "t.id"
                                    ],
                                    "Inner Unique": true,
                                    "Join Filter": "(ml.movie_id = t.id)",
                                    "Rows Removed by Join Filter": 0,
                                    "Plans": [
                                      {
                                        "Node Type": "Nested Loop",
                                        "Parent Relationship": "Outer",
                                        "Parallel Aware": false,
                                        "Async Capable": false,
                                        "Join Type": "Inner",
                                        "Startup Cost": 691.29,
                                        "Total Cost": 1039.99,
                                        "Plan Rows": 189,
                                        "Plan Width": 24,
                                        "Actual Startup Time": 8.705,
                                        "Actual Total Time": 12.59,
                                        "Actual Rows": 189,
                                        "Actual Loops": 1,
                                        "Output": [
                                          "cc.movie_id",
                                          "cc.subject_id",
                                          "ml.movie_id",
                                          "lt.link"
                                        ],
                                        "Inner Unique": true,
                                        "Join Filter": "(cc.status_id = cct2.id)",
                                        "Rows Removed by Join Filter": 68,
                                        "Plans": [
                                          {
                                            "Node Type": "Merge Join",
                                            "Parent Relationship": "Outer",
                                            "Parallel Aware": false,
                                            "Async Capable": false,
                                            "Join Type": "Inner",
                                            "Startup Cost": 691.29,
                                            "Total Cost": 1035.08,
                                            "Plan Rows": 257,
                                            "Plan Width": 28,
                                            "Actual Startup Time": 8.685,
                                            "Actual Total Time": 12.457,
                                            "Actual Rows": 257,
                                            "Actual Loops": 1,
                                            "Output": [
                                              "cc.movie_id",
                                              "cc.subject_id",
                                              "cc.status_id",
                                              "ml.movie_id",
                                              "lt.link"
                                            ],
                                            "Inner Unique": false,
                                            "Merge Cond": "(cc.movie_id = ml.movie_id)",
                                            "Plans": [
                                              {
                                                "Node Type": "Index Scan",
                                                "Parent Relationship": "Outer",
                                                "Parallel Aware": false,
                                                "Async Capable": false,
                                                "Scan Direction": "Forward",
                                                "Index Name": "idx_complete_cast_movie_id",
                                                "Relation Name": "complete_cast",
                                                "Schema": "public",
                                                "Alias": "cc",
                                                "Startup Cost": 0.42,
                                                "Total Cost": 6237.23,
                                                "Plan Rows": 135086,
                                                "Plan Width": 12,
                                                "Actual Startup Time": 0.03,
                                                "Actual Total Time": 2.968,
                                                "Actual Rows": 5993,
                                                "Actual Loops": 1,
                                                "Output": [
                                                  "cc.id",
                                                  "cc.movie_id",
                                                  "cc.subject_id",
                                                  "cc.status_id"
                                                ]
                                              },
                                              {
                                                "Node Type": "Sort",
                                                "Parent Relationship": "Inner",
                                                "Parallel Aware": false,
                                                "Async Capable": false,
                                                "Startup Cost": 690.86,
                                                "Total Cost": 696.64,
                                                "Plan Rows": 2315,
                                                "Plan Width": 16,
                                                "Actual Startup Time": 8.347,
                                                "Actual Total Time": 8.526,
                                                "Actual Rows": 2341,
                                                "Actual Loops": 1,
                                                "Output": [
                                                  "lt.link",
                                                  "ml.movie_id"
                                                ],
                                                "Sort Key": [
                                                  "ml.movie_id"
                                                ],
                                                "Sort Method": "quicksort",
                                                "Sort Space Used": 187,
                                                "Sort Space Type": "Memory",
                                                "Plans": [
                                                  {
                                                    "Node Type": "Hash Join",
                                                    "Parent Relationship": "Outer",
                                                    "Parallel Aware": false,
                                                    "Async Capable": false,
                                                    "Join Type": "Inner",
                                                    "Startup Cost": 1.24,
                                                    "Total Cost": 561.48,
                                                    "Plan Rows": 2315,
                                                    "Plan Width": 16,
                                                    "Actual Startup Time": 0.073,
                                                    "Actual Total Time": 7.613,
                                                    "Actual Rows": 2315,
                                                    "Actual Loops": 1,
                                                    "Output": [
                                                      "lt.link",
                                                      "ml.movie_id"
                                                    ],
                                                    "Inner Unique": true,
                                                    "Hash Cond": "(ml.link_type_id = lt.id)",
                                                    "Plans": [
                                                      {
                                                        "Node Type": "Seq Scan",
                                                        "Parent Relationship": "Outer",
                                                        "Parallel Aware": false,
                                                        "Async Capable": false,
                                                        "Relation Name": "movie_link",
                                                        "Schema": "public",
                                                        "Alias": "ml",
                                                        "Startup Cost": 0.0,
                                                        "Total Cost": 462.97,
                                                        "Plan Rows": 29997,
                                                        "Plan Width": 8,
                                                        "Actual Startup Time": 0.014,
                                                        "Actual Total Time": 3.212,
                                                        "Actual Rows": 29997,
                                                        "Actual Loops": 1,
                                                        "Output": [
                                                          "ml.id",
                                                          "ml.movie_id",
                                                          "ml.linked_movie_id",
                                                          "ml.link_type_id"
                                                        ]
                                                      },
                                                      {
                                                        "Node Type": "Hash",
                                                        "Parent Relationship": "Inner",
                                                        "Parallel Aware": false,
                                                        "Async Capable": false,
                                                        "Startup Cost": 1.23,
                                                        "Total Cost": 1.23,
                                                        "Plan Rows": 1,
                                                        "Plan Width": 16,
                                                        "Actual Startup Time": 0.02,
                                                        "Actual Total Time": 0.021,
                                                        "Actual Rows": 2,
                                                        "Actual Loops": 1,
                                                        "Output": [
                                                          "lt.link",
                                                          "lt.id"
                                                        ],
                                                        "Hash Buckets": 1024,
                                                        "Original Hash Buckets": 1024,
                                                        "Hash Batches": 1,
                                                        "Original Hash Batches": 1,
                                                        "Peak Memory Usage": 9,
                                                        "Plans": [
                                                          {
                                                            "Node Type": "Seq Scan",
                                                            "Parent Relationship": "Outer",
                                                            "Parallel Aware": false,
                                                            "Async Capable": false,
                                                            "Relation Name": "link_type",
                                                            "Schema": "public",
                                                            "Alias": "lt",
                                                            "Startup Cost": 0.0,
                                                            "Total Cost": 1.23,
                                                            "Plan Rows": 1,
                                                            "Plan Width": 16,
                                                            "Actual Startup Time": 0.011,
                                                            "Actual Total Time": 0.015,
                                                            "Actual Rows": 2,
                                                            "Actual Loops": 1,
                                                            "Output": [
                                                              "lt.link",
                                                              "lt.id"
                                                            ],
                                                            "Filter": "((lt.link)::text ~~ '%follow%'::text)",
                                                            "Rows Removed by Filter": 16
                                                          }
                                                        ]
                                                      }
                                                    ]
                                                  }
                                                ]
                                              }
                                            ]
                                          },
                                          {
                                            "Node Type": "Materialize",
                                            "Parent Relationship": "Inner",
                                            "Parallel Aware": false,
                                            "Async Capable": false,
                                            "Startup Cost": 0.0,
                                            "Total Cost": 1.05,
                                            "Plan Rows": 1,
                                            "Plan Width": 4,
                                            "Actual Startup Time": 0.0,
                                            "Actual Total Time": 0.0,
                                            "Actual Rows": 1,
                                            "Actual Loops": 257,
                                            "Output": [
                                              "cct2.id"
                                            ],
                                            "Plans": [
                                              {
                                                "Node Type": "Seq Scan",
                                                "Parent Relationship": "Outer",
                                                "Parallel Aware": false,
                                                "Async Capable": false,
                                                "Relation Name": "comp_cast_type",
                                                "Schema": "public",
                                                "Alias": "cct2",
                                                "Startup Cost": 0.0,
                                                "Total Cost": 1.05,
                                                "Plan Rows": 1,
                                                "Plan Width": 4,
                                                "Actual Startup Time": 0.01,
                                                "Actual Total Time": 0.011,
                                                "Actual Rows": 1,
                                                "Actual Loops": 1,
                                                "Output": [
                                                  "cct2.id"
                                                ],
                                                "Filter": "((cct2.kind)::text = 'complete'::text)",
                                                "Rows Removed by Filter": 3
                                              }
                                            ]
                                          }
                                        ]
                                      },
                                      {
                                        "Node Type": "Index Scan",
                                        "Parent Relationship": "Inner",
                                        "Parallel Aware": false,
                                        "Async Capable": false,
                                        "Scan Direction": "Forward",
                                        "Index Name": "idx_title_id",
                                        "Relation Name": "title",
                                        "Schema": "public",
                                        "Alias": "t",
                                        "Startup Cost": 0.43,
                                        "Total Cost": 1.72,
                                        "Plan Rows": 1,
                                        "Plan Width": 21,
                                        "Actual Startup Time": 0.008,
                                        "Actual Total Time": 0.008,
                                        "Actual Rows": 0,
                                        "Actual Loops": 189,
                                        "Output": [
                                          "t.id",
                                          "t.title",
                                          "t.imdb_index",
                                          "t.kind_id",
                                          "t.production_year",
                                          "t.imdb_id",
                                          "t.phonetic_code",
                                          "t.episode_of_id",
                                          "t.season_nr",
                                          "t.episode_nr",
                                          "t.series_years",
                                          "t.md5sum"
                                        ],
                                        "Index Cond": "(t.id = cc.movie_id)",
                                        "Rows Removed by Index Recheck": 0,
                                        "Filter": "(t.production_year = 1998)",
                                        "Rows Removed by Filter": 1
                                      }
                                    ]
                                  },
                                  {
                                    "Node Type": "Materialize",
                                    "Parent Relationship": "Inner",
                                    "Parallel Aware": false,
                                    "Async Capable": false,
                                    "Startup Cost": 0.0,
                                    "Total Cost": 1.06,
                                    "Plan Rows": 2,
                                    "Plan Width": 4,
                                    "Actual Startup Time": 0.0,
                                    "Actual Total Time": 0.0,
                                    "Actual Rows": 2,
                                    "Actual Loops": 38,
                                    "Output": [
                                      "cct1.id"
                                    ],
                                    "Plans": [
                                      {
                                        "Node Type": "Seq Scan",
                                        "Parent Relationship": "Outer",
                                        "Parallel Aware": false,
                                        "Async Capable": false,
                                        "Relation Name": "comp_cast_type",
                                        "Schema": "public",
                                        "Alias": "cct1",
                                        "Startup Cost": 0.0,
                                        "Total Cost": 1.05,
                                        "Plan Rows": 2,
                                        "Plan Width": 4,
                                        "Actual Startup Time": 0.006,
                                        "Actual Total Time": 0.007,
                                        "Actual Rows": 2,
                                        "Actual Loops": 1,
                                        "Output": [
                                          "cct1.id"
                                        ],
                                        "Filter": "((cct1.kind)::text = ANY ('{cast,crew}'::text[]))",
                                        "Rows Removed by Filter": 0
                                      }
                                    ]
                                  }
                                ]
                              },
                              {
                                "Node Type": "Index Scan",
                                "Parent Relationship": "Inner",
                                "Parallel Aware": false,
                                "Async Capable": false,
                                "Scan Direction": "Forward",
                                "Index Name": "idx_movie_keyword_movie_id",
                                "Relation Name": "movie_keyword",
                                "Schema": "public",
                                "Alias": "mk",
                                "Startup Cost": 0.43,
                                "Total Cost": 2.11,
                                "Plan Rows": 46,
                                "Plan Width": 8,
                                "Actual Startup Time": 0.004,
                                "Actual Total Time": 0.006,
                                "Actual Rows": 7,
                                "Actual Loops": 38,
                                "Output": [
                                  "mk.id",
                                  "mk.movie_id",
                                  "mk.keyword_id"
                                ],
                                "Index Cond": "(mk.movie_id = cc.movie_id)",
                                "Rows Removed by Index Recheck": 0
                              }
                            ]
                          },
                          {
                            "Node Type": "Materialize",
                            "Parent Relationship": "Inner",
                            "Parallel Aware": false,
                            "Async Capable": false,
                            "Startup Cost": 0.42,
                            "Total Cost": 8.44,
                            "Plan Rows": 1,
                            "Plan Width": 4,
                            "Actual Startup Time": 0.0,
                            "Actual Total Time": 0.0,
                            "Actual Rows": 1,
                            "Actual Loops": 266,
                            "Output": [
                              "k.id"
                            ],
                            "Plans": [
                              {
                                "Node Type": "Index Scan",
                                "Parent Relationship": "Outer",
                                "Parallel Aware": false,
                                "Async Capable": false,
                                "Scan Direction": "Forward",
                                "Index Name": "idx_keyword_keyword",
                                "Relation Name": "keyword",
                                "Schema": "public",
                                "Alias": "k",
                                "Startup Cost": 0.42,
                                "Total Cost": 8.44,
                                "Plan Rows": 1,
                                "Plan Width": 4,
                                "Actual Startup Time": 0.059,
                                "Actual Total Time": 0.059,
                                "Actual Rows": 1,
                                "Actual Loops": 1,
                                "Output": [
                                  "k.id"
                                ],
                                "Index Cond": "((k.keyword)::text = 'sequel'::text)",
                                "Rows Removed by Index Recheck": 0
                              }
                            ]
                          }
                        ]
                      },
                      {
                        "Node Type": "Index Scan",
                        "Parent Relationship": "Inner",
                        "Parallel Aware": false,
                        "Async Capable": false,
                        "Scan Direction": "Forward",
                        "Index Name": "idx_movie_companies_movie_id",
                        "Relation Name": "movie_companies",
                        "Schema": "public",
                        "Alias": "mc",
                        "Startup Cost": 0.43,
                        "Total Cost": 0.54,
                        "Plan Rows": 3,
                        "Plan Width": 12,
                        "Actual Startup Time": 0.005,
                        "Actual Total Time": 0.007,
                        "Actual Rows": 5,
                        "Actual Loops": 38,
                        "Output": [
                          "mc.id",
                          "mc.movie_id",
                          "mc.company_id",
                          "mc.company_type_id",
                          "mc.note"
                        ],
                        "Index Cond": "(mc.movie_id = mk.movie_id)",
                        "Rows Removed by Index Recheck": 0,
                        "Filter": "(mc.note IS NULL)",
                        "Rows Removed by Filter": 1
                      }
                    ]
                  },
                  {
                    "Node Type": "Index Scan",
                    "Parent Relationship": "Inner",
                    "Parallel Aware": false,
                    "Async Capable": false,
                    "Scan Direction": "Forward",
                    "Index Name": "idx_company_name_id",
                    "Relation Name": "company_name",
                    "Schema": "public",
                    "Alias": "cn",
                    "Startup Cost": 0.42,
                    "Total Cost": 0.46,
                    "Plan Rows": 1,
                    "Plan Width": 23,
                    "Actual Startup Time": 0.004,
                    "Actual Total Time": 0.004,
                    "Actual Rows": 0,
                    "Actual Loops": 190,
                    "Output": [
                      "cn.id",
                      "cn.name",
                      "cn.country_code",
                      "cn.imdb_id",
                      "cn.name_pcode_nf",
                      "cn.name_pcode_sf",
                      "cn.md5sum"
                    ],
                    "Index Cond": "(cn.id = mc.company_id)",
                    "Rows Removed by Index Recheck": 0,
                    "Filter": "(((cn.country_code)::text <> '[pl]'::text) AND (((cn.name)::text ~~ '%Film%'::text) OR ((cn.name)::text ~~ '%Warner%'::text)))",
                    "Rows Removed by Filter": 0
                  }
                ]
              },
              {
                "Node Type": "Index Scan",
                "Parent Relationship": "Inner",
                "Parallel Aware": false,
                "Async Capable": false,
                "Scan Direction": "Forward",
                "Index Name": "idx_movie_info_movie_id",
                "Relation Name": "movie_info",
                "Schema": "public",
                "Alias": "mi",
                "Startup Cost": 0.43,
                "Total Cost": 1.52,
                "Plan Rows": 1,
                "Plan Width": 4,
                "Actual Startup Time": 0.009,
                "Actual Total Time": 0.012,
                "Actual Rows": 3,
                "Actual Loops": 95,
                "Output": [
                  "mi.id",
                  "mi.movie_id",
                  "mi.info_type_id",
                  "mi.info",
                  "mi.note"
                ],
                "Index Cond": "(mi.movie_id = mk.movie_id)",
                "Rows Removed by Index Recheck": 0,
                "Filter": "((mi.info)::text = ANY ('{Sweden,Germany,Swedish,German}'::text[]))",
                "Rows Removed by Filter": 10
              }
            ]
          },
          {
            "Node Type": "Hash",
            "Parent Relationship": "Inner",
            "Parallel Aware": false,
            "Async Capable": false,
            "Startup Cost": 1.05,
            "Total Cost": 1.05,
            "Plan Rows": 1,
            "Plan Width": 4,
            "Actual Startup Time": 0.036,
            "Actual Total Time": 0.036,
            "Actual Rows": 1,
            "Actual Loops": 1,
            "Output": [
              "ct.id"
            ],
            "Hash Buckets": 1024,
            "Original Hash Buckets": 1024,
            "Hash Batches": 1,
            "Original Hash Batches": 1,
            "Peak Memory Usage": 9,
            "Plans": [
              {
                "Node Type": "Seq Scan",
                "Parent Relationship": "Outer",
                "Parallel Aware": false,
                "Async Capable": false,
                "Relation Name": "company_type",
                "Schema": "public",
                "Alias": "ct",
                "Startup Cost": 0.0,
                "Total Cost": 1.05,
                "Plan Rows": 1,
                "Plan Width": 4,
                "Actual Startup Time": 0.024,
                "Actual Total Time": 0.025,
                "Actual Rows": 1,
                "Actual Loops": 1,
                "Output": [
                  "ct.id"
                ],
                "Filter": "((ct.kind)::text = 'production companies'::text)",
                "Rows Removed by Filter": 3
              }
            ]
          }
        ]
      }
    ]
  },
  "Planning Time": 455.807,
  "Triggers": [],
  "Execution Time": 17.792
}